[2016.12.14-10.47.16:398][  0]Log file open, 12/14/16 05:47:16
[2016.12.14-10.47.16:398][  0]LogInit:Display: Running engine for game: MissileCommand2
[2016.12.14-10.47.16:398][  0]LogInit:Display: RandInit(1864534397) SRandInit(1864534398).
[2016.12.14-10.47.16:398][  0]LogTaskGraph: Started task graph with 4 named threads and 7 total threads.
[2016.12.14-10.47.16:398][  0]LogStats: Stats thread started at 0.086780
[2016.12.14-10.47.16:398][  0]LogInit: Version: 4.9.2-2707645+++depot+UE4-Releases+4.9
[2016.12.14-10.47.16:398][  0]LogInit: API Version: 2672455
[2016.12.14-10.47.16:398][  0]LogInit: Compiled (64-bit): Sep 28 2015 10:25:44
[2016.12.14-10.47.16:398][  0]LogInit: Compiled with Visual C++: 18.00.21005.01
[2016.12.14-10.47.16:398][  0]LogInit: Build Configuration: Development
[2016.12.14-10.47.16:398][  0]LogInit: Branch Name: ++depot+UE4-Releases+4.9
[2016.12.14-10.47.16:398][  0]LogInit: Command line:  
[2016.12.14-10.47.16:398][  0]LogInit: Base directory: C:/Program Files/Epic Games/4.9/Engine/Binaries/Win64/
[2016.12.14-10.47.16:398][  0]LogInit: Rocket: 1
[2016.12.14-10.47.16:410][  0]LogInit: Using libcurl 7.41.0
[2016.12.14-10.47.16:410][  0]LogInit:  - built for x86_64-pc-win32
[2016.12.14-10.47.16:410][  0]LogInit:  - supports SSL with WinSSL
[2016.12.14-10.47.16:410][  0]LogInit:  - other features:
[2016.12.14-10.47.16:410][  0]LogInit:      CURL_VERSION_SSL
[2016.12.14-10.47.16:410][  0]LogInit:      CURL_VERSION_IPV6
[2016.12.14-10.47.16:410][  0]LogInit:      CURL_VERSION_ASYNCHDNS
[2016.12.14-10.47.16:410][  0]LogInit:      CURL_VERSION_LARGEFILE
[2016.12.14-10.47.16:410][  0]LogInit:      CURL_VERSION_IDN
[2016.12.14-10.47.16:410][  0]LogInit:  CurlRequestOptions (configurable via config and command line):
[2016.12.14-10.47.16:410][  0]LogInit:  - bVerifyPeer = true  - Libcurl will verify peer certificate
[2016.12.14-10.47.16:410][  0]LogInit:  - bUseHttpProxy = false  - Libcurl will NOT use HTTP proxy
[2016.12.14-10.47.16:410][  0]LogInit:  - bDontReuseConnections = false  - Libcurl will reuse connections
[2016.12.14-10.47.16:410][  0]LogInit:  - CertBundlePath = nullptr  - Libcurl will use whatever was configured at build time.
[2016.12.14-10.47.16:421][  0]LogInit: Presizing for 0 objects not considered by GC, pre-allocating 0 bytes.
[2016.12.14-10.47.16:433][  0]LogInit: Object subsystem initialized
[2016.12.14-10.47.16:435][  0]LogInit: Selected Device Profile: [Windows]
[2016.12.14-10.47.16:435][  0]LogInit: Applying CVar settings loaded from the selected device profile: [Windows]
[2016.12.14-10.47.16:452][  0]LogInit: Computer: MSI
[2016.12.14-10.47.16:452][  0]LogInit: User: jsoba
[2016.12.14-10.47.16:452][  0]LogInit: CPU Page size=4096, Cores=4
[2016.12.14-10.47.16:452][  0]LogInit: High frequency timer resolution =2.630617 MHz
[2016.12.14-10.47.16:453][  0]LogMemory: Memory total: Physical=15.9GB (16GB approx)
[2016.12.14-10.47.16:453][  0]LogMemory: Platform Memory Stats for Windows
[2016.12.14-10.47.16:453][  0]LogMemory: Process Physical Memory: 55.56 MB used, 55.56 MB peak
[2016.12.14-10.47.16:453][  0]LogMemory: Process Virtual Memory: 55.58 MB used, 55.58 MB peak
[2016.12.14-10.47.16:453][  0]LogMemory: Physical Memory: 6640.68 MB used, 16299.20 MB total
[2016.12.14-10.47.16:453][  0]LogMemory: Virtual Memory: 369.84 MB used, 134217728.00 MB total
[2016.12.14-10.47.17:057][  0]LogTextLocalizationManager: No specific translations for ('en-US') exist, so ('en') translations will be used.
[2016.12.14-10.47.17:860][  0]LogD3D11RHI: Found D3D11 adapter 0: NVIDIA GeForce GTX 970M        (Feature Level 11_0)
[2016.12.14-10.47.17:860][  0]LogD3D11RHI: Adapter has 2991MB of dedicated video memory, 0MB of dedicated system memory, and 8149MB of shared system memory, 1 output[s]
[2016.12.14-10.47.17:865][  0]LogD3D11RHI: Found D3D11 adapter 1: Intel(R) HD Graphics 5600 (Feature Level 11_0)
[2016.12.14-10.47.17:865][  0]LogD3D11RHI: Adapter has 128MB of dedicated video memory, 0MB of dedicated system memory, and 8149MB of shared system memory, 0 output[s]
[2016.12.14-10.47.17:867][  0]LogD3D11RHI: Found D3D11 adapter 2: Microsoft Basic Render Driver (Feature Level 11_0)
[2016.12.14-10.47.17:867][  0]LogD3D11RHI: Adapter has 0MB of dedicated video memory, 0MB of dedicated system memory, and 8149MB of shared system memory, 0 output[s]
[2016.12.14-10.47.17:867][  0]LogD3D11RHI: Chosen D3D11 Adapter Id = 0
[2016.12.14-10.47.17:875][  0]LogD3D11RHI: !Direct3DDevice
[2016.12.14-10.47.17:875][  0]LogRHI: Texture pool is 1361 MB (70% of 1945 MB)
[2016.12.14-10.47.17:889][  0]LogD3D11RHI: Async texture creation enabled
[2016.12.14-10.47.17:909][  0]LogShaderCompilers: Guid format shader working directory is 14 characters bigger than the processId version (../../../../../../Users/jsoba/OneDrive/Documentos/Unreal Projects/MissileCommand2/ProyectoFinal_JObando_PTrujillo/Intermediate/Shaders/WorkingDirectory/17468/).
[2016.12.14-10.47.17:909][  0]LogShaderCompilers: Cleaned the shader compiler working directory '../../../../../../Users/jsoba/OneDrive/Documentos/Unreal Projects/MissileCommand2/ProyectoFinal_JObando_PTrujillo/Intermediate/Shaders/tmp/A02342584FC5359707A0B8A505668CAA/'.
[2016.12.14-10.47.17:909][  0]LogShaderCompilers:Display: Using Local Shader Compiler.
[2016.12.14-10.47.19:108][  0]LogTemp:Display: Loaded TP AllDesktopTargetPlatform
[2016.12.14-10.47.19:115][  0]LogTemp:Display: Loaded TP WindowsClientTargetPlatform
[2016.12.14-10.47.19:123][  0]LogTemp:Display: Loaded TP WindowsNoEditorTargetPlatform
[2016.12.14-10.47.19:133][  0]LogTemp:Display: Loaded TP WindowsServerTargetPlatform
[2016.12.14-10.47.19:142][  0]LogTemp:Display: Loaded TP WindowsTargetPlatform
[2016.12.14-10.47.19:148][  0]LogTemp:Display: Loaded TP AndroidTargetPlatform
[2016.12.14-10.47.19:151][  0]LogTemp:Display: Loaded TP Android_ASTCTargetPlatform
[2016.12.14-10.47.19:155][  0]LogTemp:Display: Loaded TP Android_ATCTargetPlatform
[2016.12.14-10.47.19:160][  0]LogTemp:Display: Loaded TP Android_DXTTargetPlatform
[2016.12.14-10.47.19:167][  0]LogTemp:Display: Loaded TP Android_ETC1TargetPlatform
[2016.12.14-10.47.19:173][  0]LogTemp:Display: Loaded TP Android_ETC2TargetPlatform
[2016.12.14-10.47.19:177][  0]LogTemp:Display: Loaded TP Android_PVRTCTargetPlatform
[2016.12.14-10.47.19:178][  0]LogTemp:Display: Loaded TP HTML5TargetPlatform
[2016.12.14-10.47.19:196][  0]LogTemp:Display: Loaded TP IOSTargetPlatform
[2016.12.14-10.47.19:199][  0]LogTemp:Display: Loaded TP LinuxNoEditorTargetPlatform
[2016.12.14-10.47.19:203][  0]LogTemp:Display: Loaded TP LinuxServerTargetPlatform
[2016.12.14-10.47.19:207][  0]LogTemp:Display: Loaded TP LinuxTargetPlatform
[2016.12.14-10.47.19:207][  0]LogTargetPlatformManager:Display: Building Assets For Windows
[2016.12.14-10.47.19:309][  0]LogDerivedDataCache:Display: Max Cache Size: 512 MB
[2016.12.14-10.47.19:360][  0]LogDerivedDataCache: Loaded boot cache 0.05s 41MB C:/Users/jsoba/AppData/Local/UnrealEngine/4.9/DerivedDataCache/Boot.ddc.
[2016.12.14-10.47.19:360][  0]LogDerivedDataCache:Display: Loaded Boot cache: C:/Users/jsoba/AppData/Local/UnrealEngine/4.9/DerivedDataCache/Boot.ddc
[2016.12.14-10.47.19:360][  0]LogDerivedDataCache: FDerivedDataBackendGraph:  Pak pak cache file ../../../../../../Users/jsoba/OneDrive/Documentos/Unreal Projects/MissileCommand2/ProyectoFinal_JObando_PTrujillo/DerivedDataCache/DDC.ddp not found, will not use a pak cache.
[2016.12.14-10.47.19:360][  0]LogDerivedDataCache: Unable to find inner node Pak for hierarchical cache Hierarchy.
[2016.12.14-10.47.19:360][  0]LogDerivedDataCache: FDerivedDataBackendGraph:  CompressedPak pak cache file ../../../../../../Users/jsoba/OneDrive/Documentos/Unreal Projects/MissileCommand2/ProyectoFinal_JObando_PTrujillo/DerivedDataCache/Compressed.ddp not found, will not use a pak cache.
[2016.12.14-10.47.19:360][  0]LogDerivedDataCache: Unable to find inner node CompressedPak for hierarchical cache Hierarchy.
[2016.12.14-10.47.19:504][  0]LogDerivedDataCache:Display: Pak cache opened for reading ../../../Engine/DerivedDataCache/Compressed.ddp.
[2016.12.14-10.47.19:515][  0]LogDerivedDataCache: Using Local data cache path C:/Users/jsoba/AppData/Local/UnrealEngine/Common/DerivedDataCache: Writable
[2016.12.14-10.47.19:685][  0]LogInit: Selected Device Profile: [Windows]
[2016.12.14-10.47.19:688][  0]LogContentStreaming: Texture pool size is 0.000000MB
[2016.12.14-10.47.19:841][  0]LogMeshUtilities: No automatic mesh reduction module available
[2016.12.14-10.47.19:841][  0]LogMeshUtilities: No automatic mesh merging module available
[2016.12.14-10.47.20:086][  0]LogInit: WinSock: version 1.1 (2.2), MaxSocks=32767, MaxUdp=65467
[2016.12.14-10.47.20:809][  0]UdpMessaging: Initializing bridge on interface 0.0.0.0:0 to multicast group 230.0.0.1:6666.
[2016.12.14-10.47.20:914][  0]LogAssetRegistry: FAssetRegistry took 0.0106 seconds to start up
[2016.12.14-10.47.21:109][  0]SourceControl: Info Source control is disabled
[2016.12.14-10.47.21:110][  0]SourceControl: Info Source control is disabled
[2016.12.14-10.47.21:126][  0]SourceControl: Info Source control is disabled
[2016.12.14-10.47.21:142][  0]SourceControl: Info Source control is disabled
[2016.12.14-10.47.21:354][  0]LogLinker:Warning: Asset '../../../Engine/Plugins/Runtime/LeapMotionController/Content/LM_PassthroughMaterial.uasset' has been saved with empty engine version. The asset will be loaded but may be incompatible.
[2016.12.14-10.47.21:457][  0]LogObj: 28361 objects as part of root set at end of initial load.
[2016.12.14-10.47.21:457][  0]LogUObjectAllocator: 6038864 out of 0 bytes used by permanent object pool.
[2016.12.14-10.47.21:515][  0]LogEngine: Initializing Engine...
[2016.12.14-10.47.21:518][  0]LogHMD: Can't find Oculus library dev build: is proper Runtime installed? Version: 0.7.0.0
[2016.12.14-10.47.21:519][  0]LogHMD: SteamVR failed to initialize.  Err: 110
[2016.12.14-10.47.21:652][  0]LogAIModule: Creating AISystem for world NewWorld
[2016.12.14-10.47.21:656][  0]LogInit: XAudio2 using 'Speakers (Realtek High Definition Audio)' : 8 channels at 48 kHz using 32 bits per sample (channel mask 0x63f)
[2016.12.14-10.47.21:701][  0]LogInit: FAudioDevice initialized.
[2016.12.14-10.47.21:726][  0]LogDerivedDataCache: Saved boot cache 0.02s 41MB C:/Users/jsoba/AppData/Local/UnrealEngine/4.9/DerivedDataCache/Boot.ddc.
[2016.12.14-10.47.21:732][  0]LogInit: Texture streaming: Enabled
[2016.12.14-10.47.21:739][  0]LogAnalytics: Creating configured Analytics provider AnalyticsET
[2016.12.14-10.47.21:740][  0]LogAnalytics: [UEEditor.Rocket.Release] APIServer = http://et2.epicgames.com/ET2/. AppVersion = 4.9.2-2707645+++depot+UE4-Releases+4.9
[2016.12.14-10.47.21:740][  0]LogAnalytics: [UEEditor.Rocket.Release] SetUserId 56f1b5ec420c3c923850ebbc03a41376|a1c3604e7a24486293c4422910c37ebe|3593c830-db43-489c-b164-98315b6fabc3
[2016.12.14-10.47.21:740][  0]LogAnalytics: [UEEditor.Rocket.Release] AnalyticsET::StartSession
[2016.12.14-10.47.21:765][  0]LogWindowsTextInputMethodSystem:Display: IME system now deactivated.
[2016.12.14-10.47.21:798][  0]LogInit: Transaction tracking system initialized
[2016.12.14-10.47.21:835][  0]BlueprintLog: New page: Editor Load
[2016.12.14-10.47.21:956][  0]LocalizationService: Info Localization service is disabled
[2016.12.14-10.47.22:064][  0]LogConsoleResponse:Display: 
[2016.12.14-10.47.22:189][  0]LogCook:Display: Done creating registry. It took  0.00s.
[2016.12.14-10.47.22:272][  0]LogFileCache: Scanning file cache for directory 'C:/Users/jsoba/OneDrive/Documentos/Unreal Projects/MissileCommand2/ProyectoFinal_JObando_PTrujillo/Content/' took 0.02s
[2016.12.14-10.47.22:272][  0]SourceControl: Info Source control is disabled
[2016.12.14-10.48.08:670][  0]LogWindowsTextInputMethodSystem:Display: IME system now deactivated.
[2016.12.14-10.48.08:676][  0]LogWindowsTextInputMethodSystem:Display: IME system now deactivated.
[2016.12.14-10.48.08:678][  0]LightingResults: New page: Lighting Build
[2016.12.14-10.48.08:685][  0]MapCheck: New page: Map Check
[2016.12.14-10.48.08:685][  0]LightingResults: New page: Lighting Build
[2016.12.14-10.48.08:709][  0]LogParticles: Destroying 0 GPU particle simulations for FXSystem 0x00000214DE5FE160
[2016.12.14-10.48.08:980][  0]LogBlueprint:Warning: [compiler SpawnClassMisil4Izquierda] Warning 'Item' is already a 'Misil 4', you don't need  Cast To Misil4 .
[2016.12.14-10.48.08:984][  0]LogBlueprint:Warning: [compiler SpawnClassMisil4Izquierda] Warning [0053.21] Compile of SpawnClassMisil4Izquierda successful, but with 1 Warning(s) [in 12 ms]
[2016.12.14-10.48.08:984][  0]LogBlueprint:Warning: [compiler SpawnClassMisil4Izquierda] Warning [0053.21] Compile of SpawnClassMisil4Izquierda successful, but with 2 Warning(s) [in 0 ms]
[2016.12.14-10.48.08:984][  0]LogBlueprint:Warning: [compiler SpawnClassMisil4Izquierda] Warning [0053.21] Compile of SpawnClassMisil4Izquierda successful, but with 3 Warning(s) [in 0 ms]
[2016.12.14-10.48.09:043][  0]LogBlueprint:Warning: [compiler SpawnClassMisil3Derecha] Warning 'Item' is already a 'Misil 3', you don't need  Cast To Misil3 .
[2016.12.14-10.48.09:047][  0]LogBlueprint:Warning: [compiler SpawnClassMisil3Derecha] Warning [0053.28] Compile of SpawnClassMisil3Derecha successful, but with 1 Warning(s) [in 12 ms]
[2016.12.14-10.48.09:047][  0]LogBlueprint:Warning: [compiler SpawnClassMisil3Derecha] Warning [0053.28] Compile of SpawnClassMisil3Derecha successful, but with 2 Warning(s) [in 0 ms]
[2016.12.14-10.48.09:047][  0]LogBlueprint:Warning: [compiler SpawnClassMisil3Derecha] Warning [0053.28] Compile of SpawnClassMisil3Derecha successful, but with 3 Warning(s) [in 0 ms]
[2016.12.14-10.48.09:099][  0]LogBlueprint:Warning: [compiler SpawnClassMisil2Frontal] Warning 'Item' is already a 'Misil 2', you don't need  Cast To Misil2 .
[2016.12.14-10.48.09:103][  0]LogBlueprint:Warning: [compiler SpawnClassMisil2Frontal] Warning [0053.33] Compile of SpawnClassMisil2Frontal successful, but with 1 Warning(s) [in 10 ms]
[2016.12.14-10.48.09:103][  0]LogBlueprint:Warning: [compiler SpawnClassMisil2Frontal] Warning [0053.33] Compile of SpawnClassMisil2Frontal successful, but with 2 Warning(s) [in 0 ms]
[2016.12.14-10.48.09:103][  0]LogBlueprint:Warning: [compiler SpawnClassMisil2Frontal] Warning [0053.33] Compile of SpawnClassMisil2Frontal successful, but with 3 Warning(s) [in 0 ms]
[2016.12.14-10.48.09:170][  0]LogBlueprint:Warning: [compiler SpawnClassMisil1Trasera] Warning 'Item' is already a 'Misil 1', you don't need  Cast To Misil1 .
[2016.12.14-10.48.09:175][  0]LogBlueprint:Warning: [compiler SpawnClassMisil1Trasera] Warning [0053.41] Compile of SpawnClassMisil1Trasera successful, but with 1 Warning(s) [in 15 ms]
[2016.12.14-10.48.09:175][  0]LogBlueprint:Warning: [compiler SpawnClassMisil1Trasera] Warning [0053.41] Compile of SpawnClassMisil1Trasera successful, but with 2 Warning(s) [in 0 ms]
[2016.12.14-10.48.09:175][  0]LogBlueprint:Warning: [compiler SpawnClassMisil1Trasera] Warning [0053.41] Compile of SpawnClassMisil1Trasera successful, but with 3 Warning(s) [in 0 ms]
[2016.12.14-10.48.09:237][  0]LogLinker:Warning: Asset '../../../../../../Users/jsoba/OneDrive/Documentos/Unreal Projects/MissileCommand2/ProyectoFinal_JObando_PTrujillo/Content/FirstPerson/Meshes/FirstPersonProjectileMesh.uasset' has been saved with empty engine version. The asset will be loaded but may be incompatible.
[2016.12.14-10.48.09:431][  0]LogBlueprint:Warning: [compiler SpawnClassMisil1Trasera] Warning 'Item' is already a 'Misil 1', you don't need  Cast To Misil1 .
[2016.12.14-10.48.09:435][  0]LogBlueprint:Warning: [compiler SpawnClassMisil1Trasera] Warning [0053.67] Compile of SpawnClassMisil1Trasera successful, but with 1 Warning(s) [in 10 ms]
[2016.12.14-10.48.09:435][  0]LogBlueprint:Warning: [compiler SpawnClassMisil1Trasera] Warning [0053.67] Compile of SpawnClassMisil1Trasera successful, but with 2 Warning(s) [in 0 ms]
[2016.12.14-10.48.09:435][  0]LogBlueprint:Warning: [compiler SpawnClassMisil1Trasera] Warning [0053.67] Compile of SpawnClassMisil1Trasera successful, but with 3 Warning(s) [in 0 ms]
[2016.12.14-10.48.09:460][  0]LogBlueprint:Warning: [compiler SpawnClassMisil2Frontal] Warning 'Item' is already a 'Misil 2', you don't need  Cast To Misil2 .
[2016.12.14-10.48.09:464][  0]LogBlueprint:Warning: [compiler SpawnClassMisil2Frontal] Warning [0053.69] Compile of SpawnClassMisil2Frontal successful, but with 1 Warning(s) [in 11 ms]
[2016.12.14-10.48.09:464][  0]LogBlueprint:Warning: [compiler SpawnClassMisil2Frontal] Warning [0053.69] Compile of SpawnClassMisil2Frontal successful, but with 2 Warning(s) [in 0 ms]
[2016.12.14-10.48.09:464][  0]LogBlueprint:Warning: [compiler SpawnClassMisil2Frontal] Warning [0053.69] Compile of SpawnClassMisil2Frontal successful, but with 3 Warning(s) [in 0 ms]
[2016.12.14-10.48.09:490][  0]LogBlueprint:Warning: [compiler SpawnClassMisil3Derecha] Warning 'Item' is already a 'Misil 3', you don't need  Cast To Misil3 .
[2016.12.14-10.48.09:494][  0]LogBlueprint:Warning: [compiler SpawnClassMisil3Derecha] Warning [0053.72] Compile of SpawnClassMisil3Derecha successful, but with 1 Warning(s) [in 10 ms]
[2016.12.14-10.48.09:494][  0]LogBlueprint:Warning: [compiler SpawnClassMisil3Derecha] Warning [0053.72] Compile of SpawnClassMisil3Derecha successful, but with 2 Warning(s) [in 0 ms]
[2016.12.14-10.48.09:494][  0]LogBlueprint:Warning: [compiler SpawnClassMisil3Derecha] Warning [0053.72] Compile of SpawnClassMisil3Derecha successful, but with 3 Warning(s) [in 0 ms]
[2016.12.14-10.48.09:518][  0]LogBlueprint:Warning: [compiler SpawnClassMisil4Izquierda] Warning 'Item' is already a 'Misil 4', you don't need  Cast To Misil4 .
[2016.12.14-10.48.09:522][  0]LogBlueprint:Warning: [compiler SpawnClassMisil4Izquierda] Warning [0053.75] Compile of SpawnClassMisil4Izquierda successful, but with 1 Warning(s) [in 12 ms]
[2016.12.14-10.48.09:522][  0]LogBlueprint:Warning: [compiler SpawnClassMisil4Izquierda] Warning [0053.75] Compile of SpawnClassMisil4Izquierda successful, but with 2 Warning(s) [in 0 ms]
[2016.12.14-10.48.09:522][  0]LogBlueprint:Warning: [compiler SpawnClassMisil4Izquierda] Warning [0053.75] Compile of SpawnClassMisil4Izquierda successful, but with 3 Warning(s) [in 0 ms]
[2016.12.14-10.48.10:668][  0]LogAIModule: Creating AISystem for world FirstPersonExampleMap
[2016.12.14-10.48.10:672][  0]LogPrimitiveComponent: Zero scaling not supported (/Game/FirstPersonBP/Maps/FirstPersonExampleMap.FirstPersonExampleMap:PersistentLevel.SpawnClassMisil4Izquierda_180.Box)
[2016.12.14-10.48.10:721][  0]LogPrimitiveComponent: Zero scaling not supported (/Game/FirstPersonBP/Maps/FirstPersonExampleMap.FirstPersonExampleMap:PersistentLevel.SpawnClassMisil4Izquierda_180.Box)
[2016.12.14-10.48.10:721][  0]LogPrimitiveComponent: Zero scaling not supported (/Game/FirstPersonBP/Maps/FirstPersonExampleMap.FirstPersonExampleMap:PersistentLevel.SpawnClassMisil4Izquierda_180.Box)
[2016.12.14-10.48.10:993][  0]LogEditorServer: Finished looking for orphan Actors (0.000 secs)
[2016.12.14-10.48.10:994][  0]Cmd: MAP CHECKDEP NOCLEARLOG
[2016.12.14-10.48.11:086][  0]MapCheck: Info Map check complete: 0 Error(s), 0 Warning(s), took 92.334ms to complete.
[2016.12.14-10.48.11:086][  0]LogFileHelpers: Loading map 'FirstPersonExampleMap' took 2.409
[2016.12.14-10.48.11:154][  0]LogCollectionManager: Loaded 0 collections in 0.004594 seconds
[2016.12.14-10.48.11:197][  0]LogFileCache: Scanning file cache for directory 'C:/Users/jsoba/OneDrive/Documentos/Unreal Projects/MissileCommand2/ProyectoFinal_JObando_PTrujillo/Saved/Collections/' took 0.01s
[2016.12.14-10.48.11:197][  0]LogFileCache: Scanning file cache for directory 'C:/Users/jsoba/OneDrive/Documentos/Unreal Projects/MissileCommand2/ProyectoFinal_JObando_PTrujillo/Content/Developers/jsoba/Collections/' took 0.01s
[2016.12.14-10.48.11:197][  0]LogFileCache: Scanning file cache for directory 'C:/Users/jsoba/OneDrive/Documentos/Unreal Projects/MissileCommand2/ProyectoFinal_JObando_PTrujillo/Content/Collections/' took 0.01s
[2016.12.14-10.48.11:197][  0]LogContentBrowser: Native class hierarchy populated in 0.0083 seconds. Added 1867 classes and 333 folders.
[2016.12.14-10.48.11:203][  0]LogCollectionManager: Rebuilt the GUID cache for 0 collections in 0.000003 seconds
[2016.12.14-10.48.11:212][  0]LogContentBrowser: Native class hierarchy updated for 'WidgetCarousel' in 0.0003 seconds. Added 0 classes and 0 folders.
[2016.12.14-10.48.11:261][  0]LogContentBrowser: Native class hierarchy updated for 'AddContentDialog' in 0.0003 seconds. Added 0 classes and 0 folders.
[2016.12.14-10.48.11:266][  0]LogContentBrowser: Native class hierarchy updated for 'SceneOutliner' in 0.0003 seconds. Added 1 classes and 2 folders.
[2016.12.14-10.48.11:336][  0]LogCrashTracker: Crashtracker disabled due to settings.
[2016.12.14-10.48.11:342][  0]LogUObjectGlobals:Warning: Failed to find object 'Class None.'
[2016.12.14-10.48.11:364][  0]LogStats:Warning: MetaData mismatch. Did you assign a stat to two groups? New //STATGROUP_Threads//SplashScreenThread///Thread_433c_0///####STATCAT_Advanced#### old //STATGROUP_Threads//SplashScreenThread///Thread_4b0_0///####STATCAT_Advanced####
[2016.12.14-10.48.11:365][  0]LogLoad: Full Startup: 55.59 seconds (BP compile: 0.49 seconds)
[2016.12.14-10.48.11:436][  0]LogContentStreaming: Texture pool size now 1000 MB
[2016.12.14-10.48.11:590][  0]LogRenderer: Reallocating scene render targets to support 1224x468 (Frame:2).
[2016.12.14-10.48.12:167][ 12]LogAssetRegistry: Asset discovery search completed in 51.2637 seconds
[2016.12.14-10.48.12:168][ 12]LogCollectionManager: Rebuilt the object cache for 0 collections in 0.000000 seconds (found 0 objects)
[2016.12.14-10.48.12:168][ 12]LogCollectionManager: Fixed up redirectors for 0 collections in 0.000023 seconds (updated 0 objects)
[2016.12.14-10.48.16:589][123]LogActorComponent: UnregisterComponent: (/Engine/Transient.CharMoveComp) Not registered. Aborting.
[2016.12.14-10.48.16:827][123]LogWindowsTextInputMethodSystem:Display: IME system now deactivated.
[2016.12.14-10.48.17:134][124]Cmd: QUIT_EDITOR
[2016.12.14-10.48.17:438][124]LogExit: Preparing to exit.
[2016.12.14-10.48.17:899][124]LogExit: Editor shut down
[2016.12.14-10.48.17:899][124]LogExit: Transaction tracking system shut down
[2016.12.14-10.48.17:902][124]LogParticles: Destroying 0 GPU particle simulations for FXSystem 0x00000214E95B2B60
[2016.12.14-10.48.17:903][124]LogParticles: Destroying 0 GPU particle simulations for FXSystem 0x00000214F097C680
[2016.12.14-10.48.17:903][124]LogParticles: Destroying 0 GPU particle simulations for FXSystem 0x00000214F004CFE0
[2016.12.14-10.48.17:903][124]LogParticles: Destroying 0 GPU particle simulations for FXSystem 0x00000214F813ECA0
[2016.12.14-10.48.18:071][124]LogExit: Object subsystem successfully closed.
[2016.12.14-10.48.18:085][124]LogD3D11RHI: Shutdown
[2016.12.14-10.48.18:085][124]LogD3D11RHI: CleanupD3DDevice
[2016.12.14-10.48.18:092][124]LogD3D11RHI: ~FD3D11DynamicRHI
[2016.12.14-10.48.18:117][124]LogModuleManager: Shutting down and abandoning module CrashTracker (197)
[2016.12.14-10.48.18:117][124]LogModuleManager: Shutting down and abandoning module SceneOutliner (196)
[2016.12.14-10.48.18:117][124]LogModuleManager: Shutting down and abandoning module SuperSearch (195)
[2016.12.14-10.48.18:117][124]LogModuleManager: Shutting down and abandoning module WidgetCarousel (194)
[2016.12.14-10.48.18:117][124]LogModuleManager: Shutting down and abandoning module AddContentDialog (193)
[2016.12.14-10.48.18:118][124]LogModuleManager: Shutting down and abandoning module EditorWidgets (192)
[2016.12.14-10.48.18:118][124]LogModuleManager: Shutting down and abandoning module CollectionManager (191)
[2016.12.14-10.48.18:118][124]LogModuleManager: Shutting down and abandoning module StatsViewer (190)
[2016.12.14-10.48.18:118][124]LogModuleManager: Shutting down and abandoning module FoliageEdit (189)
[2016.12.14-10.48.18:118][124]LogModuleManager: Shutting down and abandoning module LandscapeEditor (188)
[2016.12.14-10.48.18:118][124]LogModuleManager: Shutting down and abandoning module ActorPickerMode (187)
[2016.12.14-10.48.18:118][124]LogModuleManager: Shutting down and abandoning module GeometryMode (186)
[2016.12.14-10.48.18:118][124]LogModuleManager: Shutting down and abandoning module TextureAlignMode (185)
[2016.12.14-10.48.18:118][124]LogModuleManager: Shutting down and abandoning module BspMode (184)
[2016.12.14-10.48.18:119][124]LogModuleManager: Shutting down and abandoning module PlacementMode (183)
[2016.12.14-10.48.18:119][124]LogModuleManager: Shutting down and abandoning module AutomationWorker (182)
[2016.12.14-10.48.18:119][124]LogModuleManager: Shutting down and abandoning module CharacterAI (181)
[2016.12.14-10.48.18:119][124]LogModuleManager: Shutting down and abandoning module SmartSnapping (180)
[2016.12.14-10.48.18:119][124]LogModuleManager: Shutting down and abandoning module ViewportSnapping (179)
[2016.12.14-10.48.18:119][124]LogModuleManager: Shutting down and abandoning module LogVisualizer (178)
[2016.12.14-10.48.18:119][124]LogModuleManager: Shutting down and abandoning module GameProjectGeneration (177)
[2016.12.14-10.48.18:119][124]LogModuleManager: Shutting down and abandoning module IntroTutorials (176)
[2016.12.14-10.48.18:119][124]LogModuleManager: Shutting down and abandoning module EditorLiveStreaming (175)
[2016.12.14-10.48.18:119][124]LogModuleManager: Shutting down and abandoning module IOSPlatformEditor (174)
[2016.12.14-10.48.18:119][124]LogModuleManager: Shutting down and abandoning module HTML5PlatformEditor (173)
[2016.12.14-10.48.18:119][124]LogModuleManager: Shutting down and abandoning module AndroidDeviceDetection (172)
[2016.12.14-10.48.18:154][124]LogModuleManager: Shutting down and abandoning module AndroidPlatformEditor (171)
[2016.12.14-10.48.18:154][124]LogModuleManager: Shutting down and abandoning module IOSRuntimeSettings (170)
[2016.12.14-10.48.18:154][124]LogModuleManager: Shutting down and abandoning module AndroidRuntimeSettings (169)
[2016.12.14-10.48.18:154][124]LogModuleManager: Shutting down and abandoning module MergeActors (168)
[2016.12.14-10.48.18:154][124]LogModuleManager: Shutting down and abandoning module SizeMap (167)
[2016.12.14-10.48.18:154][124]LogModuleManager: Shutting down and abandoning module TreeMap (166)
[2016.12.14-10.48.18:154][124]LogModuleManager: Shutting down and abandoning module ReferenceViewer (165)
[2016.12.14-10.48.18:154][124]LogModuleManager: Shutting down and abandoning module LocalizationService (164)
[2016.12.14-10.48.18:154][124]LogModuleManager: Shutting down and abandoning module LocalizationDashboard (163)
[2016.12.14-10.48.18:154][124]LogModuleManager: Shutting down and abandoning module HardwareTargeting (162)
[2016.12.14-10.48.18:154][124]LogModuleManager: Shutting down and abandoning module DeviceProfileEditor (161)
[2016.12.14-10.48.18:154][124]LogModuleManager: Shutting down and abandoning module UndoHistory (160)
[2016.12.14-10.48.18:154][124]LogModuleManager: Shutting down and abandoning module GameplayTagsEditor (159)
[2016.12.14-10.48.18:154][124]LogModuleManager: Shutting down and abandoning module UserFeedback (158)
[2016.12.14-10.48.18:154][124]LogModuleManager: Shutting down and abandoning module XmlParser (157)
[2016.12.14-10.48.18:154][124]LogModuleManager: Shutting down and abandoning module Blutility (156)
[2016.12.14-10.48.18:154][124]LogModuleManager: Shutting down and abandoning module ProjectTargetPlatformEditor (155)
[2016.12.14-10.48.18:155][124]LogModuleManager: Shutting down and abandoning module ProjectSettingsViewer (154)
[2016.12.14-10.48.18:155][124]LogModuleManager: Shutting down and abandoning module InputBindingEditor (153)
[2016.12.14-10.48.18:155][124]LogModuleManager: Shutting down and abandoning module EditorSettingsViewer (152)
[2016.12.14-10.48.18:155][124]LogModuleManager: Shutting down and abandoning module SettingsEditor (151)
[2016.12.14-10.48.18:155][124]LogModuleManager: Shutting down and abandoning module ProjectLauncher (150)
[2016.12.14-10.48.18:155][124]LogModuleManager: Shutting down and abandoning module SessionFrontend (149)
[2016.12.14-10.48.18:155][124]LogModuleManager: Shutting down and abandoning module ProfilerClient (148)
[2016.12.14-10.48.18:155][124]LogModuleManager: Shutting down and abandoning module TargetDeviceServices (147)
[2016.12.14-10.48.18:155][124]LogModuleManager: Shutting down and abandoning module DeviceManager (146)
[2016.12.14-10.48.18:155][124]LogModuleManager: Shutting down and abandoning module AutomationController (145)
[2016.12.14-10.48.18:155][124]LogModuleManager: Shutting down and abandoning module AutomationWindow (144)
[2016.12.14-10.48.18:155][124]LogModuleManager: Shutting down and abandoning module Layers (143)
[2016.12.14-10.48.18:155][124]LogModuleManager: Shutting down and abandoning module ComponentVisualizers (142)
[2016.12.14-10.48.18:155][124]LogModuleManager: Shutting down and abandoning module DetailCustomizations (141)
[2016.12.14-10.48.18:155][124]LogModuleManager: Shutting down and abandoning module PackagesDialog (140)
[2016.12.14-10.48.18:155][124]LogModuleManager: Shutting down and abandoning module Persona (139)
[2016.12.14-10.48.18:155][124]LogModuleManager: Shutting down and abandoning module Kismet (138)
[2016.12.14-10.48.18:155][124]LogModuleManager: Shutting down and abandoning module GraphEditor (137)
[2016.12.14-10.48.18:155][124]LogModuleManager: Shutting down and abandoning module ClassViewer (136)
[2016.12.14-10.48.18:155][124]LogModuleManager: Shutting down and abandoning module Toolbox (135)
[2016.12.14-10.48.18:155][124]LogModuleManager: Shutting down and abandoning module ModuleUI (134)
[2016.12.14-10.48.18:155][124]LogModuleManager: Shutting down and abandoning module MovieSceneTools (133)
[2016.12.14-10.48.18:155][124]LogModuleManager: Shutting down and abandoning module OutputLog (132)
[2016.12.14-10.48.18:155][124]LogModuleManager: Shutting down and abandoning module GammaUI (131)
[2016.12.14-10.48.18:155][124]LogModuleManager: Shutting down and abandoning module Documentation (130)
[2016.12.14-10.48.18:155][124]LogModuleManager: Shutting down and abandoning module GameLiveStreaming (129)
[2016.12.14-10.48.18:156][124]LogModuleManager: Shutting down and abandoning module StreamingPauseRendering (128)
[2016.12.14-10.48.18:156][124]LogModuleManager: Shutting down and abandoning module AnalyticsET (127)
[2016.12.14-10.48.18:156][124]LogModuleManager: Shutting down and abandoning module Analytics (126)
[2016.12.14-10.48.18:156][124]LogModuleManager: Shutting down and abandoning module AITestSuite (125)
[2016.12.14-10.48.18:156][124]LogModuleManager: Shutting down and abandoning module GameplayDebugger (124)
[2016.12.14-10.48.18:156][124]LogModuleManager: Shutting down and abandoning module AIModule (123)
[2016.12.14-10.48.18:156][124]LogModuleManager: Shutting down and abandoning module ProfilerService (122)
[2016.12.14-10.48.18:284][124]LogModuleManager: Shutting down and abandoning module TaskGraph (121)
[2016.12.14-10.48.18:284][124]LogModuleManager: Shutting down and abandoning module SlateRemote (120)
[2016.12.14-10.48.18:284][124]LogModuleManager: Shutting down and abandoning module SteamVRController (119)
[2016.12.14-10.48.18:284][124]LogModuleManager: Shutting down and abandoning module SteamVR (118)
[2016.12.14-10.48.18:284][124]LogModuleManager: Shutting down and abandoning module ProceduralMeshComponent (117)
[2016.12.14-10.48.18:284][124]LogModuleManager: Shutting down and abandoning module OculusRift (116)
[2016.12.14-10.48.18:284][124]LogModuleManager: Shutting down and abandoning module OculusLibrary (115)
[2016.12.14-10.48.18:284][124]LogModuleManager: Shutting down and abandoning module LeapMotionController (114)
[2016.12.14-10.48.18:329][124]LogModuleManager: Shutting down and abandoning module CustomMeshComponent (113)
[2016.12.14-10.48.18:329][124]LogModuleManager: Shutting down and abandoning module CableComponent (112)
[2016.12.14-10.48.18:329][124]LogModuleManager: Shutting down and abandoning module ArchVisCharacter (111)
[2016.12.14-10.48.18:329][124]LogModuleManager: Shutting down and abandoning module MessagingDebugger (110)
[2016.12.14-10.48.18:329][124]LogModuleManager: Shutting down and abandoning module MediaPlayerEditor (109)
[2016.12.14-10.48.18:329][124]LogModuleManager: Shutting down and abandoning module HTML5Networking (108)
[2016.12.14-10.48.18:329][124]LogModuleManager: Shutting down and abandoning module SpeedTreeImporter (107)
[2016.12.14-10.48.18:329][124]LogModuleManager: Shutting down and abandoning module PluginBrowser (106)
[2016.12.14-10.48.18:329][124]LogModuleManager: Shutting down and abandoning module EpicSurvey (105)
[2016.12.14-10.48.18:329][124]LogModuleManager: Shutting down and abandoning module DesktopPlatform (104)
[2016.12.14-10.48.18:329][124]LogModuleManager: Shutting down and abandoning module VisualStudioSourceCodeAccess (103)
[2016.12.14-10.48.18:329][124]LogModuleManager: Shutting down and abandoning module UObjectPlugin (102)
[2016.12.14-10.48.18:329][124]LogModuleManager: Shutting down and abandoning module SubversionSourceControl (101)
[2016.12.14-10.48.18:329][124]LogModuleManager: Shutting down and abandoning module PerforceSourceControl (100)
[2016.12.14-10.48.18:329][124]LogModuleManager: Shutting down and abandoning module SourceControl (99)
[2016.12.14-10.48.18:329][124]LogModuleManager: Shutting down and abandoning module GitSourceControl (98)
[2016.12.14-10.48.18:329][124]LogModuleManager: Shutting down and abandoning module LightPropagationVolumeEditor (97)
[2016.12.14-10.48.18:329][124]LogModuleManager: Shutting down and abandoning module PaperTiledImporter (96)
[2016.12.14-10.48.18:329][124]LogModuleManager: Shutting down and abandoning module PaperSpriteSheetImporter (95)
[2016.12.14-10.48.18:329][124]LogModuleManager: Shutting down and abandoning module MeshPaint (94)
[2016.12.14-10.48.18:329][124]LogModuleManager: Shutting down and abandoning module SlateReflector (93)
[2016.12.14-10.48.18:329][124]LogModuleManager: Shutting down and abandoning module HotReload (92)
[2016.12.14-10.48.18:329][124]LogModuleManager: Shutting down and abandoning module MainFrame (91)
[2016.12.14-10.48.18:329][124]LogModuleManager: Shutting down and abandoning module LevelEditor (90)
[2016.12.14-10.48.18:331][124]LogModuleManager: Shutting down and abandoning module DirectoryWatcher (89)
[2016.12.14-10.48.18:332][124]LogModuleManager: Shutting down and abandoning module AssetRegistry (88)
[2016.12.14-10.48.18:467][124]LogModuleManager: Shutting down and abandoning module ContentBrowser (87)
[2016.12.14-10.48.18:468][124]LogModuleManager: Shutting down and abandoning module Paper2DEditor (86)
[2016.12.14-10.48.18:468][124]LogModuleManager: Shutting down and abandoning module UdpMessaging (85)
[2016.12.14-10.48.18:569][124]LogModuleManager: Shutting down and abandoning module LightPropagationVolumeRuntime (84)
[2016.12.14-10.48.18:569][124]LogModuleManager: Shutting down and abandoning module Paper2D (83)
[2016.12.14-10.48.18:569][124]LogModuleManager: Shutting down and abandoning module WindowsMoviePlayer (82)
[2016.12.14-10.48.18:571][124]LogModuleManager: Shutting down and abandoning module Media (81)
[2016.12.14-10.48.18:571][124]LogModuleManager: Shutting down and abandoning module WmfMedia (80)
[2016.12.14-10.48.18:572][124]LogModuleManager: Shutting down and abandoning module OnlineBlueprintSupport (79)
[2016.12.14-10.48.18:572][124]LogModuleManager: Shutting down and abandoning module GameplayTasksEditor (78)
[2016.12.14-10.48.18:572][124]LogModuleManager: Shutting down and abandoning module PropertyEditor (77)
[2016.12.14-10.48.18:572][124]LogModuleManager: Shutting down and abandoning module BehaviorTreeEditor (76)
[2016.12.14-10.48.18:572][124]LogModuleManager: Shutting down and abandoning module FunctionalTesting (75)
[2016.12.14-10.48.18:572][124]LogModuleManager: Shutting down and abandoning module CollisionAnalyzer (74)
[2016.12.14-10.48.18:572][124]LogModuleManager: Shutting down and abandoning module WorkspaceMenuStructure (73)
[2016.12.14-10.48.18:572][124]LogModuleManager: Shutting down and abandoning module MessageLog (72)
[2016.12.14-10.48.18:572][124]LogModuleManager: Shutting down and abandoning module Sequencer (71)
[2016.12.14-10.48.18:572][124]LogModuleManager: Shutting down and abandoning module AssetTools (70)
[2016.12.14-10.48.18:572][124]LogModuleManager: Shutting down and abandoning module UMGEditor (69)
[2016.12.14-10.48.18:572][124]LogModuleManager: Shutting down and abandoning module UMG (68)
[2016.12.14-10.48.18:572][124]LogModuleManager: Shutting down and abandoning module Slate (67)
[2016.12.14-10.48.18:572][124]LogModuleManager: Shutting down and abandoning module EditorStyle (66)
[2016.12.14-10.48.18:574][124]LogModuleManager: Shutting down and abandoning module SessionServices (65)
[2016.12.14-10.48.18:574][124]LogModuleManager: Shutting down and abandoning module SourceCodeAccess (64)
[2016.12.14-10.48.18:574][124]LogModuleManager: Shutting down and abandoning module HeadMountedDisplay (63)
[2016.12.14-10.48.18:574][124]LogModuleManager: Shutting down and abandoning module XAudio2 (62)
[2016.12.14-10.48.18:574][124]LogModuleManager: Shutting down and abandoning module Networking (60)
[2016.12.14-10.48.18:574][124]LogModuleManager: Shutting down and abandoning module Core (59)
[2016.12.14-10.48.18:574][124]LogModuleManager: Shutting down and abandoning module KismetCompiler (58)
[2016.12.14-10.48.18:574][124]LogModuleManager: Shutting down and abandoning module PhysXFormats (57)
[2016.12.14-10.48.18:574][124]LogModuleManager: Shutting down and abandoning module MeshUtilities (56)
[2016.12.14-10.48.18:574][124]LogModuleManager: Shutting down and abandoning module CookingStats (55)
[2016.12.14-10.48.18:575][124]LogModuleManager: Shutting down and abandoning module DerivedDataCache (54)
[2016.12.14-10.48.19:063][124]LogDerivedDataCache: Shutdown
[2016.12.14-10.48.19:063][124]LogModuleManager: Shutting down and abandoning module ShaderFormatOpenGL (53)
[2016.12.14-10.48.19:063][124]LogModuleManager: Shutting down and abandoning module ShaderFormatD3D (52)
[2016.12.14-10.48.19:063][124]LogModuleManager: Shutting down and abandoning module MetalShaderFormat (51)
[2016.12.14-10.48.19:063][124]LogModuleManager: Shutting down and abandoning module TextureFormatUncompressed (50)
[2016.12.14-10.48.19:063][124]LogModuleManager: Shutting down and abandoning module TextureFormatPVR (49)
[2016.12.14-10.48.19:063][124]LogModuleManager: Shutting down and abandoning module TextureFormatIntelISPCTexComp (48)
[2016.12.14-10.48.19:063][124]LogModuleManager: Shutting down and abandoning module TextureFormatDXT (47)
[2016.12.14-10.48.19:063][124]LogModuleManager: Shutting down and abandoning module ImageWrapper (46)
[2016.12.14-10.48.19:063][124]LogModuleManager: Shutting down and abandoning module TextureFormatASTC (45)
[2016.12.14-10.48.19:063][124]LogModuleManager: Shutting down and abandoning module TextureFormatAndroid (44)
[2016.12.14-10.48.19:063][124]LogModuleManager: Shutting down and abandoning module AudioFormatOpus (43)
[2016.12.14-10.48.19:063][124]LogModuleManager: Shutting down and abandoning module AudioFormatOgg (42)
[2016.12.14-10.48.19:063][124]LogModuleManager: Shutting down and abandoning module AudioFormatADPCM (41)
[2016.12.14-10.48.19:063][124]LogModuleManager: Shutting down and abandoning module LinuxTargetPlatform (40)
[2016.12.14-10.48.19:063][124]LogModuleManager: Shutting down and abandoning module LinuxServerTargetPlatform (39)
[2016.12.14-10.48.19:063][124]LogModuleManager: Shutting down and abandoning module LinuxNoEditorTargetPlatform (38)
[2016.12.14-10.48.19:063][124]LogModuleManager: Shutting down and abandoning module Messaging (37)
[2016.12.14-10.48.19:063][124]LogModuleManager: Shutting down and abandoning module IOSTargetPlatform (36)
[2016.12.14-10.48.19:063][124]LogModuleManager: Shutting down and abandoning module HTML5TargetPlatform (35)
[2016.12.14-10.48.19:063][124]LogModuleManager: Shutting down and abandoning module Android_PVRTCTargetPlatform (34)
[2016.12.14-10.48.19:063][124]LogModuleManager: Shutting down and abandoning module Android_ETC2TargetPlatform (33)
[2016.12.14-10.48.19:064][124]LogModuleManager: Shutting down and abandoning module Android_ETC1TargetPlatform (32)
[2016.12.14-10.48.19:064][124]LogModuleManager: Shutting down and abandoning module Android_DXTTargetPlatform (31)
[2016.12.14-10.48.19:064][124]LogModuleManager: Shutting down and abandoning module Android_ATCTargetPlatform (30)
[2016.12.14-10.48.19:064][124]LogModuleManager: Shutting down and abandoning module Android_ASTCTargetPlatform (29)
[2016.12.14-10.48.19:064][124]LogModuleManager: Shutting down and abandoning module AndroidTargetPlatform (28)
[2016.12.14-10.48.19:064][124]LogModuleManager: Shutting down and abandoning module WindowsTargetPlatform (27)
[2016.12.14-10.48.19:064][124]LogModuleManager: Shutting down and abandoning module WindowsServerTargetPlatform (26)
[2016.12.14-10.48.19:064][124]LogModuleManager: Shutting down and abandoning module WindowsNoEditorTargetPlatform (25)
[2016.12.14-10.48.19:064][124]LogModuleManager: Shutting down and abandoning module WindowsClientTargetPlatform (24)
[2016.12.14-10.48.19:064][124]LogModuleManager: Shutting down and abandoning module AllDesktopTargetPlatform (23)
[2016.12.14-10.48.19:064][124]LogModuleManager: Shutting down and abandoning module TargetPlatform (22)
[2016.12.14-10.48.19:064][124]LogModuleManager: Shutting down and abandoning module InputCore (21)
[2016.12.14-10.48.19:064][124]LogModuleManager: Shutting down and abandoning module Settings (20)
[2016.12.14-10.48.19:064][124]LogModuleManager: Shutting down and abandoning module OnlineSubsystem (18)
[2016.12.14-10.48.19:064][124]LogModuleManager: Shutting down and abandoning module HTTP (17)
[2016.12.14-10.48.21:066][124]LogModuleManager: Shutting down and abandoning module XMPP (16)
[2016.12.14-10.48.21:066][124]LogModuleManager: Shutting down and abandoning module ExampleDeviceProfileSelector (15)
[2016.12.14-10.48.21:066][124]LogModuleManager: Shutting down and abandoning module TextureCompressor (14)
[2016.12.14-10.48.21:066][124]LogModuleManager: Shutting down and abandoning module ShaderCore (13)
[2016.12.14-10.48.21:066][124]LogModuleManager: Shutting down and abandoning module Landscape (12)
[2016.12.14-10.48.21:066][124]LogModuleManager: Shutting down and abandoning module SlateRHIRenderer (11)
[2016.12.14-10.48.21:067][124]LogModuleManager: Shutting down and abandoning module OpenGLDrv (10)
[2016.12.14-10.48.21:067][124]LogModuleManager: Shutting down and abandoning module D3D11RHI (9)
[2016.12.14-10.48.21:067][124]LogModuleManager: Shutting down and abandoning module AnimGraphRuntime (8)
[2016.12.14-10.48.21:067][124]LogModuleManager: Shutting down and abandoning module Renderer (7)
[2016.12.14-10.48.21:067][124]LogModuleManager: Shutting down and abandoning module Engine (6)
[2016.12.14-10.48.21:067][124]LogModuleManager: Shutting down and abandoning module CoreUObject (5)
[2016.12.14-10.48.21:067][124]LogModuleManager: Shutting down and abandoning module NetworkFile (4)
[2016.12.14-10.48.21:067][124]LogModuleManager: Shutting down and abandoning module StreamingFile (3)
[2016.12.14-10.48.21:067][124]LogModuleManager: Shutting down and abandoning module SandboxFile (2)
[2016.12.14-10.48.21:067][124]LogModuleManager: Shutting down and abandoning module PakFile (1)
[2016.12.14-10.48.21:068][124]LogExit: Exiting.
[2016.12.14-10.48.21:069][124]Log file closed, 12/14/16 05:48:21
