[2016.12.03-18.11.38:625][  0]Log file open, 12/03/16 13:11:38
[2016.12.03-18.11.38:625][  0]LogInit:Display: Running engine for game: MissileCommand2
[2016.12.03-18.11.38:625][  0]LogInit:Display: RandInit(1782252640) SRandInit(1782252640).
[2016.12.03-18.11.38:625][  0]LogTaskGraph: Started task graph with 4 named threads and 7 total threads.
[2016.12.03-18.11.38:625][  0]LogStats: Stats thread started at 0.089014
[2016.12.03-18.11.38:625][  0]LogInit: Version: 4.9.2-2707645+++depot+UE4-Releases+4.9
[2016.12.03-18.11.38:625][  0]LogInit: API Version: 2672455
[2016.12.03-18.11.38:625][  0]LogInit: Compiled (64-bit): Sep 28 2015 10:25:44
[2016.12.03-18.11.38:625][  0]LogInit: Compiled with Visual C++: 18.00.21005.01
[2016.12.03-18.11.38:625][  0]LogInit: Build Configuration: Development
[2016.12.03-18.11.38:625][  0]LogInit: Branch Name: ++depot+UE4-Releases+4.9
[2016.12.03-18.11.38:625][  0]LogInit: Command line:  /Temp/Autosaves/Game/FirstPersonBP/Maps/UEDPCFirstPersonExampleMap -game -PIEVIACONSOLE -ResX=1280 -ResY=720  -Multiprocess 
[2016.12.03-18.11.38:625][  0]LogInit: Base directory: C:/Program Files/Epic Games/4.9/Engine/Binaries/Win64/
[2016.12.03-18.11.38:625][  0]LogInit: Rocket: 1
[2016.12.03-18.11.38:642][  0]LogInit: Using libcurl 7.41.0
[2016.12.03-18.11.38:642][  0]LogInit:  - built for x86_64-pc-win32
[2016.12.03-18.11.38:642][  0]LogInit:  - supports SSL with WinSSL
[2016.12.03-18.11.38:642][  0]LogInit:  - other features:
[2016.12.03-18.11.38:642][  0]LogInit:      CURL_VERSION_SSL
[2016.12.03-18.11.38:642][  0]LogInit:      CURL_VERSION_IPV6
[2016.12.03-18.11.38:642][  0]LogInit:      CURL_VERSION_ASYNCHDNS
[2016.12.03-18.11.38:642][  0]LogInit:      CURL_VERSION_LARGEFILE
[2016.12.03-18.11.38:642][  0]LogInit:      CURL_VERSION_IDN
[2016.12.03-18.11.38:642][  0]LogInit:  CurlRequestOptions (configurable via config and command line):
[2016.12.03-18.11.38:642][  0]LogInit:  - bVerifyPeer = true  - Libcurl will verify peer certificate
[2016.12.03-18.11.38:642][  0]LogInit:  - bUseHttpProxy = false  - Libcurl will NOT use HTTP proxy
[2016.12.03-18.11.38:642][  0]LogInit:  - bDontReuseConnections = false  - Libcurl will reuse connections
[2016.12.03-18.11.38:642][  0]LogInit:  - CertBundlePath = nullptr  - Libcurl will use whatever was configured at build time.
[2016.12.03-18.11.38:650][  0]LogInit: Presizing for 0 objects not considered by GC, pre-allocating 0 bytes.
[2016.12.03-18.11.38:656][  0]LogInit: Object subsystem initialized
[2016.12.03-18.11.38:657][  0]LogInit: Selected Device Profile: [Windows]
[2016.12.03-18.11.38:657][  0]LogInit: Applying CVar settings loaded from the selected device profile: [Windows]
[2016.12.03-18.11.38:660][  0]LogInit: Computer: MSI
[2016.12.03-18.11.38:660][  0]LogInit: User: jsoba
[2016.12.03-18.11.38:660][  0]LogInit: CPU Page size=4096, Cores=4
[2016.12.03-18.11.38:660][  0]LogInit: High frequency timer resolution =2.630620 MHz
[2016.12.03-18.11.38:660][  0]LogMemory: Memory total: Physical=15.9GB (16GB approx)
[2016.12.03-18.11.38:660][  0]LogMemory: Platform Memory Stats for Windows
[2016.12.03-18.11.38:660][  0]LogMemory: Process Physical Memory: 54.79 MB used, 54.79 MB peak
[2016.12.03-18.11.38:660][  0]LogMemory: Process Virtual Memory: 55.51 MB used, 55.51 MB peak
[2016.12.03-18.11.38:660][  0]LogMemory: Physical Memory: 6072.68 MB used, 16299.20 MB total
[2016.12.03-18.11.38:660][  0]LogMemory: Virtual Memory: 369.84 MB used, 134217728.00 MB total
[2016.12.03-18.11.39:069][  0]LogTextLocalizationManager: No specific translations for ('en-US') exist, so ('en') translations will be used.
[2016.12.03-18.11.39:642][  0]LogD3D11RHI: Found D3D11 adapter 0: NVIDIA GeForce GTX 970M        (Feature Level 11_0)
[2016.12.03-18.11.39:642][  0]LogD3D11RHI: Adapter has 2991MB of dedicated video memory, 0MB of dedicated system memory, and 8149MB of shared system memory, 1 output[s]
[2016.12.03-18.11.39:646][  0]LogD3D11RHI: Found D3D11 adapter 1: Intel(R) HD Graphics 5600 (Feature Level 11_0)
[2016.12.03-18.11.39:646][  0]LogD3D11RHI: Adapter has 128MB of dedicated video memory, 0MB of dedicated system memory, and 8149MB of shared system memory, 0 output[s]
[2016.12.03-18.11.39:647][  0]LogD3D11RHI: Found D3D11 adapter 2: Microsoft Basic Render Driver (Feature Level 11_0)
[2016.12.03-18.11.39:647][  0]LogD3D11RHI: Adapter has 0MB of dedicated video memory, 0MB of dedicated system memory, and 8149MB of shared system memory, 0 output[s]
[2016.12.03-18.11.39:647][  0]LogD3D11RHI: Chosen D3D11 Adapter Id = 0
[2016.12.03-18.11.39:653][  0]LogD3D11RHI: !Direct3DDevice
[2016.12.03-18.11.39:653][  0]LogRHI: Texture pool is 1361 MB (70% of 1945 MB)
[2016.12.03-18.11.39:668][  0]LogD3D11RHI: Async texture creation enabled
[2016.12.03-18.11.39:680][  0]LogShaderCompilers: Guid format shader working directory is 15 characters bigger than the processId version (../../../../../../Users/jsoba/OneDrive/Documentos/Unreal Projects/MissileCommand2/Intermediate/Shaders/WorkingDirectory/6892/).
[2016.12.03-18.11.39:680][  0]LogShaderCompilers: Cleaned the shader compiler working directory '../../../../../../Users/jsoba/OneDrive/Documentos/Unreal Projects/MissileCommand2/Intermediate/Shaders/tmp/F7A41C9A4DC4CEBD473AABAE27A70E3C/'.
[2016.12.03-18.11.39:680][  0]LogShaderCompilers:Display: Using Local Shader Compiler.
[2016.12.03-18.11.40:722][  0]LogTemp:Display: Loaded TP AllDesktopTargetPlatform
[2016.12.03-18.11.40:727][  0]LogTemp:Display: Loaded TP WindowsClientTargetPlatform
[2016.12.03-18.11.40:733][  0]LogTemp:Display: Loaded TP WindowsNoEditorTargetPlatform
[2016.12.03-18.11.40:739][  0]LogTemp:Display: Loaded TP WindowsServerTargetPlatform
[2016.12.03-18.11.40:744][  0]LogTemp:Display: Loaded TP WindowsTargetPlatform
[2016.12.03-18.11.40:748][  0]LogTemp:Display: Loaded TP AndroidTargetPlatform
[2016.12.03-18.11.40:751][  0]LogTemp:Display: Loaded TP Android_ASTCTargetPlatform
[2016.12.03-18.11.40:754][  0]LogTemp:Display: Loaded TP Android_ATCTargetPlatform
[2016.12.03-18.11.40:758][  0]LogTemp:Display: Loaded TP Android_DXTTargetPlatform
[2016.12.03-18.11.40:762][  0]LogTemp:Display: Loaded TP Android_ETC1TargetPlatform
[2016.12.03-18.11.40:766][  0]LogTemp:Display: Loaded TP Android_ETC2TargetPlatform
[2016.12.03-18.11.40:770][  0]LogTemp:Display: Loaded TP Android_PVRTCTargetPlatform
[2016.12.03-18.11.40:771][  0]LogTemp:Display: Loaded TP HTML5TargetPlatform
[2016.12.03-18.11.40:790][  0]LogTemp:Display: Loaded TP IOSTargetPlatform
[2016.12.03-18.11.40:793][  0]LogTemp:Display: Loaded TP LinuxNoEditorTargetPlatform
[2016.12.03-18.11.40:797][  0]LogTemp:Display: Loaded TP LinuxServerTargetPlatform
[2016.12.03-18.11.40:801][  0]LogTemp:Display: Loaded TP LinuxTargetPlatform
[2016.12.03-18.11.40:802][  0]LogTargetPlatformManager:Display: Building Assets For Windows
[2016.12.03-18.11.40:894][  0]LogDerivedDataCache:Display: Max Cache Size: 512 MB
[2016.12.03-18.11.40:942][  0]LogDerivedDataCache: Loaded boot cache 0.05s 41MB C:/Users/jsoba/AppData/Local/UnrealEngine/4.9/DerivedDataCache/Boot.ddc.
[2016.12.03-18.11.40:942][  0]LogDerivedDataCache:Display: Loaded Boot cache: C:/Users/jsoba/AppData/Local/UnrealEngine/4.9/DerivedDataCache/Boot.ddc
[2016.12.03-18.11.40:942][  0]LogDerivedDataCache: FDerivedDataBackendGraph:  Pak pak cache file ../../../../../../Users/jsoba/OneDrive/Documentos/Unreal Projects/MissileCommand2/DerivedDataCache/DDC.ddp not found, will not use a pak cache.
[2016.12.03-18.11.40:942][  0]LogDerivedDataCache: Unable to find inner node Pak for hierarchical cache Hierarchy.
[2016.12.03-18.11.40:942][  0]LogDerivedDataCache: FDerivedDataBackendGraph:  CompressedPak pak cache file ../../../../../../Users/jsoba/OneDrive/Documentos/Unreal Projects/MissileCommand2/DerivedDataCache/Compressed.ddp not found, will not use a pak cache.
[2016.12.03-18.11.40:942][  0]LogDerivedDataCache: Unable to find inner node CompressedPak for hierarchical cache Hierarchy.
[2016.12.03-18.11.41:072][  0]LogDerivedDataCache:Display: Pak cache opened for reading ../../../Engine/DerivedDataCache/Compressed.ddp.
[2016.12.03-18.11.41:084][  0]LogDerivedDataCache: Using Local data cache path C:/Users/jsoba/AppData/Local/UnrealEngine/Common/DerivedDataCache: Writable
[2016.12.03-18.11.41:237][  0]LogInit: Selected Device Profile: [Windows]
[2016.12.03-18.11.41:239][  0]LogContentStreaming: Texture pool size is 1000.000000MB
[2016.12.03-18.11.41:347][  0]LogMeshUtilities: No automatic mesh reduction module available
[2016.12.03-18.11.41:347][  0]LogMeshUtilities: No automatic mesh merging module available
[2016.12.03-18.11.41:548][  0]LogInit: WinSock: version 1.1 (2.2), MaxSocks=32767, MaxUdp=65467
[2016.12.03-18.11.41:733][  0]LogWindowsMoviePlayer: Unable to load movie: ../../../../../../Users/jsoba/OneDrive/Documentos/Unreal Projects/MissileCommand2/Content/Movies/Default_Startup.mp4
[2016.12.03-18.11.41:846][  0]SourceControl: Info Source control is disabled
[2016.12.03-18.11.41:846][  0]SourceControl: Info Source control is disabled
[2016.12.03-18.11.41:860][  0]SourceControl: Info Source control is disabled
[2016.12.03-18.11.41:979][  0]LogLinker:Warning: Asset '../../../Engine/Plugins/Runtime/LeapMotionController/Content/LM_PassthroughMaterial.uasset' has been saved with empty engine version. The asset will be loaded but may be incompatible.
[2016.12.03-18.11.42:074][  0]LogObj: 27669 objects as part of root set at end of initial load.
[2016.12.03-18.11.42:074][  0]LogUObjectAllocator: 5775704 out of 0 bytes used by permanent object pool.
[2016.12.03-18.11.42:125][  0]LogEngine: Initializing Engine...
[2016.12.03-18.11.42:128][  0]LogHMD: Can't find Oculus library dev build: is proper Runtime installed? Version: 0.7.0.0
[2016.12.03-18.11.42:128][  0]LogHMD: SteamVR failed to initialize.  Err: 110
[2016.12.03-18.11.42:223][  0]LogInit: XAudio2 using 'Speakers (Realtek High Definition Audio)' : 8 channels at 48 kHz using 32 bits per sample (channel mask 0x63f)
[2016.12.03-18.11.42:260][  0]LogInit: FAudioDevice initialized.
[2016.12.03-18.11.42:265][  0]LogInit: Texture streaming: Enabled
[2016.12.03-18.11.42:321][  0]LogNet: Browse: /Temp/Autosaves/Game/FirstPersonBP/Maps/UEDPCFirstPersonExampleMap?Name=Player
[2016.12.03-18.11.42:322][  0]LogLoad: LoadMap: /Temp/Autosaves/Game/FirstPersonBP/Maps/UEDPCFirstPersonExampleMap?Name=Player
[2016.12.03-18.11.42:332][  0]LogParticles: Destroying 0 GPU particle simulations for FXSystem 0x000001A30F321120
[2016.12.03-18.11.42:340][  0]LogMemory: Platform Memory Stats for Windows
[2016.12.03-18.11.42:340][  0]LogMemory: Process Physical Memory: 394.05 MB used, 394.05 MB peak
[2016.12.03-18.11.42:340][  0]LogMemory: Process Virtual Memory: 452.12 MB used, 452.12 MB peak
[2016.12.03-18.11.42:340][  0]LogMemory: Physical Memory: 6363.51 MB used, 16299.20 MB total
[2016.12.03-18.11.42:340][  0]LogMemory: Virtual Memory: 1017.09 MB used, 134217728.00 MB total
[2016.12.03-18.11.42:340][  0]LogMemory: 
[2016.12.03-18.11.42:340][  0]Allocator Stats for TBB: (not implemented)
[2016.12.03-18.11.42:421][  0]LogBlueprint:Warning: [compiler SpawnClassMisil4Izquierda] Warning 'Item' is already a 'Misil 4', you don't need  Cast To Misil4 .
[2016.12.03-18.11.42:423][  0]LogBlueprint:Warning: [compiler SpawnClassMisil4Izquierda] Warning [0004.14] Compile of SpawnClassMisil4Izquierda successful, but with 1 Warning(s) [in 4 ms]
[2016.12.03-18.11.42:424][  0]LogBlueprint:Warning: [compiler SpawnClassMisil4Izquierda] Warning [0004.14] Compile of SpawnClassMisil4Izquierda successful, but with 2 Warning(s) [in 0 ms]
[2016.12.03-18.11.42:424][  0]LogBlueprint:Warning: [compiler SpawnClassMisil4Izquierda] Warning [0004.14] Compile of SpawnClassMisil4Izquierda successful, but with 3 Warning(s) [in 0 ms]
[2016.12.03-18.11.42:450][  0]LogBlueprint:Warning: [compiler SpawnClassMisil3Derecha] Warning 'Item' is already a 'Misil 3', you don't need  Cast To Misil3 .
[2016.12.03-18.11.42:452][  0]LogBlueprint:Warning: [compiler SpawnClassMisil3Derecha] Warning [0004.17] Compile of SpawnClassMisil3Derecha successful, but with 1 Warning(s) [in 5 ms]
[2016.12.03-18.11.42:452][  0]LogBlueprint:Warning: [compiler SpawnClassMisil3Derecha] Warning [0004.17] Compile of SpawnClassMisil3Derecha successful, but with 2 Warning(s) [in 0 ms]
[2016.12.03-18.11.42:452][  0]LogBlueprint:Warning: [compiler SpawnClassMisil3Derecha] Warning [0004.17] Compile of SpawnClassMisil3Derecha successful, but with 3 Warning(s) [in 0 ms]
[2016.12.03-18.11.42:478][  0]LogBlueprint:Warning: [compiler SpawnClassMisil2Frontal] Warning 'Item' is already a 'Misil 2', you don't need  Cast To Misil2 .
[2016.12.03-18.11.42:481][  0]LogBlueprint:Warning: [compiler SpawnClassMisil2Frontal] Warning [0004.20] Compile of SpawnClassMisil2Frontal successful, but with 1 Warning(s) [in 5 ms]
[2016.12.03-18.11.42:481][  0]LogBlueprint:Warning: [compiler SpawnClassMisil2Frontal] Warning [0004.20] Compile of SpawnClassMisil2Frontal successful, but with 2 Warning(s) [in 0 ms]
[2016.12.03-18.11.42:481][  0]LogBlueprint:Warning: [compiler SpawnClassMisil2Frontal] Warning [0004.20] Compile of SpawnClassMisil2Frontal successful, but with 3 Warning(s) [in 0 ms]
[2016.12.03-18.11.42:506][  0]LogBlueprint:Warning: [compiler SpawnClassMisil1Trasera] Warning 'Item' is already a 'Misil 1', you don't need  Cast To Misil1 .
[2016.12.03-18.11.42:508][  0]LogBlueprint:Warning: [compiler SpawnClassMisil1Trasera] Warning [0004.22] Compile of SpawnClassMisil1Trasera successful, but with 1 Warning(s) [in 5 ms]
[2016.12.03-18.11.42:508][  0]LogBlueprint:Warning: [compiler SpawnClassMisil1Trasera] Warning [0004.22] Compile of SpawnClassMisil1Trasera successful, but with 2 Warning(s) [in 0 ms]
[2016.12.03-18.11.42:508][  0]LogBlueprint:Warning: [compiler SpawnClassMisil1Trasera] Warning [0004.22] Compile of SpawnClassMisil1Trasera successful, but with 3 Warning(s) [in 0 ms]
[2016.12.03-18.11.42:587][  0]LogLinker:Warning: Asset '../../../../../../Users/jsoba/OneDrive/Documentos/Unreal Projects/MissileCommand2/Content/FirstPerson/Meshes/FirstPersonProjectileMesh.uasset' has been saved with empty engine version. The asset will be loaded but may be incompatible.
[2016.12.03-18.11.42:636][  0]LogLinker:Warning: CreateImport: Failed to load Outer for resource 'Arrow': FirstPersonCharacter_C /Game/FirstPersonBP/Blueprints/FirstPersonCharacter.Default__FirstPersonCharacter_C
[2016.12.03-18.11.42:718][  0]LogBlueprint:Warning: [compiler SpawnClassMisil1Trasera] Warning 'Item' is already a 'Misil 1', you don't need  Cast To Misil1 .
[2016.12.03-18.11.42:720][  0]LogBlueprint:Warning: [compiler SpawnClassMisil1Trasera] Warning [0004.44] Compile of SpawnClassMisil1Trasera successful, but with 1 Warning(s) [in 5 ms]
[2016.12.03-18.11.42:720][  0]LogBlueprint:Warning: [compiler SpawnClassMisil1Trasera] Warning [0004.44] Compile of SpawnClassMisil1Trasera successful, but with 2 Warning(s) [in 0 ms]
[2016.12.03-18.11.42:720][  0]LogBlueprint:Warning: [compiler SpawnClassMisil1Trasera] Warning [0004.44] Compile of SpawnClassMisil1Trasera successful, but with 3 Warning(s) [in 0 ms]
[2016.12.03-18.11.42:738][  0]LogBlueprint:Warning: [compiler SpawnClassMisil2Frontal] Warning 'Item' is already a 'Misil 2', you don't need  Cast To Misil2 .
[2016.12.03-18.11.42:740][  0]LogBlueprint:Warning: [compiler SpawnClassMisil2Frontal] Warning [0004.45] Compile of SpawnClassMisil2Frontal successful, but with 1 Warning(s) [in 4 ms]
[2016.12.03-18.11.42:740][  0]LogBlueprint:Warning: [compiler SpawnClassMisil2Frontal] Warning [0004.45] Compile of SpawnClassMisil2Frontal successful, but with 2 Warning(s) [in 0 ms]
[2016.12.03-18.11.42:740][  0]LogBlueprint:Warning: [compiler SpawnClassMisil2Frontal] Warning [0004.45] Compile of SpawnClassMisil2Frontal successful, but with 3 Warning(s) [in 0 ms]
[2016.12.03-18.11.42:751][  0]LogBlueprint:Warning: [compiler SpawnClassMisil3Derecha] Warning 'Item' is already a 'Misil 3', you don't need  Cast To Misil3 .
[2016.12.03-18.11.42:753][  0]LogBlueprint:Warning: [compiler SpawnClassMisil3Derecha] Warning [0004.47] Compile of SpawnClassMisil3Derecha successful, but with 1 Warning(s) [in 4 ms]
[2016.12.03-18.11.42:754][  0]LogBlueprint:Warning: [compiler SpawnClassMisil3Derecha] Warning [0004.47] Compile of SpawnClassMisil3Derecha successful, but with 2 Warning(s) [in 0 ms]
[2016.12.03-18.11.42:754][  0]LogBlueprint:Warning: [compiler SpawnClassMisil3Derecha] Warning [0004.47] Compile of SpawnClassMisil3Derecha successful, but with 3 Warning(s) [in 0 ms]
[2016.12.03-18.11.42:765][  0]LogBlueprint:Warning: [compiler SpawnClassMisil4Izquierda] Warning 'Item' is already a 'Misil 4', you don't need  Cast To Misil4 .
[2016.12.03-18.11.42:767][  0]LogBlueprint:Warning: [compiler SpawnClassMisil4Izquierda] Warning [0004.48] Compile of SpawnClassMisil4Izquierda successful, but with 1 Warning(s) [in 5 ms]
[2016.12.03-18.11.42:767][  0]LogBlueprint:Warning: [compiler SpawnClassMisil4Izquierda] Warning [0004.48] Compile of SpawnClassMisil4Izquierda successful, but with 2 Warning(s) [in 0 ms]
[2016.12.03-18.11.42:768][  0]LogBlueprint:Warning: [compiler SpawnClassMisil4Izquierda] Warning [0004.48] Compile of SpawnClassMisil4Izquierda successful, but with 3 Warning(s) [in 0 ms]
[2016.12.03-18.11.42:984][  0]LogAIModule: Creating AISystem for world FirstPersonExampleMap
[2016.12.03-18.11.42:984][  0]LogWorld: Game class is 'MissileCommandGM_C'
[2016.12.03-18.11.42:986][  0]LogPrimitiveComponent: Zero scaling not supported (/Temp/Autosaves/Game/FirstPersonBP/Maps/UEDPCFirstPersonExampleMap.FirstPersonExampleMap:PersistentLevel.SpawnClassMisil4Izquierda_180.Box)
[2016.12.03-18.11.42:988][  0]LogPrimitiveComponent: Zero scaling not supported (/Temp/Autosaves/Game/FirstPersonBP/Maps/UEDPCFirstPersonExampleMap.FirstPersonExampleMap:PersistentLevel.SpawnClassMisil4Izquierda_180.Box)
[2016.12.03-18.11.42:988][  0]LogPrimitiveComponent: Zero scaling not supported (/Temp/Autosaves/Game/FirstPersonBP/Maps/UEDPCFirstPersonExampleMap.FirstPersonExampleMap:PersistentLevel.SpawnClassMisil4Izquierda_180.Box)
[2016.12.03-18.11.42:988][  0]LogWorld: Bringing World /Temp/Autosaves/Game/FirstPersonBP/Maps/UEDPCFirstPersonExampleMap.FirstPersonExampleMap up for play (max tick rate 0) at 2016.12.03-13.11.42
[2016.12.03-18.11.42:988][  0]LogWorld: Bringing up level for play took: 0.003260
[2016.12.03-18.11.42:990][  0]LogInit:Display: Game Engine Initialized.
[2016.12.03-18.11.43:212][  0]LogLoad: Full Startup: 4.93 seconds (BP compile: 0.18 seconds)
[2016.12.03-18.11.43:228][  0]LogWindowsTextInputMethodSystem:Display: IME system now deactivated.
[2016.12.03-18.11.43:292][  0]LogRenderer: Reallocating scene render targets to support 128x128 (Frame:1).
[2016.12.03-18.11.43:357][  1]LogRenderer: Reallocating scene render targets to support 1280x720 (Frame:2).
[2016.12.03-18.11.43:357][  1]LogBlueprintUserMessages: [MissileCommandGM_C_0] 0
[2016.12.03-18.11.43:416][  3]LogBlueprintUserMessages: [MissileCommandGM_C_0] 1
[2016.12.03-18.11.43:449][  5]LogBlueprintUserMessages: [MissileCommandGM_C_0] 2
[2016.12.03-18.11.43:481][  7]LogBlueprintUserMessages: [MissileCommandGM_C_0] 1
[2016.12.03-18.11.43:513][  9]LogBlueprintUserMessages: [MissileCommandGM_C_0] 1
[2016.12.03-18.11.43:546][ 11]LogBlueprintUserMessages: [MissileCommandGM_C_0] 1
[2016.12.03-18.11.43:577][ 13]LogBlueprintUserMessages: [MissileCommandGM_C_0] 2
[2016.12.03-18.11.43:610][ 15]LogBlueprintUserMessages: [MissileCommandGM_C_0] 2
[2016.12.03-18.11.43:642][ 17]LogBlueprintUserMessages: [MissileCommandGM_C_0] 0
[2016.12.03-18.11.43:674][ 19]LogBlueprintUserMessages: [MissileCommandGM_C_0] 0
[2016.12.03-18.11.43:707][ 21]LogBlueprintUserMessages: [MissileCommandGM_C_0] 1
[2016.12.03-18.11.43:739][ 23]LogBlueprintUserMessages: [MissileCommandGM_C_0] 2
[2016.12.03-18.11.43:772][ 25]LogBlueprintUserMessages: [MissileCommandGM_C_0] 3
[2016.12.03-18.11.43:804][ 27]LogBlueprintUserMessages: [MissileCommandGM_C_0] 2
[2016.12.03-18.11.43:836][ 29]LogBlueprintUserMessages: [MissileCommandGM_C_0] 2
[2016.12.03-18.11.43:868][ 31]LogBlueprintUserMessages: [MissileCommandGM_C_0] 2
[2016.12.03-18.11.43:900][ 33]LogBlueprintUserMessages: [MissileCommandGM_C_0] 2
[2016.12.03-18.11.43:932][ 35]LogBlueprintUserMessages: [MissileCommandGM_C_0] 0
[2016.12.03-18.11.43:965][ 37]LogBlueprintUserMessages: [MissileCommandGM_C_0] 2
[2016.12.03-18.11.43:997][ 39]LogBlueprintUserMessages: [MissileCommandGM_C_0] 2
[2016.12.03-18.11.44:029][ 41]LogBlueprintUserMessages: [MissileCommandGM_C_0] 0
[2016.12.03-18.11.44:062][ 43]LogBlueprintUserMessages: [MissileCommandGM_C_0] 0
[2016.12.03-18.11.44:094][ 45]LogBlueprintUserMessages: [MissileCommandGM_C_0] 2
[2016.12.03-18.11.44:126][ 47]LogBlueprintUserMessages: [MissileCommandGM_C_0] 3
[2016.12.03-18.11.44:159][ 49]LogBlueprintUserMessages: [MissileCommandGM_C_0] 0
[2016.12.03-18.11.44:191][ 51]LogBlueprintUserMessages: [MissileCommandGM_C_0] 2
[2016.12.03-18.11.44:223][ 53]LogBlueprintUserMessages: [MissileCommandGM_C_0] 3
[2016.12.03-18.11.44:255][ 55]LogBlueprintUserMessages: [MissileCommandGM_C_0] 1
[2016.12.03-18.11.44:287][ 57]LogBlueprintUserMessages: [MissileCommandGM_C_0] 3
[2016.12.03-18.11.44:320][ 59]LogBlueprintUserMessages: [MissileCommandGM_C_0] 2
[2016.12.03-18.11.44:352][ 61]LogBlueprintUserMessages: [MissileCommandGM_C_0] 3
[2016.12.03-18.11.44:384][ 63]LogBlueprintUserMessages: [MissileCommandGM_C_0] 3
[2016.12.03-18.11.44:417][ 65]LogBlueprintUserMessages: [MissileCommandGM_C_0] 2
[2016.12.03-18.11.44:449][ 67]LogBlueprintUserMessages: [MissileCommandGM_C_0] 1
[2016.12.03-18.11.44:481][ 69]LogBlueprintUserMessages: [MissileCommandGM_C_0] 2
[2016.12.03-18.11.44:514][ 71]LogBlueprintUserMessages: [MissileCommandGM_C_0] 1
[2016.12.03-18.11.44:546][ 73]LogBlueprintUserMessages: [MissileCommandGM_C_0] 2
[2016.12.03-18.11.44:578][ 75]LogBlueprintUserMessages: [MissileCommandGM_C_0] 3
[2016.12.03-18.11.44:610][ 77]LogBlueprintUserMessages: [MissileCommandGM_C_0] 3
[2016.12.03-18.11.44:642][ 79]LogBlueprintUserMessages: [MissileCommandGM_C_0] 1
[2016.12.03-18.11.44:675][ 81]LogBlueprintUserMessages: [MissileCommandGM_C_0] 1
[2016.12.03-18.11.44:707][ 83]LogBlueprintUserMessages: [MissileCommandGM_C_0] 1
[2016.12.03-18.11.44:739][ 85]LogBlueprintUserMessages: [MissileCommandGM_C_0] 2
[2016.12.03-18.11.44:772][ 87]LogBlueprintUserMessages: [MissileCommandGM_C_0] 3
[2016.12.03-18.11.44:804][ 89]LogBlueprintUserMessages: [MissileCommandGM_C_0] 3
[2016.12.03-18.11.44:836][ 91]LogBlueprintUserMessages: [MissileCommandGM_C_0] 1
[2016.12.03-18.11.44:869][ 93]LogBlueprintUserMessages: [MissileCommandGM_C_0] 3
[2016.12.03-18.11.44:901][ 95]LogBlueprintUserMessages: [MissileCommandGM_C_0] 2
[2016.12.03-18.11.44:933][ 97]LogBlueprintUserMessages: [MissileCommandGM_C_0] 0
[2016.12.03-18.11.44:965][ 99]LogBlueprintUserMessages: [MissileCommandGM_C_0] 1
[2016.12.03-18.11.44:997][101]LogBlueprintUserMessages: [MissileCommandGM_C_0] 3
[2016.12.03-18.11.45:030][103]LogBlueprintUserMessages: [MissileCommandGM_C_0] 0
[2016.12.03-18.11.45:062][105]LogBlueprintUserMessages: [MissileCommandGM_C_0] 3
[2016.12.03-18.11.45:094][107]LogBlueprintUserMessages: [MissileCommandGM_C_0] 1
[2016.12.03-18.11.45:126][109]LogBlueprintUserMessages: [MissileCommandGM_C_0] 2
[2016.12.03-18.11.45:159][111]LogBlueprintUserMessages: [MissileCommandGM_C_0] 2
[2016.12.03-18.11.45:191][113]LogBlueprintUserMessages: [MissileCommandGM_C_0] 0
[2016.12.03-18.11.45:223][115]LogBlueprintUserMessages: [MissileCommandGM_C_0] 1
[2016.12.03-18.11.45:255][117]LogBlueprintUserMessages: [MissileCommandGM_C_0] 1
[2016.12.03-18.11.45:288][119]LogBlueprintUserMessages: [MissileCommandGM_C_0] 1
[2016.12.03-18.11.45:320][121]LogBlueprintUserMessages: [MissileCommandGM_C_0] 3
[2016.12.03-18.11.45:352][123]LogBlueprintUserMessages: [MissileCommandGM_C_0] 0
[2016.12.03-18.11.45:385][125]LogBlueprintUserMessages: [MissileCommandGM_C_0] 2
[2016.12.03-18.11.45:417][127]LogBlueprintUserMessages: [MissileCommandGM_C_0] 1
[2016.12.03-18.11.45:449][129]LogBlueprintUserMessages: [MissileCommandGM_C_0] 3
[2016.12.03-18.11.45:481][131]LogBlueprintUserMessages: [MissileCommandGM_C_0] 3
[2016.12.03-18.11.45:513][133]LogBlueprintUserMessages: [MissileCommandGM_C_0] 2
[2016.12.03-18.11.45:546][135]LogBlueprintUserMessages: [MissileCommandGM_C_0] 0
[2016.12.03-18.11.45:578][137]LogBlueprintUserMessages: [MissileCommandGM_C_0] 1
[2016.12.03-18.11.45:610][139]LogBlueprintUserMessages: [MissileCommandGM_C_0] 1
[2016.12.03-18.11.45:642][141]LogBlueprintUserMessages: [MissileCommandGM_C_0] 0
[2016.12.03-18.11.45:674][143]LogBlueprintUserMessages: [MissileCommandGM_C_0] 0
[2016.12.03-18.11.45:707][145]LogBlueprintUserMessages: [MissileCommandGM_C_0] 3
[2016.12.03-18.11.45:739][147]LogBlueprintUserMessages: [MissileCommandGM_C_0] 1
[2016.12.03-18.11.45:771][149]LogBlueprintUserMessages: [MissileCommandGM_C_0] 1
[2016.12.03-18.11.45:803][151]LogBlueprintUserMessages: [MissileCommandGM_C_0] 2
[2016.12.03-18.11.45:836][153]LogBlueprintUserMessages: [MissileCommandGM_C_0] 2
[2016.12.03-18.11.45:868][155]LogBlueprintUserMessages: [MissileCommandGM_C_0] 1
[2016.12.03-18.11.45:900][157]LogBlueprintUserMessages: [MissileCommandGM_C_0] 2
[2016.12.03-18.11.45:933][159]LogBlueprintUserMessages: [MissileCommandGM_C_0] 0
[2016.12.03-18.11.45:965][161]LogBlueprintUserMessages: [MissileCommandGM_C_0] 0
[2016.12.03-18.11.45:997][163]LogBlueprintUserMessages: [MissileCommandGM_C_0] 2
[2016.12.03-18.11.46:029][165]LogBlueprintUserMessages: [MissileCommandGM_C_0] 0
[2016.12.03-18.11.46:062][167]LogBlueprintUserMessages: [MissileCommandGM_C_0] 3
[2016.12.03-18.11.46:094][169]LogBlueprintUserMessages: [MissileCommandGM_C_0] 0
[2016.12.03-18.11.46:126][171]LogBlueprintUserMessages: [MissileCommandGM_C_0] 3
[2016.12.03-18.11.46:159][173]LogBlueprintUserMessages: [MissileCommandGM_C_0] 1
[2016.12.03-18.11.46:191][175]LogBlueprintUserMessages: [MissileCommandGM_C_0] 3
[2016.12.03-18.11.46:223][177]LogBlueprintUserMessages: [MissileCommandGM_C_0] 2
[2016.12.03-18.11.46:255][179]LogBlueprintUserMessages: [MissileCommandGM_C_0] 1
[2016.12.03-18.11.46:288][181]LogBlueprintUserMessages: [MissileCommandGM_C_0] 0
[2016.12.03-18.11.46:320][183]LogBlueprintUserMessages: [MissileCommandGM_C_0] 0
[2016.12.03-18.11.46:352][185]LogBlueprintUserMessages: [MissileCommandGM_C_0] 0
[2016.12.03-18.11.46:385][187]LogBlueprintUserMessages: [MissileCommandGM_C_0] 1
[2016.12.03-18.11.46:417][189]LogBlueprintUserMessages: [MissileCommandGM_C_0] 2
[2016.12.03-18.11.46:449][191]LogBlueprintUserMessages: [MissileCommandGM_C_0] 0
[2016.12.03-18.11.46:481][193]LogBlueprintUserMessages: [MissileCommandGM_C_0] 1
[2016.12.03-18.11.46:514][195]LogBlueprintUserMessages: [MissileCommandGM_C_0] 0
[2016.12.03-18.11.46:546][197]LogBlueprintUserMessages: [MissileCommandGM_C_0] 1
[2016.12.03-18.11.46:578][199]LogBlueprintUserMessages: [MissileCommandGM_C_0] 2
[2016.12.03-18.11.46:610][201]LogBlueprintUserMessages: [MissileCommandGM_C_0] 0
[2016.12.03-18.11.46:643][203]LogBlueprintUserMessages: [MissileCommandGM_C_0] 0
[2016.12.03-18.11.46:675][205]LogBlueprintUserMessages: [MissileCommandGM_C_0] 3
[2016.12.03-18.11.46:707][207]LogBlueprintUserMessages: [MissileCommandGM_C_0] 0
[2016.12.03-18.11.46:739][209]LogBlueprintUserMessages: [MissileCommandGM_C_0] 2
[2016.12.03-18.11.46:772][211]LogBlueprintUserMessages: [MissileCommandGM_C_0] 2
[2016.12.03-18.11.46:804][213]LogBlueprintUserMessages: [MissileCommandGM_C_0] 0
[2016.12.03-18.11.46:836][215]LogBlueprintUserMessages: [MissileCommandGM_C_0] 2
[2016.12.03-18.11.46:868][217]LogBlueprintUserMessages: [MissileCommandGM_C_0] 3
[2016.12.03-18.11.46:901][219]LogBlueprintUserMessages: [MissileCommandGM_C_0] 2
[2016.12.03-18.11.46:933][221]LogBlueprintUserMessages: [MissileCommandGM_C_0] 3
[2016.12.03-18.11.46:965][223]LogBlueprintUserMessages: [MissileCommandGM_C_0] 0
[2016.12.03-18.11.46:997][225]LogBlueprintUserMessages: [MissileCommandGM_C_0] 3
[2016.12.03-18.11.47:030][227]LogBlueprintUserMessages: [MissileCommandGM_C_0] 1
[2016.12.03-18.11.47:062][229]LogBlueprintUserMessages: [MissileCommandGM_C_0] 0
[2016.12.03-18.11.47:094][231]LogBlueprintUserMessages: [MissileCommandGM_C_0] 1
[2016.12.03-18.11.47:126][233]LogBlueprintUserMessages: [MissileCommandGM_C_0] 2
[2016.12.03-18.11.47:159][235]LogBlueprintUserMessages: [MissileCommandGM_C_0] 0
[2016.12.03-18.11.47:191][237]LogBlueprintUserMessages: [MissileCommandGM_C_0] 2
[2016.12.03-18.11.47:223][239]LogBlueprintUserMessages: [MissileCommandGM_C_0] 0
[2016.12.03-18.11.47:256][241]LogBlueprintUserMessages: [MissileCommandGM_C_0] 2
[2016.12.03-18.11.47:289][243]LogBlueprintUserMessages: [MissileCommandGM_C_0] 1
[2016.12.03-18.11.47:321][245]LogBlueprintUserMessages: [MissileCommandGM_C_0] 3
[2016.12.03-18.11.47:354][247]LogBlueprintUserMessages: [MissileCommandGM_C_0] 0
[2016.12.03-18.11.47:386][249]LogBlueprintUserMessages: [MissileCommandGM_C_0] 0
[2016.12.03-18.11.47:418][251]LogBlueprintUserMessages: [MissileCommandGM_C_0] 1
[2016.12.03-18.11.47:450][253]LogBlueprintUserMessages: [MissileCommandGM_C_0] 0
[2016.12.03-18.11.47:482][255]LogBlueprintUserMessages: [MissileCommandGM_C_0] 3
[2016.12.03-18.11.47:515][257]LogBlueprintUserMessages: [MissileCommandGM_C_0] 2
[2016.12.03-18.11.47:547][259]LogBlueprintUserMessages: [MissileCommandGM_C_0] 2
[2016.12.03-18.11.47:579][261]LogBlueprintUserMessages: [MissileCommandGM_C_0] 0
[2016.12.03-18.11.47:612][263]LogBlueprintUserMessages: [MissileCommandGM_C_0] 2
[2016.12.03-18.11.47:644][265]LogBlueprintUserMessages: [MissileCommandGM_C_0] 0
[2016.12.03-18.11.47:676][267]LogBlueprintUserMessages: [MissileCommandGM_C_0] 1
[2016.12.03-18.11.47:708][269]LogBlueprintUserMessages: [MissileCommandGM_C_0] 0
[2016.12.03-18.11.47:741][271]LogBlueprintUserMessages: [MissileCommandGM_C_0] 2
[2016.12.03-18.11.47:773][273]LogBlueprintUserMessages: [MissileCommandGM_C_0] 2
[2016.12.03-18.11.47:805][275]LogBlueprintUserMessages: [MissileCommandGM_C_0] 2
[2016.12.03-18.11.47:837][277]LogBlueprintUserMessages: [MissileCommandGM_C_0] 3
[2016.12.03-18.11.47:870][279]LogBlueprintUserMessages: [MissileCommandGM_C_0] 2
[2016.12.03-18.11.47:902][281]LogBlueprintUserMessages: [MissileCommandGM_C_0] 1
[2016.12.03-18.11.47:934][283]LogBlueprintUserMessages: [MissileCommandGM_C_0] 1
[2016.12.03-18.11.47:966][285]LogBlueprintUserMessages: [MissileCommandGM_C_0] 2
[2016.12.03-18.11.47:999][287]LogBlueprintUserMessages: [MissileCommandGM_C_0] 1
[2016.12.03-18.11.48:031][289]LogBlueprintUserMessages: [MissileCommandGM_C_0] 2
[2016.12.03-18.11.48:063][291]LogBlueprintUserMessages: [MissileCommandGM_C_0] 0
[2016.12.03-18.11.48:096][293]LogBlueprintUserMessages: [MissileCommandGM_C_0] 0
[2016.12.03-18.11.48:128][295]LogBlueprintUserMessages: [MissileCommandGM_C_0] 1
[2016.12.03-18.11.48:160][297]LogBlueprintUserMessages: [MissileCommandGM_C_0] 1
[2016.12.03-18.11.48:192][299]LogBlueprintUserMessages: [MissileCommandGM_C_0] 3
[2016.12.03-18.11.48:225][301]LogBlueprintUserMessages: [MissileCommandGM_C_0] 2
[2016.12.03-18.11.48:257][303]LogBlueprintUserMessages: [MissileCommandGM_C_0] 3
[2016.12.03-18.11.48:289][305]LogBlueprintUserMessages: [MissileCommandGM_C_0] 3
[2016.12.03-18.11.48:321][307]LogBlueprintUserMessages: [MissileCommandGM_C_0] 0
[2016.12.03-18.11.48:354][309]LogBlueprintUserMessages: [MissileCommandGM_C_0] 0
[2016.12.03-18.11.48:386][311]LogBlueprintUserMessages: [MissileCommandGM_C_0] 0
[2016.12.03-18.11.48:418][313]LogBlueprintUserMessages: [MissileCommandGM_C_0] 0
[2016.12.03-18.11.48:450][315]LogBlueprintUserMessages: [MissileCommandGM_C_0] 2
[2016.12.03-18.11.48:482][317]LogBlueprintUserMessages: [MissileCommandGM_C_0] 0
[2016.12.03-18.11.48:515][319]LogBlueprintUserMessages: [MissileCommandGM_C_0] 1
[2016.12.03-18.11.48:547][321]LogBlueprintUserMessages: [MissileCommandGM_C_0] 3
[2016.12.03-18.11.48:579][323]LogBlueprintUserMessages: [MissileCommandGM_C_0] 2
[2016.12.03-18.11.48:612][325]LogBlueprintUserMessages: [MissileCommandGM_C_0] 0
[2016.12.03-18.11.48:644][327]LogBlueprintUserMessages: [MissileCommandGM_C_0] 3
[2016.12.03-18.11.48:676][329]LogBlueprintUserMessages: [MissileCommandGM_C_0] 0
[2016.12.03-18.11.48:708][331]LogBlueprintUserMessages: [MissileCommandGM_C_0] 3
[2016.12.03-18.11.48:741][333]LogBlueprintUserMessages: [MissileCommandGM_C_0] 3
[2016.12.03-18.11.48:773][335]LogBlueprintUserMessages: [MissileCommandGM_C_0] 0
[2016.12.03-18.11.48:805][337]LogBlueprintUserMessages: [MissileCommandGM_C_0] 1
[2016.12.03-18.11.48:837][339]LogBlueprintUserMessages: [MissileCommandGM_C_0] 2
[2016.12.03-18.11.48:870][341]LogBlueprintUserMessages: [MissileCommandGM_C_0] 2
[2016.12.03-18.11.48:902][343]LogBlueprintUserMessages: [MissileCommandGM_C_0] 2
[2016.12.03-18.11.48:935][345]LogBlueprintUserMessages: [MissileCommandGM_C_0] 0
[2016.12.03-18.11.48:966][347]LogBlueprintUserMessages: [MissileCommandGM_C_0] 3
[2016.12.03-18.11.48:999][349]LogBlueprintUserMessages: [MissileCommandGM_C_0] 2
[2016.12.03-18.11.49:031][351]LogBlueprintUserMessages: [MissileCommandGM_C_0] 3
[2016.12.03-18.11.49:063][353]LogBlueprintUserMessages: [MissileCommandGM_C_0] 1
[2016.12.03-18.11.49:095][355]LogBlueprintUserMessages: [MissileCommandGM_C_0] 0
[2016.12.03-18.11.49:128][357]LogBlueprintUserMessages: [MissileCommandGM_C_0] 2
[2016.12.03-18.11.49:160][359]LogBlueprintUserMessages: [MissileCommandGM_C_0] 0
[2016.12.03-18.11.49:192][361]LogBlueprintUserMessages: [MissileCommandGM_C_0] 3
[2016.12.03-18.11.49:224][363]LogBlueprintUserMessages: [MissileCommandGM_C_0] 0
[2016.12.03-18.11.49:257][365]LogBlueprintUserMessages: [MissileCommandGM_C_0] 0
[2016.12.03-18.11.49:289][367]LogBlueprintUserMessages: [MissileCommandGM_C_0] 2
[2016.12.03-18.11.49:321][369]LogBlueprintUserMessages: [MissileCommandGM_C_0] 2
[2016.12.03-18.11.49:354][371]LogBlueprintUserMessages: [MissileCommandGM_C_0] 2
[2016.12.03-18.11.49:386][373]LogBlueprintUserMessages: [MissileCommandGM_C_0] 0
[2016.12.03-18.11.49:418][375]LogBlueprintUserMessages: [MissileCommandGM_C_0] 1
[2016.12.03-18.11.49:451][377]LogBlueprintUserMessages: [MissileCommandGM_C_0] 1
[2016.12.03-18.11.49:483][379]LogBlueprintUserMessages: [MissileCommandGM_C_0] 1
[2016.12.03-18.11.49:515][381]LogBlueprintUserMessages: [MissileCommandGM_C_0] 1
[2016.12.03-18.11.49:547][383]LogBlueprintUserMessages: [MissileCommandGM_C_0] 0
[2016.12.03-18.11.49:579][385]LogBlueprintUserMessages: [MissileCommandGM_C_0] 3
[2016.12.03-18.11.49:611][387]LogBlueprintUserMessages: [MissileCommandGM_C_0] 1
[2016.12.03-18.11.49:644][389]LogBlueprintUserMessages: [MissileCommandGM_C_0] 1
[2016.12.03-18.11.49:676][391]LogBlueprintUserMessages: [MissileCommandGM_C_0] 0
[2016.12.03-18.11.49:709][393]LogBlueprintUserMessages: [MissileCommandGM_C_0] 1
[2016.12.03-18.11.49:741][395]LogBlueprintUserMessages: [MissileCommandGM_C_0] 3
[2016.12.03-18.11.49:773][397]LogBlueprintUserMessages: [MissileCommandGM_C_0] 1
[2016.12.03-18.11.49:805][399]LogBlueprintUserMessages: [MissileCommandGM_C_0] 1
[2016.12.03-18.11.49:837][401]LogBlueprintUserMessages: [MissileCommandGM_C_0] 1
[2016.12.03-18.11.49:870][403]LogBlueprintUserMessages: [MissileCommandGM_C_0] 1
[2016.12.03-18.11.49:902][405]LogBlueprintUserMessages: [MissileCommandGM_C_0] 3
[2016.12.03-18.11.49:934][407]LogBlueprintUserMessages: [MissileCommandGM_C_0] 2
[2016.12.03-18.11.49:966][409]LogBlueprintUserMessages: [MissileCommandGM_C_0] 1
[2016.12.03-18.11.49:998][411]LogBlueprintUserMessages: [MissileCommandGM_C_0] 2
[2016.12.03-18.11.50:031][413]LogBlueprintUserMessages: [MissileCommandGM_C_0] 2
[2016.12.03-18.11.50:063][415]LogBlueprintUserMessages: [MissileCommandGM_C_0] 3
[2016.12.03-18.11.50:096][417]LogBlueprintUserMessages: [MissileCommandGM_C_0] 2
[2016.12.03-18.11.50:128][419]LogBlueprintUserMessages: [MissileCommandGM_C_0] 0
[2016.12.03-18.11.50:160][421]LogBlueprintUserMessages: [MissileCommandGM_C_0] 0
[2016.12.03-18.11.50:192][423]LogBlueprintUserMessages: [MissileCommandGM_C_0] 0
[2016.12.03-18.11.50:225][425]LogBlueprintUserMessages: [MissileCommandGM_C_0] 1
[2016.12.03-18.11.50:257][427]LogBlueprintUserMessages: [MissileCommandGM_C_0] 3
[2016.12.03-18.11.50:289][429]LogBlueprintUserMessages: [MissileCommandGM_C_0] 3
[2016.12.03-18.11.50:321][431]LogBlueprintUserMessages: [MissileCommandGM_C_0] 0
[2016.12.03-18.11.50:354][433]LogBlueprintUserMessages: [MissileCommandGM_C_0] 3
[2016.12.03-18.11.50:386][435]LogBlueprintUserMessages: [MissileCommandGM_C_0] 2
[2016.12.03-18.11.50:418][437]LogBlueprintUserMessages: [MissileCommandGM_C_0] 2
[2016.12.03-18.11.50:450][439]LogBlueprintUserMessages: [MissileCommandGM_C_0] 2
[2016.12.03-18.11.50:491][440]LogWindowsTextInputMethodSystem:Display: IME system now deactivated.
[2016.12.03-18.11.50:494][440]LogEngine: All Windows Closed
[2016.12.03-18.11.50:494][440]LogWindows: FPlatformMisc::RequestExit(0)
[2016.12.03-18.11.51:136][441]LogExit: Preparing to exit.
[2016.12.03-18.11.51:224][441]LogExit: Game engine shut down
[2016.12.03-18.11.51:225][441]LogParticles: Destroying 0 GPU particle simulations for FXSystem 0x000001A316B2A840
[2016.12.03-18.11.51:331][441]LogExit: Object subsystem successfully closed.
[2016.12.03-18.11.51:338][441]LogD3D11RHI: Shutdown
[2016.12.03-18.11.51:338][441]LogD3D11RHI: CleanupD3DDevice
[2016.12.03-18.11.51:375][441]LogD3D11RHI: ~FD3D11DynamicRHI
[2016.12.03-18.11.51:385][441]LogModuleManager: Shutting down and abandoning module AndroidDeviceDetection (115)
[2016.12.03-18.11.52:255][441]LogModuleManager: Shutting down and abandoning module AutomationController (114)
[2016.12.03-18.11.52:255][441]LogModuleManager: Shutting down and abandoning module AutomationWorker (113)
[2016.12.03-18.11.52:255][441]LogModuleManager: Shutting down and abandoning module CharacterAI (112)
[2016.12.03-18.11.52:255][441]LogModuleManager: Shutting down and abandoning module AITestSuite (111)
[2016.12.03-18.11.52:255][441]LogModuleManager: Shutting down and abandoning module GameplayDebugger (110)
[2016.12.03-18.11.52:255][441]LogModuleManager: Shutting down and abandoning module AIModule (109)
[2016.12.03-18.11.52:255][441]LogModuleManager: Shutting down and abandoning module GameLiveStreaming (108)
[2016.12.03-18.11.52:255][441]LogModuleManager: Shutting down and abandoning module StreamingPauseRendering (107)
[2016.12.03-18.11.52:255][441]LogModuleManager: Shutting down and abandoning module ProfilerService (106)
[2016.12.03-18.11.52:349][441]LogModuleManager: Shutting down and abandoning module TaskGraph (105)
[2016.12.03-18.11.52:349][441]LogModuleManager: Shutting down and abandoning module SlateRemote (104)
[2016.12.03-18.11.52:349][441]LogModuleManager: Shutting down and abandoning module SteamVRController (103)
[2016.12.03-18.11.52:349][441]LogModuleManager: Shutting down and abandoning module SteamVR (102)
[2016.12.03-18.11.52:349][441]LogModuleManager: Shutting down and abandoning module ProceduralMeshComponent (101)
[2016.12.03-18.11.52:349][441]LogModuleManager: Shutting down and abandoning module OculusRift (100)
[2016.12.03-18.11.52:349][441]LogModuleManager: Shutting down and abandoning module OculusLibrary (99)
[2016.12.03-18.11.52:349][441]LogModuleManager: Shutting down and abandoning module LeapMotionController (98)
[2016.12.03-18.11.52:379][441]LogModuleManager: Shutting down and abandoning module CustomMeshComponent (97)
[2016.12.03-18.11.52:379][441]LogModuleManager: Shutting down and abandoning module CableComponent (96)
[2016.12.03-18.11.52:379][441]LogModuleManager: Shutting down and abandoning module ArchVisCharacter (95)
[2016.12.03-18.11.52:379][441]LogModuleManager: Shutting down and abandoning module HTML5Networking (94)
[2016.12.03-18.11.52:379][441]LogModuleManager: Shutting down and abandoning module DesktopPlatform (93)
[2016.12.03-18.11.52:379][441]LogModuleManager: Shutting down and abandoning module DirectoryWatcher (92)
[2016.12.03-18.11.52:379][441]LogModuleManager: Shutting down and abandoning module HotReload (91)
[2016.12.03-18.11.52:379][441]LogModuleManager: Shutting down and abandoning module VisualStudioSourceCodeAccess (90)
[2016.12.03-18.11.52:379][441]LogModuleManager: Shutting down and abandoning module UObjectPlugin (89)
[2016.12.03-18.11.52:379][441]LogModuleManager: Shutting down and abandoning module SubversionSourceControl (88)
[2016.12.03-18.11.52:379][441]LogModuleManager: Shutting down and abandoning module SourceControl (87)
[2016.12.03-18.11.52:379][441]LogModuleManager: Shutting down and abandoning module PerforceSourceControl (86)
[2016.12.03-18.11.52:379][441]LogModuleManager: Shutting down and abandoning module UdpMessaging (85)
[2016.12.03-18.11.52:379][441]LogModuleManager: Shutting down and abandoning module LightPropagationVolumeRuntime (84)
[2016.12.03-18.11.52:379][441]LogModuleManager: Shutting down and abandoning module Paper2D (83)
[2016.12.03-18.11.52:379][441]LogModuleManager: Shutting down and abandoning module WindowsMoviePlayer (82)
[2016.12.03-18.11.52:381][441]LogModuleManager: Shutting down and abandoning module Media (81)
[2016.12.03-18.11.52:381][441]LogModuleManager: Shutting down and abandoning module WmfMedia (80)
[2016.12.03-18.11.52:382][441]LogModuleManager: Shutting down and abandoning module OnlineBlueprintSupport (79)
[2016.12.03-18.11.52:382][441]LogModuleManager: Shutting down and abandoning module GameplayTasksEditor (78)
[2016.12.03-18.11.52:382][441]LogModuleManager: Shutting down and abandoning module PropertyEditor (77)
[2016.12.03-18.11.52:382][441]LogModuleManager: Shutting down and abandoning module BehaviorTreeEditor (76)
[2016.12.03-18.11.52:382][441]LogModuleManager: Shutting down and abandoning module FunctionalTesting (75)
[2016.12.03-18.11.52:382][441]LogModuleManager: Shutting down and abandoning module CollisionAnalyzer (74)
[2016.12.03-18.11.52:382][441]LogModuleManager: Shutting down and abandoning module WorkspaceMenuStructure (73)
[2016.12.03-18.11.52:382][441]LogModuleManager: Shutting down and abandoning module MessageLog (72)
[2016.12.03-18.11.52:382][441]LogModuleManager: Shutting down and abandoning module Sequencer (71)
[2016.12.03-18.11.52:382][441]LogModuleManager: Shutting down and abandoning module AssetTools (70)
[2016.12.03-18.11.52:382][441]LogModuleManager: Shutting down and abandoning module UMGEditor (69)
[2016.12.03-18.11.52:382][441]LogModuleManager: Shutting down and abandoning module UMG (68)
[2016.12.03-18.11.52:382][441]LogModuleManager: Shutting down and abandoning module Slate (67)
[2016.12.03-18.11.52:382][441]LogModuleManager: Shutting down and abandoning module EditorStyle (66)
[2016.12.03-18.11.52:384][441]LogModuleManager: Shutting down and abandoning module SessionServices (65)
[2016.12.03-18.11.52:384][441]LogModuleManager: Shutting down and abandoning module SourceCodeAccess (64)
[2016.12.03-18.11.52:384][441]LogModuleManager: Shutting down and abandoning module HeadMountedDisplay (63)
[2016.12.03-18.11.52:384][441]LogModuleManager: Shutting down and abandoning module XAudio2 (62)
[2016.12.03-18.11.52:384][441]LogModuleManager: Shutting down and abandoning module Networking (60)
[2016.12.03-18.11.52:384][441]LogModuleManager: Shutting down and abandoning module Core (59)
[2016.12.03-18.11.52:384][441]LogModuleManager: Shutting down and abandoning module KismetCompiler (58)
[2016.12.03-18.11.52:384][441]LogModuleManager: Shutting down and abandoning module PhysXFormats (57)
[2016.12.03-18.11.52:384][441]LogModuleManager: Shutting down and abandoning module MeshUtilities (56)
[2016.12.03-18.11.52:384][441]LogModuleManager: Shutting down and abandoning module CookingStats (55)
[2016.12.03-18.11.52:384][441]LogModuleManager: Shutting down and abandoning module DerivedDataCache (54)
[2016.12.03-18.11.52:631][441]LogDerivedDataCache: Shutdown
[2016.12.03-18.11.52:631][441]LogModuleManager: Shutting down and abandoning module ShaderFormatOpenGL (53)
[2016.12.03-18.11.52:631][441]LogModuleManager: Shutting down and abandoning module ShaderFormatD3D (52)
[2016.12.03-18.11.52:631][441]LogModuleManager: Shutting down and abandoning module MetalShaderFormat (51)
[2016.12.03-18.11.52:631][441]LogModuleManager: Shutting down and abandoning module TextureFormatUncompressed (50)
[2016.12.03-18.11.52:631][441]LogModuleManager: Shutting down and abandoning module TextureFormatPVR (49)
[2016.12.03-18.11.52:631][441]LogModuleManager: Shutting down and abandoning module TextureFormatIntelISPCTexComp (48)
[2016.12.03-18.11.52:631][441]LogModuleManager: Shutting down and abandoning module TextureFormatDXT (47)
[2016.12.03-18.11.52:631][441]LogModuleManager: Shutting down and abandoning module ImageWrapper (46)
[2016.12.03-18.11.52:631][441]LogModuleManager: Shutting down and abandoning module TextureFormatASTC (45)
[2016.12.03-18.11.52:631][441]LogModuleManager: Shutting down and abandoning module TextureFormatAndroid (44)
[2016.12.03-18.11.52:631][441]LogModuleManager: Shutting down and abandoning module AudioFormatOpus (43)
[2016.12.03-18.11.52:631][441]LogModuleManager: Shutting down and abandoning module AudioFormatOgg (42)
[2016.12.03-18.11.52:631][441]LogModuleManager: Shutting down and abandoning module AudioFormatADPCM (41)
[2016.12.03-18.11.52:631][441]LogModuleManager: Shutting down and abandoning module LinuxTargetPlatform (40)
[2016.12.03-18.11.52:631][441]LogModuleManager: Shutting down and abandoning module LinuxServerTargetPlatform (39)
[2016.12.03-18.11.52:631][441]LogModuleManager: Shutting down and abandoning module LinuxNoEditorTargetPlatform (38)
[2016.12.03-18.11.52:631][441]LogModuleManager: Shutting down and abandoning module Messaging (37)
[2016.12.03-18.11.52:631][441]LogModuleManager: Shutting down and abandoning module IOSTargetPlatform (36)
[2016.12.03-18.11.52:631][441]LogModuleManager: Shutting down and abandoning module HTML5TargetPlatform (35)
[2016.12.03-18.11.52:631][441]LogModuleManager: Shutting down and abandoning module Android_PVRTCTargetPlatform (34)
[2016.12.03-18.11.52:631][441]LogModuleManager: Shutting down and abandoning module Android_ETC2TargetPlatform (33)
[2016.12.03-18.11.52:631][441]LogModuleManager: Shutting down and abandoning module Android_ETC1TargetPlatform (32)
[2016.12.03-18.11.52:631][441]LogModuleManager: Shutting down and abandoning module Android_DXTTargetPlatform (31)
[2016.12.03-18.11.52:631][441]LogModuleManager: Shutting down and abandoning module Android_ATCTargetPlatform (30)
[2016.12.03-18.11.52:631][441]LogModuleManager: Shutting down and abandoning module Android_ASTCTargetPlatform (29)
[2016.12.03-18.11.52:631][441]LogModuleManager: Shutting down and abandoning module AndroidTargetPlatform (28)
[2016.12.03-18.11.52:631][441]LogModuleManager: Shutting down and abandoning module WindowsTargetPlatform (27)
[2016.12.03-18.11.52:631][441]LogModuleManager: Shutting down and abandoning module WindowsServerTargetPlatform (26)
[2016.12.03-18.11.52:631][441]LogModuleManager: Shutting down and abandoning module WindowsNoEditorTargetPlatform (25)
[2016.12.03-18.11.52:631][441]LogModuleManager: Shutting down and abandoning module WindowsClientTargetPlatform (24)
[2016.12.03-18.11.52:631][441]LogModuleManager: Shutting down and abandoning module AllDesktopTargetPlatform (23)
[2016.12.03-18.11.52:631][441]LogModuleManager: Shutting down and abandoning module TargetPlatform (22)
[2016.12.03-18.11.52:631][441]LogModuleManager: Shutting down and abandoning module InputCore (21)
[2016.12.03-18.11.52:631][441]LogModuleManager: Shutting down and abandoning module Settings (20)
[2016.12.03-18.11.52:631][441]LogModuleManager: Shutting down and abandoning module OnlineSubsystem (18)
[2016.12.03-18.11.52:631][441]LogModuleManager: Shutting down and abandoning module HTTP (17)
[2016.12.03-18.11.52:631][441]LogModuleManager: Shutting down and abandoning module XMPP (16)
[2016.12.03-18.11.52:631][441]LogModuleManager: Shutting down and abandoning module ExampleDeviceProfileSelector (15)
[2016.12.03-18.11.52:631][441]LogModuleManager: Shutting down and abandoning module TextureCompressor (14)
[2016.12.03-18.11.52:631][441]LogModuleManager: Shutting down and abandoning module ShaderCore (13)
[2016.12.03-18.11.52:631][441]LogModuleManager: Shutting down and abandoning module Landscape (12)
[2016.12.03-18.11.52:631][441]LogModuleManager: Shutting down and abandoning module SlateRHIRenderer (11)
[2016.12.03-18.11.52:631][441]LogModuleManager: Shutting down and abandoning module OpenGLDrv (10)
[2016.12.03-18.11.52:632][441]LogModuleManager: Shutting down and abandoning module D3D11RHI (9)
[2016.12.03-18.11.52:632][441]LogModuleManager: Shutting down and abandoning module AnimGraphRuntime (8)
[2016.12.03-18.11.52:632][441]LogModuleManager: Shutting down and abandoning module Renderer (7)
[2016.12.03-18.11.52:632][441]LogModuleManager: Shutting down and abandoning module Engine (6)
[2016.12.03-18.11.52:632][441]LogModuleManager: Shutting down and abandoning module CoreUObject (5)
[2016.12.03-18.11.52:632][441]LogModuleManager: Shutting down and abandoning module NetworkFile (4)
[2016.12.03-18.11.52:632][441]LogModuleManager: Shutting down and abandoning module StreamingFile (3)
[2016.12.03-18.11.52:632][441]LogModuleManager: Shutting down and abandoning module SandboxFile (2)
[2016.12.03-18.11.52:632][441]LogModuleManager: Shutting down and abandoning module PakFile (1)
[2016.12.03-18.11.52:632][441]LogExit: Exiting.
[2016.12.03-18.11.52:633][441]Log file closed, 12/03/16 13:11:52
