[2016.11.30-00.23.53:964][  0]Log file open, 11/29/16 19:23:53
[2016.11.30-00.23.53:964][  0]LogInit:Display: Running engine for game: MissileCommand2
[2016.11.30-00.23.53:964][  0]LogInit:Display: RandInit(567161910) SRandInit(567161910).
[2016.11.30-00.23.53:964][  0]LogTaskGraph: Started task graph with 4 named threads and 7 total threads.
[2016.11.30-00.23.53:964][  0]LogStats: Stats thread started at 0.089988
[2016.11.30-00.23.53:964][  0]LogInit: Version: 4.9.2-2707645+++depot+UE4-Releases+4.9
[2016.11.30-00.23.53:964][  0]LogInit: API Version: 2672455
[2016.11.30-00.23.53:964][  0]LogInit: Compiled (64-bit): Sep 28 2015 10:25:44
[2016.11.30-00.23.53:964][  0]LogInit: Compiled with Visual C++: 18.00.21005.01
[2016.11.30-00.23.53:964][  0]LogInit: Build Configuration: Development
[2016.11.30-00.23.53:964][  0]LogInit: Branch Name: ++depot+UE4-Releases+4.9
[2016.11.30-00.23.53:964][  0]LogInit: Command line:  /Temp/Autosaves/Game/FirstPersonBP/Maps/UEDPCFirstPersonExampleMap -game -PIEVIACONSOLE -ResX=1280 -ResY=720  -Multiprocess 
[2016.11.30-00.23.53:964][  0]LogInit: Base directory: C:/Program Files/Epic Games/4.9/Engine/Binaries/Win64/
[2016.11.30-00.23.53:964][  0]LogInit: Rocket: 1
[2016.11.30-00.23.54:001][  0]LogInit: Using libcurl 7.41.0
[2016.11.30-00.23.54:001][  0]LogInit:  - built for x86_64-pc-win32
[2016.11.30-00.23.54:001][  0]LogInit:  - supports SSL with WinSSL
[2016.11.30-00.23.54:001][  0]LogInit:  - other features:
[2016.11.30-00.23.54:001][  0]LogInit:      CURL_VERSION_SSL
[2016.11.30-00.23.54:001][  0]LogInit:      CURL_VERSION_IPV6
[2016.11.30-00.23.54:001][  0]LogInit:      CURL_VERSION_ASYNCHDNS
[2016.11.30-00.23.54:001][  0]LogInit:      CURL_VERSION_LARGEFILE
[2016.11.30-00.23.54:001][  0]LogInit:      CURL_VERSION_IDN
[2016.11.30-00.23.54:002][  0]LogInit:  CurlRequestOptions (configurable via config and command line):
[2016.11.30-00.23.54:002][  0]LogInit:  - bVerifyPeer = true  - Libcurl will verify peer certificate
[2016.11.30-00.23.54:002][  0]LogInit:  - bUseHttpProxy = false  - Libcurl will NOT use HTTP proxy
[2016.11.30-00.23.54:002][  0]LogInit:  - bDontReuseConnections = false  - Libcurl will reuse connections
[2016.11.30-00.23.54:002][  0]LogInit:  - CertBundlePath = nullptr  - Libcurl will use whatever was configured at build time.
[2016.11.30-00.23.54:011][  0]LogInit: Presizing for 0 objects not considered by GC, pre-allocating 0 bytes.
[2016.11.30-00.23.54:020][  0]LogInit: Object subsystem initialized
[2016.11.30-00.23.54:023][  0]LogInit: Selected Device Profile: [Windows]
[2016.11.30-00.23.54:023][  0]LogInit: Applying CVar settings loaded from the selected device profile: [Windows]
[2016.11.30-00.23.54:028][  0]LogInit: Computer: MSI
[2016.11.30-00.23.54:028][  0]LogInit: User: jsoba
[2016.11.30-00.23.54:028][  0]LogInit: CPU Page size=4096, Cores=4
[2016.11.30-00.23.54:028][  0]LogInit: High frequency timer resolution =2.630631 MHz
[2016.11.30-00.23.54:028][  0]LogMemory: Memory total: Physical=15.9GB (16GB approx)
[2016.11.30-00.23.54:028][  0]LogMemory: Platform Memory Stats for Windows
[2016.11.30-00.23.54:028][  0]LogMemory: Process Physical Memory: 54.59 MB used, 54.59 MB peak
[2016.11.30-00.23.54:028][  0]LogMemory: Process Virtual Memory: 57.57 MB used, 57.57 MB peak
[2016.11.30-00.23.54:028][  0]LogMemory: Physical Memory: 7222.12 MB used, 16299.20 MB total
[2016.11.30-00.23.54:028][  0]LogMemory: Virtual Memory: 371.78 MB used, 134217728.00 MB total
[2016.11.30-00.23.54:514][  0]LogTextLocalizationManager: No specific translations for ('en-US') exist, so ('en') translations will be used.
[2016.11.30-00.23.55:189][  0]LogD3D11RHI: Found D3D11 adapter 0: NVIDIA GeForce GTX 970M        (Feature Level 11_0)
[2016.11.30-00.23.55:189][  0]LogD3D11RHI: Adapter has 2991MB of dedicated video memory, 0MB of dedicated system memory, and 8149MB of shared system memory, 1 output[s]
[2016.11.30-00.23.55:194][  0]LogD3D11RHI: Found D3D11 adapter 1: Intel(R) HD Graphics 5600 (Feature Level 11_0)
[2016.11.30-00.23.55:194][  0]LogD3D11RHI: Adapter has 128MB of dedicated video memory, 0MB of dedicated system memory, and 8149MB of shared system memory, 0 output[s]
[2016.11.30-00.23.55:195][  0]LogD3D11RHI: Found D3D11 adapter 2: Microsoft Basic Render Driver (Feature Level 11_0)
[2016.11.30-00.23.55:196][  0]LogD3D11RHI: Adapter has 0MB of dedicated video memory, 0MB of dedicated system memory, and 8149MB of shared system memory, 0 output[s]
[2016.11.30-00.23.55:196][  0]LogD3D11RHI: Chosen D3D11 Adapter Id = 0
[2016.11.30-00.23.55:203][  0]LogD3D11RHI: !Direct3DDevice
[2016.11.30-00.23.55:203][  0]LogRHI: Texture pool is 1361 MB (70% of 1945 MB)
[2016.11.30-00.23.55:220][  0]LogD3D11RHI: Async texture creation enabled
[2016.11.30-00.23.55:233][  0]LogShaderCompilers: Guid format shader working directory is 15 characters bigger than the processId version (../../../../../../Users/jsoba/OneDrive/Documentos/Unreal Projects/MissileCommand2/Intermediate/Shaders/WorkingDirectory/4152/).
[2016.11.30-00.23.55:234][  0]LogShaderCompilers: Cleaned the shader compiler working directory '../../../../../../Users/jsoba/OneDrive/Documentos/Unreal Projects/MissileCommand2/Intermediate/Shaders/tmp/F72CD61945D28C57D2603C97DC7D44C3/'.
[2016.11.30-00.23.55:234][  0]LogShaderCompilers:Display: Using Local Shader Compiler.
[2016.11.30-00.23.56:469][  0]LogTemp:Display: Loaded TP AllDesktopTargetPlatform
[2016.11.30-00.23.56:476][  0]LogTemp:Display: Loaded TP WindowsClientTargetPlatform
[2016.11.30-00.23.56:482][  0]LogTemp:Display: Loaded TP WindowsNoEditorTargetPlatform
[2016.11.30-00.23.56:489][  0]LogTemp:Display: Loaded TP WindowsServerTargetPlatform
[2016.11.30-00.23.56:497][  0]LogTemp:Display: Loaded TP WindowsTargetPlatform
[2016.11.30-00.23.56:502][  0]LogTemp:Display: Loaded TP AndroidTargetPlatform
[2016.11.30-00.23.56:507][  0]LogTemp:Display: Loaded TP Android_ASTCTargetPlatform
[2016.11.30-00.23.56:511][  0]LogTemp:Display: Loaded TP Android_ATCTargetPlatform
[2016.11.30-00.23.56:517][  0]LogTemp:Display: Loaded TP Android_DXTTargetPlatform
[2016.11.30-00.23.56:522][  0]LogTemp:Display: Loaded TP Android_ETC1TargetPlatform
[2016.11.30-00.23.56:527][  0]LogTemp:Display: Loaded TP Android_ETC2TargetPlatform
[2016.11.30-00.23.56:532][  0]LogTemp:Display: Loaded TP Android_PVRTCTargetPlatform
[2016.11.30-00.23.56:533][  0]LogTemp:Display: Loaded TP HTML5TargetPlatform
[2016.11.30-00.23.56:553][  0]LogTemp:Display: Loaded TP IOSTargetPlatform
[2016.11.30-00.23.56:557][  0]LogTemp:Display: Loaded TP LinuxNoEditorTargetPlatform
[2016.11.30-00.23.56:561][  0]LogTemp:Display: Loaded TP LinuxServerTargetPlatform
[2016.11.30-00.23.56:565][  0]LogTemp:Display: Loaded TP LinuxTargetPlatform
[2016.11.30-00.23.56:565][  0]LogTargetPlatformManager:Display: Building Assets For Windows
[2016.11.30-00.23.56:673][  0]LogDerivedDataCache:Display: Max Cache Size: 512 MB
[2016.11.30-00.23.56:726][  0]LogDerivedDataCache: Loaded boot cache 0.05s 41MB C:/Users/jsoba/AppData/Local/UnrealEngine/4.9/DerivedDataCache/Boot.ddc.
[2016.11.30-00.23.56:726][  0]LogDerivedDataCache:Display: Loaded Boot cache: C:/Users/jsoba/AppData/Local/UnrealEngine/4.9/DerivedDataCache/Boot.ddc
[2016.11.30-00.23.56:726][  0]LogDerivedDataCache: FDerivedDataBackendGraph:  Pak pak cache file ../../../../../../Users/jsoba/OneDrive/Documentos/Unreal Projects/MissileCommand2/DerivedDataCache/DDC.ddp not found, will not use a pak cache.
[2016.11.30-00.23.56:726][  0]LogDerivedDataCache: Unable to find inner node Pak for hierarchical cache Hierarchy.
[2016.11.30-00.23.56:726][  0]LogDerivedDataCache: FDerivedDataBackendGraph:  CompressedPak pak cache file ../../../../../../Users/jsoba/OneDrive/Documentos/Unreal Projects/MissileCommand2/DerivedDataCache/Compressed.ddp not found, will not use a pak cache.
[2016.11.30-00.23.56:726][  0]LogDerivedDataCache: Unable to find inner node CompressedPak for hierarchical cache Hierarchy.
[2016.11.30-00.23.56:882][  0]LogDerivedDataCache:Display: Pak cache opened for reading ../../../Engine/DerivedDataCache/Compressed.ddp.
[2016.11.30-00.23.56:894][  0]LogDerivedDataCache: Using Local data cache path C:/Users/jsoba/AppData/Local/UnrealEngine/Common/DerivedDataCache: Writable
[2016.11.30-00.23.57:065][  0]LogInit: Selected Device Profile: [Windows]
[2016.11.30-00.23.57:068][  0]LogContentStreaming: Texture pool size is 1000.000000MB
[2016.11.30-00.23.57:196][  0]LogMeshUtilities: No automatic mesh reduction module available
[2016.11.30-00.23.57:196][  0]LogMeshUtilities: No automatic mesh merging module available
[2016.11.30-00.23.57:431][  0]LogInit: WinSock: version 1.1 (2.2), MaxSocks=32767, MaxUdp=65467
[2016.11.30-00.23.57:637][  0]LogWindowsMoviePlayer: Unable to load movie: ../../../../../../Users/jsoba/OneDrive/Documentos/Unreal Projects/MissileCommand2/Content/Movies/Default_Startup.mp4
[2016.11.30-00.23.57:754][  0]SourceControl: Info Source control is disabled
[2016.11.30-00.23.57:754][  0]SourceControl: Info Source control is disabled
[2016.11.30-00.23.57:768][  0]SourceControl: Info Source control is disabled
[2016.11.30-00.23.57:890][  0]LogLinker:Warning: Asset '../../../Engine/Plugins/Runtime/LeapMotionController/Content/LM_PassthroughMaterial.uasset' has been saved with empty engine version. The asset will be loaded but may be incompatible.
[2016.11.30-00.23.57:990][  0]LogObj: 27669 objects as part of root set at end of initial load.
[2016.11.30-00.23.57:990][  0]LogUObjectAllocator: 5775704 out of 0 bytes used by permanent object pool.
[2016.11.30-00.23.58:051][  0]LogEngine: Initializing Engine...
[2016.11.30-00.23.58:055][  0]LogHMD: Can't find Oculus library dev build: is proper Runtime installed? Version: 0.7.0.0
[2016.11.30-00.23.58:055][  0]LogHMD: SteamVR failed to initialize.  Err: 110
[2016.11.30-00.23.58:171][  0]LogInit: XAudio2 using 'Speakers (Realtek High Definition Audio)' : 8 channels at 48 kHz using 32 bits per sample (channel mask 0x63f)
[2016.11.30-00.23.58:222][  0]LogInit: FAudioDevice initialized.
[2016.11.30-00.23.58:226][  0]LogInit: Texture streaming: Enabled
[2016.11.30-00.23.58:306][  0]LogNet: Browse: /Temp/Autosaves/Game/FirstPersonBP/Maps/UEDPCFirstPersonExampleMap?Name=Player
[2016.11.30-00.23.58:309][  0]LogLoad: LoadMap: /Temp/Autosaves/Game/FirstPersonBP/Maps/UEDPCFirstPersonExampleMap?Name=Player
[2016.11.30-00.23.58:324][  0]LogParticles: Destroying 0 GPU particle simulations for FXSystem 0x000001A91B8CD120
[2016.11.30-00.23.58:336][  0]LogMemory: Platform Memory Stats for Windows
[2016.11.30-00.23.58:336][  0]LogMemory: Process Physical Memory: 394.98 MB used, 394.98 MB peak
[2016.11.30-00.23.58:336][  0]LogMemory: Process Virtual Memory: 458.56 MB used, 458.56 MB peak
[2016.11.30-00.23.58:336][  0]LogMemory: Physical Memory: 7539.80 MB used, 16299.20 MB total
[2016.11.30-00.23.58:336][  0]LogMemory: Virtual Memory: 1023.23 MB used, 134217728.00 MB total
[2016.11.30-00.23.58:336][  0]LogMemory: 
[2016.11.30-00.23.58:336][  0]Allocator Stats for TBB: (not implemented)
[2016.11.30-00.23.58:464][  0]LogLinker:Warning: Asset '../../../../../../Users/jsoba/OneDrive/Documentos/Unreal Projects/MissileCommand2/Content/FirstPerson/Meshes/FirstPersonProjectileMesh.uasset' has been saved with empty engine version. The asset will be loaded but may be incompatible.
[2016.11.30-00.23.58:537][  0]LogLinker:Warning: CreateImport: Failed to load Outer for resource 'Arrow': FirstPersonCharacter_C /Game/FirstPersonBP/Blueprints/FirstPersonCharacter.Default__FirstPersonCharacter_C
[2016.11.30-00.23.58:848][  0]LogAIModule: Creating AISystem for world FirstPersonExampleMap
[2016.11.30-00.23.58:849][  0]LogWorld: Game class is 'MissileCommandGM_C'
[2016.11.30-00.23.58:855][  0]LogWorld: Bringing World /Temp/Autosaves/Game/FirstPersonBP/Maps/UEDPCFirstPersonExampleMap.FirstPersonExampleMap up for play (max tick rate 0) at 2016.11.29-19.23.58
[2016.11.30-00.23.58:855][  0]LogWorld: Bringing up level for play took: 0.005089
[2016.11.30-00.23.58:857][  0]LogInit:Display: Game Engine Initialized.
[2016.11.30-00.23.59:078][  0]LogLoad: Full Startup: 5.48 seconds (BP compile: 0.12 seconds)
[2016.11.30-00.23.59:095][  0]LogWindowsTextInputMethodSystem:Display: IME system now deactivated.
[2016.11.30-00.23.59:145][  0]LogRenderer: Reallocating scene render targets to support 128x128 (Frame:1).
[2016.11.30-00.23.59:218][  1]LogRenderer: Reallocating scene render targets to support 1280x720 (Frame:2).
[2016.11.30-00.23.59:434][ 13]LogScript:Warning: Cannot access 'Misil1_C_0'. It is pending kill. Property: 'CallFunc_FinishSpawningActor_ReturnValue'
	SpawnClassMisil1_C /Temp/Autosaves/Game/FirstPersonBP/Maps/UEDPCFirstPersonExampleMap.FirstPersonExampleMap:PersistentLevel.SpawnClassMisil1_227
	Function /Game/FirstPersonBP/Misiles/SpawnClassMisil1.SpawnClassMisil1_C:ExecuteUbergraph_SpawnClassMisil1:05AB
[2016.11.30-00.23.59:434][ 13]LogScript:Warning: Accessed None
	SpawnClassMisil1_C /Temp/Autosaves/Game/FirstPersonBP/Maps/UEDPCFirstPersonExampleMap.FirstPersonExampleMap:PersistentLevel.SpawnClassMisil1_227
	Function /Game/FirstPersonBP/Misiles/SpawnClassMisil1.SpawnClassMisil1_C:ExecuteUbergraph_SpawnClassMisil1:05C0
[2016.11.30-00.23.59:434][ 13]LogScript:Warning: Cannot access 'Misil1_C_0'. It is pending kill. Property: 'CallFunc_FinishSpawningActor_ReturnValue'
	SpawnClassMisil1_C /Temp/Autosaves/Game/FirstPersonBP/Maps/UEDPCFirstPersonExampleMap.FirstPersonExampleMap:PersistentLevel.SpawnClassMisil1_227
	Function /Game/FirstPersonBP/Misiles/SpawnClassMisil1.SpawnClassMisil1_C:ExecuteUbergraph_SpawnClassMisil1:062F
[2016.11.30-00.23.59:434][ 13]LogScript:Warning: Accessed None
	SpawnClassMisil1_C /Temp/Autosaves/Game/FirstPersonBP/Maps/UEDPCFirstPersonExampleMap.FirstPersonExampleMap:PersistentLevel.SpawnClassMisil1_227
	Function /Game/FirstPersonBP/Misiles/SpawnClassMisil1.SpawnClassMisil1_C:ExecuteUbergraph_SpawnClassMisil1:0644
[2016.11.30-00.23.59:434][ 13]LogScript:Warning: Cannot access 'Misil1_C_0'. It is pending kill. Property: 'CallFunc_FinishSpawningActor_ReturnValue'
	SpawnClassMisil1_C /Temp/Autosaves/Game/FirstPersonBP/Maps/UEDPCFirstPersonExampleMap.FirstPersonExampleMap:PersistentLevel.SpawnClassMisil1_227
	Function /Game/FirstPersonBP/Misiles/SpawnClassMisil1.SpawnClassMisil1_C:ExecuteUbergraph_SpawnClassMisil1:068F
[2016.11.30-00.23.59:434][ 13]LogScript:Warning: Accessed None
	SpawnClassMisil1_C /Temp/Autosaves/Game/FirstPersonBP/Maps/UEDPCFirstPersonExampleMap.FirstPersonExampleMap:PersistentLevel.SpawnClassMisil1_227
	Function /Game/FirstPersonBP/Misiles/SpawnClassMisil1.SpawnClassMisil1_C:ExecuteUbergraph_SpawnClassMisil1:06A4
[2016.11.30-00.23.59:771][ 34]LogScript:Warning: Cannot access 'Misil1_C_1'. It is pending kill. Property: 'CallFunc_FinishSpawningActor_ReturnValue'
	SpawnClassMisil1_C /Temp/Autosaves/Game/FirstPersonBP/Maps/UEDPCFirstPersonExampleMap.FirstPersonExampleMap:PersistentLevel.SpawnClassMisil1_227
	Function /Game/FirstPersonBP/Misiles/SpawnClassMisil1.SpawnClassMisil1_C:ExecuteUbergraph_SpawnClassMisil1:05AB
[2016.11.30-00.23.59:771][ 34]LogScript:Warning: Accessed None
	SpawnClassMisil1_C /Temp/Autosaves/Game/FirstPersonBP/Maps/UEDPCFirstPersonExampleMap.FirstPersonExampleMap:PersistentLevel.SpawnClassMisil1_227
	Function /Game/FirstPersonBP/Misiles/SpawnClassMisil1.SpawnClassMisil1_C:ExecuteUbergraph_SpawnClassMisil1:05C0
[2016.11.30-00.23.59:772][ 34]LogScript:Warning: Cannot access 'Misil1_C_1'. It is pending kill. Property: 'CallFunc_FinishSpawningActor_ReturnValue'
	SpawnClassMisil1_C /Temp/Autosaves/Game/FirstPersonBP/Maps/UEDPCFirstPersonExampleMap.FirstPersonExampleMap:PersistentLevel.SpawnClassMisil1_227
	Function /Game/FirstPersonBP/Misiles/SpawnClassMisil1.SpawnClassMisil1_C:ExecuteUbergraph_SpawnClassMisil1:062F
[2016.11.30-00.23.59:772][ 34]LogScript:Warning: Accessed None
	SpawnClassMisil1_C /Temp/Autosaves/Game/FirstPersonBP/Maps/UEDPCFirstPersonExampleMap.FirstPersonExampleMap:PersistentLevel.SpawnClassMisil1_227
	Function /Game/FirstPersonBP/Misiles/SpawnClassMisil1.SpawnClassMisil1_C:ExecuteUbergraph_SpawnClassMisil1:0644
[2016.11.30-00.23.59:772][ 34]LogScript:Warning: Cannot access 'Misil1_C_1'. It is pending kill. Property: 'CallFunc_FinishSpawningActor_ReturnValue'
	SpawnClassMisil1_C /Temp/Autosaves/Game/FirstPersonBP/Maps/UEDPCFirstPersonExampleMap.FirstPersonExampleMap:PersistentLevel.SpawnClassMisil1_227
	Function /Game/FirstPersonBP/Misiles/SpawnClassMisil1.SpawnClassMisil1_C:ExecuteUbergraph_SpawnClassMisil1:068F
[2016.11.30-00.23.59:772][ 34]LogScript:Warning: Accessed None
	SpawnClassMisil1_C /Temp/Autosaves/Game/FirstPersonBP/Maps/UEDPCFirstPersonExampleMap.FirstPersonExampleMap:PersistentLevel.SpawnClassMisil1_227
	Function /Game/FirstPersonBP/Misiles/SpawnClassMisil1.SpawnClassMisil1_C:ExecuteUbergraph_SpawnClassMisil1:06A4
[2016.11.30-00.24.00:110][ 55]LogScript:Warning: Cannot access 'Misil1_C_2'. It is pending kill. Property: 'CallFunc_FinishSpawningActor_ReturnValue'
	SpawnClassMisil1_C /Temp/Autosaves/Game/FirstPersonBP/Maps/UEDPCFirstPersonExampleMap.FirstPersonExampleMap:PersistentLevel.SpawnClassMisil1_227
	Function /Game/FirstPersonBP/Misiles/SpawnClassMisil1.SpawnClassMisil1_C:ExecuteUbergraph_SpawnClassMisil1:05AB
[2016.11.30-00.24.00:110][ 55]LogScript:Warning: Accessed None
	SpawnClassMisil1_C /Temp/Autosaves/Game/FirstPersonBP/Maps/UEDPCFirstPersonExampleMap.FirstPersonExampleMap:PersistentLevel.SpawnClassMisil1_227
	Function /Game/FirstPersonBP/Misiles/SpawnClassMisil1.SpawnClassMisil1_C:ExecuteUbergraph_SpawnClassMisil1:05C0
[2016.11.30-00.24.00:110][ 55]LogScript:Warning: Cannot access 'Misil1_C_2'. It is pending kill. Property: 'CallFunc_FinishSpawningActor_ReturnValue'
	SpawnClassMisil1_C /Temp/Autosaves/Game/FirstPersonBP/Maps/UEDPCFirstPersonExampleMap.FirstPersonExampleMap:PersistentLevel.SpawnClassMisil1_227
	Function /Game/FirstPersonBP/Misiles/SpawnClassMisil1.SpawnClassMisil1_C:ExecuteUbergraph_SpawnClassMisil1:062F
[2016.11.30-00.24.00:110][ 55]LogScript:Warning: Accessed None
	SpawnClassMisil1_C /Temp/Autosaves/Game/FirstPersonBP/Maps/UEDPCFirstPersonExampleMap.FirstPersonExampleMap:PersistentLevel.SpawnClassMisil1_227
	Function /Game/FirstPersonBP/Misiles/SpawnClassMisil1.SpawnClassMisil1_C:ExecuteUbergraph_SpawnClassMisil1:0644
[2016.11.30-00.24.00:110][ 55]LogScript:Warning: Cannot access 'Misil1_C_2'. It is pending kill. Property: 'CallFunc_FinishSpawningActor_ReturnValue'
	SpawnClassMisil1_C /Temp/Autosaves/Game/FirstPersonBP/Maps/UEDPCFirstPersonExampleMap.FirstPersonExampleMap:PersistentLevel.SpawnClassMisil1_227
	Function /Game/FirstPersonBP/Misiles/SpawnClassMisil1.SpawnClassMisil1_C:ExecuteUbergraph_SpawnClassMisil1:068F
[2016.11.30-00.24.08:167][553]LogWindowsTextInputMethodSystem:Display: IME system now deactivated.
[2016.11.30-00.24.08:169][553]LogEngine: All Windows Closed
[2016.11.30-00.24.08:169][553]LogWindows: FPlatformMisc::RequestExit(0)
[2016.11.30-00.24.09:062][554]LogExit: Preparing to exit.
[2016.11.30-00.24.09:096][554]LogExit: Game engine shut down
[2016.11.30-00.24.09:097][554]LogParticles: Destroying 0 GPU particle simulations for FXSystem 0x000001A90FFF7560
[2016.11.30-00.24.09:221][554]LogExit: Object subsystem successfully closed.
[2016.11.30-00.24.09:228][554]LogD3D11RHI: Shutdown
[2016.11.30-00.24.09:228][554]LogD3D11RHI: CleanupD3DDevice
[2016.11.30-00.24.09:272][554]LogD3D11RHI: ~FD3D11DynamicRHI
[2016.11.30-00.24.09:286][554]LogModuleManager: Shutting down and abandoning module AndroidDeviceDetection (115)
[2016.11.30-00.24.10:117][554]LogModuleManager: Shutting down and abandoning module AutomationController (114)
[2016.11.30-00.24.10:117][554]LogModuleManager: Shutting down and abandoning module AutomationWorker (113)
[2016.11.30-00.24.10:117][554]LogModuleManager: Shutting down and abandoning module CharacterAI (112)
[2016.11.30-00.24.10:117][554]LogModuleManager: Shutting down and abandoning module AITestSuite (111)
[2016.11.30-00.24.10:117][554]LogModuleManager: Shutting down and abandoning module GameplayDebugger (110)
[2016.11.30-00.24.10:117][554]LogModuleManager: Shutting down and abandoning module AIModule (109)
[2016.11.30-00.24.10:117][554]LogModuleManager: Shutting down and abandoning module GameLiveStreaming (108)
[2016.11.30-00.24.10:117][554]LogModuleManager: Shutting down and abandoning module StreamingPauseRendering (107)
[2016.11.30-00.24.10:117][554]LogModuleManager: Shutting down and abandoning module ProfilerService (106)
[2016.11.30-00.24.10:269][554]LogModuleManager: Shutting down and abandoning module TaskGraph (105)
[2016.11.30-00.24.10:269][554]LogModuleManager: Shutting down and abandoning module SlateRemote (104)
[2016.11.30-00.24.10:269][554]LogModuleManager: Shutting down and abandoning module SteamVRController (103)
[2016.11.30-00.24.10:269][554]LogModuleManager: Shutting down and abandoning module SteamVR (102)
[2016.11.30-00.24.10:269][554]LogModuleManager: Shutting down and abandoning module ProceduralMeshComponent (101)
[2016.11.30-00.24.10:269][554]LogModuleManager: Shutting down and abandoning module OculusRift (100)
[2016.11.30-00.24.10:269][554]LogModuleManager: Shutting down and abandoning module OculusLibrary (99)
[2016.11.30-00.24.10:269][554]LogModuleManager: Shutting down and abandoning module LeapMotionController (98)
[2016.11.30-00.24.10:301][554]LogModuleManager: Shutting down and abandoning module CustomMeshComponent (97)
[2016.11.30-00.24.10:301][554]LogModuleManager: Shutting down and abandoning module CableComponent (96)
[2016.11.30-00.24.10:301][554]LogModuleManager: Shutting down and abandoning module ArchVisCharacter (95)
[2016.11.30-00.24.10:301][554]LogModuleManager: Shutting down and abandoning module HTML5Networking (94)
[2016.11.30-00.24.10:301][554]LogModuleManager: Shutting down and abandoning module DesktopPlatform (93)
[2016.11.30-00.24.10:301][554]LogModuleManager: Shutting down and abandoning module DirectoryWatcher (92)
[2016.11.30-00.24.10:301][554]LogModuleManager: Shutting down and abandoning module HotReload (91)
[2016.11.30-00.24.10:301][554]LogModuleManager: Shutting down and abandoning module VisualStudioSourceCodeAccess (90)
[2016.11.30-00.24.10:301][554]LogModuleManager: Shutting down and abandoning module UObjectPlugin (89)
[2016.11.30-00.24.10:301][554]LogModuleManager: Shutting down and abandoning module SubversionSourceControl (88)
[2016.11.30-00.24.10:301][554]LogModuleManager: Shutting down and abandoning module SourceControl (87)
[2016.11.30-00.24.10:301][554]LogModuleManager: Shutting down and abandoning module PerforceSourceControl (86)
[2016.11.30-00.24.10:301][554]LogModuleManager: Shutting down and abandoning module UdpMessaging (85)
[2016.11.30-00.24.10:301][554]LogModuleManager: Shutting down and abandoning module LightPropagationVolumeRuntime (84)
[2016.11.30-00.24.10:301][554]LogModuleManager: Shutting down and abandoning module Paper2D (83)
[2016.11.30-00.24.10:301][554]LogModuleManager: Shutting down and abandoning module WindowsMoviePlayer (82)
[2016.11.30-00.24.10:303][554]LogModuleManager: Shutting down and abandoning module Media (81)
[2016.11.30-00.24.10:303][554]LogModuleManager: Shutting down and abandoning module WmfMedia (80)
[2016.11.30-00.24.10:303][554]LogModuleManager: Shutting down and abandoning module OnlineBlueprintSupport (79)
[2016.11.30-00.24.10:303][554]LogModuleManager: Shutting down and abandoning module GameplayTasksEditor (78)
[2016.11.30-00.24.10:303][554]LogModuleManager: Shutting down and abandoning module PropertyEditor (77)
[2016.11.30-00.24.10:303][554]LogModuleManager: Shutting down and abandoning module BehaviorTreeEditor (76)
[2016.11.30-00.24.10:303][554]LogModuleManager: Shutting down and abandoning module FunctionalTesting (75)
[2016.11.30-00.24.10:303][554]LogModuleManager: Shutting down and abandoning module CollisionAnalyzer (74)
[2016.11.30-00.24.10:303][554]LogModuleManager: Shutting down and abandoning module WorkspaceMenuStructure (73)
[2016.11.30-00.24.10:303][554]LogModuleManager: Shutting down and abandoning module MessageLog (72)
[2016.11.30-00.24.10:303][554]LogModuleManager: Shutting down and abandoning module Sequencer (71)
[2016.11.30-00.24.10:303][554]LogModuleManager: Shutting down and abandoning module AssetTools (70)
[2016.11.30-00.24.10:303][554]LogModuleManager: Shutting down and abandoning module UMGEditor (69)
[2016.11.30-00.24.10:303][554]LogModuleManager: Shutting down and abandoning module UMG (68)
[2016.11.30-00.24.10:303][554]LogModuleManager: Shutting down and abandoning module Slate (67)
[2016.11.30-00.24.10:303][554]LogModuleManager: Shutting down and abandoning module EditorStyle (66)
[2016.11.30-00.24.10:305][554]LogModuleManager: Shutting down and abandoning module SessionServices (65)
[2016.11.30-00.24.10:305][554]LogModuleManager: Shutting down and abandoning module SourceCodeAccess (64)
[2016.11.30-00.24.10:305][554]LogModuleManager: Shutting down and abandoning module HeadMountedDisplay (63)
[2016.11.30-00.24.10:305][554]LogModuleManager: Shutting down and abandoning module XAudio2 (62)
[2016.11.30-00.24.10:305][554]LogModuleManager: Shutting down and abandoning module Networking (60)
[2016.11.30-00.24.10:305][554]LogModuleManager: Shutting down and abandoning module Core (59)
[2016.11.30-00.24.10:305][554]LogModuleManager: Shutting down and abandoning module KismetCompiler (58)
[2016.11.30-00.24.10:305][554]LogModuleManager: Shutting down and abandoning module PhysXFormats (57)
[2016.11.30-00.24.10:305][554]LogModuleManager: Shutting down and abandoning module MeshUtilities (56)
[2016.11.30-00.24.10:305][554]LogModuleManager: Shutting down and abandoning module CookingStats (55)
[2016.11.30-00.24.10:305][554]LogModuleManager: Shutting down and abandoning module DerivedDataCache (54)
[2016.11.30-00.24.10:396][554]LogDerivedDataCache: Shutdown
[2016.11.30-00.24.10:396][554]LogModuleManager: Shutting down and abandoning module ShaderFormatOpenGL (53)
[2016.11.30-00.24.10:396][554]LogModuleManager: Shutting down and abandoning module ShaderFormatD3D (52)
[2016.11.30-00.24.10:396][554]LogModuleManager: Shutting down and abandoning module MetalShaderFormat (51)
[2016.11.30-00.24.10:396][554]LogModuleManager: Shutting down and abandoning module TextureFormatUncompressed (50)
[2016.11.30-00.24.10:396][554]LogModuleManager: Shutting down and abandoning module TextureFormatPVR (49)
[2016.11.30-00.24.10:397][554]LogModuleManager: Shutting down and abandoning module TextureFormatIntelISPCTexComp (48)
[2016.11.30-00.24.10:397][554]LogModuleManager: Shutting down and abandoning module TextureFormatDXT (47)
[2016.11.30-00.24.10:397][554]LogModuleManager: Shutting down and abandoning module ImageWrapper (46)
[2016.11.30-00.24.10:397][554]LogModuleManager: Shutting down and abandoning module TextureFormatASTC (45)
[2016.11.30-00.24.10:397][554]LogModuleManager: Shutting down and abandoning module TextureFormatAndroid (44)
[2016.11.30-00.24.10:397][554]LogModuleManager: Shutting down and abandoning module AudioFormatOpus (43)
[2016.11.30-00.24.10:397][554]LogModuleManager: Shutting down and abandoning module AudioFormatOgg (42)
[2016.11.30-00.24.10:397][554]LogModuleManager: Shutting down and abandoning module AudioFormatADPCM (41)
[2016.11.30-00.24.10:397][554]LogModuleManager: Shutting down and abandoning module LinuxTargetPlatform (40)
[2016.11.30-00.24.10:397][554]LogModuleManager: Shutting down and abandoning module LinuxServerTargetPlatform (39)
[2016.11.30-00.24.10:397][554]LogModuleManager: Shutting down and abandoning module LinuxNoEditorTargetPlatform (38)
[2016.11.30-00.24.10:397][554]LogModuleManager: Shutting down and abandoning module Messaging (37)
[2016.11.30-00.24.10:397][554]LogModuleManager: Shutting down and abandoning module IOSTargetPlatform (36)
[2016.11.30-00.24.10:397][554]LogModuleManager: Shutting down and abandoning module HTML5TargetPlatform (35)
[2016.11.30-00.24.10:397][554]LogModuleManager: Shutting down and abandoning module Android_PVRTCTargetPlatform (34)
[2016.11.30-00.24.10:397][554]LogModuleManager: Shutting down and abandoning module Android_ETC2TargetPlatform (33)
[2016.11.30-00.24.10:397][554]LogModuleManager: Shutting down and abandoning module Android_ETC1TargetPlatform (32)
[2016.11.30-00.24.10:397][554]LogModuleManager: Shutting down and abandoning module Android_DXTTargetPlatform (31)
[2016.11.30-00.24.10:397][554]LogModuleManager: Shutting down and abandoning module Android_ATCTargetPlatform (30)
[2016.11.30-00.24.10:397][554]LogModuleManager: Shutting down and abandoning module Android_ASTCTargetPlatform (29)
[2016.11.30-00.24.10:397][554]LogModuleManager: Shutting down and abandoning module AndroidTargetPlatform (28)
[2016.11.30-00.24.10:397][554]LogModuleManager: Shutting down and abandoning module WindowsTargetPlatform (27)
[2016.11.30-00.24.10:397][554]LogModuleManager: Shutting down and abandoning module WindowsServerTargetPlatform (26)
[2016.11.30-00.24.10:397][554]LogModuleManager: Shutting down and abandoning module WindowsNoEditorTargetPlatform (25)
[2016.11.30-00.24.10:397][554]LogModuleManager: Shutting down and abandoning module WindowsClientTargetPlatform (24)
[2016.11.30-00.24.10:397][554]LogModuleManager: Shutting down and abandoning module AllDesktopTargetPlatform (23)
[2016.11.30-00.24.10:397][554]LogModuleManager: Shutting down and abandoning module TargetPlatform (22)
[2016.11.30-00.24.10:397][554]LogModuleManager: Shutting down and abandoning module InputCore (21)
[2016.11.30-00.24.10:397][554]LogModuleManager: Shutting down and abandoning module Settings (20)
[2016.11.30-00.24.10:397][554]LogModuleManager: Shutting down and abandoning module OnlineSubsystem (18)
[2016.11.30-00.24.10:397][554]LogModuleManager: Shutting down and abandoning module HTTP (17)
[2016.11.30-00.24.10:397][554]LogModuleManager: Shutting down and abandoning module XMPP (16)
[2016.11.30-00.24.10:397][554]LogModuleManager: Shutting down and abandoning module ExampleDeviceProfileSelector (15)
[2016.11.30-00.24.10:397][554]LogModuleManager: Shutting down and abandoning module TextureCompressor (14)
[2016.11.30-00.24.10:397][554]LogModuleManager: Shutting down and abandoning module ShaderCore (13)
[2016.11.30-00.24.10:397][554]LogModuleManager: Shutting down and abandoning module Landscape (12)
[2016.11.30-00.24.10:397][554]LogModuleManager: Shutting down and abandoning module SlateRHIRenderer (11)
[2016.11.30-00.24.10:397][554]LogModuleManager: Shutting down and abandoning module OpenGLDrv (10)
[2016.11.30-00.24.10:398][554]LogModuleManager: Shutting down and abandoning module D3D11RHI (9)
[2016.11.30-00.24.10:398][554]LogModuleManager: Shutting down and abandoning module AnimGraphRuntime (8)
[2016.11.30-00.24.10:398][554]LogModuleManager: Shutting down and abandoning module Renderer (7)
[2016.11.30-00.24.10:398][554]LogModuleManager: Shutting down and abandoning module Engine (6)
[2016.11.30-00.24.10:398][554]LogModuleManager: Shutting down and abandoning module CoreUObject (5)
[2016.11.30-00.24.10:398][554]LogModuleManager: Shutting down and abandoning module NetworkFile (4)
[2016.11.30-00.24.10:398][554]LogModuleManager: Shutting down and abandoning module StreamingFile (3)
[2016.11.30-00.24.10:398][554]LogModuleManager: Shutting down and abandoning module SandboxFile (2)
[2016.11.30-00.24.10:398][554]LogModuleManager: Shutting down and abandoning module PakFile (1)
[2016.11.30-00.24.10:398][554]LogExit: Exiting.
[2016.11.30-00.24.10:399][554]Log file closed, 11/29/16 19:24:10
