[2016.12.03-19.48.27:997][  0]Log file open, 12/03/16 14:48:27
[2016.12.03-19.48.27:997][  0]LogInit:Display: Running engine for game: MissileCommand2
[2016.12.03-19.48.27:997][  0]LogInit:Display: RandInit(-115941789) SRandInit(-115941788).
[2016.12.03-19.48.27:997][  0]LogTaskGraph: Started task graph with 4 named threads and 7 total threads.
[2016.12.03-19.48.27:997][  0]LogStats: Stats thread started at 0.090981
[2016.12.03-19.48.27:997][  0]LogInit: Version: 4.9.2-2707645+++depot+UE4-Releases+4.9
[2016.12.03-19.48.27:997][  0]LogInit: API Version: 2672455
[2016.12.03-19.48.27:997][  0]LogInit: Compiled (64-bit): Sep 28 2015 10:25:44
[2016.12.03-19.48.27:997][  0]LogInit: Compiled with Visual C++: 18.00.21005.01
[2016.12.03-19.48.27:997][  0]LogInit: Build Configuration: Development
[2016.12.03-19.48.27:997][  0]LogInit: Branch Name: ++depot+UE4-Releases+4.9
[2016.12.03-19.48.27:997][  0]LogInit: Command line: 
[2016.12.03-19.48.27:997][  0]LogInit: Base directory: C:/Program Files/Epic Games/4.9/Engine/Binaries/Win64/
[2016.12.03-19.48.27:997][  0]LogInit: Rocket: 1
[2016.12.03-19.48.28:016][  0]LogInit: Using libcurl 7.41.0
[2016.12.03-19.48.28:016][  0]LogInit:  - built for x86_64-pc-win32
[2016.12.03-19.48.28:016][  0]LogInit:  - supports SSL with WinSSL
[2016.12.03-19.48.28:016][  0]LogInit:  - other features:
[2016.12.03-19.48.28:016][  0]LogInit:      CURL_VERSION_SSL
[2016.12.03-19.48.28:016][  0]LogInit:      CURL_VERSION_IPV6
[2016.12.03-19.48.28:016][  0]LogInit:      CURL_VERSION_ASYNCHDNS
[2016.12.03-19.48.28:016][  0]LogInit:      CURL_VERSION_LARGEFILE
[2016.12.03-19.48.28:016][  0]LogInit:      CURL_VERSION_IDN
[2016.12.03-19.48.28:016][  0]LogInit:  CurlRequestOptions (configurable via config and command line):
[2016.12.03-19.48.28:016][  0]LogInit:  - bVerifyPeer = true  - Libcurl will verify peer certificate
[2016.12.03-19.48.28:016][  0]LogInit:  - bUseHttpProxy = false  - Libcurl will NOT use HTTP proxy
[2016.12.03-19.48.28:016][  0]LogInit:  - bDontReuseConnections = false  - Libcurl will reuse connections
[2016.12.03-19.48.28:016][  0]LogInit:  - CertBundlePath = nullptr  - Libcurl will use whatever was configured at build time.
[2016.12.03-19.48.28:024][  0]LogInit: Presizing for 0 objects not considered by GC, pre-allocating 0 bytes.
[2016.12.03-19.48.28:031][  0]LogInit: Object subsystem initialized
[2016.12.03-19.48.28:033][  0]LogInit: Selected Device Profile: [Windows]
[2016.12.03-19.48.28:033][  0]LogInit: Applying CVar settings loaded from the selected device profile: [Windows]
[2016.12.03-19.48.28:043][  0]LogInit: Computer: MSI
[2016.12.03-19.48.28:043][  0]LogInit: User: jsoba
[2016.12.03-19.48.28:043][  0]LogInit: CPU Page size=4096, Cores=4
[2016.12.03-19.48.28:043][  0]LogInit: High frequency timer resolution =2.630620 MHz
[2016.12.03-19.48.28:043][  0]LogMemory: Memory total: Physical=15.9GB (16GB approx)
[2016.12.03-19.48.28:043][  0]LogMemory: Platform Memory Stats for Windows
[2016.12.03-19.48.28:043][  0]LogMemory: Process Physical Memory: 55.49 MB used, 55.49 MB peak
[2016.12.03-19.48.28:043][  0]LogMemory: Process Virtual Memory: 55.55 MB used, 55.55 MB peak
[2016.12.03-19.48.28:043][  0]LogMemory: Physical Memory: 7020.15 MB used, 16299.20 MB total
[2016.12.03-19.48.28:043][  0]LogMemory: Virtual Memory: 369.84 MB used, 134217728.00 MB total
[2016.12.03-19.48.28:546][  0]LogTextLocalizationManager: No specific translations for ('en-US') exist, so ('en') translations will be used.
[2016.12.03-19.48.29:259][  0]LogD3D11RHI: Found D3D11 adapter 0: NVIDIA GeForce GTX 970M        (Feature Level 11_0)
[2016.12.03-19.48.29:259][  0]LogD3D11RHI: Adapter has 2991MB of dedicated video memory, 0MB of dedicated system memory, and 8149MB of shared system memory, 1 output[s]
[2016.12.03-19.48.29:263][  0]LogD3D11RHI: Found D3D11 adapter 1: Intel(R) HD Graphics 5600 (Feature Level 11_0)
[2016.12.03-19.48.29:263][  0]LogD3D11RHI: Adapter has 128MB of dedicated video memory, 0MB of dedicated system memory, and 8149MB of shared system memory, 0 output[s]
[2016.12.03-19.48.29:264][  0]LogD3D11RHI: Found D3D11 adapter 2: Microsoft Basic Render Driver (Feature Level 11_0)
[2016.12.03-19.48.29:264][  0]LogD3D11RHI: Adapter has 0MB of dedicated video memory, 0MB of dedicated system memory, and 8149MB of shared system memory, 0 output[s]
[2016.12.03-19.48.29:264][  0]LogD3D11RHI: Chosen D3D11 Adapter Id = 0
[2016.12.03-19.48.29:271][  0]LogD3D11RHI: !Direct3DDevice
[2016.12.03-19.48.29:271][  0]LogRHI: Texture pool is 1361 MB (70% of 1945 MB)
[2016.12.03-19.48.29:284][  0]LogD3D11RHI: Async texture creation enabled
[2016.12.03-19.48.29:297][  0]LogShaderCompilers: Guid format shader working directory is 15 characters bigger than the processId version (../../../../../../Users/jsoba/OneDrive/Documentos/Unreal Projects/MissileCommand2/Intermediate/Shaders/WorkingDirectory/7660/).
[2016.12.03-19.48.29:297][  0]LogShaderCompilers: Cleaned the shader compiler working directory '../../../../../../Users/jsoba/OneDrive/Documentos/Unreal Projects/MissileCommand2/Intermediate/Shaders/tmp/310A04F844A1AD492F05A09B5A6E46E9/'.
[2016.12.03-19.48.29:297][  0]LogShaderCompilers:Display: Using Local Shader Compiler.
[2016.12.03-19.48.30:360][  0]LogTemp:Display: Loaded TP AllDesktopTargetPlatform
[2016.12.03-19.48.30:365][  0]LogTemp:Display: Loaded TP WindowsClientTargetPlatform
[2016.12.03-19.48.30:371][  0]LogTemp:Display: Loaded TP WindowsNoEditorTargetPlatform
[2016.12.03-19.48.30:377][  0]LogTemp:Display: Loaded TP WindowsServerTargetPlatform
[2016.12.03-19.48.30:382][  0]LogTemp:Display: Loaded TP WindowsTargetPlatform
[2016.12.03-19.48.30:386][  0]LogTemp:Display: Loaded TP AndroidTargetPlatform
[2016.12.03-19.48.30:390][  0]LogTemp:Display: Loaded TP Android_ASTCTargetPlatform
[2016.12.03-19.48.30:394][  0]LogTemp:Display: Loaded TP Android_ATCTargetPlatform
[2016.12.03-19.48.30:398][  0]LogTemp:Display: Loaded TP Android_DXTTargetPlatform
[2016.12.03-19.48.30:402][  0]LogTemp:Display: Loaded TP Android_ETC1TargetPlatform
[2016.12.03-19.48.30:405][  0]LogTemp:Display: Loaded TP Android_ETC2TargetPlatform
[2016.12.03-19.48.30:409][  0]LogTemp:Display: Loaded TP Android_PVRTCTargetPlatform
[2016.12.03-19.48.30:410][  0]LogTemp:Display: Loaded TP HTML5TargetPlatform
[2016.12.03-19.48.30:427][  0]LogTemp:Display: Loaded TP IOSTargetPlatform
[2016.12.03-19.48.30:431][  0]LogTemp:Display: Loaded TP LinuxNoEditorTargetPlatform
[2016.12.03-19.48.30:434][  0]LogTemp:Display: Loaded TP LinuxServerTargetPlatform
[2016.12.03-19.48.30:438][  0]LogTemp:Display: Loaded TP LinuxTargetPlatform
[2016.12.03-19.48.30:438][  0]LogTargetPlatformManager:Display: Building Assets For Windows
[2016.12.03-19.48.30:542][  0]LogDerivedDataCache:Display: Max Cache Size: 512 MB
[2016.12.03-19.48.30:600][  0]LogDerivedDataCache: Loaded boot cache 0.05s 41MB C:/Users/jsoba/AppData/Local/UnrealEngine/4.9/DerivedDataCache/Boot.ddc.
[2016.12.03-19.48.30:600][  0]LogDerivedDataCache:Display: Loaded Boot cache: C:/Users/jsoba/AppData/Local/UnrealEngine/4.9/DerivedDataCache/Boot.ddc
[2016.12.03-19.48.30:600][  0]LogDerivedDataCache: FDerivedDataBackendGraph:  Pak pak cache file ../../../../../../Users/jsoba/OneDrive/Documentos/Unreal Projects/MissileCommand2/DerivedDataCache/DDC.ddp not found, will not use a pak cache.
[2016.12.03-19.48.30:600][  0]LogDerivedDataCache: Unable to find inner node Pak for hierarchical cache Hierarchy.
[2016.12.03-19.48.30:600][  0]LogDerivedDataCache: FDerivedDataBackendGraph:  CompressedPak pak cache file ../../../../../../Users/jsoba/OneDrive/Documentos/Unreal Projects/MissileCommand2/DerivedDataCache/Compressed.ddp not found, will not use a pak cache.
[2016.12.03-19.48.30:600][  0]LogDerivedDataCache: Unable to find inner node CompressedPak for hierarchical cache Hierarchy.
[2016.12.03-19.48.30:734][  0]LogDerivedDataCache:Display: Pak cache opened for reading ../../../Engine/DerivedDataCache/Compressed.ddp.
[2016.12.03-19.48.30:745][  0]LogDerivedDataCache: Using Local data cache path C:/Users/jsoba/AppData/Local/UnrealEngine/Common/DerivedDataCache: Writable
[2016.12.03-19.48.30:914][  0]LogInit: Selected Device Profile: [Windows]
[2016.12.03-19.48.30:915][  0]LogContentStreaming: Texture pool size is 0.000000MB
[2016.12.03-19.48.31:040][  0]LogMeshUtilities: No automatic mesh reduction module available
[2016.12.03-19.48.31:040][  0]LogMeshUtilities: No automatic mesh merging module available
[2016.12.03-19.48.31:284][  0]LogInit: WinSock: version 1.1 (2.2), MaxSocks=32767, MaxUdp=65467
[2016.12.03-19.48.31:965][  0]UdpMessaging: Initializing bridge on interface 0.0.0.0:0 to multicast group 230.0.0.1:6666.
[2016.12.03-19.48.32:072][  0]LogAssetRegistry: FAssetRegistry took 0.0106 seconds to start up
[2016.12.03-19.48.32:254][  0]SourceControl: Info Source control is disabled
[2016.12.03-19.48.32:255][  0]SourceControl: Info Source control is disabled
[2016.12.03-19.48.32:268][  0]SourceControl: Info Source control is disabled
[2016.12.03-19.48.32:283][  0]SourceControl: Info Source control is disabled
[2016.12.03-19.48.32:466][  0]LogLinker:Warning: Asset '../../../Engine/Plugins/Runtime/LeapMotionController/Content/LM_PassthroughMaterial.uasset' has been saved with empty engine version. The asset will be loaded but may be incompatible.
[2016.12.03-19.48.32:578][  0]LogObj: 28361 objects as part of root set at end of initial load.
[2016.12.03-19.48.32:578][  0]LogUObjectAllocator: 6038864 out of 0 bytes used by permanent object pool.
[2016.12.03-19.48.32:640][  0]LogEngine: Initializing Engine...
[2016.12.03-19.48.32:644][  0]LogHMD: Can't find Oculus library dev build: is proper Runtime installed? Version: 0.7.0.0
[2016.12.03-19.48.32:644][  0]LogHMD: SteamVR failed to initialize.  Err: 110
[2016.12.03-19.48.32:803][  0]LogAIModule: Creating AISystem for world NewWorld
[2016.12.03-19.48.32:809][  0]LogInit: XAudio2 using 'Speakers (Realtek High Definition Audio)' : 8 channels at 48 kHz using 32 bits per sample (channel mask 0x63f)
[2016.12.03-19.48.32:864][  0]LogInit: FAudioDevice initialized.
[2016.12.03-19.48.32:898][  0]LogDerivedDataCache: Saved boot cache 0.03s 41MB C:/Users/jsoba/AppData/Local/UnrealEngine/4.9/DerivedDataCache/Boot.ddc.
[2016.12.03-19.48.32:907][  0]LogInit: Texture streaming: Enabled
[2016.12.03-19.48.32:915][  0]LogAnalytics: Creating configured Analytics provider AnalyticsET
[2016.12.03-19.48.32:915][  0]LogAnalytics: [UEEditor.Rocket.Release] APIServer = http://et2.epicgames.com/ET2/. AppVersion = 4.9.2-2707645+++depot+UE4-Releases+4.9
[2016.12.03-19.48.32:915][  0]LogAnalytics: [UEEditor.Rocket.Release] SetUserId 56f1b5ec420c3c923850ebbc03a41376|a1c3604e7a24486293c4422910c37ebe|3593c830-db43-489c-b164-98315b6fabc3
[2016.12.03-19.48.32:915][  0]LogAnalytics: [UEEditor.Rocket.Release] AnalyticsET::StartSession
[2016.12.03-19.48.32:944][  0]LogWindowsTextInputMethodSystem:Display: IME system now deactivated.
[2016.12.03-19.48.33:024][  0]LogInit: Transaction tracking system initialized
[2016.12.03-19.48.33:072][  0]BlueprintLog: New page: Editor Load
[2016.12.03-19.48.33:196][  0]LocalizationService: Info Localization service is disabled
[2016.12.03-19.48.33:289][  0]LogConsoleResponse:Display: 
[2016.12.03-19.48.33:415][  0]LogFileManager:Warning: ReadFile failed: Count=0 Length=2656015976 Error=Overlapped I/O operation is in progress. for file ../../../../../../Users/jsoba/OneDrive/Documentos/Unreal Projects/MissileCommand2/Content/Freebie_01/Blueprints/BP_Building_Mid_Corner_B.uasset
[2016.12.03-19.48.33:415][  0]LogCook:Display: Done creating registry. It took  0.00s.
[2016.12.03-19.48.33:509][  0]LogFileCache: Scanning file cache for directory 'C:/Users/jsoba/OneDrive/Documentos/Unreal Projects/MissileCommand2/Content/' took 0.02s
[2016.12.03-19.48.33:519][  0]SourceControl: Info Source control is disabled
[2016.12.03-19.48.33:636][  0]LogWindows:Error: Windows GetLastError: The operation completed successfully. (0)
[2016.12.03-19.48.34:053][  0]LogThreadingWindows:Error: Runnable thread FAssetDataGatherer crashed.
[2016.12.03-19.48.34:053][  0]LogWindows: === Critical error: ===
Fatal error: [File:D:\BuildFarm\buildmachine_++depot+UE4-Releases+4.9\Engine\Source\Runtime\Core\Private\HAL\FileManagerGeneric.cpp] [Line: 647] 
Invalid BufferCount=0 while reading ../../../../../../Users/jsoba/OneDrive/Documentos/Unreal Projects/MissileCommand2/Content/Freebie_01/Blueprints/BP_Building_Mid_Corner_B.uasset. File is most likely corrupted, try deleting it if possible. Pos=2656017000, Size=239603, PrecacheSize=2147483647, PrecacheOffset=2656017000



Crash in runnable thread FAssetDataGatherer

[2016.12.03-19.48.34:235][  0]LogExit: Executing StaticShutdownAfterError
[2016.12.03-19.48.34:240][  0]LogWindows: FPlatformMisc::RequestExit(1)
[2016.12.03-19.48.34:240][  0]Log file closed, 12/03/16 14:48:34
