[2016.11.30-00.28.39:679][  0]Log file open, 11/29/16 19:28:39
[2016.11.30-00.28.39:679][  0]LogInit:Display: Running engine for game: MissileCommand2
[2016.11.30-00.28.39:679][  0]LogInit:Display: RandInit(1318881296) SRandInit(1318881297).
[2016.11.30-00.28.39:679][  0]LogTaskGraph: Started task graph with 4 named threads and 7 total threads.
[2016.11.30-00.28.39:679][  0]LogStats: Stats thread started at 0.082192
[2016.11.30-00.28.39:679][  0]LogInit: Version: 4.9.2-2707645+++depot+UE4-Releases+4.9
[2016.11.30-00.28.39:679][  0]LogInit: API Version: 2672455
[2016.11.30-00.28.39:679][  0]LogInit: Compiled (64-bit): Sep 28 2015 10:25:44
[2016.11.30-00.28.39:679][  0]LogInit: Compiled with Visual C++: 18.00.21005.01
[2016.11.30-00.28.39:679][  0]LogInit: Build Configuration: Development
[2016.11.30-00.28.39:679][  0]LogInit: Branch Name: ++depot+UE4-Releases+4.9
[2016.11.30-00.28.39:679][  0]LogInit: Command line:  /Temp/Autosaves/Game/FirstPersonBP/Maps/UEDPCFirstPersonExampleMap -game -PIEVIACONSOLE -ResX=1280 -ResY=720  -Multiprocess 
[2016.11.30-00.28.39:679][  0]LogInit: Base directory: C:/Program Files/Epic Games/4.9/Engine/Binaries/Win64/
[2016.11.30-00.28.39:679][  0]LogInit: Rocket: 1
[2016.11.30-00.28.39:710][  0]LogInit: Using libcurl 7.41.0
[2016.11.30-00.28.39:710][  0]LogInit:  - built for x86_64-pc-win32
[2016.11.30-00.28.39:710][  0]LogInit:  - supports SSL with WinSSL
[2016.11.30-00.28.39:710][  0]LogInit:  - other features:
[2016.11.30-00.28.39:710][  0]LogInit:      CURL_VERSION_SSL
[2016.11.30-00.28.39:710][  0]LogInit:      CURL_VERSION_IPV6
[2016.11.30-00.28.39:710][  0]LogInit:      CURL_VERSION_ASYNCHDNS
[2016.11.30-00.28.39:710][  0]LogInit:      CURL_VERSION_LARGEFILE
[2016.11.30-00.28.39:710][  0]LogInit:      CURL_VERSION_IDN
[2016.11.30-00.28.39:710][  0]LogInit:  CurlRequestOptions (configurable via config and command line):
[2016.11.30-00.28.39:710][  0]LogInit:  - bVerifyPeer = true  - Libcurl will verify peer certificate
[2016.11.30-00.28.39:710][  0]LogInit:  - bUseHttpProxy = false  - Libcurl will NOT use HTTP proxy
[2016.11.30-00.28.39:710][  0]LogInit:  - bDontReuseConnections = false  - Libcurl will reuse connections
[2016.11.30-00.28.39:710][  0]LogInit:  - CertBundlePath = nullptr  - Libcurl will use whatever was configured at build time.
[2016.11.30-00.28.39:718][  0]LogInit: Presizing for 0 objects not considered by GC, pre-allocating 0 bytes.
[2016.11.30-00.28.39:724][  0]LogInit: Object subsystem initialized
[2016.11.30-00.28.39:725][  0]LogInit: Selected Device Profile: [Windows]
[2016.11.30-00.28.39:725][  0]LogInit: Applying CVar settings loaded from the selected device profile: [Windows]
[2016.11.30-00.28.39:728][  0]LogInit: Computer: MSI
[2016.11.30-00.28.39:728][  0]LogInit: User: jsoba
[2016.11.30-00.28.39:728][  0]LogInit: CPU Page size=4096, Cores=4
[2016.11.30-00.28.39:728][  0]LogInit: High frequency timer resolution =2.630631 MHz
[2016.11.30-00.28.39:728][  0]LogMemory: Memory total: Physical=15.9GB (16GB approx)
[2016.11.30-00.28.39:728][  0]LogMemory: Platform Memory Stats for Windows
[2016.11.30-00.28.39:728][  0]LogMemory: Process Physical Memory: 54.45 MB used, 54.45 MB peak
[2016.11.30-00.28.39:728][  0]LogMemory: Process Virtual Memory: 57.40 MB used, 57.40 MB peak
[2016.11.30-00.28.39:728][  0]LogMemory: Physical Memory: 7287.58 MB used, 16299.20 MB total
[2016.11.30-00.28.39:728][  0]LogMemory: Virtual Memory: 371.78 MB used, 134217728.00 MB total
[2016.11.30-00.28.40:167][  0]LogTextLocalizationManager: No specific translations for ('en-US') exist, so ('en') translations will be used.
[2016.11.30-00.28.40:741][  0]LogD3D11RHI: Found D3D11 adapter 0: NVIDIA GeForce GTX 970M        (Feature Level 11_0)
[2016.11.30-00.28.40:741][  0]LogD3D11RHI: Adapter has 2991MB of dedicated video memory, 0MB of dedicated system memory, and 8149MB of shared system memory, 1 output[s]
[2016.11.30-00.28.40:746][  0]LogD3D11RHI: Found D3D11 adapter 1: Intel(R) HD Graphics 5600 (Feature Level 11_0)
[2016.11.30-00.28.40:746][  0]LogD3D11RHI: Adapter has 128MB of dedicated video memory, 0MB of dedicated system memory, and 8149MB of shared system memory, 0 output[s]
[2016.11.30-00.28.40:748][  0]LogD3D11RHI: Found D3D11 adapter 2: Microsoft Basic Render Driver (Feature Level 11_0)
[2016.11.30-00.28.40:748][  0]LogD3D11RHI: Adapter has 0MB of dedicated video memory, 0MB of dedicated system memory, and 8149MB of shared system memory, 0 output[s]
[2016.11.30-00.28.40:748][  0]LogD3D11RHI: Chosen D3D11 Adapter Id = 0
[2016.11.30-00.28.40:753][  0]LogD3D11RHI: !Direct3DDevice
[2016.11.30-00.28.40:753][  0]LogRHI: Texture pool is 1361 MB (70% of 1945 MB)
[2016.11.30-00.28.40:766][  0]LogD3D11RHI: Async texture creation enabled
[2016.11.30-00.28.40:778][  0]LogShaderCompilers: Guid format shader working directory is 16 characters bigger than the processId version (../../../../../../Users/jsoba/OneDrive/Documentos/Unreal Projects/MissileCommand2/Intermediate/Shaders/WorkingDirectory/348/).
[2016.11.30-00.28.40:778][  0]LogShaderCompilers: Cleaned the shader compiler working directory '../../../../../../Users/jsoba/OneDrive/Documentos/Unreal Projects/MissileCommand2/Intermediate/Shaders/tmp/98B57FAB45E4494D36181697F587495D/'.
[2016.11.30-00.28.40:778][  0]LogShaderCompilers:Display: Using Local Shader Compiler.
[2016.11.30-00.28.41:778][  0]LogTemp:Display: Loaded TP AllDesktopTargetPlatform
[2016.11.30-00.28.41:784][  0]LogTemp:Display: Loaded TP WindowsClientTargetPlatform
[2016.11.30-00.28.41:789][  0]LogTemp:Display: Loaded TP WindowsNoEditorTargetPlatform
[2016.11.30-00.28.41:795][  0]LogTemp:Display: Loaded TP WindowsServerTargetPlatform
[2016.11.30-00.28.41:800][  0]LogTemp:Display: Loaded TP WindowsTargetPlatform
[2016.11.30-00.28.41:803][  0]LogTemp:Display: Loaded TP AndroidTargetPlatform
[2016.11.30-00.28.41:806][  0]LogTemp:Display: Loaded TP Android_ASTCTargetPlatform
[2016.11.30-00.28.41:810][  0]LogTemp:Display: Loaded TP Android_ATCTargetPlatform
[2016.11.30-00.28.41:813][  0]LogTemp:Display: Loaded TP Android_DXTTargetPlatform
[2016.11.30-00.28.41:816][  0]LogTemp:Display: Loaded TP Android_ETC1TargetPlatform
[2016.11.30-00.28.41:820][  0]LogTemp:Display: Loaded TP Android_ETC2TargetPlatform
[2016.11.30-00.28.41:825][  0]LogTemp:Display: Loaded TP Android_PVRTCTargetPlatform
[2016.11.30-00.28.41:825][  0]LogTemp:Display: Loaded TP HTML5TargetPlatform
[2016.11.30-00.28.41:843][  0]LogTemp:Display: Loaded TP IOSTargetPlatform
[2016.11.30-00.28.41:846][  0]LogTemp:Display: Loaded TP LinuxNoEditorTargetPlatform
[2016.11.30-00.28.41:849][  0]LogTemp:Display: Loaded TP LinuxServerTargetPlatform
[2016.11.30-00.28.41:853][  0]LogTemp:Display: Loaded TP LinuxTargetPlatform
[2016.11.30-00.28.41:853][  0]LogTargetPlatformManager:Display: Building Assets For Windows
[2016.11.30-00.28.41:941][  0]LogDerivedDataCache:Display: Max Cache Size: 512 MB
[2016.11.30-00.28.41:984][  0]LogDerivedDataCache: Loaded boot cache 0.04s 41MB C:/Users/jsoba/AppData/Local/UnrealEngine/4.9/DerivedDataCache/Boot.ddc.
[2016.11.30-00.28.41:984][  0]LogDerivedDataCache:Display: Loaded Boot cache: C:/Users/jsoba/AppData/Local/UnrealEngine/4.9/DerivedDataCache/Boot.ddc
[2016.11.30-00.28.41:984][  0]LogDerivedDataCache: FDerivedDataBackendGraph:  Pak pak cache file ../../../../../../Users/jsoba/OneDrive/Documentos/Unreal Projects/MissileCommand2/DerivedDataCache/DDC.ddp not found, will not use a pak cache.
[2016.11.30-00.28.41:984][  0]LogDerivedDataCache: Unable to find inner node Pak for hierarchical cache Hierarchy.
[2016.11.30-00.28.41:984][  0]LogDerivedDataCache: FDerivedDataBackendGraph:  CompressedPak pak cache file ../../../../../../Users/jsoba/OneDrive/Documentos/Unreal Projects/MissileCommand2/DerivedDataCache/Compressed.ddp not found, will not use a pak cache.
[2016.11.30-00.28.41:984][  0]LogDerivedDataCache: Unable to find inner node CompressedPak for hierarchical cache Hierarchy.
[2016.11.30-00.28.42:114][  0]LogDerivedDataCache:Display: Pak cache opened for reading ../../../Engine/DerivedDataCache/Compressed.ddp.
[2016.11.30-00.28.42:126][  0]LogDerivedDataCache: Using Local data cache path C:/Users/jsoba/AppData/Local/UnrealEngine/Common/DerivedDataCache: Writable
[2016.11.30-00.28.42:276][  0]LogInit: Selected Device Profile: [Windows]
[2016.11.30-00.28.42:278][  0]LogContentStreaming: Texture pool size is 1000.000000MB
[2016.11.30-00.28.42:382][  0]LogMeshUtilities: No automatic mesh reduction module available
[2016.11.30-00.28.42:382][  0]LogMeshUtilities: No automatic mesh merging module available
[2016.11.30-00.28.42:581][  0]LogInit: WinSock: version 1.1 (2.2), MaxSocks=32767, MaxUdp=65467
[2016.11.30-00.28.42:803][  0]LogWindowsMoviePlayer: Unable to load movie: ../../../../../../Users/jsoba/OneDrive/Documentos/Unreal Projects/MissileCommand2/Content/Movies/Default_Startup.mp4
[2016.11.30-00.28.42:921][  0]SourceControl: Info Source control is disabled
[2016.11.30-00.28.42:921][  0]SourceControl: Info Source control is disabled
[2016.11.30-00.28.42:934][  0]SourceControl: Info Source control is disabled
[2016.11.30-00.28.43:034][  0]LogLinker:Warning: Asset '../../../Engine/Plugins/Runtime/LeapMotionController/Content/LM_PassthroughMaterial.uasset' has been saved with empty engine version. The asset will be loaded but may be incompatible.
[2016.11.30-00.28.43:119][  0]LogObj: 27669 objects as part of root set at end of initial load.
[2016.11.30-00.28.43:119][  0]LogUObjectAllocator: 5775704 out of 0 bytes used by permanent object pool.
[2016.11.30-00.28.43:171][  0]LogEngine: Initializing Engine...
[2016.11.30-00.28.43:174][  0]LogHMD: Can't find Oculus library dev build: is proper Runtime installed? Version: 0.7.0.0
[2016.11.30-00.28.43:174][  0]LogHMD: SteamVR failed to initialize.  Err: 110
[2016.11.30-00.28.43:268][  0]LogInit: XAudio2 using 'Speakers (Realtek High Definition Audio)' : 8 channels at 48 kHz using 32 bits per sample (channel mask 0x63f)
[2016.11.30-00.28.43:303][  0]LogInit: FAudioDevice initialized.
[2016.11.30-00.28.43:306][  0]LogInit: Texture streaming: Enabled
[2016.11.30-00.28.43:366][  0]LogNet: Browse: /Temp/Autosaves/Game/FirstPersonBP/Maps/UEDPCFirstPersonExampleMap?Name=Player
[2016.11.30-00.28.43:367][  0]LogLoad: LoadMap: /Temp/Autosaves/Game/FirstPersonBP/Maps/UEDPCFirstPersonExampleMap?Name=Player
[2016.11.30-00.28.43:376][  0]LogParticles: Destroying 0 GPU particle simulations for FXSystem 0x000001C744395120
[2016.11.30-00.28.43:386][  0]LogMemory: Platform Memory Stats for Windows
[2016.11.30-00.28.43:386][  0]LogMemory: Process Physical Memory: 392.79 MB used, 392.79 MB peak
[2016.11.30-00.28.43:386][  0]LogMemory: Process Virtual Memory: 458.83 MB used, 458.84 MB peak
[2016.11.30-00.28.43:386][  0]LogMemory: Physical Memory: 7614.53 MB used, 16299.20 MB total
[2016.11.30-00.28.43:386][  0]LogMemory: Virtual Memory: 1023.36 MB used, 134217728.00 MB total
[2016.11.30-00.28.43:386][  0]LogMemory: 
[2016.11.30-00.28.43:386][  0]Allocator Stats for TBB: (not implemented)
[2016.11.30-00.28.43:453][  0]LogLinker:Warning: Asset '../../../../../../Users/jsoba/OneDrive/Documentos/Unreal Projects/MissileCommand2/Content/FirstPerson/Meshes/FirstPersonProjectileMesh.uasset' has been saved with empty engine version. The asset will be loaded but may be incompatible.
[2016.11.30-00.28.43:496][  0]LogLinker:Warning: CreateImport: Failed to load Outer for resource 'Arrow': FirstPersonCharacter_C /Game/FirstPersonBP/Blueprints/FirstPersonCharacter.Default__FirstPersonCharacter_C
[2016.11.30-00.28.43:790][  0]LogAIModule: Creating AISystem for world FirstPersonExampleMap
[2016.11.30-00.28.43:790][  0]LogWorld: Game class is 'MissileCommandGM_C'
[2016.11.30-00.28.43:795][  0]LogWorld: Bringing World /Temp/Autosaves/Game/FirstPersonBP/Maps/UEDPCFirstPersonExampleMap.FirstPersonExampleMap up for play (max tick rate 0) at 2016.11.29-19.28.43
[2016.11.30-00.28.43:795][  0]LogWorld: Bringing up level for play took: 0.004955
[2016.11.30-00.28.43:797][  0]LogInit:Display: Game Engine Initialized.
[2016.11.30-00.28.44:017][  0]LogLoad: Full Startup: 4.65 seconds (BP compile: 0.09 seconds)
[2016.11.30-00.28.44:033][  0]LogWindowsTextInputMethodSystem:Display: IME system now deactivated.
[2016.11.30-00.28.44:075][  0]LogRenderer: Reallocating scene render targets to support 128x128 (Frame:1).
[2016.11.30-00.28.44:141][  1]LogRenderer: Reallocating scene render targets to support 1280x720 (Frame:2).
[2016.11.30-00.28.47:312][197]LogBlueprintUserMessages: [Misil1_C_0] ColisionCaja
[2016.11.30-00.28.48:602][277]LogBlueprintUserMessages: [Misil1_C_1] ColisionCaja
[2016.11.30-00.28.48:716][284]LogBlueprintUserMessages: [SpawnClassMisil1_227] pegopared
[2016.11.30-00.28.50:731][409]LogBlueprintUserMessages: [Misil1_C_2] ColisionCaja
[2016.11.30-00.28.57:183][809]LogBlueprintUserMessages: [Misil1_C_3] TocoElPISO
[2016.11.30-00.28.58:795][909]LogBlueprintUserMessages: [Misil1_C_4] ColisionCaja
[2016.11.30-00.28.59:038][924]LogBlueprintUserMessages: [SpawnClassMisil1_227] pegopared
[2016.11.30-00.28.59:424][948]LogBlueprintUserMessages: [Misil1_C_5] ColisionCaja
[2016.11.30-00.29.00:957][ 43]LogBlueprintUserMessages: [Misil1_C_6] ColisionCaja
[2016.11.30-00.29.00:957][ 43]LogScript:Warning: Cannot access 'StaticMesh'. It is pending kill. Property: 'StaticMesh'
	Misil1_C /Temp/Autosaves/Game/FirstPersonBP/Maps/UEDPCFirstPersonExampleMap.FirstPersonExampleMap:PersistentLevel.Misil1_C_6
	Function /Game/FirstPersonBP/Misiles/Misil1.Misil1_C:ExecuteUbergraph_Misil1:0271
[2016.11.30-00.29.00:957][ 43]LogBlueprintUserMessages: [Misil1_C_6] TocoElPISO
[2016.11.30-00.29.02:892][163]LogBlueprintUserMessages: [Misil1_C_7] ColisionCaja
[2016.11.30-00.29.04:473][261]LogBlueprintUserMessages: [Misil1_C_8] ColisionCaja
[2016.11.30-00.29.04:473][261]LogScript:Warning: Cannot access 'StaticMesh'. It is pending kill. Property: 'StaticMesh'
	Misil1_C /Temp/Autosaves/Game/FirstPersonBP/Maps/UEDPCFirstPersonExampleMap.FirstPersonExampleMap:PersistentLevel.Misil1_C_8
	Function /Game/FirstPersonBP/Misiles/Misil1.Misil1_C:ExecuteUbergraph_Misil1:0271
[2016.11.30-00.29.04:473][261]LogBlueprintUserMessages: [Misil1_C_8] TocoElPISO
[2016.11.30-00.29.04:715][276]LogBlueprintUserMessages: [SpawnClassMisil1_227] pegopared
[2016.11.30-00.29.05:747][340]LogBlueprintUserMessages: [Misil1_C_9] ColisionCaja
[2016.11.30-00.29.07:973][478]LogBlueprintUserMessages: [Misil1_C_10] ColisionCaja
[2016.11.30-00.29.09:483][570]LogWindowsTextInputMethodSystem:Display: IME system now deactivated.
[2016.11.30-00.29.09:486][570]LogEngine: All Windows Closed
[2016.11.30-00.29.09:486][570]LogWindows: FPlatformMisc::RequestExit(0)
[2016.11.30-00.29.10:195][571]LogExit: Preparing to exit.
[2016.11.30-00.29.10:314][571]LogExit: Game engine shut down
[2016.11.30-00.29.10:315][571]LogParticles: Destroying 0 GPU particle simulations for FXSystem 0x000001C738DFF420
[2016.11.30-00.29.10:424][571]LogExit: Object subsystem successfully closed.
[2016.11.30-00.29.10:440][571]LogD3D11RHI: Shutdown
[2016.11.30-00.29.10:440][571]LogD3D11RHI: CleanupD3DDevice
[2016.11.30-00.29.10:475][571]LogD3D11RHI: ~FD3D11DynamicRHI
[2016.11.30-00.29.10:487][571]LogModuleManager: Shutting down and abandoning module AndroidDeviceDetection (115)
[2016.11.30-00.29.11:065][571]LogModuleManager: Shutting down and abandoning module AutomationController (114)
[2016.11.30-00.29.11:065][571]LogModuleManager: Shutting down and abandoning module AutomationWorker (113)
[2016.11.30-00.29.11:065][571]LogModuleManager: Shutting down and abandoning module CharacterAI (112)
[2016.11.30-00.29.11:065][571]LogModuleManager: Shutting down and abandoning module AITestSuite (111)
[2016.11.30-00.29.11:065][571]LogModuleManager: Shutting down and abandoning module GameplayDebugger (110)
[2016.11.30-00.29.11:065][571]LogModuleManager: Shutting down and abandoning module AIModule (109)
[2016.11.30-00.29.11:065][571]LogModuleManager: Shutting down and abandoning module GameLiveStreaming (108)
[2016.11.30-00.29.11:066][571]LogModuleManager: Shutting down and abandoning module StreamingPauseRendering (107)
[2016.11.30-00.29.11:066][571]LogModuleManager: Shutting down and abandoning module ProfilerService (106)
[2016.11.30-00.29.11:170][571]LogModuleManager: Shutting down and abandoning module TaskGraph (105)
[2016.11.30-00.29.11:170][571]LogModuleManager: Shutting down and abandoning module SlateRemote (104)
[2016.11.30-00.29.11:170][571]LogModuleManager: Shutting down and abandoning module SteamVRController (103)
[2016.11.30-00.29.11:170][571]LogModuleManager: Shutting down and abandoning module SteamVR (102)
[2016.11.30-00.29.11:170][571]LogModuleManager: Shutting down and abandoning module ProceduralMeshComponent (101)
[2016.11.30-00.29.11:170][571]LogModuleManager: Shutting down and abandoning module OculusRift (100)
[2016.11.30-00.29.11:170][571]LogModuleManager: Shutting down and abandoning module OculusLibrary (99)
[2016.11.30-00.29.11:170][571]LogModuleManager: Shutting down and abandoning module LeapMotionController (98)
[2016.11.30-00.29.11:208][571]LogModuleManager: Shutting down and abandoning module CustomMeshComponent (97)
[2016.11.30-00.29.11:208][571]LogModuleManager: Shutting down and abandoning module CableComponent (96)
[2016.11.30-00.29.11:208][571]LogModuleManager: Shutting down and abandoning module ArchVisCharacter (95)
[2016.11.30-00.29.11:208][571]LogModuleManager: Shutting down and abandoning module HTML5Networking (94)
[2016.11.30-00.29.11:208][571]LogModuleManager: Shutting down and abandoning module DesktopPlatform (93)
[2016.11.30-00.29.11:208][571]LogModuleManager: Shutting down and abandoning module DirectoryWatcher (92)
[2016.11.30-00.29.11:208][571]LogModuleManager: Shutting down and abandoning module HotReload (91)
[2016.11.30-00.29.11:208][571]LogModuleManager: Shutting down and abandoning module VisualStudioSourceCodeAccess (90)
[2016.11.30-00.29.11:208][571]LogModuleManager: Shutting down and abandoning module UObjectPlugin (89)
[2016.11.30-00.29.11:208][571]LogModuleManager: Shutting down and abandoning module SubversionSourceControl (88)
[2016.11.30-00.29.11:208][571]LogModuleManager: Shutting down and abandoning module SourceControl (87)
[2016.11.30-00.29.11:208][571]LogModuleManager: Shutting down and abandoning module PerforceSourceControl (86)
[2016.11.30-00.29.11:208][571]LogModuleManager: Shutting down and abandoning module UdpMessaging (85)
[2016.11.30-00.29.11:208][571]LogModuleManager: Shutting down and abandoning module LightPropagationVolumeRuntime (84)
[2016.11.30-00.29.11:208][571]LogModuleManager: Shutting down and abandoning module Paper2D (83)
[2016.11.30-00.29.11:208][571]LogModuleManager: Shutting down and abandoning module WindowsMoviePlayer (82)
[2016.11.30-00.29.11:211][571]LogModuleManager: Shutting down and abandoning module Media (81)
[2016.11.30-00.29.11:211][571]LogModuleManager: Shutting down and abandoning module WmfMedia (80)
[2016.11.30-00.29.11:211][571]LogModuleManager: Shutting down and abandoning module OnlineBlueprintSupport (79)
[2016.11.30-00.29.11:211][571]LogModuleManager: Shutting down and abandoning module GameplayTasksEditor (78)
[2016.11.30-00.29.11:211][571]LogModuleManager: Shutting down and abandoning module PropertyEditor (77)
[2016.11.30-00.29.11:211][571]LogModuleManager: Shutting down and abandoning module BehaviorTreeEditor (76)
[2016.11.30-00.29.11:211][571]LogModuleManager: Shutting down and abandoning module FunctionalTesting (75)
[2016.11.30-00.29.11:211][571]LogModuleManager: Shutting down and abandoning module CollisionAnalyzer (74)
[2016.11.30-00.29.11:211][571]LogModuleManager: Shutting down and abandoning module WorkspaceMenuStructure (73)
[2016.11.30-00.29.11:211][571]LogModuleManager: Shutting down and abandoning module MessageLog (72)
[2016.11.30-00.29.11:211][571]LogModuleManager: Shutting down and abandoning module Sequencer (71)
[2016.11.30-00.29.11:211][571]LogModuleManager: Shutting down and abandoning module AssetTools (70)
[2016.11.30-00.29.11:211][571]LogModuleManager: Shutting down and abandoning module UMGEditor (69)
[2016.11.30-00.29.11:211][571]LogModuleManager: Shutting down and abandoning module UMG (68)
[2016.11.30-00.29.11:211][571]LogModuleManager: Shutting down and abandoning module Slate (67)
[2016.11.30-00.29.11:211][571]LogModuleManager: Shutting down and abandoning module EditorStyle (66)
[2016.11.30-00.29.11:213][571]LogModuleManager: Shutting down and abandoning module SessionServices (65)
[2016.11.30-00.29.11:213][571]LogModuleManager: Shutting down and abandoning module SourceCodeAccess (64)
[2016.11.30-00.29.11:213][571]LogModuleManager: Shutting down and abandoning module HeadMountedDisplay (63)
[2016.11.30-00.29.11:213][571]LogModuleManager: Shutting down and abandoning module XAudio2 (62)
[2016.11.30-00.29.11:213][571]LogModuleManager: Shutting down and abandoning module Networking (60)
[2016.11.30-00.29.11:213][571]LogModuleManager: Shutting down and abandoning module Core (59)
[2016.11.30-00.29.11:213][571]LogModuleManager: Shutting down and abandoning module KismetCompiler (58)
[2016.11.30-00.29.11:213][571]LogModuleManager: Shutting down and abandoning module PhysXFormats (57)
[2016.11.30-00.29.11:213][571]LogModuleManager: Shutting down and abandoning module MeshUtilities (56)
[2016.11.30-00.29.11:213][571]LogModuleManager: Shutting down and abandoning module CookingStats (55)
[2016.11.30-00.29.11:214][571]LogModuleManager: Shutting down and abandoning module DerivedDataCache (54)
[2016.11.30-00.29.11:645][571]LogDerivedDataCache: Shutdown
[2016.11.30-00.29.11:645][571]LogModuleManager: Shutting down and abandoning module ShaderFormatOpenGL (53)
[2016.11.30-00.29.11:645][571]LogModuleManager: Shutting down and abandoning module ShaderFormatD3D (52)
[2016.11.30-00.29.11:645][571]LogModuleManager: Shutting down and abandoning module MetalShaderFormat (51)
[2016.11.30-00.29.11:645][571]LogModuleManager: Shutting down and abandoning module TextureFormatUncompressed (50)
[2016.11.30-00.29.11:645][571]LogModuleManager: Shutting down and abandoning module TextureFormatPVR (49)
[2016.11.30-00.29.11:645][571]LogModuleManager: Shutting down and abandoning module TextureFormatIntelISPCTexComp (48)
[2016.11.30-00.29.11:645][571]LogModuleManager: Shutting down and abandoning module TextureFormatDXT (47)
[2016.11.30-00.29.11:645][571]LogModuleManager: Shutting down and abandoning module ImageWrapper (46)
[2016.11.30-00.29.11:645][571]LogModuleManager: Shutting down and abandoning module TextureFormatASTC (45)
[2016.11.30-00.29.11:645][571]LogModuleManager: Shutting down and abandoning module TextureFormatAndroid (44)
[2016.11.30-00.29.11:645][571]LogModuleManager: Shutting down and abandoning module AudioFormatOpus (43)
[2016.11.30-00.29.11:645][571]LogModuleManager: Shutting down and abandoning module AudioFormatOgg (42)
[2016.11.30-00.29.11:645][571]LogModuleManager: Shutting down and abandoning module AudioFormatADPCM (41)
[2016.11.30-00.29.11:645][571]LogModuleManager: Shutting down and abandoning module LinuxTargetPlatform (40)
[2016.11.30-00.29.11:645][571]LogModuleManager: Shutting down and abandoning module LinuxServerTargetPlatform (39)
[2016.11.30-00.29.11:645][571]LogModuleManager: Shutting down and abandoning module LinuxNoEditorTargetPlatform (38)
[2016.11.30-00.29.11:645][571]LogModuleManager: Shutting down and abandoning module Messaging (37)
[2016.11.30-00.29.11:645][571]LogModuleManager: Shutting down and abandoning module IOSTargetPlatform (36)
[2016.11.30-00.29.11:645][571]LogModuleManager: Shutting down and abandoning module HTML5TargetPlatform (35)
[2016.11.30-00.29.11:645][571]LogModuleManager: Shutting down and abandoning module Android_PVRTCTargetPlatform (34)
[2016.11.30-00.29.11:645][571]LogModuleManager: Shutting down and abandoning module Android_ETC2TargetPlatform (33)
[2016.11.30-00.29.11:645][571]LogModuleManager: Shutting down and abandoning module Android_ETC1TargetPlatform (32)
[2016.11.30-00.29.11:645][571]LogModuleManager: Shutting down and abandoning module Android_DXTTargetPlatform (31)
[2016.11.30-00.29.11:645][571]LogModuleManager: Shutting down and abandoning module Android_ATCTargetPlatform (30)
[2016.11.30-00.29.11:645][571]LogModuleManager: Shutting down and abandoning module Android_ASTCTargetPlatform (29)
[2016.11.30-00.29.11:645][571]LogModuleManager: Shutting down and abandoning module AndroidTargetPlatform (28)
[2016.11.30-00.29.11:645][571]LogModuleManager: Shutting down and abandoning module WindowsTargetPlatform (27)
[2016.11.30-00.29.11:645][571]LogModuleManager: Shutting down and abandoning module WindowsServerTargetPlatform (26)
[2016.11.30-00.29.11:645][571]LogModuleManager: Shutting down and abandoning module WindowsNoEditorTargetPlatform (25)
[2016.11.30-00.29.11:645][571]LogModuleManager: Shutting down and abandoning module WindowsClientTargetPlatform (24)
[2016.11.30-00.29.11:645][571]LogModuleManager: Shutting down and abandoning module AllDesktopTargetPlatform (23)
[2016.11.30-00.29.11:645][571]LogModuleManager: Shutting down and abandoning module TargetPlatform (22)
[2016.11.30-00.29.11:645][571]LogModuleManager: Shutting down and abandoning module InputCore (21)
[2016.11.30-00.29.11:645][571]LogModuleManager: Shutting down and abandoning module Settings (20)
[2016.11.30-00.29.11:645][571]LogModuleManager: Shutting down and abandoning module OnlineSubsystem (18)
[2016.11.30-00.29.11:645][571]LogModuleManager: Shutting down and abandoning module HTTP (17)
[2016.11.30-00.29.11:645][571]LogModuleManager: Shutting down and abandoning module XMPP (16)
[2016.11.30-00.29.11:645][571]LogModuleManager: Shutting down and abandoning module ExampleDeviceProfileSelector (15)
[2016.11.30-00.29.11:645][571]LogModuleManager: Shutting down and abandoning module TextureCompressor (14)
[2016.11.30-00.29.11:645][571]LogModuleManager: Shutting down and abandoning module ShaderCore (13)
[2016.11.30-00.29.11:645][571]LogModuleManager: Shutting down and abandoning module Landscape (12)
[2016.11.30-00.29.11:645][571]LogModuleManager: Shutting down and abandoning module SlateRHIRenderer (11)
[2016.11.30-00.29.11:646][571]LogModuleManager: Shutting down and abandoning module OpenGLDrv (10)
[2016.11.30-00.29.11:646][571]LogModuleManager: Shutting down and abandoning module D3D11RHI (9)
[2016.11.30-00.29.11:646][571]LogModuleManager: Shutting down and abandoning module AnimGraphRuntime (8)
[2016.11.30-00.29.11:646][571]LogModuleManager: Shutting down and abandoning module Renderer (7)
[2016.11.30-00.29.11:646][571]LogModuleManager: Shutting down and abandoning module Engine (6)
[2016.11.30-00.29.11:646][571]LogModuleManager: Shutting down and abandoning module CoreUObject (5)
[2016.11.30-00.29.11:646][571]LogModuleManager: Shutting down and abandoning module NetworkFile (4)
[2016.11.30-00.29.11:646][571]LogModuleManager: Shutting down and abandoning module StreamingFile (3)
[2016.11.30-00.29.11:646][571]LogModuleManager: Shutting down and abandoning module SandboxFile (2)
[2016.11.30-00.29.11:646][571]LogModuleManager: Shutting down and abandoning module PakFile (1)
[2016.11.30-00.29.11:646][571]LogExit: Exiting.
[2016.11.30-00.29.11:648][571]Log file closed, 11/29/16 19:29:11
