[2016.12.17-21.18.18:713][  0]Log file open, 12/17/16 16:18:18
[2016.12.17-21.18.18:713][  0]LogInit:Display: Running engine for game: MissileCommand2
[2016.12.17-21.18.18:713][  0]LogInit:Display: RandInit(-1302545017) SRandInit(-1302545017).
[2016.12.17-21.18.18:713][  0]LogTaskGraph: Started task graph with 4 named threads and 7 total threads.
[2016.12.17-21.18.18:713][  0]LogStats: Stats thread started at 0.126807
[2016.12.17-21.18.18:713][  0]LogInit: Version: 4.9.2-2707645+++depot+UE4-Releases+4.9
[2016.12.17-21.18.18:713][  0]LogInit: API Version: 2672455
[2016.12.17-21.18.18:713][  0]LogInit: Compiled (64-bit): Sep 28 2015 10:25:44
[2016.12.17-21.18.18:713][  0]LogInit: Compiled with Visual C++: 18.00.21005.01
[2016.12.17-21.18.18:713][  0]LogInit: Build Configuration: Development
[2016.12.17-21.18.18:713][  0]LogInit: Branch Name: ++depot+UE4-Releases+4.9
[2016.12.17-21.18.18:713][  0]LogInit: Command line:  
[2016.12.17-21.18.18:713][  0]LogInit: Base directory: C:/Program Files/Epic Games/4.9/Engine/Binaries/Win64/
[2016.12.17-21.18.18:713][  0]LogInit: Rocket: 1
[2016.12.17-21.18.18:776][  0]LogInit: Using libcurl 7.41.0
[2016.12.17-21.18.18:776][  0]LogInit:  - built for x86_64-pc-win32
[2016.12.17-21.18.18:776][  0]LogInit:  - supports SSL with WinSSL
[2016.12.17-21.18.18:776][  0]LogInit:  - other features:
[2016.12.17-21.18.18:776][  0]LogInit:      CURL_VERSION_SSL
[2016.12.17-21.18.18:776][  0]LogInit:      CURL_VERSION_IPV6
[2016.12.17-21.18.18:776][  0]LogInit:      CURL_VERSION_ASYNCHDNS
[2016.12.17-21.18.18:776][  0]LogInit:      CURL_VERSION_LARGEFILE
[2016.12.17-21.18.18:776][  0]LogInit:      CURL_VERSION_IDN
[2016.12.17-21.18.18:776][  0]LogInit:  CurlRequestOptions (configurable via config and command line):
[2016.12.17-21.18.18:776][  0]LogInit:  - bVerifyPeer = true  - Libcurl will verify peer certificate
[2016.12.17-21.18.18:776][  0]LogInit:  - bUseHttpProxy = false  - Libcurl will NOT use HTTP proxy
[2016.12.17-21.18.18:776][  0]LogInit:  - bDontReuseConnections = false  - Libcurl will reuse connections
[2016.12.17-21.18.18:776][  0]LogInit:  - CertBundlePath = nullptr  - Libcurl will use whatever was configured at build time.
[2016.12.17-21.18.18:857][  0]LogInit: Presizing for 0 objects not considered by GC, pre-allocating 0 bytes.
[2016.12.17-21.18.18:863][  0]LogInit: Object subsystem initialized
[2016.12.17-21.18.18:864][  0]LogInit: Selected Device Profile: [Windows]
[2016.12.17-21.18.18:864][  0]LogInit: Applying CVar settings loaded from the selected device profile: [Windows]
[2016.12.17-21.18.18:892][  0]LogInit: Computer: MSI
[2016.12.17-21.18.18:892][  0]LogInit: User: jsoba
[2016.12.17-21.18.18:892][  0]LogInit: CPU Page size=4096, Cores=4
[2016.12.17-21.18.18:892][  0]LogInit: High frequency timer resolution =2.630616 MHz
[2016.12.17-21.18.18:892][  0]LogMemory: Memory total: Physical=15.9GB (16GB approx)
[2016.12.17-21.18.18:892][  0]LogMemory: Platform Memory Stats for Windows
[2016.12.17-21.18.18:892][  0]LogMemory: Process Physical Memory: 55.33 MB used, 55.33 MB peak
[2016.12.17-21.18.18:892][  0]LogMemory: Process Virtual Memory: 56.60 MB used, 56.60 MB peak
[2016.12.17-21.18.18:892][  0]LogMemory: Physical Memory: 7124.24 MB used, 16299.20 MB total
[2016.12.17-21.18.18:892][  0]LogMemory: Virtual Memory: 370.91 MB used, 134217728.00 MB total
[2016.12.17-21.18.19:942][  0]LogTextLocalizationManager: No specific translations for ('en-US') exist, so ('en') translations will be used.
[2016.12.17-21.18.20:942][  0]LogD3D11RHI: Found D3D11 adapter 0: NVIDIA GeForce GTX 970M        (Feature Level 11_0)
[2016.12.17-21.18.20:942][  0]LogD3D11RHI: Adapter has 2991MB of dedicated video memory, 0MB of dedicated system memory, and 8149MB of shared system memory, 1 output[s]
[2016.12.17-21.18.20:946][  0]LogD3D11RHI: Found D3D11 adapter 1: Intel(R) HD Graphics 5600 (Feature Level 11_0)
[2016.12.17-21.18.20:946][  0]LogD3D11RHI: Adapter has 128MB of dedicated video memory, 0MB of dedicated system memory, and 8149MB of shared system memory, 0 output[s]
[2016.12.17-21.18.20:948][  0]LogD3D11RHI: Found D3D11 adapter 2: Microsoft Basic Render Driver (Feature Level 11_0)
[2016.12.17-21.18.20:948][  0]LogD3D11RHI: Adapter has 0MB of dedicated video memory, 0MB of dedicated system memory, and 8149MB of shared system memory, 0 output[s]
[2016.12.17-21.18.20:948][  0]LogD3D11RHI: Chosen D3D11 Adapter Id = 0
[2016.12.17-21.18.20:955][  0]LogD3D11RHI: !Direct3DDevice
[2016.12.17-21.18.20:955][  0]LogRHI: Texture pool is 1361 MB (70% of 1945 MB)
[2016.12.17-21.18.20:967][  0]LogD3D11RHI: Async texture creation enabled
[2016.12.17-21.18.20:980][  0]LogShaderCompilers: Guid format shader working directory is 14 characters bigger than the processId version (../../../../../../Users/jsoba/OneDrive/Documentos/Unreal Projects/MissileCommand2/ProyectoFinal_JObando_PTrujillo/Intermediate/Shaders/WorkingDirectory/12372/).
[2016.12.17-21.18.20:980][  0]LogShaderCompilers: Cleaned the shader compiler working directory '../../../../../../Users/jsoba/OneDrive/Documentos/Unreal Projects/MissileCommand2/ProyectoFinal_JObando_PTrujillo/Intermediate/Shaders/tmp/EB2E142C44DEC7BE1E927A9A78FA0E77/'.
[2016.12.17-21.18.20:980][  0]LogShaderCompilers:Display: Using Local Shader Compiler.
[2016.12.17-21.18.23:741][  0]LogTemp:Display: Loaded TP AllDesktopTargetPlatform
[2016.12.17-21.18.23:748][  0]LogTemp:Display: Loaded TP WindowsClientTargetPlatform
[2016.12.17-21.18.23:754][  0]LogTemp:Display: Loaded TP WindowsNoEditorTargetPlatform
[2016.12.17-21.18.23:760][  0]LogTemp:Display: Loaded TP WindowsServerTargetPlatform
[2016.12.17-21.18.23:769][  0]LogTemp:Display: Loaded TP WindowsTargetPlatform
[2016.12.17-21.18.23:775][  0]LogTemp:Display: Loaded TP AndroidTargetPlatform
[2016.12.17-21.18.23:780][  0]LogTemp:Display: Loaded TP Android_ASTCTargetPlatform
[2016.12.17-21.18.23:786][  0]LogTemp:Display: Loaded TP Android_ATCTargetPlatform
[2016.12.17-21.18.23:789][  0]LogTemp:Display: Loaded TP Android_DXTTargetPlatform
[2016.12.17-21.18.23:793][  0]LogTemp:Display: Loaded TP Android_ETC1TargetPlatform
[2016.12.17-21.18.23:796][  0]LogTemp:Display: Loaded TP Android_ETC2TargetPlatform
[2016.12.17-21.18.23:801][  0]LogTemp:Display: Loaded TP Android_PVRTCTargetPlatform
[2016.12.17-21.18.23:801][  0]LogTemp:Display: Loaded TP HTML5TargetPlatform
[2016.12.17-21.18.23:889][  0]LogTemp:Display: Loaded TP IOSTargetPlatform
[2016.12.17-21.18.23:893][  0]LogTemp:Display: Loaded TP LinuxNoEditorTargetPlatform
[2016.12.17-21.18.23:897][  0]LogTemp:Display: Loaded TP LinuxServerTargetPlatform
[2016.12.17-21.18.23:904][  0]LogTemp:Display: Loaded TP LinuxTargetPlatform
[2016.12.17-21.18.23:904][  0]LogTargetPlatformManager:Display: Building Assets For Windows
[2016.12.17-21.18.24:658][  0]LogDerivedDataCache:Display: Max Cache Size: 512 MB
[2016.12.17-21.18.24:714][  0]LogDerivedDataCache: Loaded boot cache 0.06s 41MB C:/Users/jsoba/AppData/Local/UnrealEngine/4.9/DerivedDataCache/Boot.ddc.
[2016.12.17-21.18.24:714][  0]LogDerivedDataCache:Display: Loaded Boot cache: C:/Users/jsoba/AppData/Local/UnrealEngine/4.9/DerivedDataCache/Boot.ddc
[2016.12.17-21.18.24:714][  0]LogDerivedDataCache: FDerivedDataBackendGraph:  Pak pak cache file ../../../../../../Users/jsoba/OneDrive/Documentos/Unreal Projects/MissileCommand2/ProyectoFinal_JObando_PTrujillo/DerivedDataCache/DDC.ddp not found, will not use a pak cache.
[2016.12.17-21.18.24:714][  0]LogDerivedDataCache: Unable to find inner node Pak for hierarchical cache Hierarchy.
[2016.12.17-21.18.24:714][  0]LogDerivedDataCache: FDerivedDataBackendGraph:  CompressedPak pak cache file ../../../../../../Users/jsoba/OneDrive/Documentos/Unreal Projects/MissileCommand2/ProyectoFinal_JObando_PTrujillo/DerivedDataCache/Compressed.ddp not found, will not use a pak cache.
[2016.12.17-21.18.24:714][  0]LogDerivedDataCache: Unable to find inner node CompressedPak for hierarchical cache Hierarchy.
[2016.12.17-21.18.24:901][  0]LogDerivedDataCache:Display: Pak cache opened for reading ../../../Engine/DerivedDataCache/Compressed.ddp.
[2016.12.17-21.18.24:913][  0]LogDerivedDataCache: Using Local data cache path C:/Users/jsoba/AppData/Local/UnrealEngine/Common/DerivedDataCache: Writable
[2016.12.17-21.18.32:101][  0]LogInit: Selected Device Profile: [Windows]
[2016.12.17-21.18.32:104][  0]LogContentStreaming: Texture pool size is 0.000000MB
[2016.12.17-21.18.32:267][  0]LogMeshUtilities: No automatic mesh reduction module available
[2016.12.17-21.18.32:267][  0]LogMeshUtilities: No automatic mesh merging module available
[2016.12.17-21.18.33:029][  0]LogInit: WinSock: version 1.1 (2.2), MaxSocks=32767, MaxUdp=65467
[2016.12.17-21.18.37:374][  0]UdpMessaging: Initializing bridge on interface 0.0.0.0:0 to multicast group 230.0.0.1:6666.
[2016.12.17-21.18.37:563][  0]LogAssetRegistry: FAssetRegistry took 0.0109 seconds to start up
[2016.12.17-21.18.37:865][  0]SourceControl: Info Source control is disabled
[2016.12.17-21.18.37:866][  0]SourceControl: Info Source control is disabled
[2016.12.17-21.18.37:878][  0]SourceControl: Info Source control is disabled
[2016.12.17-21.18.37:892][  0]SourceControl: Info Source control is disabled
[2016.12.17-21.18.38:286][  0]LogLinker:Warning: Asset '../../../Engine/Plugins/Runtime/LeapMotionController/Content/LM_PassthroughMaterial.uasset' has been saved with empty engine version. The asset will be loaded but may be incompatible.
[2016.12.17-21.18.38:447][  0]LogObj: 28361 objects as part of root set at end of initial load.
[2016.12.17-21.18.38:447][  0]LogUObjectAllocator: 6038872 out of 0 bytes used by permanent object pool.
[2016.12.17-21.18.38:528][  0]LogEngine: Initializing Engine...
[2016.12.17-21.18.38:532][  0]LogHMD: Can't find Oculus library dev build: is proper Runtime installed? Version: 0.7.0.0
[2016.12.17-21.18.38:558][  0]LogHMD: SteamVR failed to initialize.  Err: 110
[2016.12.17-21.18.38:781][  0]LogAIModule: Creating AISystem for world NewWorld
[2016.12.17-21.18.38:785][  0]LogInit: XAudio2 using 'Speakers (Realtek High Definition Audio)' : 8 channels at 48 kHz using 32 bits per sample (channel mask 0x63f)
[2016.12.17-21.18.38:826][  0]LogInit: FAudioDevice initialized.
[2016.12.17-21.18.38:850][  0]LogDerivedDataCache: Saved boot cache 0.02s 41MB C:/Users/jsoba/AppData/Local/UnrealEngine/4.9/DerivedDataCache/Boot.ddc.
[2016.12.17-21.18.38:856][  0]LogInit: Texture streaming: Enabled
[2016.12.17-21.18.38:864][  0]LogAnalytics: Creating configured Analytics provider AnalyticsET
[2016.12.17-21.18.38:864][  0]LogAnalytics: [UEEditor.Rocket.Release] APIServer = http://et2.epicgames.com/ET2/. AppVersion = 4.9.2-2707645+++depot+UE4-Releases+4.9
[2016.12.17-21.18.38:864][  0]LogAnalytics: [UEEditor.Rocket.Release] SetUserId 56f1b5ec420c3c923850ebbc03a41376|a1c3604e7a24486293c4422910c37ebe|3593c830-db43-489c-b164-98315b6fabc3
[2016.12.17-21.18.38:864][  0]LogAnalytics: [UEEditor.Rocket.Release] AnalyticsET::StartSession
[2016.12.17-21.18.38:919][  0]LogInit: Transaction tracking system initialized
[2016.12.17-21.18.38:954][  0]BlueprintLog: New page: Editor Load
[2016.12.17-21.18.39:180][  0]LocalizationService: Info Localization service is disabled
[2016.12.17-21.18.39:373][  0]LogConsoleResponse:Display: 
[2016.12.17-21.18.39:731][  0]LogCook:Display: Done creating registry. It took  0.00s.
[2016.12.17-21.18.39:879][  0]LogFileCache: Scanning file cache for directory 'C:/Users/jsoba/OneDrive/Documentos/Unreal Projects/MissileCommand2/ProyectoFinal_JObando_PTrujillo/Content/' took 0.02s
[2016.12.17-21.18.39:879][  0]SourceControl: Info Source control is disabled
[2016.12.17-21.18.39:883][  0]LightingResults: New page: Lighting Build
[2016.12.17-21.18.39:886][  0]MapCheck: New page: Map Check
[2016.12.17-21.18.39:886][  0]LightingResults: New page: Lighting Build
[2016.12.17-21.18.39:898][  0]LogParticles: Destroying 0 GPU particle simulations for FXSystem 0x0000029A0A4CE160
[2016.12.17-21.18.40:380][  0]LogBlueprint:Warning: [compiler SpawnClassMisil4Izquierda] Warning 'Item' is already a 'Misil 4', you don't need  Cast To Misil4 .
[2016.12.17-21.18.40:386][  0]LogBlueprint:Warning: [compiler SpawnClassMisil4Izquierda] Warning [0023.21] Compile of SpawnClassMisil4Izquierda successful, but with 1 Warning(s) [in 15 ms]
[2016.12.17-21.18.40:386][  0]LogBlueprint:Warning: [compiler SpawnClassMisil4Izquierda] Warning [0023.21] Compile of SpawnClassMisil4Izquierda successful, but with 2 Warning(s) [in 0 ms]
[2016.12.17-21.18.40:386][  0]LogBlueprint:Warning: [compiler SpawnClassMisil4Izquierda] Warning [0023.21] Compile of SpawnClassMisil4Izquierda successful, but with 3 Warning(s) [in 0 ms]
[2016.12.17-21.18.40:451][  0]LogBlueprint:Warning: [compiler SpawnClassMisil3Derecha] Warning 'Item' is already a 'Misil 3', you don't need  Cast To Misil3 .
[2016.12.17-21.18.40:456][  0]LogBlueprint:Warning: [compiler SpawnClassMisil3Derecha] Warning [0023.28] Compile of SpawnClassMisil3Derecha successful, but with 1 Warning(s) [in 15 ms]
[2016.12.17-21.18.40:457][  0]LogBlueprint:Warning: [compiler SpawnClassMisil3Derecha] Warning [0023.28] Compile of SpawnClassMisil3Derecha successful, but with 2 Warning(s) [in 0 ms]
[2016.12.17-21.18.40:457][  0]LogBlueprint:Warning: [compiler SpawnClassMisil3Derecha] Warning [0023.28] Compile of SpawnClassMisil3Derecha successful, but with 3 Warning(s) [in 0 ms]
[2016.12.17-21.18.40:514][  0]LogBlueprint:Warning: [compiler SpawnClassMisil2Frontal] Warning 'Item' is already a 'Misil 2', you don't need  Cast To Misil2 .
[2016.12.17-21.18.40:517][  0]LogBlueprint:Warning: [compiler SpawnClassMisil2Frontal] Warning [0023.34] Compile of SpawnClassMisil2Frontal successful, but with 1 Warning(s) [in 10 ms]
[2016.12.17-21.18.40:517][  0]LogBlueprint:Warning: [compiler SpawnClassMisil2Frontal] Warning [0023.34] Compile of SpawnClassMisil2Frontal successful, but with 2 Warning(s) [in 0 ms]
[2016.12.17-21.18.40:517][  0]LogBlueprint:Warning: [compiler SpawnClassMisil2Frontal] Warning [0023.34] Compile of SpawnClassMisil2Frontal successful, but with 3 Warning(s) [in 0 ms]
[2016.12.17-21.18.40:572][  0]LogBlueprint:Warning: [compiler SpawnClassMisil1Trasera] Warning 'Item' is already a 'Misil 1', you don't need  Cast To Misil1 .
[2016.12.17-21.18.40:575][  0]LogBlueprint:Warning: [compiler SpawnClassMisil1Trasera] Warning [0023.40] Compile of SpawnClassMisil1Trasera successful, but with 1 Warning(s) [in 9 ms]
[2016.12.17-21.18.40:575][  0]LogBlueprint:Warning: [compiler SpawnClassMisil1Trasera] Warning [0023.40] Compile of SpawnClassMisil1Trasera successful, but with 2 Warning(s) [in 0 ms]
[2016.12.17-21.18.40:575][  0]LogBlueprint:Warning: [compiler SpawnClassMisil1Trasera] Warning [0023.40] Compile of SpawnClassMisil1Trasera successful, but with 3 Warning(s) [in 0 ms]
[2016.12.17-21.18.40:710][  0]LogLinker:Warning: Asset '../../../../../../Users/jsoba/OneDrive/Documentos/Unreal Projects/MissileCommand2/ProyectoFinal_JObando_PTrujillo/Content/FirstPerson/Meshes/FirstPersonProjectileMesh.uasset' has been saved with empty engine version. The asset will be loaded but may be incompatible.
[2016.12.17-21.18.41:170][  0]LogBlueprint:Warning: [compiler SpawnClassMisil1Trasera] Warning 'Item' is already a 'Misil 1', you don't need  Cast To Misil1 .
[2016.12.17-21.18.41:174][  0]LogBlueprint:Warning: [compiler SpawnClassMisil1Trasera] Warning [0023.99] Compile of SpawnClassMisil1Trasera successful, but with 1 Warning(s) [in 10 ms]
[2016.12.17-21.18.41:174][  0]LogBlueprint:Warning: [compiler SpawnClassMisil1Trasera] Warning [0023.99] Compile of SpawnClassMisil1Trasera successful, but with 2 Warning(s) [in 0 ms]
[2016.12.17-21.18.41:174][  0]LogBlueprint:Warning: [compiler SpawnClassMisil1Trasera] Warning [0023.99] Compile of SpawnClassMisil1Trasera successful, but with 3 Warning(s) [in 0 ms]
[2016.12.17-21.18.41:199][  0]LogBlueprint:Warning: [compiler SpawnClassMisil2Frontal] Warning 'Item' is already a 'Misil 2', you don't need  Cast To Misil2 .
[2016.12.17-21.18.41:202][  0]LogBlueprint:Warning: [compiler SpawnClassMisil2Frontal] Warning [0024.02] Compile of SpawnClassMisil2Frontal successful, but with 1 Warning(s) [in 11 ms]
[2016.12.17-21.18.41:202][  0]LogBlueprint:Warning: [compiler SpawnClassMisil2Frontal] Warning [0024.02] Compile of SpawnClassMisil2Frontal successful, but with 2 Warning(s) [in 0 ms]
[2016.12.17-21.18.41:202][  0]LogBlueprint:Warning: [compiler SpawnClassMisil2Frontal] Warning [0024.02] Compile of SpawnClassMisil2Frontal successful, but with 3 Warning(s) [in 0 ms]
[2016.12.17-21.18.41:228][  0]LogBlueprint:Warning: [compiler SpawnClassMisil3Derecha] Warning 'Item' is already a 'Misil 3', you don't need  Cast To Misil3 .
[2016.12.17-21.18.41:231][  0]LogBlueprint:Warning: [compiler SpawnClassMisil3Derecha] Warning [0024.05] Compile of SpawnClassMisil3Derecha successful, but with 1 Warning(s) [in 11 ms]
[2016.12.17-21.18.41:231][  0]LogBlueprint:Warning: [compiler SpawnClassMisil3Derecha] Warning [0024.05] Compile of SpawnClassMisil3Derecha successful, but with 2 Warning(s) [in 0 ms]
[2016.12.17-21.18.41:231][  0]LogBlueprint:Warning: [compiler SpawnClassMisil3Derecha] Warning [0024.05] Compile of SpawnClassMisil3Derecha successful, but with 3 Warning(s) [in 0 ms]
[2016.12.17-21.18.41:258][  0]LogBlueprint:Warning: [compiler SpawnClassMisil4Izquierda] Warning 'Item' is already a 'Misil 4', you don't need  Cast To Misil4 .
[2016.12.17-21.18.41:263][  0]LogBlueprint:Warning: [compiler SpawnClassMisil4Izquierda] Warning [0024.08] Compile of SpawnClassMisil4Izquierda successful, but with 1 Warning(s) [in 12 ms]
[2016.12.17-21.18.41:263][  0]LogBlueprint:Warning: [compiler SpawnClassMisil4Izquierda] Warning [0024.08] Compile of SpawnClassMisil4Izquierda successful, but with 2 Warning(s) [in 0 ms]
[2016.12.17-21.18.41:263][  0]LogBlueprint:Warning: [compiler SpawnClassMisil4Izquierda] Warning [0024.08] Compile of SpawnClassMisil4Izquierda successful, but with 3 Warning(s) [in 0 ms]
[2016.12.17-21.18.44:040][  0]LogAIModule: Creating AISystem for world FirstPersonExampleMap
[2016.12.17-21.18.44:051][  0]LogPrimitiveComponent: Zero scaling not supported (/Game/FirstPersonBP/Maps/FirstPersonExampleMap.FirstPersonExampleMap:PersistentLevel.SpawnClassMisil4Izquierda_180.Box)
[2016.12.17-21.18.44:125][  0]LogPrimitiveComponent: Zero scaling not supported (/Game/FirstPersonBP/Maps/FirstPersonExampleMap.FirstPersonExampleMap:PersistentLevel.SpawnClassMisil4Izquierda_180.Box)
[2016.12.17-21.18.44:125][  0]LogPrimitiveComponent: Zero scaling not supported (/Game/FirstPersonBP/Maps/FirstPersonExampleMap.FirstPersonExampleMap:PersistentLevel.SpawnClassMisil4Izquierda_180.Box)
[2016.12.17-21.18.44:460][  0]LogEditorServer: Finished looking for orphan Actors (0.000 secs)
[2016.12.17-21.18.44:461][  0]Cmd: MAP CHECKDEP NOCLEARLOG
[2016.12.17-21.18.44:534][  0]MapCheck: Info Map check complete: 0 Error(s), 0 Warning(s), took 72.639ms to complete.
[2016.12.17-21.18.44:534][  0]LogFileHelpers: Loading map 'FirstPersonExampleMap' took 4.654
[2016.12.17-21.18.44:764][  0]LogCollectionManager: Loaded 0 collections in 0.003160 seconds
[2016.12.17-21.18.44:805][  0]LogFileCache: Scanning file cache for directory 'C:/Users/jsoba/OneDrive/Documentos/Unreal Projects/MissileCommand2/ProyectoFinal_JObando_PTrujillo/Saved/Collections/' took 0.01s
[2016.12.17-21.18.44:805][  0]LogFileCache: Scanning file cache for directory 'C:/Users/jsoba/OneDrive/Documentos/Unreal Projects/MissileCommand2/ProyectoFinal_JObando_PTrujillo/Content/Developers/jsoba/Collections/' took 0.01s
[2016.12.17-21.18.44:805][  0]LogFileCache: Scanning file cache for directory 'C:/Users/jsoba/OneDrive/Documentos/Unreal Projects/MissileCommand2/ProyectoFinal_JObando_PTrujillo/Content/Collections/' took 0.01s
[2016.12.17-21.18.44:805][  0]LogContentBrowser: Native class hierarchy populated in 0.0062 seconds. Added 1867 classes and 333 folders.
[2016.12.17-21.18.44:811][  0]LogCollectionManager: Rebuilt the GUID cache for 0 collections in 0.000003 seconds
[2016.12.17-21.18.44:819][  0]LogContentBrowser: Native class hierarchy updated for 'WidgetCarousel' in 0.0003 seconds. Added 0 classes and 0 folders.
[2016.12.17-21.18.45:701][  0]LogContentBrowser: Native class hierarchy updated for 'AddContentDialog' in 0.0003 seconds. Added 0 classes and 0 folders.
[2016.12.17-21.18.45:705][  0]LogContentBrowser: Native class hierarchy updated for 'SceneOutliner' in 0.0003 seconds. Added 1 classes and 2 folders.
[2016.12.17-21.18.45:810][  0]LogCrashTracker: Crashtracker disabled due to settings.
[2016.12.17-21.18.45:815][  0]LogUObjectGlobals:Warning: Failed to find object 'Class None.'
[2016.12.17-21.18.45:838][  0]LogLoad: Full Startup: 28.66 seconds (BP compile: 0.66 seconds)
[2016.12.17-21.18.45:989][  0]LogContentStreaming: Texture pool size now 1000 MB
[2016.12.17-21.18.46:141][  0]LogRenderer: Reallocating scene render targets to support 1224x468 (Frame:2).
[2016.12.17-21.18.46:738][ 11]LogAssetRegistry: Asset discovery search completed in 9.1862 seconds
[2016.12.17-21.18.46:739][ 11]LogCollectionManager: Rebuilt the object cache for 0 collections in 0.000001 seconds (found 0 objects)
[2016.12.17-21.18.46:739][ 11]LogCollectionManager: Fixed up redirectors for 0 collections in 0.000033 seconds (updated 0 objects)
[2016.12.17-21.19.01:264][351]LogBlueprintUserMessages: Early PlayInEditor Detection: Level '/Game/FirstPersonBP/Maps/FirstPersonExampleMap.FirstPersonExampleMap:PersistentLevel' has LevelScriptBlueprint '/Game/FirstPersonBP/Maps/FirstPersonExampleMap.FirstPersonExampleMap:PersistentLevel.FirstPersonExampleMap' with GeneratedClass '/Game/FirstPersonBP/Maps/FirstPersonExampleMap.FirstPersonExampleMap_C' with ClassGeneratedBy '/Game/FirstPersonBP/Maps/FirstPersonExampleMap.FirstPersonExampleMap:PersistentLevel.FirstPersonExampleMap'
[2016.12.17-21.19.01:264][351]LogPlayLevel: PlayLevel: No blueprints needed recompiling
[2016.12.17-21.19.01:264][351]PIE: New page: PIE session: FirstPersonExampleMap (Dec 17, 2016, 11:19:01 AM)
[2016.12.17-21.19.01:264][351]LogPlayLevel: Creating play world package: /Game/FirstPersonBP/Maps/UEDPIE_0_FirstPersonExampleMap
[2016.12.17-21.19.01:396][351]LogPlayLevel: PIE: StaticDuplicateObject took: (0.131605s)
[2016.12.17-21.19.01:397][351]LogAIModule: Creating AISystem for world FirstPersonExampleMap
[2016.12.17-21.19.01:397][351]LogPlayLevel: PIE: World Init took: (0.001099s)
[2016.12.17-21.19.01:398][351]LogPlayLevel: PIE: Created PIE world by copying editor world from /Game/FirstPersonBP/Maps/FirstPersonExampleMap.FirstPersonExampleMap to /Game/FirstPersonBP/Maps/UEDPIE_0_FirstPersonExampleMap.FirstPersonExampleMap (0.133038s)
[2016.12.17-21.19.01:398][351]LogActorComponent: UnregisterComponent: (/Engine/Transient.CharMoveComp) Not registered. Aborting.
[2016.12.17-21.19.01:481][351]LogInit: XAudio2 using 'Speakers (Realtek High Definition Audio)' : 8 channels at 48 kHz using 32 bits per sample (channel mask 0x63f)
[2016.12.17-21.19.01:518][351]LogInit: FAudioDevice initialized.
[2016.12.17-21.19.01:570][351]LogWorld: Game class is 'MissileCommandGM_C'
[2016.12.17-21.19.01:574][351]LogPrimitiveComponent: Zero scaling not supported (/Game/FirstPersonBP/Maps/UEDPIE_0_FirstPersonExampleMap.FirstPersonExampleMap:PersistentLevel.SpawnClassMisil4Izquierda_180.Box)
[2016.12.17-21.19.01:595][351]LogWorld: Bringing World /Game/FirstPersonBP/Maps/UEDPIE_0_FirstPersonExampleMap.FirstPersonExampleMap up for play (max tick rate 0) at 2016.12.17-16.19.01
[2016.12.17-21.19.01:595][351]LogActor:Warning: GameSession /Game/FirstPersonBP/Maps/UEDPIE_0_FirstPersonExampleMap.FirstPersonExampleMap:PersistentLevel.GameSession_0 has natively added scene component(s), but none of them were set as the actor's RootComponent - picking one arbitrarily
[2016.12.17-21.19.01:595][351]LogActor:Warning: GameNetworkManager /Game/FirstPersonBP/Maps/UEDPIE_0_FirstPersonExampleMap.FirstPersonExampleMap:PersistentLevel.GameNetworkManager_0 has natively added scene component(s), but none of them were set as the actor's RootComponent - picking one arbitrarily
[2016.12.17-21.19.01:596][351]LogWorld: Bringing up level for play took: 0.025287
[2016.12.17-21.19.01:618][351]PIE: Info Play in editor start time for /Game/FirstPersonBP/Maps/UEDPIE_0_FirstPersonExampleMap 0.227
[2016.12.17-21.19.01:619][351]LogBlueprintUserMessages: Late PlayInEditor Detection: Level '/Game/FirstPersonBP/Maps/FirstPersonExampleMap.FirstPersonExampleMap:PersistentLevel' has LevelScriptBlueprint '/Game/FirstPersonBP/Maps/FirstPersonExampleMap.FirstPersonExampleMap:PersistentLevel.FirstPersonExampleMap' with GeneratedClass '/Game/FirstPersonBP/Maps/FirstPersonExampleMap.FirstPersonExampleMap_C' with ClassGeneratedBy '/Game/FirstPersonBP/Maps/FirstPersonExampleMap.FirstPersonExampleMap:PersistentLevel.FirstPersonExampleMap'
[2016.12.17-21.19.01:643][352]LogRenderer: Reallocating scene render targets to support 1280x720 (Frame:322).
[2016.12.17-21.19.03:232][388]LogBlueprintUserMessages: [SpawnClassMisil3Derecha_183] 0
[2016.12.17-21.19.05:233][436]LogBlueprintUserMessages: [SpawnClassMisil3Derecha_183] 0
[2016.12.17-21.19.07:251][486]LogBlueprintUserMessages: [SpawnClassMisil3Derecha_183] 0
[2016.12.17-21.19.09:259][537]LogBlueprintUserMessages: [SpawnClassMisil3Derecha_183] 0
[2016.12.17-21.19.11:290][585]LogBlueprintUserMessages: [SpawnClassMisil3Derecha_183] 1
[2016.12.17-21.19.13:312][632]LogBlueprintUserMessages: [SpawnClassMisil3Derecha_183] 1
[2016.12.17-21.19.15:356][682]LogBlueprintUserMessages: [SpawnClassMisil3Derecha_183] 1
[2016.12.17-21.19.15:799][693]LogScript:Warning: FLatentActionManager::ProcessLatentActions: CallbackTarget is None.
[2016.12.17-21.19.16:143][701]LogScript:Warning: FLatentActionManager::ProcessLatentActions: CallbackTarget is None.
[2016.12.17-21.19.17:374][730]LogBlueprintUserMessages: [SpawnClassMisil3Derecha_183] 1
[2016.12.17-21.19.19:407][778]LogBlueprintUserMessages: [SpawnClassMisil3Derecha_183] 1
[2016.12.17-21.19.21:400][824]LogBlueprintUserMessages: [SpawnClassMisil3Derecha_183] 2
[2016.12.17-21.19.23:435][871]LogBlueprintUserMessages: [SpawnClassMisil3Derecha_183] 2
[2016.12.17-21.19.25:450][913]LogBlueprintUserMessages: [SpawnClassMisil3Derecha_183] 2
[2016.12.17-21.19.27:462][953]LogBlueprintUserMessages: [SpawnClassMisil3Derecha_183] 2
[2016.12.17-21.19.29:471][999]LogBlueprintUserMessages: [SpawnClassMisil3Derecha_183] 2
[2016.12.17-21.19.31:496][ 45]LogBlueprintUserMessages: [SpawnClassMisil3Derecha_183] 3
[2016.12.17-21.19.33:534][ 90]LogBlueprintUserMessages: [SpawnClassMisil3Derecha_183] 3
[2016.12.17-21.19.35:577][135]LogBlueprintUserMessages: [SpawnClassMisil3Derecha_183] 3
[2016.12.17-21.19.37:614][179]LogBlueprintUserMessages: [SpawnClassMisil3Derecha_183] 3
[2016.12.17-21.19.39:627][223]LogBlueprintUserMessages: [SpawnClassMisil3Derecha_183] 3
[2016.12.17-21.19.40:065][233]LogScript:Warning: Cannot access 'StaticMesh'. It is pending kill. Property: 'StaticMesh'
	Misil3_C /Game/FirstPersonBP/Maps/UEDPIE_0_FirstPersonExampleMap.FirstPersonExampleMap:PersistentLevel.Misil3_C_1
	Function /Game/FirstPersonBP/Misiles/Misil3.Misil3_C:ExecuteUbergraph_Misil3:0427
[2016.12.17-21.19.40:066][233]PIE:Error: Error Cannot access 'StaticMesh'. It is pending kill. Property: 'StaticMesh' from node Play Sound at Location in graph 'EventGraph' in blueprint Misil3
[2016.12.17-21.19.41:666][270]LogBlueprintUserMessages: [SpawnClassMisil3Derecha_183] 4
[2016.12.17-21.19.43:676][318]LogBlueprintUserMessages: [SpawnClassMisil3Derecha_183] 4
[2016.12.17-21.19.45:698][364]LogBlueprintUserMessages: [SpawnClassMisil3Derecha_183] 4
[2016.12.17-21.19.47:739][410]LogBlueprintUserMessages: [SpawnClassMisil3Derecha_183] 4
[2016.12.17-21.19.49:739][456]LogBlueprintUserMessages: [SpawnClassMisil3Derecha_183] 4
[2016.12.17-21.19.51:755][503]LogBlueprintUserMessages: [SpawnClassMisil3Derecha_183] 5
[2016.12.17-21.19.53:606][548]LogScript:Warning: Cannot access 'StaticMesh'. It is pending kill. Property: 'StaticMesh'
	Misil2_C /Game/FirstPersonBP/Maps/UEDPIE_0_FirstPersonExampleMap.FirstPersonExampleMap:PersistentLevel.Misil2_C_8
	Function /Game/FirstPersonBP/Misiles/Misil2.Misil2_C:ExecuteUbergraph_Misil2:0220
[2016.12.17-21.19.53:606][548]PIE:Error: Error Cannot access 'StaticMesh'. It is pending kill. Property: 'StaticMesh' from node Set MisilTocoPiso in graph 'EventGraph' in blueprint Misil2
[2016.12.17-21.19.53:779][552]LogBlueprintUserMessages: [SpawnClassMisil3Derecha_183] 5
[2016.12.17-21.19.55:825][600]LogBlueprintUserMessages: [SpawnClassMisil3Derecha_183] 5
[2016.12.17-21.19.56:366][612]LogScript:Warning: Cannot access 'StaticMesh'. It is pending kill. Property: 'StaticMesh'
	Misil2_C /Game/FirstPersonBP/Maps/UEDPIE_0_FirstPersonExampleMap.FirstPersonExampleMap:PersistentLevel.Misil2_C_10
	Function /Game/FirstPersonBP/Misiles/Misil2.Misil2_C:ExecuteUbergraph_Misil2:0220
[2016.12.17-21.19.56:366][612]PIE:Error: Error Cannot access 'StaticMesh'. It is pending kill. Property: 'StaticMesh' from node Set MisilTocoPiso in graph 'EventGraph' in blueprint Misil2
[2016.12.17-21.19.57:867][646]LogBlueprintUserMessages: [SpawnClassMisil3Derecha_183] 5
[2016.12.17-21.19.59:896][693]LogBlueprintUserMessages: [SpawnClassMisil3Derecha_183] 5
[2016.12.17-21.20.01:942][739]LogBlueprintUserMessages: [SpawnClassMisil3Derecha_183] 6
[2016.12.17-21.20.02:628][754]LogScript:Warning: Cannot access 'StaticMesh'. It is pending kill. Property: 'StaticMesh'
	Misil2_C /Game/FirstPersonBP/Maps/UEDPIE_0_FirstPersonExampleMap.FirstPersonExampleMap:PersistentLevel.Misil2_C_39
	Function /Game/FirstPersonBP/Misiles/Misil2.Misil2_C:ExecuteUbergraph_Misil2:0220
[2016.12.17-21.20.02:628][754]PIE:Error: Error Cannot access 'StaticMesh'. It is pending kill. Property: 'StaticMesh' from node Set MisilTocoPiso in graph 'EventGraph' in blueprint Misil2
[2016.12.17-21.20.03:960][782]LogBlueprintUserMessages: [SpawnClassMisil3Derecha_183] 6
[2016.12.17-21.20.04:548][795]LogScript:Warning: Cannot access 'StaticMesh'. It is pending kill. Property: 'StaticMesh'
	Misil2_C /Game/FirstPersonBP/Maps/UEDPIE_0_FirstPersonExampleMap.FirstPersonExampleMap:PersistentLevel.Misil2_C_46
	Function /Game/FirstPersonBP/Misiles/Misil2.Misil2_C:ExecuteUbergraph_Misil2:0220
[2016.12.17-21.20.04:548][795]PIE:Error: Error Cannot access 'StaticMesh'. It is pending kill. Property: 'StaticMesh' from node Set MisilTocoPiso in graph 'EventGraph' in blueprint Misil2
[2016.12.17-21.20.05:964][826]LogBlueprintUserMessages: [SpawnClassMisil3Derecha_183] 6
[2016.12.17-21.20.07:967][871]LogBlueprintUserMessages: [SpawnClassMisil3Derecha_183] 6
[2016.12.17-21.20.09:983][918]LogBlueprintUserMessages: [SpawnClassMisil3Derecha_183] 6
[2016.12.17-21.20.12:000][965]LogBlueprintUserMessages: [SpawnClassMisil3Derecha_183] 7
[2016.12.17-21.20.14:012][ 10]LogBlueprintUserMessages: [SpawnClassMisil3Derecha_183] 7
[2016.12.17-21.20.14:452][ 20]LogScript:Warning: Cannot access 'StaticMesh'. It is pending kill. Property: 'StaticMesh'
	Misil2_C /Game/FirstPersonBP/Maps/UEDPIE_0_FirstPersonExampleMap.FirstPersonExampleMap:PersistentLevel.Misil2_C_55
	Function /Game/FirstPersonBP/Misiles/Misil2.Misil2_C:ExecuteUbergraph_Misil2:0220
[2016.12.17-21.20.14:453][ 20]PIE:Error: Error Cannot access 'StaticMesh'. It is pending kill. Property: 'StaticMesh' from node Set MisilTocoPiso in graph 'EventGraph' in blueprint Misil2
[2016.12.17-21.20.16:038][ 55]LogBlueprintUserMessages: [SpawnClassMisil3Derecha_183] 7
[2016.12.17-21.20.17:623][ 88]LogScript:Warning: Cannot access 'StaticMesh'. It is pending kill. Property: 'StaticMesh'
	Misil2_C /Game/FirstPersonBP/Maps/UEDPIE_0_FirstPersonExampleMap.FirstPersonExampleMap:PersistentLevel.Misil2_C_61
	Function /Game/FirstPersonBP/Misiles/Misil2.Misil2_C:ExecuteUbergraph_Misil2:0220
[2016.12.17-21.20.17:623][ 88]PIE:Error: Error Cannot access 'StaticMesh'. It is pending kill. Property: 'StaticMesh' from node Set MisilTocoPiso in graph 'EventGraph' in blueprint Misil2
[2016.12.17-21.20.18:043][ 97]LogBlueprintUserMessages: [SpawnClassMisil3Derecha_183] 7
[2016.12.17-21.20.20:061][141]LogBlueprintUserMessages: [SpawnClassMisil3Derecha_183] 7
[2016.12.17-21.20.22:108][185]LogBlueprintUserMessages: [SpawnClassMisil3Derecha_183] 8
[2016.12.17-21.20.24:142][228]LogBlueprintUserMessages: [SpawnClassMisil3Derecha_183] 8
[2016.12.17-21.20.26:175][272]LogBlueprintUserMessages: [SpawnClassMisil3Derecha_183] 8
[2016.12.17-21.20.28:221][318]LogBlueprintUserMessages: [SpawnClassMisil3Derecha_183] 8
[2016.12.17-21.20.30:241][357]LogBlueprintUserMessages: [SpawnClassMisil3Derecha_183] 8
[2016.12.17-21.20.32:261][403]LogBlueprintUserMessages: [SpawnClassMisil3Derecha_183] 9
[2016.12.17-21.20.34:263][450]LogBlueprintUserMessages: [SpawnClassMisil3Derecha_183] 9
[2016.12.17-21.20.36:300][501]LogBlueprintUserMessages: [SpawnClassMisil3Derecha_183] 9
[2016.12.17-21.20.38:335][549]LogBlueprintUserMessages: [SpawnClassMisil3Derecha_183] 9
[2016.12.17-21.20.40:364][593]LogBlueprintUserMessages: [SpawnClassMisil3Derecha_183] 9
[2016.12.17-21.20.41:273][612]LogScript:Warning: Cannot access 'StaticMesh'. It is pending kill. Property: 'StaticMesh'
	Misil2_C /Game/FirstPersonBP/Maps/UEDPIE_0_FirstPersonExampleMap.FirstPersonExampleMap:PersistentLevel.Misil2_C_87
	Function /Game/FirstPersonBP/Misiles/Misil2.Misil2_C:ExecuteUbergraph_Misil2:0220
[2016.12.17-21.20.41:273][612]PIE:Error: Error Cannot access 'StaticMesh'. It is pending kill. Property: 'StaticMesh' from node Set MisilTocoPiso in graph 'EventGraph' in blueprint Misil2
[2016.12.17-21.20.41:941][624]LogScript:Warning: Cannot access 'StaticMesh'. It is pending kill. Property: 'StaticMesh'
	Misil2_C /Game/FirstPersonBP/Maps/UEDPIE_0_FirstPersonExampleMap.FirstPersonExampleMap:PersistentLevel.Misil2_C_90
	Function /Game/FirstPersonBP/Misiles/Misil2.Misil2_C:ExecuteUbergraph_Misil2:0220
[2016.12.17-21.20.41:941][624]PIE:Error: Error Cannot access 'StaticMesh'. It is pending kill. Property: 'StaticMesh' from node Set MisilTocoPiso in graph 'EventGraph' in blueprint Misil2
[2016.12.17-21.20.42:393][634]LogBlueprintUserMessages: [SpawnClassMisil3Derecha_183] 10
[2016.12.17-21.20.44:412][679]LogBlueprintUserMessages: [SpawnClassMisil3Derecha_183] 10
[2016.12.17-21.20.46:417][727]LogBlueprintUserMessages: [SpawnClassMisil3Derecha_183] 10
[2016.12.17-21.20.48:461][773]LogBlueprintUserMessages: [SpawnClassMisil3Derecha_183] 10
[2016.12.17-21.20.50:500][815]LogBlueprintUserMessages: [SpawnClassMisil3Derecha_183] 10
[2016.12.17-21.20.52:534][857]LogBlueprintUserMessages: [SpawnClassMisil3Derecha_183] 11
[2016.12.17-21.20.53:400][874]LogScript:Warning: FLatentActionManager::ProcessLatentActions: CallbackTarget is None.
[2016.12.17-21.20.54:282][892]LogScript:Warning: Cannot access 'StaticMesh'. It is pending kill. Property: 'StaticMesh'
	Misil4_C /Game/FirstPersonBP/Maps/UEDPIE_0_FirstPersonExampleMap.FirstPersonExampleMap:PersistentLevel.Misil4_C_2
	Function /Game/FirstPersonBP/Misiles/Misil4.Misil4_C:ExecuteUbergraph_Misil4:0427
[2016.12.17-21.20.54:282][892]PIE:Error: Error Cannot access 'StaticMesh'. It is pending kill. Property: 'StaticMesh' from node Play Sound at Location in graph 'EventGraph' in blueprint Misil4
[2016.12.17-21.20.54:551][897]LogBlueprintUserMessages: [SpawnClassMisil3Derecha_183] 11
[2016.12.17-21.20.56:581][938]LogBlueprintUserMessages: [SpawnClassMisil3Derecha_183] 11
[2016.12.17-21.20.58:602][980]LogBlueprintUserMessages: [SpawnClassMisil3Derecha_183] 11
[2016.12.17-21.21.00:636][ 23]LogBlueprintUserMessages: [SpawnClassMisil3Derecha_183] 11
[2016.12.17-21.21.02:641][ 62]LogBlueprintUserMessages: [SpawnClassMisil3Derecha_183] 12
[2016.12.17-21.21.04:088][ 93]LogScript:Warning: Cannot access 'StaticMesh'. It is pending kill. Property: 'StaticMesh'
	Misil1_C /Game/FirstPersonBP/Maps/UEDPIE_0_FirstPersonExampleMap.FirstPersonExampleMap:PersistentLevel.Misil1_C_22
	Function /Game/FirstPersonBP/Misiles/Misil1.Misil1_C:ExecuteUbergraph_Misil1:0427
[2016.12.17-21.21.04:088][ 93]PIE:Error: Error Cannot access 'StaticMesh'. It is pending kill. Property: 'StaticMesh' from node Play Sound at Location in graph 'EventGraph' in blueprint Misil1
[2016.12.17-21.21.04:662][106]LogBlueprintUserMessages: [SpawnClassMisil3Derecha_183] 12
[2016.12.17-21.21.06:685][151]LogBlueprintUserMessages: [SpawnClassMisil3Derecha_183] 12
[2016.12.17-21.21.07:618][170]LogScript:Warning: Cannot access 'StaticMesh'. It is pending kill. Property: 'StaticMesh'
	Misil2_C /Game/FirstPe