[2016.12.03-20.24.10:080][  0]Log file open, 12/03/16 15:24:10
[2016.12.03-20.24.10:080][  0]LogInit:Display: Running engine for game: MissileCommand2
[2016.12.03-20.24.10:080][  0]LogInit:Display: RandInit(1224643724) SRandInit(1224643724).
[2016.12.03-20.24.10:080][  0]LogTaskGraph: Started task graph with 4 named threads and 7 total threads.
[2016.12.03-20.24.10:080][  0]LogStats: Stats thread started at 0.092088
[2016.12.03-20.24.10:080][  0]LogInit: Version: 4.9.2-2707645+++depot+UE4-Releases+4.9
[2016.12.03-20.24.10:080][  0]LogInit: API Version: 2672455
[2016.12.03-20.24.10:080][  0]LogInit: Compiled (64-bit): Sep 28 2015 10:25:44
[2016.12.03-20.24.10:080][  0]LogInit: Compiled with Visual C++: 18.00.21005.01
[2016.12.03-20.24.10:080][  0]LogInit: Build Configuration: Development
[2016.12.03-20.24.10:080][  0]LogInit: Branch Name: ++depot+UE4-Releases+4.9
[2016.12.03-20.24.10:080][  0]LogInit: Command line:  /Temp/Autosaves/Game/FirstPersonBP/Maps/UEDPCFirstPersonExampleMap -game -PIEVIACONSOLE -ResX=1280 -ResY=720  -Multiprocess 
[2016.12.03-20.24.10:080][  0]LogInit: Base directory: C:/Program Files/Epic Games/4.9/Engine/Binaries/Win64/
[2016.12.03-20.24.10:080][  0]LogInit: Rocket: 1
[2016.12.03-20.24.10:103][  0]LogInit: Using libcurl 7.41.0
[2016.12.03-20.24.10:103][  0]LogInit:  - built for x86_64-pc-win32
[2016.12.03-20.24.10:103][  0]LogInit:  - supports SSL with WinSSL
[2016.12.03-20.24.10:103][  0]LogInit:  - other features:
[2016.12.03-20.24.10:103][  0]LogInit:      CURL_VERSION_SSL
[2016.12.03-20.24.10:103][  0]LogInit:      CURL_VERSION_IPV6
[2016.12.03-20.24.10:103][  0]LogInit:      CURL_VERSION_ASYNCHDNS
[2016.12.03-20.24.10:103][  0]LogInit:      CURL_VERSION_LARGEFILE
[2016.12.03-20.24.10:103][  0]LogInit:      CURL_VERSION_IDN
[2016.12.03-20.24.10:104][  0]LogInit:  CurlRequestOptions (configurable via config and command line):
[2016.12.03-20.24.10:104][  0]LogInit:  - bVerifyPeer = true  - Libcurl will verify peer certificate
[2016.12.03-20.24.10:104][  0]LogInit:  - bUseHttpProxy = false  - Libcurl will NOT use HTTP proxy
[2016.12.03-20.24.10:104][  0]LogInit:  - bDontReuseConnections = false  - Libcurl will reuse connections
[2016.12.03-20.24.10:104][  0]LogInit:  - CertBundlePath = nullptr  - Libcurl will use whatever was configured at build time.
[2016.12.03-20.24.10:112][  0]LogInit: Presizing for 0 objects not considered by GC, pre-allocating 0 bytes.
[2016.12.03-20.24.10:118][  0]LogInit: Object subsystem initialized
[2016.12.03-20.24.10:119][  0]LogInit: Selected Device Profile: [Windows]
[2016.12.03-20.24.10:119][  0]LogInit: Applying CVar settings loaded from the selected device profile: [Windows]
[2016.12.03-20.24.10:122][  0]LogInit: Computer: MSI
[2016.12.03-20.24.10:122][  0]LogInit: User: jsoba
[2016.12.03-20.24.10:122][  0]LogInit: CPU Page size=4096, Cores=4
[2016.12.03-20.24.10:122][  0]LogInit: High frequency timer resolution =2.630620 MHz
[2016.12.03-20.24.10:122][  0]LogMemory: Memory total: Physical=15.9GB (16GB approx)
[2016.12.03-20.24.10:122][  0]LogMemory: Platform Memory Stats for Windows
[2016.12.03-20.24.10:122][  0]LogMemory: Process Physical Memory: 54.75 MB used, 54.75 MB peak
[2016.12.03-20.24.10:122][  0]LogMemory: Process Virtual Memory: 57.48 MB used, 57.48 MB peak
[2016.12.03-20.24.10:122][  0]LogMemory: Physical Memory: 7359.91 MB used, 16299.20 MB total
[2016.12.03-20.24.10:122][  0]LogMemory: Virtual Memory: 371.78 MB used, 134217728.00 MB total
[2016.12.03-20.24.10:688][  0]LogTextLocalizationManager: No specific translations for ('en-US') exist, so ('en') translations will be used.
[2016.12.03-20.24.11:365][  0]LogD3D11RHI: Found D3D11 adapter 0: NVIDIA GeForce GTX 970M        (Feature Level 11_0)
[2016.12.03-20.24.11:365][  0]LogD3D11RHI: Adapter has 2991MB of dedicated video memory, 0MB of dedicated system memory, and 8149MB of shared system memory, 1 output[s]
[2016.12.03-20.24.11:371][  0]LogD3D11RHI: Found D3D11 adapter 1: Intel(R) HD Graphics 5600 (Feature Level 11_0)
[2016.12.03-20.24.11:371][  0]LogD3D11RHI: Adapter has 128MB of dedicated video memory, 0MB of dedicated system memory, and 8149MB of shared system memory, 0 output[s]
[2016.12.03-20.24.11:372][  0]LogD3D11RHI: Found D3D11 adapter 2: Microsoft Basic Render Driver (Feature Level 11_0)
[2016.12.03-20.24.11:372][  0]LogD3D11RHI: Adapter has 0MB of dedicated video memory, 0MB of dedicated system memory, and 8149MB of shared system memory, 0 output[s]
[2016.12.03-20.24.11:372][  0]LogD3D11RHI: Chosen D3D11 Adapter Id = 0
[2016.12.03-20.24.11:379][  0]LogD3D11RHI: !Direct3DDevice
[2016.12.03-20.24.11:379][  0]LogRHI: Texture pool is 1361 MB (70% of 1945 MB)
[2016.12.03-20.24.11:396][  0]LogD3D11RHI: Async texture creation enabled
[2016.12.03-20.24.11:409][  0]LogShaderCompilers: Guid format shader working directory is 14 characters bigger than the processId version (../../../../../../Users/jsoba/OneDrive/Documentos/Unreal Projects/MissileCommand2/Intermediate/Shaders/WorkingDirectory/13512/).
[2016.12.03-20.24.11:409][  0]LogShaderCompilers: Cleaned the shader compiler working directory '../../../../../../Users/jsoba/OneDrive/Documentos/Unreal Projects/MissileCommand2/Intermediate/Shaders/tmp/966023BB413A769EEDB86D9C0C19D2BD/'.
[2016.12.03-20.24.11:409][  0]LogShaderCompilers:Display: Using Local Shader Compiler.
[2016.12.03-20.24.12:618][  0]LogTemp:Display: Loaded TP AllDesktopTargetPlatform
[2016.12.03-20.24.12:624][  0]LogTemp:Display: Loaded TP WindowsClientTargetPlatform
[2016.12.03-20.24.12:632][  0]LogTemp:Display: Loaded TP WindowsNoEditorTargetPlatform
[2016.12.03-20.24.12:638][  0]LogTemp:Display: Loaded TP WindowsServerTargetPlatform
[2016.12.03-20.24.12:643][  0]LogTemp:Display: Loaded TP WindowsTargetPlatform
[2016.12.03-20.24.12:649][  0]LogTemp:Display: Loaded TP AndroidTargetPlatform
[2016.12.03-20.24.12:653][  0]LogTemp:Display: Loaded TP Android_ASTCTargetPlatform
[2016.12.03-20.24.12:658][  0]LogTemp:Display: Loaded TP Android_ATCTargetPlatform
[2016.12.03-20.24.12:663][  0]LogTemp:Display: Loaded TP Android_DXTTargetPlatform
[2016.12.03-20.24.12:669][  0]LogTemp:Display: Loaded TP Android_ETC1TargetPlatform
[2016.12.03-20.24.12:674][  0]LogTemp:Display: Loaded TP Android_ETC2TargetPlatform
[2016.12.03-20.24.12:680][  0]LogTemp:Display: Loaded TP Android_PVRTCTargetPlatform
[2016.12.03-20.24.12:681][  0]LogTemp:Display: Loaded TP HTML5TargetPlatform
[2016.12.03-20.24.12:700][  0]LogTemp:Display: Loaded TP IOSTargetPlatform
[2016.12.03-20.24.12:704][  0]LogTemp:Display: Loaded TP LinuxNoEditorTargetPlatform
[2016.12.03-20.24.12:708][  0]LogTemp:Display: Loaded TP LinuxServerTargetPlatform
[2016.12.03-20.24.12:713][  0]LogTemp:Display: Loaded TP LinuxTargetPlatform
[2016.12.03-20.24.12:713][  0]LogTargetPlatformManager:Display: Building Assets For Windows
[2016.12.03-20.24.12:814][  0]LogDerivedDataCache:Display: Max Cache Size: 512 MB
[2016.12.03-20.24.12:867][  0]LogDerivedDataCache: Loaded boot cache 0.05s 42MB C:/Users/jsoba/AppData/Local/UnrealEngine/4.9/DerivedDataCache/Boot.ddc.
[2016.12.03-20.24.12:868][  0]LogDerivedDataCache:Display: Loaded Boot cache: C:/Users/jsoba/AppData/Local/UnrealEngine/4.9/DerivedDataCache/Boot.ddc
[2016.12.03-20.24.12:868][  0]LogDerivedDataCache: FDerivedDataBackendGraph:  Pak pak cache file ../../../../../../Users/jsoba/OneDrive/Documentos/Unreal Projects/MissileCommand2/DerivedDataCache/DDC.ddp not found, will not use a pak cache.
[2016.12.03-20.24.12:868][  0]LogDerivedDataCache: Unable to find inner node Pak for hierarchical cache Hierarchy.
[2016.12.03-20.24.12:868][  0]LogDerivedDataCache: FDerivedDataBackendGraph:  CompressedPak pak cache file ../../../../../../Users/jsoba/OneDrive/Documentos/Unreal Projects/MissileCommand2/DerivedDataCache/Compressed.ddp not found, will not use a pak cache.
[2016.12.03-20.24.12:868][  0]LogDerivedDataCache: Unable to find inner node CompressedPak for hierarchical cache Hierarchy.
[2016.12.03-20.24.13:017][  0]LogDerivedDataCache:Display: Pak cache opened for reading ../../../Engine/DerivedDataCache/Compressed.ddp.
[2016.12.03-20.24.13:029][  0]LogDerivedDataCache: Using Local data cache path C:/Users/jsoba/AppData/Local/UnrealEngine/Common/DerivedDataCache: Writable
[2016.12.03-20.24.13:198][  0]LogInit: Selected Device Profile: [Windows]
[2016.12.03-20.24.13:201][  0]LogContentStreaming: Texture pool size is 1000.000000MB
[2016.12.03-20.24.13:317][  0]LogMeshUtilities: No automatic mesh reduction module available
[2016.12.03-20.24.13:317][  0]LogMeshUtilities: No automatic mesh merging module available
[2016.12.03-20.24.13:531][  0]LogInit: WinSock: version 1.1 (2.2), MaxSocks=32767, MaxUdp=65467
[2016.12.03-20.24.13:725][  0]LogWindowsMoviePlayer: Unable to load movie: ../../../../../../Users/jsoba/OneDrive/Documentos/Unreal Projects/MissileCommand2/Content/Movies/Default_Startup.mp4
[2016.12.03-20.24.13:840][  0]SourceControl: Info Source control is disabled
[2016.12.03-20.24.13:840][  0]SourceControl: Info Source control is disabled
[2016.12.03-20.24.13:854][  0]SourceControl: Info Source control is disabled
[2016.12.03-20.24.13:978][  0]LogLinker:Warning: Asset '../../../Engine/Plugins/Runtime/LeapMotionController/Content/LM_PassthroughMaterial.uasset' has been saved with empty engine version. The asset will be loaded but may be incompatible.
[2016.12.03-20.24.14:089][  0]LogObj: 27669 objects as part of root set at end of initial load.
[2016.12.03-20.24.14:089][  0]LogUObjectAllocator: 5775696 out of 0 bytes used by permanent object pool.
[2016.12.03-20.24.14:140][  0]LogEngine: Initializing Engine...
[2016.12.03-20.24.14:144][  0]LogHMD: Can't find Oculus library dev build: is proper Runtime installed? Version: 0.7.0.0
[2016.12.03-20.24.14:145][  0]LogHMD: SteamVR failed to initialize.  Err: 110
[2016.12.03-20.24.14:259][  0]LogInit: XAudio2 using 'Speakers (Realtek High Definition Audio)' : 8 channels at 48 kHz using 32 bits per sample (channel mask 0x63f)
[2016.12.03-20.24.14:304][  0]LogInit: FAudioDevice initialized.
[2016.12.03-20.24.14:308][  0]LogInit: Texture streaming: Enabled
[2016.12.03-20.24.14:379][  0]LogNet: Browse: /Temp/Autosaves/Game/FirstPersonBP/Maps/UEDPCFirstPersonExampleMap?Name=Player
[2016.12.03-20.24.14:381][  0]LogLoad: LoadMap: /Temp/Autosaves/Game/FirstPersonBP/Maps/UEDPCFirstPersonExampleMap?Name=Player
[2016.12.03-20.24.14:392][  0]LogParticles: Destroying 0 GPU particle simulations for FXSystem 0x000002B2309BCFE0
[2016.12.03-20.24.14:404][  0]LogMemory: Platform Memory Stats for Windows
[2016.12.03-20.24.14:404][  0]LogMemory: Process Physical Memory: 393.91 MB used, 393.91 MB peak
[2016.12.03-20.24.14:404][  0]LogMemory: Process Virtual Memory: 444.05 MB used, 444.05 MB peak
[2016.12.03-20.24.14:404][  0]LogMemory: Physical Memory: 7668.33 MB used, 16299.20 MB total
[2016.12.03-20.24.14:404][  0]LogMemory: Virtual Memory: 1009.03 MB used, 134217728.00 MB total
[2016.12.03-20.24.14:404][  0]LogMemory: 
[2016.12.03-20.24.14:404][  0]Allocator Stats for TBB: (not implemented)
[2016.12.03-20.24.14:503][  0]LogBlueprint:Warning: [compiler SpawnClassMisil4Izquierda] Warning 'Item' is already a 'Misil 4', you don't need  Cast To Misil4 .
[2016.12.03-20.24.14:507][  0]LogBlueprint:Warning: [compiler SpawnClassMisil4Izquierda] Warning [0004.78] Compile of SpawnClassMisil4Izquierda successful, but with 1 Warning(s) [in 7 ms]
[2016.12.03-20.24.14:507][  0]LogBlueprint:Warning: [compiler SpawnClassMisil4Izquierda] Warning [0004.78] Compile of SpawnClassMisil4Izquierda successful, but with 2 Warning(s) [in 0 ms]
[2016.12.03-20.24.14:507][  0]LogBlueprint:Warning: [compiler SpawnClassMisil4Izquierda] Warning [0004.78] Compile of SpawnClassMisil4Izquierda successful, but with 3 Warning(s) [in 0 ms]
[2016.12.03-20.24.14:538][  0]LogBlueprint:Warning: [compiler SpawnClassMisil3Derecha] Warning 'Item' is already a 'Misil 3', you don't need  Cast To Misil3 .
[2016.12.03-20.24.14:541][  0]LogBlueprint:Warning: [compiler SpawnClassMisil3Derecha] Warning [0004.82] Compile of SpawnClassMisil3Derecha successful, but with 1 Warning(s) [in 6 ms]
[2016.12.03-20.24.14:541][  0]LogBlueprint:Warning: [compiler SpawnClassMisil3Derecha] Warning [0004.82] Compile of SpawnClassMisil3Derecha successful, but with 2 Warning(s) [in 0 ms]
[2016.12.03-20.24.14:541][  0]LogBlueprint:Warning: [compiler SpawnClassMisil3Derecha] Warning [0004.82] Compile of SpawnClassMisil3Derecha successful, but with 3 Warning(s) [in 0 ms]
[2016.12.03-20.24.14:572][  0]LogBlueprint:Warning: [compiler SpawnClassMisil2Frontal] Warning 'Item' is already a 'Misil 2', you don't need  Cast To Misil2 .
[2016.12.03-20.24.14:575][  0]LogBlueprint:Warning: [compiler SpawnClassMisil2Frontal] Warning [0004.85] Compile of SpawnClassMisil2Frontal successful, but with 1 Warning(s) [in 6 ms]
[2016.12.03-20.24.14:575][  0]LogBlueprint:Warning: [compiler SpawnClassMisil2Frontal] Warning [0004.85] Compile of SpawnClassMisil2Frontal successful, but with 2 Warning(s) [in 0 ms]
[2016.12.03-20.24.14:575][  0]LogBlueprint:Warning: [compiler SpawnClassMisil2Frontal] Warning [0004.85] Compile of SpawnClassMisil2Frontal successful, but with 3 Warning(s) [in 0 ms]
[2016.12.03-20.24.14:605][  0]LogBlueprint:Warning: [compiler SpawnClassMisil1Trasera] Warning 'Item' is already a 'Misil 1', you don't need  Cast To Misil1 .
[2016.12.03-20.24.14:608][  0]LogBlueprint:Warning: [compiler SpawnClassMisil1Trasera] Warning [0004.88] Compile of SpawnClassMisil1Trasera successful, but with 1 Warning(s) [in 6 ms]
[2016.12.03-20.24.14:608][  0]LogBlueprint:Warning: [compiler SpawnClassMisil1Trasera] Warning [0004.88] Compile of SpawnClassMisil1Trasera successful, but with 2 Warning(s) [in 0 ms]
[2016.12.03-20.24.14:608][  0]LogBlueprint:Warning: [compiler SpawnClassMisil1Trasera] Warning [0004.88] Compile of SpawnClassMisil1Trasera successful, but with 3 Warning(s) [in 0 ms]
[2016.12.03-20.24.14:651][  0]LogLinker:Warning: Asset '../../../../../../Users/jsoba/OneDrive/Documentos/Unreal Projects/MissileCommand2/Content/FirstPerson/Meshes/FirstPersonProjectileMesh.uasset' has been saved with empty engine version. The asset will be loaded but may be incompatible.
[2016.12.03-20.24.14:706][  0]LogLinker:Warning: CreateImport: Failed to load Outer for resource 'Arrow': FirstPersonCharacter_C /Game/FirstPersonBP/Blueprints/FirstPersonCharacter.Default__FirstPersonCharacter_C
[2016.12.03-20.24.14:906][  0]LogBlueprint:Warning: [compiler SpawnClassMisil1Trasera] Warning 'Item' is already a 'Misil 1', you don't need  Cast To Misil1 .
[2016.12.03-20.24.14:909][  0]LogBlueprint:Warning: [compiler SpawnClassMisil1Trasera] Warning [0005.18] Compile of SpawnClassMisil1Trasera successful, but with 1 Warning(s) [in 5 ms]
[2016.12.03-20.24.14:909][  0]LogBlueprint:Warning: [compiler SpawnClassMisil1Trasera] Warning [0005.18] Compile of SpawnClassMisil1Trasera successful, but with 2 Warning(s) [in 0 ms]
[2016.12.03-20.24.14:909][  0]LogBlueprint:Warning: [compiler SpawnClassMisil1Trasera] Warning [0005.18] Compile of SpawnClassMisil1Trasera successful, but with 3 Warning(s) [in 0 ms]
[2016.12.03-20.24.14:924][  0]LogBlueprint:Warning: [compiler SpawnClassMisil2Frontal] Warning 'Item' is already a 'Misil 2', you don't need  Cast To Misil2 .
[2016.12.03-20.24.14:927][  0]LogBlueprint:Warning: [compiler SpawnClassMisil2Frontal] Warning [0005.20] Compile of SpawnClassMisil2Frontal successful, but with 1 Warning(s) [in 5 ms]
[2016.12.03-20.24.14:927][  0]LogBlueprint:Warning: [compiler SpawnClassMisil2Frontal] Warning [0005.20] Compile of SpawnClassMisil2Frontal successful, but with 2 Warning(s) [in 0 ms]
[2016.12.03-20.24.14:927][  0]LogBlueprint:Warning: [compiler SpawnClassMisil2Frontal] Warning [0005.20] Compile of SpawnClassMisil2Frontal successful, but with 3 Warning(s) [in 0 ms]
[2016.12.03-20.24.14:939][  0]LogBlueprint:Warning: [compiler SpawnClassMisil3Derecha] Warning 'Item' is already a 'Misil 3', you don't need  Cast To Misil3 .
[2016.12.03-20.24.14:941][  0]LogBlueprint:Warning: [compiler SpawnClassMisil3Derecha] Warning [0005.22] Compile of SpawnClassMisil3Derecha successful, but with 1 Warning(s) [in 5 ms]
[2016.12.03-20.24.14:941][  0]LogBlueprint:Warning: [compiler SpawnClassMisil3Derecha] Warning [0005.22] Compile of SpawnClassMisil3Derecha successful, but with 2 Warning(s) [in 0 ms]
[2016.12.03-20.24.14:941][  0]LogBlueprint:Warning: [compiler SpawnClassMisil3Derecha] Warning [0005.22] Compile of SpawnClassMisil3Derecha successful, but with 3 Warning(s) [in 0 ms]
[2016.12.03-20.24.14:953][  0]LogBlueprint:Warning: [compiler SpawnClassMisil4Izquierda] Warning 'Item' is already a 'Misil 4', you don't need  Cast To Misil4 .
[2016.12.03-20.24.14:956][  0]LogBlueprint:Warning: [compiler SpawnClassMisil4Izquierda] Warning [0005.23] Compile of SpawnClassMisil4Izquierda successful, but with 1 Warning(s) [in 5 ms]
[2016.12.03-20.24.14:956][  0]LogBlueprint:Warning: [compiler SpawnClassMisil4Izquierda] Warning [0005.23] Compile of SpawnClassMisil4Izquierda successful, but with 2 Warning(s) [in 0 ms]
[2016.12.03-20.24.14:956][  0]LogBlueprint:Warning: [compiler SpawnClassMisil4Izquierda] Warning [0005.23] Compile of SpawnClassMisil4Izquierda successful, but with 3 Warning(s) [in 0 ms]
[2016.12.03-20.24.15:177][  0]LogAIModule: Creating AISystem for world FirstPersonExampleMap
[2016.12.03-20.24.15:178][  0]LogWorld: Game class is 'MissileCommandGM_C'
[2016.12.03-20.24.15:179][  0]LogPrimitiveComponent: Zero scaling not supported (/Temp/Autosaves/Game/FirstPersonBP/Maps/UEDPCFirstPersonExampleMap.FirstPersonExampleMap:PersistentLevel.SpawnClassMisil4Izquierda_180.Box)
[2016.12.03-20.24.15:181][  0]LogPrimitiveComponent: Zero scaling not supported (/Temp/Autosaves/Game/FirstPersonBP/Maps/UEDPCFirstPersonExampleMap.FirstPersonExampleMap:PersistentLevel.SpawnClassMisil4Izquierda_180.Box)
[2016.12.03-20.24.15:181][  0]LogPrimitiveComponent: Zero scaling not supported (/Temp/Autosaves/Game/FirstPersonBP/Maps/UEDPCFirstPersonExampleMap.FirstPersonExampleMap:PersistentLevel.SpawnClassMisil4Izquierda_180.Box)
[2016.12.03-20.24.15:182][  0]LogWorld: Bringing World /Temp/Autosaves/Game/FirstPersonBP/Maps/UEDPCFirstPersonExampleMap.FirstPersonExampleMap up for play (max tick rate 0) at 2016.12.03-15.24.15
[2016.12.03-20.24.15:182][  0]LogWorld: Bringing up level for play took: 0.003776
[2016.12.03-20.24.15:186][  0]LogInit:Display: Game Engine Initialized.
[2016.12.03-20.24.15:432][  0]LogLoad: Full Startup: 5.71 seconds (BP compile: 0.21 seconds)
[2016.12.03-20.24.15:449][  0]LogWindowsTextInputMethodSystem:Display: IME system now deactivated.
[2016.12.03-20.24.15:523][  0]LogRenderer: Reallocating scene render targets to support 128x128 (Frame:1).
[2016.12.03-20.24.15:588][  1]LogRenderer: Reallocating scene render targets to support 1280x720 (Frame:2).
[2016.12.03-20.24.37:261][344]LogScript:Warning: Cannot access 'StaticMesh'. It is pending kill. Property: 'StaticMesh'
	Misil3_C /Temp/Autosaves/Game/FirstPersonBP/Maps/UEDPCFirstPersonExampleMap.FirstPersonExampleMap:PersistentLevel.Misil3_C_2
	Function /Game/FirstPersonBP/Misiles/Misil3.Misil3_C:ExecuteUbergraph_Misil3:0271
[2016.12.03-20.24.46:229][900]LogScript:Warning: Cannot access 'StaticMesh'. It is pending kill. Property: 'StaticMesh'
	Misil1_C /Temp/Autosaves/Game/FirstPersonBP/Maps/UEDPCFirstPersonExampleMap.FirstPersonExampleMap:PersistentLevel.Misil1_C_1
	Function /Game/FirstPersonBP/Misiles/Misil1.Misil1_C:ExecuteUbergraph_Misil1:0271
[2016.12.03-20.24.50:471][163]LogScript:Warning: Cannot access 'StaticMesh'. It is pending kill. Property: 'StaticMesh'
	Misil3_C /Temp/Autosaves/Game/FirstPersonBP/Maps/UEDPCFirstPersonExampleMap.FirstPersonExampleMap:PersistentLevel.Misil3_C_8
	Function /Game/FirstPersonBP/Misiles/Misil3.Misil3_C:ExecuteUbergraph_Misil3:0271
[2016.12.03-20.24.55:976][504]LogScript:Warning: Cannot access 'StaticMesh'. It is pending kill. Property: 'StaticMesh'
	Misil3_C /Temp/Autosaves/Game/FirstPersonBP/Maps/UEDPCFirstPersonExampleMap.FirstPersonExampleMap:PersistentLevel.Misil3_C_16
	Function /Game/FirstPersonBP/Misiles/Misil3.Misil3_C:ExecuteUbergraph_Misil3:0271
[2016.12.03-20.25.06:263][142]LogScript:Warning: Cannot access 'Misil'. It is pending kill. Property: 'Misil'
	Misil4_C /Temp/Autosaves/Game/FirstPersonBP/Maps/UEDPCFirstPersonExampleMap.FirstPersonExampleMap:PersistentLevel.Misil4_C_14
	Function /Game/FirstPersonBP/Misiles/Misil4.Misil4_C:ExecuteUbergraph_Misil4:0271
[2016.12.03-20.25.07:100][194]LogScript:Warning: Cannot access 'Misil'. It is pending kill. Property: 'Misil'
	Misil4_C /Temp/Autosaves/Game/FirstPersonBP/Maps/UEDPCFirstPersonExampleMap.FirstPersonExampleMap:PersistentLevel.Misil4_C_17
	Function /Game/FirstPersonBP/Misiles/Misil4.Misil4_C:ExecuteUbergraph_Misil4:0271
[2016.12.03-20.25.07:314][207]LogSpawn:Warning: SpawnActor failed because of collision at the spawn location [X=-265.738 Y=-147.886 Z=154.509] for [FirstPersonProjectile_C]
[2016.12.03-20.25.17:059][811]LogScript:Warning: Cannot access 'StaticMesh'. It is pending kill. Property: 'StaticMesh'
	Misil1_C /Temp/Autosaves/Game/FirstPersonBP/Maps/UEDPCFirstPersonExampleMap.FirstPersonExampleMap:PersistentLevel.Misil1_C_4
	Function /Game/FirstPersonBP/Misiles/Misil1.Misil1_C:ExecuteUbergraph_Misil1:0271
[2016.12.03-20.25.25:011][304]LogScript:Warning: Cannot access 'Misil'. It is pending kill. Property: 'Misil'
	Misil4_C /Temp/Autosaves/Game/FirstPersonBP/Maps/UEDPCFirstPersonExampleMap.FirstPersonExampleMap:PersistentLevel.Misil4_C_38
	Function /Game/FirstPersonBP/Misiles/Misil4.Misil4_C:ExecuteUbergraph_Misil4:0271
[2016.12.03-20.25.25:981][364]LogScript:Warning: Cannot access 'Misil'. It is pending kill. Property: 'Misil'
	Misil4_C /Temp/Autosaves/Game/FirstPersonBP/Maps/UEDPCFirstPersonExampleMap.FirstPersonExampleMap:PersistentLevel.Misil4_C_44
	Function /Game/FirstPersonBP/Misiles/Misil4.Misil4_C:ExecuteUbergraph_Misil4:0271
[2016.12.03-20.25.33:366][822]LogScript:Warning: Cannot access 'StaticMesh'. It is pending kill. Property: 'StaticMesh'
	Misil2_C /Temp/Autosaves/Game/FirstPersonBP/Maps/UEDPCFirstPersonExampleMap.FirstPersonExampleMap:PersistentLevel.Misil2_C_24
	Function /Game/FirstPersonBP/Misiles/Misil2.Misil2_C:ExecuteUbergraph_Misil2:0271
[2016.12.03-20.25.33:528][832]LogScript:Warning: Cannot access 'StaticMesh'. It is pending kill. Property: 'StaticMesh'
	Misil2_C /Temp/Autosaves/Game/FirstPersonBP/Maps/UEDPCFirstPersonExampleMap.FirstPersonExampleMap:PersistentLevel.Misil2_C_17
	Function /Game/FirstPersonBP/Misiles/Misil2.Misil2_C:ExecuteUbergraph_Misil2:0271
[2016.12.03-20.25.35:787][972]LogScript:Warning: Cannot access 'StaticMesh'. It is pending kill. Property: 'StaticMesh'
	Misil2_C /Temp/Autosaves/Game/FirstPersonBP/Maps/UEDPCFirstPersonExampleMap.FirstPersonExampleMap:PersistentLevel.Misil2_C_33
	Function /Game/FirstPersonBP/Misiles/Misil2.Misil2_C:ExecuteUbergraph_Misil2:0271
[2016.12.03-20.25.37:060][ 51]LogScript:Warning: Cannot access 'StaticMesh'. It is pending kill. Property: 'StaticMesh'
	Misil2_C /Temp/Autosaves/Game/FirstPersonBP/Maps/UEDPCFirstPersonExampleMap.FirstPersonExampleMap:PersistentLevel.Misil2_C_34
	Function /Game/FirstPersonBP/Misiles/Misil2.Misil2_C:ExecuteUbergraph_Misil2:0271
[2016.12.03-20.25.39:205][184]LogScript:Warning: Cannot access 'StaticMesh'. It is pending kill. Property: 'StaticMesh'
	Misil1_C /Temp/Autosaves/Game/FirstPersonBP/Maps/UEDPCFirstPersonExampleMap.FirstPersonExampleMap:PersistentLevel.Misil1_C_14
	Function /Game/FirstPersonBP/Misiles/Misil1.Misil1_C:ExecuteUbergraph_Misil1:0271
[2016.12.03-20.25.40:786][282]LogScript:Warning: Cannot access 'StaticMesh'. It is pending kill. Property: 'StaticMesh'
	Misil1_C /Temp/Autosaves/Game/FirstPersonBP/Maps/UEDPCFirstPersonExampleMap.FirstPersonExampleMap:PersistentLevel.Misil1_C_16
	Function /Game/FirstPersonBP/Misiles/Misil1.Misil1_C:ExecuteUbergraph_Misil1:0271
[2016.12.03-20.25.57:529][320]LogScript:Warning: Cannot access 'Misil'. It is pending kill. Property: 'Misil'
	Misil4_C /Temp/Autosaves/Game/FirstPersonBP/Maps/UEDPCFirstPersonExampleMap.FirstPersonExampleMap:PersistentLevel.Misil4_C_56
	Function /Game/FirstPersonBP/Misiles/Misil4.Misil4_C:ExecuteUbergraph_Misil4:0271
[2016.12.03-20.25.57:852][340]LogScript:Warning: Cannot access 'StaticMesh'. It is pending kill. Property: 'StaticMesh'
	Misil2_C /Temp/Autosaves/Game/FirstPersonBP/Maps/UEDPCFirstPersonExampleMap.FirstPersonExampleMap:PersistentLevel.Misil2_C_50
	Function /Game/FirstPersonBP/Misiles/Misil2.Misil2_C:ExecuteUbergraph_Misil2:0271
[2016.12.03-20.25.57:932][345]LogScript:Warning: Cannot access 'StaticMesh'. It is pending kill. Property: 'StaticMesh'
	Misil2_C /Temp/Autosaves/Game/FirstPersonBP/Maps/UEDPCFirstPersonExampleMap.FirstPersonExampleMap:PersistentLevel.Misil2_C_52
	Function /Game/FirstPersonBP/Misiles/Misil2.Misil2_C:ExecuteUbergraph_Misil2:0271
[2016.12.03-20.25.57:948][346]LogScript:Warning: Cannot access 'StaticMesh'. It is pending kill. Property: 'StaticMesh'
	Misil2_C /Temp/Autosaves/Game/FirstPersonBP/Maps/UEDPCFirstPersonExampleMap.FirstPersonExampleMap:PersistentLevel.Misil2_C_51
	Function /Game/FirstPersonBP/Misiles/Misil2.Misil2_C:ExecuteUbergraph_Misil2:0271
[2016.12.03-20.25.59:367][434]LogScript:Warning: Cannot access 'StaticMesh'. It is pending kill. Property: 'StaticMesh'
	Misil2_C /Temp/Autosaves/Game/FirstPersonBP/Maps/UEDPCFirstPersonExampleMap.FirstPersonExampleMap:PersistentLevel.Misil2_C_57
	Function /Game/FirstPersonBP/Misiles/Misil2.Misil2_C:ExecuteUbergraph_Misil2:0271
[2016.12.03-20.26.01:610][573]LogScript:Warning: Cannot access 'StaticMesh'. It is pending kill. Property: 'StaticMesh'
	Misil3_C /Temp/Autosaves/Game/FirstPersonBP/Maps/UEDPCFirstPersonExampleMap.FirstPersonExampleMap:PersistentLevel.Misil3_C_32
	Function /Game/FirstPersonBP/Misiles/Misil3.Misil3_C:ExecuteUbergraph_Misil3:0271
[2016.12.03-20.26.02:109][604]LogScript:Warning: Cannot access 'StaticMesh'. It is pending kill. Property: 'StaticMesh'
	Misil3_C /Temp/Autosaves/Game/FirstPersonBP/Maps/UEDPCFirstPersonExampleMap.FirstPersonExampleMap:PersistentLevel.Misil3_C_37
	Function /Game/FirstPersonBP/Misiles/Misil3.Misil3_C:ExecuteUbergraph_Misil3:0271
[2016.12.03-20.26.02:513][629]LogScript:Warning: Cannot access 'StaticMesh'. It is pending kill. Property: 'StaticMesh'
	Misil3_C /Temp/Autosaves/Game/FirstPersonBP/Maps/UEDPCFirstPersonExampleMap.FirstPersonExampleMap:PersistentLevel.Misil3_C_42
	Function /Game/FirstPersonBP/Misiles/Misil3.Misil3_C:ExecuteUbergraph_Misil3:0271
[2016.12.03-20.26.05:480][813]LogScript:Warning: Cannot access 'StaticMesh'. It is pending kill. Property: 'StaticMesh'
	Misil3_C /Temp/Autosaves/Game/FirstPersonBP/Maps/UEDPCFirstPersonExampleMap.FirstPersonExampleMap:PersistentLevel.Misil3_C_54
	Function /Game/FirstPersonBP/Misiles/Misil3.Misil3_C:ExecuteUbergraph_Misil3:0271
[2016.12.03-20.26.05:577][819]LogScript:Warning: Cannot access 'StaticMesh'. It is pending kill. Property: 'StaticMesh'
	Misil3_C /Temp/Autosaves/Game/FirstPersonBP/Maps/UEDPCFirstPersonExampleMap.FirstPersonExampleMap:PersistentLevel.Misil3_C_56
	Function /Game/FirstPersonBP/Misiles/Misil3.Misil3_C:ExecuteUbergraph_Misil3:0271
[2016.12.03-20.26.06:528][878]LogScript:Warning: Cannot access 'StaticMesh'. It is pending kill. Property: 'StaticMesh'
	Misil3_C /Temp/Autosaves/Game/FirstPersonBP/Maps/UEDPCFirstPersonExampleMap.FirstPersonExampleMap:PersistentLevel.Misil3_C_58
	Function /Game/FirstPersonBP/Misiles/Misil3.Misil3_C:ExecuteUbergraph_Misil3:0271
[2016.12.03-20.26.08:964][ 29]LogScript:Warning: Cannot access 'StaticMesh'. It is pending kill. Property: 'StaticMesh'
	Misil1_C /Temp/Autosaves/Game/FirstPersonBP/Maps/UEDPCFirstPersonExampleMap.FirstPersonExampleMap:PersistentLevel.Misil1_C_29
	Function /Game/FirstPersonBP/Misiles/Misil1.Misil1_C:ExecuteUbergraph_Misil1:0271
[2016.12.03-20.26.10:238][108]LogScript:Warning: Cannot access 'StaticMesh'. It is pending kill. Property: 'StaticMesh'
	Misil1_C /Temp/Autosaves/Game/FirstPersonBP/Maps/UEDPCFirstPersonExampleMap.FirstPersonExampleMap:PersistentLevel.Misil1_C_33
	Function /Game/FirstPersonBP/Misiles/Misil1.Misil1_C:ExecuteUbergraph_Misil1:0271
[2016.12.03-20.26.10:609][131]LogScript:Warning: Cannot access 'StaticMesh'. It is pending kill. Property: 'StaticMesh'
	Misil1_C /Temp/Autosaves/Game/FirstPersonBP/Maps/UEDPCFirstPersonExampleMap.FirstPersonExampleMap:PersistentLevel.Misil1_C_36
	Function /Game/FirstPersonBP/Misiles/Misil1.Misil1_C:ExecuteUbergraph_Misil1:0271
[2016.12.03-20.26.10:690][136]LogScript:Warning: Cannot access 'StaticMesh'. It is pending kill. Property: 'StaticMesh'
	Misil1_C /Temp/Autosaves/Game/FirstPersonBP/Maps/UEDPCFirstPersonExampleMap.FirstPersonExampleMap:PersistentLevel.Misil1_C_38
	Function /Game/FirstPersonBP/Misiles/Misil1.Misil1_C:ExecuteUbergraph_Misil1:0271
[2016.12.03-20.26.18:513][621]LogScript:Warning: Cannot access 'StaticMesh'. It is pending kill. Property: 'StaticMesh'
	Misil2_C /Temp/Autosaves/Game/FirstPersonBP/Maps/UEDPCFirstPersonExampleMap.FirstPersonExampleMap:PersistentLevel.Misil2_C_79
	Function /Game/FirstPersonBP/Misiles/Misil2.Misil2_C:ExecuteUbergraph_Misil2:0271
[2016.12.03-20.26.18:803][639]LogScript:Warning: Cannot access 'StaticMesh'. It is pending kill. Property: 'StaticMesh'
	Misil2_C /Temp/Autosaves/Game/FirstPersonBP/Maps/UEDPCFirstPersonExampleMap.FirstPersonExampleMap:PersistentLevel.Misil2_C_81
	Function /Game/FirstPersonBP/Misiles/Misil2.Misil2_C:ExecuteUbergraph_Misil2:0271
[2016.12.03-20.26.18:932][647]LogScript:Warning: Cannot access 'StaticMesh'. It is pending kill. Property: 'StaticMesh'
	Misil2_C /Temp/Autosaves/Game/FirstPersonBP/Maps/UEDPCFirstPersonExampleMap.FirstPersonExampleMap:PersistentLevel.Misil2_C_83
	Function /Game/FirstPersonBP/Misiles/Misil2.Misil2_C:ExecuteUbergraph_Misil2:0271
[2016.12.03-20.26.19:126][659]LogScript:Warning: Cannot access 'StaticMesh'. It is pending kill. Property: 'StaticMesh'
	Misil2_C /Temp/Autosaves/Game/FirstPersonBP/Maps/UEDPCFirstPersonExampleMap.FirstPersonExampleMap:PersistentLevel.Misil2_C_82
	Function /Game/FirstPersonBP/Misiles/Misil2.Misil2_C:ExecuteUbergraph_Misil2:0271
[2016.12.03-20.26.23:755][946]LogScript:Warning: Cannot access 'Misil'. It is pending kill. Property: 'Misil'
	Misil4_C /Temp/Autosaves/Game/FirstPersonBP/Maps/UEDPCFirstPersonExampleMap.FirstPersonExampleMap:PersistentLevel.Misil4_C_84
	Function /Game/FirstPersonBP/Misiles/Misil4.Misil4_C:ExecuteUbergraph_Misil4:0271
[2016.12.03-20.26.24:045][964]LogScript:Warning: Cannot access 'Misil'. It is pending kill. Property: 'Misil'
	Misil4_C /Temp/Autosaves/Game/FirstPersonBP/Maps/UEDPCFirstPersonExampleMap.FirstPersonExampleMap:PersistentLevel.Misil4_C_79
	Function /Game/FirstPersonBP/Misiles/Misil4.Misil4_C:ExecuteUbergraph_Misil4:0271
[2016.12.03-20.26.24:345][981]LogWindowsTextInputMethodSystem:Display: IME system now deactivated.
[2016.12.03-20.26.24:348][981]LogEngine: All Windows Closed
[2016.12.03-20.26.24:348][981]LogWindows: FPlatformMisc::RequestExit(0)
[2016.12.03-20.26.25:207][982]LogExit: Preparing to exit.
[2016.12.03-20.26.25:275][982]LogExit: Game engine shut down
[2016.12.03-20.26.25:276][982]LogParticles: Destroying 0 GPU particle simulations for FXSystem 0x000002B22F8C7060
[2016.12.03-20.26.25:375][982]LogExit: Object subsystem successfully closed.
[2016.12.03-20.26.25:393][982]LogD3D11RHI: Shutdown
[2016.12.03-20.26.25:393][982]LogD3D11RHI: CleanupD3DDevice
[2016.12.03-20.26.25:434][982]LogD3D11RHI: ~FD3D11DynamicRHI
[2016.12.03-20.26.25:445][982]LogModuleManager: Shutting down and abandoning module AndroidDeviceDetection (115)
[2016.12.03-20.26.25:695][982]LogModuleManager: Shutting down and abandoning module AutomationController (114)
[2016.12.03-20.26.25:695][982]LogModuleManager: Shutting down and abandoning module AutomationWorker (113)
[2016.12.03-20.26.25:695][982]LogModuleManager: Shutting down and abandoning module CharacterAI (112)
[2016.12.03-20.26.25:695][982]LogModuleManager: Shutting down and abandoning module AITestSuite (111)
[2016.12.03-20.26.25:695][982]LogModuleManager: Shutting down and abandoning module GameplayDebugger (110)
[2016.12.03-20.26.25:695][982]LogModuleManager: Shutting down and abandoning module AIModule (109)
[2016.12.03-20.26.25:695][982]LogModuleManager: Shutting down and abandoning module GameLiveStreaming (108)
[2016.12.03-20.26.25:695][982]LogModuleManager: Shutting down and abandoning module StreamingPauseRendering (107)
[2016.12.03-20.26.25:695][982]LogModuleManager: Shutting down and abandoning module ProfilerService (106)
[2016.12.03-20.26.25:781][982]LogModuleManager: Shutting down and abandoning module TaskGraph (105)
[2016.12.03-20.26.25:781][982]LogModuleManager: Shutting down and abandoning module SlateRemote (104)
[2016.12.03-20.26.25:781][982]LogModuleManager: Shutting down and abandoning module SteamVRController (103)
[2016.12.03-20.26.25:781][982]LogModuleManager: Shutting down and abandoning module SteamVR (102)
[2016.12.03-20.26.25:781][982]LogModuleManager: Shutting down and abandoning module ProceduralMeshComponent (101)
[2016.12.03-20.26.25:781][982]LogModuleManager: Shutting down and abandoning module OculusRift (100)
[2016.12.03-20.26.25:781][982]LogModuleManager: Shutting down and abandoning module OculusLibrary (99)
[2016.12.03-20.26.25:781][982]LogModuleManager: Shutting down and abandoning module LeapMotionController (98)
[2016.12.03-20.26.25:816][982]LogModuleManager: Shutting down and abandoning module CustomMeshComponent (97)
[2016.12.03-20.26.25:816][982]LogModuleManager: Shutting down and abandoning module CableComponent (96)
[2016.12.03-20.26.25:816][982]LogModuleManager: Shutting down and abandoning module ArchVisCharacter (95)
[2016.12.03-20.26.25:816][982]LogModuleManager: Shutting down and abandoning module HTML5Networking (94)
[2016.12.03-20.26.25:816][982]LogModuleManager: Shutting down and abandoning module DesktopPlatform (93)
[2016.12.03-20.26.25:816][982]LogModuleManager: Shutting down and abandoning module DirectoryWatcher (92)
[2016.12.03-20.26.25:816][982]LogModuleManager: Shutting down and abandoning module HotReload (91)
[2016.12.03-20.26.25:816][982]LogModuleManager: Shutting down and abandoning module VisualStudioSourceCodeAccess (90)
[2016.12.03-20.26.25:816][982]LogModuleManager: Shutting down and abandoning module UObjectPlugin (89)
[2016.12.03-20.26.25:816][982]LogModuleManager: Shutting down and abandoning module SubversionSourceControl (88)
[2016.12.03-20.26.25:816][982]LogModuleManager: Shutting down and abandoning module SourceControl (87)
[2016.12.03-20.26.25:816][982]LogModuleManager: Shutting down and abandoning module PerforceSourceControl (86)
[2016.12.03-20.26.25:816][982]LogModuleManager: Shutting down and abandoning module UdpMessaging (85)
[2016.12.03-20.26.25:816][982]LogModuleManager: Shutting down and abandoning module LightPropagationVolumeRuntime (84)
[2016.12.03-20.26.25:816][982]LogModuleManager: Shutting down and abandoning module Paper2D (83)
[2016.12.03-20.26.25:816][982]LogModuleManager: Shutting down and abandoning module WindowsMoviePlayer (82)
[2016.12.03-20.26.25:818][982]LogModuleManager: Shutting down and abandoning module Media (81)
[2016.12.03-20.26.25:818][982]LogModuleManager: Shutting down and abandoning module WmfMedia (80)
[2016.12.03-20.26.25:819][982]LogModuleManager: Shutting down and abandoning module OnlineBlueprintSupport (79)
[2016.12.03-20.26.25:819][982]LogModuleManager: Shutting down and abandoning module GameplayTasksEditor (78)
[2016.12.03-20.26.25:819][982]LogModuleManager: Shutting down and abandoning module PropertyEditor (77)
[2016.12.03-20.26.25:819][982]LogModuleManager: Shutting down and abandoning module BehaviorTreeEditor (76)
[2016.12.03-20.26.25:819][982]LogModuleManager: Shutting down and abandoning module FunctionalTesting (75)
[2016.12.03-20.26.25:819][982]LogModuleManager: Shutting down and abandoning module CollisionAnalyzer (74)
[2016.12.03-20.26.25:819][982]LogModuleManager: Shutting down and abandoning module WorkspaceMenuStructure (73)
[2016.12.03-20.26.25:819][982]LogModuleManager: Shutting down and abandoning module MessageLog (72)
[2016.12.03-20.26.25:819][982]LogModuleManager: Shutting down and abandoning module Sequencer (71)
[2016.12.03-20.26.25:819][982]LogModuleManager: Shutting down and abandoning module AssetTools (70)
[2016.12.03-20.26.25:819][982]LogModuleManager: Shutting down and abandoning module UMGEditor (69)
[2016.12.03-20.26.25:819][982]LogModuleManager: Shutting down and abandoning module UMG (68)
[2016.12.03-20.26.25:819][982]LogModuleManager: Shutting down and abandoning module Slate (67)
[2016.12.03-20.26.25:819][982]LogModuleManager: Shutting down and abandoning module EditorStyle (66)
[2016.12.03-20.26.25:820][982]LogModuleManager: Shutting down and abandoning module SessionServices (65)
[2016.12.03-20.26.25:820][982]LogModuleManager: Shutting down and abandoning module SourceCodeAccess (64)
[2016.12.03-20.26.25:820][982]LogModuleManager: Shutting down and abandoning module HeadMountedDisplay (63)
[2016.12.03-20.26.25:820][982]LogModuleManager: Shutting down and abandoning module XAudio2 (62)
[2016.12.03-20.26.25:820][982]LogModuleManager: Shutting down and abandoning module Networking (60)
[2016.12.03-20.26.25:820][982]LogModuleManager: Shutting down and abandoning module Core (59)
[2016.12.03-20.26.25:820][982]LogModuleManager: Shutting down and abandoning module KismetCompiler (58)
[2016.12.03-20.26.25:820][982]LogModuleManager: Shutting down and abandoning module PhysXFormats (57)
[2016.12.03-20.26.25:820][982]LogModuleManager: Shutting down and abandoning module MeshUtilities (56)
[2016.12.03-20.26.25:820][982]LogModuleManager: Shutting down and abandoning module CookingStats (55)
[2016.12.03-20.26.25:821][982]LogModuleManager: Shutting down and abandoning module DerivedDataCache (54)
[2016.12.03-20.26.25:845][982]LogDerivedDataCache: Shutdown
[2016.12.03-20.26.25:845][982]LogModuleManager: Shutting down and abandoning module ShaderFormatOpenGL (53)
[2016.12.03-20.26.25:845][982]LogModuleManager: Shutting down and abandoning module ShaderFormatD3D (52)
[2016.12.03-20.26.25:845][982]LogModuleManager: Shutting down and abandoning module MetalShaderFormat (51)
[2016.12.03-20.26.25:845][982]LogModuleManager: Shutting down and abandoning module TextureFormatUncompressed (50)
[2016.12.03-20.26.25:845][982]LogModuleManager: Shutting down and abandoning module TextureFormatPVR (49)
[2016.12.03-20.26.25:845][982]LogModuleManager: Shutting down and abandoning module TextureFormatIntelISPCTexComp (48)
[2016.12.03-20.26.25:845][982]LogModuleManager: Shutting down and abandoning module TextureFormatDXT (47)
[2016.12.03-20.26.25:845][982]LogModuleManager: Shutting down and abandoning module ImageWrapper (46)
[2016.12.03-20.26.25:845][982]LogModuleManager: Shutting down and abandoning module TextureFormatASTC (45)
[2016.12.03-20.26.25:845][982]LogModuleManager: Shutting down and abandoning module TextureFormatAndroid (44)
[2016.12.03-20.26.25:845][982]LogModuleManager: Shutting down and abandoning module AudioFormatOpus (43)
[2016.12.03-20.26.25:845][982]LogModuleManager: Shutting down and abandoning module AudioFormatOgg (42)
[2016.12.03-20.26.25:845][982]LogModuleManager: Shutting down and abandoning module AudioFormatADPCM (41)
[2016.12.03-20.26.25:845][982]LogModuleManager: Shutting down and abandoning module LinuxTargetPlatform (40)
[2016.12.03-20.26.25:845][982]LogModuleManager: Shutting down and abandoning module LinuxServerTargetPlatform (39)
[2016.12.03-20.26.25:845][982]LogModuleManager: Shutting down and abandoning module LinuxNoEditorTargetPlatform (38)
[2016.12.03-20.26.25:845][982]LogModuleManager: Shutting down and abandoning module Messaging (37)
[2016.12.03-20.26.25:845][982]LogModuleManager: Shutting down and abandoning module IOSTargetPlatform (36)
[2016.12.03-20.26.25:845][982]LogModuleManager: Shutting down and abandoning module HTML5TargetPlatform (35)
[2016.12.03-20.26.25:845][982]LogModuleManager: Shutting down and abandoning module Android_PVRTCTargetPlatform (34)
[2016.12.03-20.26.25:845][982]LogModuleManager: Shutting down and abandoning module Android_ETC2TargetPlatform (33)
[2016.12.03-20.26.25:845][982]LogModuleManager: Shutting down and abandoning module Android_ETC1TargetPlatform (32)
[2016.12.03-20.26.25:845][982]LogModuleManager: Shutting down and abandoning module Android_DXTTargetPlatform (31)
[2016.12.03-20.26.25:845][982]LogModuleManager: Shutting down and abandoning module Android_ATCTargetPlatform (30)
[2016.12.03-20.26.25:845][982]LogModuleManager: Shutting down and abandoning module Android_ASTCTargetPlatform (29)
[2016.12.03-20.26.25:845][982]LogModuleManager: Shutting down and abandoning module AndroidTargetPlatform (28)
[2016.12.03-20.26.25:845][982]LogModuleManager: Shutting down and abandoning module WindowsTargetPlatform (27)
[2016.12.03-20.26.25:845][982]LogModuleManager: Shutting down and abandoning module WindowsServerTargetPlatform (26)
[2016.12.03-20.26.25:845][982]LogModuleManager: Shutting down and abandoning module WindowsNoEditorTargetPlatform (25)
[2016.12.03-20.26.25:845][982]LogModuleManager: Shutting down and abandoning module WindowsClientTargetPlatform (24)
[2016.12.03-20.26.25:845][982]LogModuleManager: Shutting down and abandoning module AllDesktopTargetPlatform (23)
[2016.12.03-20.26.25:845][982]LogModuleManager: Shutting down and abandoning module TargetPlatform (22)
[2016.12.03-20.26.25:845][982]LogModuleManager: Shutting down and abandoning module InputCore (21)
[2016.12.03-20.26.25:845][982]LogModuleManager: Shutting down and abandoning module Settings (20)
[2016.12.03-20.26.25:845][982]LogModuleManager: Shutting down and abandoning module OnlineSubsystem (18)
[2016.12.03-20.26.25:846][982]LogModuleManager: Shutting down and abandoning module HTTP (17)
[2016.12.03-20.26.25:846][982]LogModuleManager: Shutting down and abandoning module XMPP (16)
[2016.12.03-20.26.25:846][982]LogModuleManager: Shutting down and abandoning module ExampleDeviceProfileSelector (15)
[2016.12.03-20.26.25:846][982]LogModuleManager: Shutting down and abandoning module TextureCompressor (14)
[2016.12.03-20.26.25:846][982]LogModuleManager: Shutting down and abandoning module ShaderCore (13)
[2016.12.03-20.26.25:846][982]LogModuleManager: Shutting down and abandoning module Landscape (12)
[2016.12.03-20.26.25:846][982]LogModuleManager: Shutting down and abandoning module SlateRHIRenderer (11)
[2016.12.03-20.26.25:846][982]LogModuleManager: Shutting down and abandoning module OpenGLDrv (10)
[2016.12.03-20.26.25:846][982]LogModuleManager: Shutting down and abandoning module D3D11RHI (9)
[2016.12.03-20.26.25:846][982]LogModuleManager: Shutting down and abandoning module AnimGraphRuntime (8)
[2016.12.03-20.26.25:846][982]LogModuleManager: Shutting down and abandoning module Renderer (7)
[2016.12.03-20.26.25:846][982]LogModuleManager: Shutting down and abandoning module Engine (6)
[2016.12.03-20.26.25:846][982]LogModuleManager: Shutting down and abandoning module CoreUObject (5)
[2016.12.03-20.26.25:846][982]LogModuleManager: Shutting down and abandoning module NetworkFile (4)
[2016.12.03-20.26.25:846][982]LogModuleManager: Shutting down and abandoning module StreamingFile (3)
[2016.12.03-20.26.25:846][982]LogModuleManager: Shutting down and abandoning module SandboxFile (2)
[2016.12.03-20.26.25:846][982]LogModuleManager: Shutting down and abandoning module PakFile (1)
[2016.12.03-20.26.25:846][982]LogExit: Exiting.
[2016.12.03-20.26.25:848][982]Log file closed, 12/03/16 15:26:25
