[2016.12.02-22.28.20:676][  0]Log file open, 12/02/16 17:28:20
[2016.12.02-22.28.20:676][  0]LogInit:Display: Running engine for game: MissileCommand2
[2016.12.02-22.28.20:676][  0]LogInit:Display: RandInit(-1416315081) SRandInit(-1416315081).
[2016.12.02-22.28.20:676][  0]LogTaskGraph: Started task graph with 4 named threads and 7 total threads.
[2016.12.02-22.28.20:676][  0]LogStats: Stats thread started at 0.089167
[2016.12.02-22.28.20:676][  0]LogInit: Version: 4.9.2-2707645+++depot+UE4-Releases+4.9
[2016.12.02-22.28.20:676][  0]LogInit: API Version: 2672455
[2016.12.02-22.28.20:676][  0]LogInit: Compiled (64-bit): Sep 28 2015 10:25:44
[2016.12.02-22.28.20:676][  0]LogInit: Compiled with Visual C++: 18.00.21005.01
[2016.12.02-22.28.20:676][  0]LogInit: Build Configuration: Development
[2016.12.02-22.28.20:676][  0]LogInit: Branch Name: ++depot+UE4-Releases+4.9
[2016.12.02-22.28.20:676][  0]LogInit: Command line:  /Temp/Autosaves/Game/FirstPersonBP/Maps/UEDPCFirstPersonExampleMap -game -PIEVIACONSOLE -ResX=1280 -ResY=720  -Multiprocess 
[2016.12.02-22.28.20:676][  0]LogInit: Base directory: C:/Program Files/Epic Games/4.9/Engine/Binaries/Win64/
[2016.12.02-22.28.20:676][  0]LogInit: Rocket: 1
[2016.12.02-22.28.20:691][  0]LogInit: Using libcurl 7.41.0
[2016.12.02-22.28.20:691][  0]LogInit:  - built for x86_64-pc-win32
[2016.12.02-22.28.20:691][  0]LogInit:  - supports SSL with WinSSL
[2016.12.02-22.28.20:691][  0]LogInit:  - other features:
[2016.12.02-22.28.20:691][  0]LogInit:      CURL_VERSION_SSL
[2016.12.02-22.28.20:691][  0]LogInit:      CURL_VERSION_IPV6
[2016.12.02-22.28.20:691][  0]LogInit:      CURL_VERSION_ASYNCHDNS
[2016.12.02-22.28.20:691][  0]LogInit:      CURL_VERSION_LARGEFILE
[2016.12.02-22.28.20:691][  0]LogInit:      CURL_VERSION_IDN
[2016.12.02-22.28.20:691][  0]LogInit:  CurlRequestOptions (configurable via config and command line):
[2016.12.02-22.28.20:691][  0]LogInit:  - bVerifyPeer = true  - Libcurl will verify peer certificate
[2016.12.02-22.28.20:691][  0]LogInit:  - bUseHttpProxy = false  - Libcurl will NOT use HTTP proxy
[2016.12.02-22.28.20:691][  0]LogInit:  - bDontReuseConnections = false  - Libcurl will reuse connections
[2016.12.02-22.28.20:691][  0]LogInit:  - CertBundlePath = nullptr  - Libcurl will use whatever was configured at build time.
[2016.12.02-22.28.20:700][  0]LogInit: Presizing for 0 objects not considered by GC, pre-allocating 0 bytes.
[2016.12.02-22.28.20:706][  0]LogInit: Object subsystem initialized
[2016.12.02-22.28.20:707][  0]LogInit: Selected Device Profile: [Windows]
[2016.12.02-22.28.20:707][  0]LogInit: Applying CVar settings loaded from the selected device profile: [Windows]
[2016.12.02-22.28.20:710][  0]LogInit: Computer: MSI
[2016.12.02-22.28.20:710][  0]LogInit: User: jsoba
[2016.12.02-22.28.20:710][  0]LogInit: CPU Page size=4096, Cores=4
[2016.12.02-22.28.20:710][  0]LogInit: High frequency timer resolution =2.630631 MHz
[2016.12.02-22.28.20:710][  0]LogMemory: Memory total: Physical=15.9GB (16GB approx)
[2016.12.02-22.28.20:710][  0]LogMemory: Platform Memory Stats for Windows
[2016.12.02-22.28.20:710][  0]LogMemory: Process Physical Memory: 54.81 MB used, 54.81 MB peak
[2016.12.02-22.28.20:710][  0]LogMemory: Process Virtual Memory: 55.65 MB used, 55.65 MB peak
[2016.12.02-22.28.20:710][  0]LogMemory: Physical Memory: 5720.68 MB used, 16299.20 MB total
[2016.12.02-22.28.20:710][  0]LogMemory: Virtual Memory: 369.84 MB used, 134217728.00 MB total
[2016.12.02-22.28.21:323][  0]LogTextLocalizationManager: No specific translations for ('en-US') exist, so ('en') translations will be used.
[2016.12.02-22.28.21:916][  0]LogD3D11RHI: Found D3D11 adapter 0: NVIDIA GeForce GTX 970M        (Feature Level 11_0)
[2016.12.02-22.28.21:916][  0]LogD3D11RHI: Adapter has 2991MB of dedicated video memory, 0MB of dedicated system memory, and 8149MB of shared system memory, 1 output[s]
[2016.12.02-22.28.21:920][  0]LogD3D11RHI: Found D3D11 adapter 1: Intel(R) HD Graphics 5600 (Feature Level 11_0)
[2016.12.02-22.28.21:920][  0]LogD3D11RHI: Adapter has 128MB of dedicated video memory, 0MB of dedicated system memory, and 8149MB of shared system memory, 0 output[s]
[2016.12.02-22.28.21:921][  0]LogD3D11RHI: Found D3D11 adapter 2: Microsoft Basic Render Driver (Feature Level 11_0)
[2016.12.02-22.28.21:921][  0]LogD3D11RHI: Adapter has 0MB of dedicated video memory, 0MB of dedicated system memory, and 8149MB of shared system memory, 0 output[s]
[2016.12.02-22.28.21:921][  0]LogD3D11RHI: Chosen D3D11 Adapter Id = 0
[2016.12.02-22.28.21:928][  0]LogD3D11RHI: !Direct3DDevice
[2016.12.02-22.28.21:928][  0]LogRHI: Texture pool is 1361 MB (70% of 1945 MB)
[2016.12.02-22.28.21:942][  0]LogD3D11RHI: Async texture creation enabled
[2016.12.02-22.28.21:954][  0]LogShaderCompilers: Guid format shader working directory is 15 characters bigger than the processId version (../../../../../../Users/jsoba/OneDrive/Documentos/Unreal Projects/MissileCommand2/Intermediate/Shaders/WorkingDirectory/4068/).
[2016.12.02-22.28.21:954][  0]LogShaderCompilers: Cleaned the shader compiler working directory '../../../../../../Users/jsoba/OneDrive/Documentos/Unreal Projects/MissileCommand2/Intermediate/Shaders/tmp/DFAEF3124B8C1569C6E606949A89F0F9/'.
[2016.12.02-22.28.21:954][  0]LogShaderCompilers:Display: Using Local Shader Compiler.
[2016.12.02-22.28.23:042][  0]LogTemp:Display: Loaded TP AllDesktopTargetPlatform
[2016.12.02-22.28.23:047][  0]LogTemp:Display: Loaded TP WindowsClientTargetPlatform
[2016.12.02-22.28.23:053][  0]LogTemp:Display: Loaded TP WindowsNoEditorTargetPlatform
[2016.12.02-22.28.23:058][  0]LogTemp:Display: Loaded TP WindowsServerTargetPlatform
[2016.12.02-22.28.23:064][  0]LogTemp:Display: Loaded TP WindowsTargetPlatform
[2016.12.02-22.28.23:067][  0]LogTemp:Display: Loaded TP AndroidTargetPlatform
[2016.12.02-22.28.23:070][  0]LogTemp:Display: Loaded TP Android_ASTCTargetPlatform
[2016.12.02-22.28.23:073][  0]LogTemp:Display: Loaded TP Android_ATCTargetPlatform
[2016.12.02-22.28.23:077][  0]LogTemp:Display: Loaded TP Android_DXTTargetPlatform
[2016.12.02-22.28.23:080][  0]LogTemp:Display: Loaded TP Android_ETC1TargetPlatform
[2016.12.02-22.28.23:084][  0]LogTemp:Display: Loaded TP Android_ETC2TargetPlatform
[2016.12.02-22.28.23:089][  0]LogTemp:Display: Loaded TP Android_PVRTCTargetPlatform
[2016.12.02-22.28.23:089][  0]LogTemp:Display: Loaded TP HTML5TargetPlatform
[2016.12.02-22.28.23:107][  0]LogTemp:Display: Loaded TP IOSTargetPlatform
[2016.12.02-22.28.23:110][  0]LogTemp:Display: Loaded TP LinuxNoEditorTargetPlatform
[2016.12.02-22.28.23:114][  0]LogTemp:Display: Loaded TP LinuxServerTargetPlatform
[2016.12.02-22.28.23:118][  0]LogTemp:Display: Loaded TP LinuxTargetPlatform
[2016.12.02-22.28.23:118][  0]LogTargetPlatformManager:Display: Building Assets For Windows
[2016.12.02-22.28.23:213][  0]LogDerivedDataCache:Display: Max Cache Size: 512 MB
[2016.12.02-22.28.23:261][  0]LogDerivedDataCache: Loaded boot cache 0.05s 41MB C:/Users/jsoba/AppData/Local/UnrealEngine/4.9/DerivedDataCache/Boot.ddc.
[2016.12.02-22.28.23:261][  0]LogDerivedDataCache:Display: Loaded Boot cache: C:/Users/jsoba/AppData/Local/UnrealEngine/4.9/DerivedDataCache/Boot.ddc
[2016.12.02-22.28.23:262][  0]LogDerivedDataCache: FDerivedDataBackendGraph:  Pak pak cache file ../../../../../../Users/jsoba/OneDrive/Documentos/Unreal Projects/MissileCommand2/DerivedDataCache/DDC.ddp not found, will not use a pak cache.
[2016.12.02-22.28.23:262][  0]LogDerivedDataCache: Unable to find inner node Pak for hierarchical cache Hierarchy.
[2016.12.02-22.28.23:262][  0]LogDerivedDataCache: FDerivedDataBackendGraph:  CompressedPak pak cache file ../../../../../../Users/jsoba/OneDrive/Documentos/Unreal Projects/MissileCommand2/DerivedDataCache/Compressed.ddp not found, will not use a pak cache.
[2016.12.02-22.28.23:262][  0]LogDerivedDataCache: Unable to find inner node CompressedPak for hierarchical cache Hierarchy.
[2016.12.02-22.28.23:393][  0]LogDerivedDataCache:Display: Pak cache opened for reading ../../../Engine/DerivedDataCache/Compressed.ddp.
[2016.12.02-22.28.23:405][  0]LogDerivedDataCache: Using Local data cache path C:/Users/jsoba/AppData/Local/UnrealEngine/Common/DerivedDataCache: Writable
[2016.12.02-22.28.23:576][  0]LogInit: Selected Device Profile: [Windows]
[2016.12.02-22.28.23:579][  0]LogContentStreaming: Texture pool size is 1000.000000MB
[2016.12.02-22.28.23:687][  0]LogMeshUtilities: No automatic mesh reduction module available
[2016.12.02-22.28.23:687][  0]LogMeshUtilities: No automatic mesh merging module available
[2016.12.02-22.28.23:890][  0]LogInit: WinSock: version 1.1 (2.2), MaxSocks=32767, MaxUdp=65467
[2016.12.02-22.28.24:097][  0]LogWindowsMoviePlayer: Unable to load movie: ../../../../../../Users/jsoba/OneDrive/Documentos/Unreal Projects/MissileCommand2/Content/Movies/Default_Startup.mp4
[2016.12.02-22.28.24:210][  0]SourceControl: Info Source control is disabled
[2016.12.02-22.28.24:210][  0]SourceControl: Info Source control is disabled
[2016.12.02-22.28.24:225][  0]SourceControl: Info Source control is disabled
[2016.12.02-22.28.24:326][  0]LogLinker:Warning: Asset '../../../Engine/Plugins/Runtime/LeapMotionController/Content/LM_PassthroughMaterial.uasset' has been saved with empty engine version. The asset will be loaded but may be incompatible.
[2016.12.02-22.28.24:416][  0]LogObj: 27669 objects as part of root set at end of initial load.
[2016.12.02-22.28.24:416][  0]LogUObjectAllocator: 5775704 out of 0 bytes used by permanent object pool.
[2016.12.02-22.28.24:467][  0]LogEngine: Initializing Engine...
[2016.12.02-22.28.24:470][  0]LogHMD: Can't find Oculus library dev build: is proper Runtime installed? Version: 0.7.0.0
[2016.12.02-22.28.24:471][  0]LogHMD: SteamVR failed to initialize.  Err: 110
[2016.12.02-22.28.24:566][  0]LogInit: XAudio2 using 'Speakers (Realtek High Definition Audio)' : 8 channels at 48 kHz using 32 bits per sample (channel mask 0x63f)
[2016.12.02-22.28.24:603][  0]LogInit: FAudioDevice initialized.
[2016.12.02-22.28.24:607][  0]LogInit: Texture streaming: Enabled
[2016.12.02-22.28.24:667][  0]LogNet: Browse: /Temp/Autosaves/Game/FirstPersonBP/Maps/UEDPCFirstPersonExampleMap?Name=Player
[2016.12.02-22.28.24:669][  0]LogLoad: LoadMap: /Temp/Autosaves/Game/FirstPersonBP/Maps/UEDPCFirstPersonExampleMap?Name=Player
[2016.12.02-22.28.24:678][  0]LogParticles: Destroying 0 GPU particle simulations for FXSystem 0x000001BC2A4FD120
[2016.12.02-22.28.24:687][  0]LogMemory: Platform Memory Stats for Windows
[2016.12.02-22.28.24:687][  0]LogMemory: Process Physical Memory: 396.78 MB used, 396.78 MB peak
[2016.12.02-22.28.24:687][  0]LogMemory: Process Virtual Memory: 454.70 MB used, 454.70 MB peak
[2016.12.02-22.28.24:687][  0]LogMemory: Physical Memory: 6041.47 MB used, 16299.20 MB total
[2016.12.02-22.28.24:687][  0]LogMemory: Virtual Memory: 1019.03 MB used, 134217728.00 MB total
[2016.12.02-22.28.24:687][  0]LogMemory: 
[2016.12.02-22.28.24:687][  0]Allocator Stats for TBB: (not implemented)
[2016.12.02-22.28.24:843][  0]LogBlueprint:Warning: [compiler SpawnClassMisil1Trasera] Warning 'Item' is already a 'Misil 1', you don't need  Cast To Misil1 .
[2016.12.02-22.28.24:845][  0]LogBlueprint:Warning: [compiler SpawnClassMisil1Trasera] Warning [0004.51] Compile of SpawnClassMisil1Trasera successful, but with 1 Warning(s) [in 5 ms]
[2016.12.02-22.28.24:845][  0]LogBlueprint:Warning: [compiler SpawnClassMisil1Trasera] Warning [0004.51] Compile of SpawnClassMisil1Trasera successful, but with 2 Warning(s) [in 0 ms]
[2016.12.02-22.28.24:845][  0]LogBlueprint:Warning: [compiler SpawnClassMisil1Trasera] Warning [0004.51] Compile of SpawnClassMisil1Trasera successful, but with 3 Warning(s) [in 0 ms]
[2016.12.02-22.28.24:875][  0]LogLinker:Warning: Asset '../../../../../../Users/jsoba/OneDrive/Documentos/Unreal Projects/MissileCommand2/Content/FirstPerson/Meshes/FirstPersonProjectileMesh.uasset' has been saved with empty engine version. The asset will be loaded but may be incompatible.
[2016.12.02-22.28.24:920][  0]LogLinker:Warning: CreateImport: Failed to load Outer for resource 'Arrow': FirstPersonCharacter_C /Game/FirstPersonBP/Blueprints/FirstPersonCharacter.Default__FirstPersonCharacter_C
[2016.12.02-22.28.25:035][  0]LogBlueprint:Warning: [compiler SpawnClassMisil1Trasera] Warning 'Item' is already a 'Misil 1', you don't need  Cast To Misil1 .
[2016.12.02-22.28.25:037][  0]LogBlueprint:Warning: [compiler SpawnClassMisil1Trasera] Warning [0004.70] Compile of SpawnClassMisil1Trasera successful, but with 1 Warning(s) [in 4 ms]
[2016.12.02-22.28.25:037][  0]LogBlueprint:Warning: [compiler SpawnClassMisil1Trasera] Warning [0004.70] Compile of SpawnClassMisil1Trasera successful, but with 2 Warning(s) [in 0 ms]
[2016.12.02-22.28.25:037][  0]LogBlueprint:Warning: [compiler SpawnClassMisil1Trasera] Warning [0004.70] Compile of SpawnClassMisil1Trasera successful, but with 3 Warning(s) [in 0 ms]
[2016.12.02-22.28.25:283][  0]LogAIModule: Creating AISystem for world FirstPersonExampleMap
[2016.12.02-22.28.25:284][  0]LogWorld: Game class is 'MissileCommandGM_C'
[2016.12.02-22.28.25:289][  0]LogWorld: Bringing World /Temp/Autosaves/Game/FirstPersonBP/Maps/UEDPCFirstPersonExampleMap.FirstPersonExampleMap up for play (max tick rate 0) at 2016.12.02-17.28.25
[2016.12.02-22.28.25:290][  0]LogWorld: Bringing up level for play took: 0.004939
[2016.12.02-22.28.25:292][  0]LogInit:Display: Game Engine Initialized.
[2016.12.02-22.28.25:527][  0]LogLoad: Full Startup: 5.19 seconds (BP compile: 0.17 seconds)
[2016.12.02-22.28.25:544][  0]LogWindowsTextInputMethodSystem:Display: IME system now deactivated.
[2016.12.02-22.28.25:621][  0]LogRenderer: Reallocating scene render targets to support 128x128 (Frame:1).
[2016.12.02-22.28.25:687][  1]LogRenderer: Reallocating scene render targets to support 1280x720 (Frame:2).
[2016.12.02-22.28.32:539][425]LogScript:Warning: Cannot access 'StaticMesh'. It is pending kill. Property: 'StaticMesh'
	Misil2_C /Temp/Autosaves/Game/FirstPersonBP/Maps/UEDPCFirstPersonExampleMap.FirstPersonExampleMap:PersistentLevel.Misil2_C_9
	Function /Game/FirstPersonBP/Misiles/Misil2.Misil2_C:ExecuteUbergraph_Misil2:0271
[2016.12.02-22.28.32:555][426]LogScript:Warning: Cannot access 'StaticMesh'. It is pending kill. Property: 'StaticMesh'
	Misil2_C /Temp/Autosaves/Game/FirstPersonBP/Maps/UEDPCFirstPersonExampleMap.FirstPersonExampleMap:PersistentLevel.Misil2_C_13
	Function /Game/FirstPersonBP/Misiles/Misil2.Misil2_C:ExecuteUbergraph_Misil2:0271
[2016.12.02-22.28.32:958][451]LogScript:Warning: Cannot access 'StaticMesh'. It is pending kill. Property: 'StaticMesh'
	Misil2_C /Temp/Autosaves/Game/FirstPersonBP/Maps/UEDPCFirstPersonExampleMap.FirstPersonExampleMap:PersistentLevel.Misil2_C_14
	Function /Game/FirstPersonBP/Misiles/Misil2.Misil2_C:ExecuteUbergraph_Misil2:0271
[2016.12.02-22.28.41:571][984]LogScript:Warning: Cannot access 'StaticMesh'. It is pending kill. Property: 'StaticMesh'
	Misil2_C /Temp/Autosaves/Game/FirstPersonBP/Maps/UEDPCFirstPersonExampleMap.FirstPersonExampleMap:PersistentLevel.Misil2_C_34
	Function /Game/FirstPersonBP/Misiles/Misil2.Misil2_C:ExecuteUbergraph_Misil2:0271
[2016.12.02-22.28.41:973][  9]LogScript:Warning: Cannot access 'StaticMesh'. It is pending kill. Property: 'StaticMesh'
	Misil2_C /Temp/Autosaves/Game/FirstPersonBP/Maps/UEDPCFirstPersonExampleMap.FirstPersonExampleMap:PersistentLevel.Misil2_C_36
	Function /Game/FirstPersonBP/Misiles/Misil2.Misil2_C:ExecuteUbergraph_Misil2:0271
[2016.12.02-22.28.42:038][ 13]LogScript:Warning: Cannot access 'StaticMesh'. It is pending kill. Property: 'StaticMesh'
	Misil2_C /Temp/Autosaves/Game/FirstPersonBP/Maps/UEDPCFirstPersonExampleMap.FirstPersonExampleMap:PersistentLevel.Misil2_C_38
	Function /Game/FirstPersonBP/Misiles/Misil2.Misil2_C:ExecuteUbergraph_Misil2:0271
[2016.12.02-22.28.42:264][ 27]LogScript:Warning: Cannot access 'StaticMesh'. It is pending kill. Property: 'StaticMesh'
	Misil2_C /Temp/Autosaves/Game/FirstPersonBP/Maps/UEDPCFirstPersonExampleMap.FirstPersonExampleMap:PersistentLevel.Misil2_C_39
	Function /Game/FirstPersonBP/Misiles/Misil2.Misil2_C:ExecuteUbergraph_Misil2:0271
[2016.12.02-22.28.42:377][ 34]LogScript:Warning: Cannot access 'StaticMesh'. It is pending kill. Property: 'StaticMesh'
	Misil2_C /Temp/Autosaves/Game/FirstPersonBP/Maps/UEDPCFirstPersonExampleMap.FirstPersonExampleMap:PersistentLevel.Misil2_C_42
	Function /Game/FirstPersonBP/Misiles/Misil2.Misil2_C:ExecuteUbergraph_Misil2:0271
[2016.12.02-22.28.44:022][136]LogScript:Warning: Cannot access 'StaticMesh'. It is pending kill. Property: 'StaticMesh'
	Misil2_C /Temp/Autosaves/Game/FirstPersonBP/Maps/UEDPCFirstPersonExampleMap.FirstPersonExampleMap:PersistentLevel.Misil2_C_45
	Function /Game/FirstPersonBP/Misiles/Misil2.Misil2_C:ExecuteUbergraph_Misil2:0271
[2016.12.02-22.28.44:764][182]LogScript:Warning: Cannot access 'StaticMesh'. It is pending kill. Property: 'StaticMesh'
	Misil2_C /Temp/Autosaves/Game/FirstPersonBP/Maps/UEDPCFirstPersonExampleMap.FirstPersonExampleMap:PersistentLevel.Misil2_C_50
	Function /Game/FirstPersonBP/Misiles/Misil2.Misil2_C:ExecuteUbergraph_Misil2:0271
[2016.12.02-22.28.44:990][196]LogScript:Warning: Cannot access 'StaticMesh'. It is pending kill. Property: 'StaticMesh'
	Misil2_C /Temp/Autosaves/Game/FirstPersonBP/Maps/UEDPCFirstPersonExampleMap.FirstPersonExampleMap:PersistentLevel.Misil2_C_49
	Function /Game/FirstPersonBP/Misiles/Misil2.Misil2_C:ExecuteUbergraph_Misil2:0271
[2016.12.02-22.28.45:184][208]LogScript:Warning: Cannot access 'StaticMesh'. It is pending kill. Property: 'StaticMesh'
	Misil2_C /Temp/Autosaves/Game/FirstPersonBP/Maps/UEDPCFirstPersonExampleMap.FirstPersonExampleMap:PersistentLevel.Misil2_C_55
	Function /Game/FirstPersonBP/Misiles/Misil2.Misil2_C:ExecuteUbergraph_Misil2:0271
[2016.12.02-22.28.59:453][ 91]LogWindowsTextInputMethodSystem:Display: IME system now deactivated.
[2016.12.02-22.28.59:457][ 91]LogEngine: All Windows Closed
[2016.12.02-22.28.59:457][ 91]LogWindows: FPlatformMisc::RequestExit(0)
[2016.12.02-22.28.59:491][ 92]LogExit: Preparing to exit.
[2016.12.02-22.28.59:610][ 92]LogExit: Game engine shut down
[2016.12.02-22.28.59:611][ 92]LogParticles: Destroying 0 GPU particle simulations for FXSystem 0x000001BC27FDADE0
[2016.12.02-22.28.59:765][ 92]LogExit: Object subsystem successfully closed.
[2016.12.02-22.28.59:783][ 92]LogD3D11RHI: Shutdown
[2016.12.02-22.28.59:783][ 92]LogD3D11RHI: CleanupD3DDevice
[2016.12.02-22.28.59:833][ 92]LogD3D11RHI: ~FD3D11DynamicRHI
[2016.12.02-22.28.59:845][ 92]LogModuleManager: Shutting down and abandoning module AndroidDeviceDetection (115)
[2016.12.02-22.29.00:620][ 92]LogModuleManager: Shutting down and abandoning module AutomationController (114)
[2016.12.02-22.29.00:620][ 92]LogModuleManager: Shutting down and abandoning module AutomationWorker (113)
[2016.12.02-22.29.00:620][ 92]LogModuleManager: Shutting down and abandoning module CharacterAI (112)
[2016.12.02-22.29.00:620][ 92]LogModuleManager: Shutting down and abandoning module AITestSuite (111)
[2016.12.02-22.29.00:620][ 92]LogModuleManager: Shutting down and abandoning module GameplayDebugger (110)
[2016.12.02-22.29.00:620][ 92]LogModuleManager: Shutting down and abandoning module AIModule (109)
[2016.12.02-22.29.00:620][ 92]LogModuleManager: Shutting down and abandoning module GameLiveStreaming (108)
[2016.12.02-22.29.00:620][ 92]LogModuleManager: Shutting down and abandoning module StreamingPauseRendering (107)
[2016.12.02-22.29.00:620][ 92]LogModuleManager: Shutting down and abandoning module ProfilerService (106)
[2016.12.02-22.29.00:724][ 92]LogModuleManager: Shutting down and abandoning module TaskGraph (105)
[2016.12.02-22.29.00:724][ 92]LogModuleManager: Shutting down and abandoning module SlateRemote (104)
[2016.12.02-22.29.00:724][ 92]LogModuleManager: Shutting down and abandoning module SteamVRController (103)
[2016.12.02-22.29.00:724][ 92]LogModuleManager: Shutting down and abandoning module SteamVR (102)
[2016.12.02-22.29.00:724][ 92]LogModuleManager: Shutting down and abandoning module ProceduralMeshComponent (101)
[2016.12.02-22.29.00:724][ 92]LogModuleManager: Shutting down and abandoning module OculusRift (100)
[2016.12.02-22.29.00:724][ 92]LogModuleManager: Shutting down and abandoning module OculusLibrary (99)
[2016.12.02-22.29.00:725][ 92]LogModuleManager: Shutting down and abandoning module LeapMotionController (98)
[2016.12.02-22.29.00:784][ 92]LogModuleManager: Shutting down and abandoning module CustomMeshComponent (97)
[2016.12.02-22.29.00:784][ 92]LogModuleManager: Shutting down and abandoning module CableComponent (96)
[2016.12.02-22.29.00:784][ 92]LogModuleManager: Shutting down and abandoning module ArchVisCharacter (95)
[2016.12.02-22.29.00:784][ 92]LogModuleManager: Shutting down and abandoning module HTML5Networking (94)
[2016.12.02-22.29.00:784][ 92]LogModuleManager: Shutting down and abandoning module DesktopPlatform (93)
[2016.12.02-22.29.00:784][ 92]LogModuleManager: Shutting down and abandoning module DirectoryWatcher (92)
[2016.12.02-22.29.00:784][ 92]LogModuleManager: Shutting down and abandoning module HotReload (91)
[2016.12.02-22.29.00:784][ 92]LogModuleManager: Shutting down and abandoning module VisualStudioSourceCodeAccess (90)
[2016.12.02-22.29.00:784][ 92]LogModuleManager: Shutting down and abandoning module UObjectPlugin (89)
[2016.12.02-22.29.00:784][ 92]LogModuleManager: Shutting down and abandoning module SubversionSourceControl (88)
[2016.12.02-22.29.00:784][ 92]LogModuleManager: Shutting down and abandoning module SourceControl (87)
[2016.12.02-22.29.00:784][ 92]LogModuleManager: Shutting down and abandoning module PerforceSourceControl (86)
[2016.12.02-22.29.00:784][ 92]LogModuleManager: Shutting down and abandoning module UdpMessaging (85)
[2016.12.02-22.29.00:784][ 92]LogModuleManager: Shutting down and abandoning module LightPropagationVolumeRuntime (84)
[2016.12.02-22.29.00:784][ 92]LogModuleManager: Shutting down and abandoning module Paper2D (83)
[2016.12.02-22.29.00:784][ 92]LogModuleManager: Shutting down and abandoning module WindowsMoviePlayer (82)
[2016.12.02-22.29.00:786][ 92]LogModuleManager: Shutting down and abandoning module Media (81)
[2016.12.02-22.29.00:786][ 92]LogModuleManager: Shutting down and abandoning module WmfMedia (80)
[2016.12.02-22.29.00:786][ 92]LogModuleManager: Shutting down and abandoning module OnlineBlueprintSupport (79)
[2016.12.02-22.29.00:786][ 92]LogModuleManager: Shutting down and abandoning module GameplayTasksEditor (78)
[2016.12.02-22.29.00:786][ 92]LogModuleManager: Shutting down and abandoning module PropertyEditor (77)
[2016.12.02-22.29.00:786][ 92]LogModuleManager: Shutting down and abandoning module BehaviorTreeEditor (76)
[2016.12.02-22.29.00:786][ 92]LogModuleManager: Shutting down and abandoning module FunctionalTesting (75)
[2016.12.02-22.29.00:786][ 92]LogModuleManager: Shutting down and abandoning module CollisionAnalyzer (74)
[2016.12.02-22.29.00:786][ 92]LogModuleManager: Shutting down and abandoning module WorkspaceMenuStructure (73)
[2016.12.02-22.29.00:786][ 92]LogModuleManager: Shutting down and abandoning module MessageLog (72)
[2016.12.02-22.29.00:786][ 92]LogModuleManager: Shutting down and abandoning module Sequencer (71)
[2016.12.02-22.29.00:786][ 92]LogModuleManager: Shutting down and abandoning module AssetTools (70)
[2016.12.02-22.29.00:786][ 92]LogModuleManager: Shutting down and abandoning module UMGEditor (69)
[2016.12.02-22.29.00:786][ 92]LogModuleManager: Shutting down and abandoning module UMG (68)
[2016.12.02-22.29.00:786][ 92]LogModuleManager: Shutting down and abandoning module Slate (67)
[2016.12.02-22.29.00:786][ 92]LogModuleManager: Shutting down and abandoning module EditorStyle (66)
[2016.12.02-22.29.00:789][ 92]LogModuleManager: Shutting down and abandoning module SessionServices (65)
[2016.12.02-22.29.00:789][ 92]LogModuleManager: Shutting down and abandoning module SourceCodeAccess (64)
[2016.12.02-22.29.00:789][ 92]LogModuleManager: Shutting down and abandoning module HeadMountedDisplay (63)
[2016.12.02-22.29.00:789][ 92]LogModuleManager: Shutting down and abandoning module XAudio2 (62)
[2016.12.02-22.29.00:789][ 92]LogModuleManager: Shutting down and abandoning module Networking (60)
[2016.12.02-22.29.00:789][ 92]LogModuleManager: Shutting down and abandoning module Core (59)
[2016.12.02-22.29.00:789][ 92]LogModuleManager: Shutting down and abandoning module KismetCompiler (58)
[2016.12.02-22.29.00:789][ 92]LogModuleManager: Shutting down and abandoning module PhysXFormats (57)
[2016.12.02-22.29.00:789][ 92]LogModuleManager: Shutting down and abandoning module MeshUtilities (56)
[2016.12.02-22.29.00:789][ 92]LogModuleManager: Shutting down and abandoning module CookingStats (55)
[2016.12.02-22.29.00:789][ 92]LogModuleManager: Shutting down and abandoning module DerivedDataCache (54)
[2016.12.02-22.29.00:962][ 92]LogDerivedDataCache: Shutdown
[2016.12.02-22.29.00:962][ 92]LogModuleManager: Shutting down and abandoning module ShaderFormatOpenGL (53)
[2016.12.02-22.29.00:962][ 92]LogModuleManager: Shutting down and abandoning module ShaderFormatD3D (52)
[2016.12.02-22.29.00:962][ 92]LogModuleManager: Shutting down and abandoning module MetalShaderFormat (51)
[2016.12.02-22.29.00:962][ 92]LogModuleManager: Shutting down and abandoning module TextureFormatUncompressed (50)
[2016.12.02-22.29.00:962][ 92]LogModuleManager: Shutting down and abandoning module TextureFormatPVR (49)
[2016.12.02-22.29.00:962][ 92]LogModuleManager: Shutting down and abandoning module TextureFormatIntelISPCTexComp (48)
[2016.12.02-22.29.00:962][ 92]LogModuleManager: Shutting down and abandoning module TextureFormatDXT (47)
[2016.12.02-22.29.00:962][ 92]LogModuleManager: Shutting down and abandoning module ImageWrapper (46)
[2016.12.02-22.29.00:962][ 92]LogModuleManager: Shutting down and abandoning module TextureFormatASTC (45)
[2016.12.02-22.29.00:962][ 92]LogModuleManager: Shutting down and abandoning module TextureFormatAndroid (44)
[2016.12.02-22.29.00:962][ 92]LogModuleManager: Shutting down and abandoning module AudioFormatOpus (43)
[2016.12.02-22.29.00:962][ 92]LogModuleManager: Shutting down and abandoning module AudioFormatOgg (42)
[2016.12.02-22.29.00:962][ 92]LogModuleManager: Shutting down and abandoning module AudioFormatADPCM (41)
[2016.12.02-22.29.00:963][ 92]LogModuleManager: Shutting down and abandoning module LinuxTargetPlatform (40)
[2016.12.02-22.29.00:963][ 92]LogModuleManager: Shutting down and abandoning module LinuxServerTargetPlatform (39)
[2016.12.02-22.29.00:963][ 92]LogModuleManager: Shutting down and abandoning module LinuxNoEditorTargetPlatform (38)
[2016.12.02-22.29.00:963][ 92]LogModuleManager: Shutting down and abandoning module Messaging (37)
[2016.12.02-22.29.00:963][ 92]LogModuleManager: Shutting down and abandoning module IOSTargetPlatform (36)
[2016.12.02-22.29.00:963][ 92]LogModuleManager: Shutting down and abandoning module HTML5TargetPlatform (35)
[2016.12.02-22.29.00:963][ 92]LogModuleManager: Shutting down and abandoning module Android_PVRTCTargetPlatform (34)
[2016.12.02-22.29.00:963][ 92]LogModuleManager: Shutting down and abandoning module Android_ETC2TargetPlatform (33)
[2016.12.02-22.29.00:963][ 92]LogModuleManager: Shutting down and abandoning module Android_ETC1TargetPlatform (32)
[2016.12.02-22.29.00:963][ 92]LogModuleManager: Shutting down and abandoning module Android_DXTTargetPlatform (31)
[2016.12.02-22.29.00:963][ 92]LogModuleManager: Shutting down and abandoning module Android_ATCTargetPlatform (30)
[2016.12.02-22.29.00:963][ 92]LogModuleManager: Shutting down and abandoning module Android_ASTCTargetPlatform (29)
[2016.12.02-22.29.00:963][ 92]LogModuleManager: Shutting down and abandoning module AndroidTargetPlatform (28)
[2016.12.02-22.29.00:963][ 92]LogModuleManager: Shutting down and abandoning module WindowsTargetPlatform (27)
[2016.12.02-22.29.00:963][ 92]LogModuleManager: Shutting down and abandoning module WindowsServerTargetPlatform (26)
[2016.12.02-22.29.00:963][ 92]LogModuleManager: Shutting down and abandoning module WindowsNoEditorTargetPlatform (25)
[2016.12.02-22.29.00:963][ 92]LogModuleManager: Shutting down and abandoning module WindowsClientTargetPlatform (24)
[2016.12.02-22.29.00:963][ 92]LogModuleManager: Shutting down and abandoning module AllDesktopTargetPlatform (23)
[2016.12.02-22.29.00:963][ 92]LogModuleManager: Shutting down and abandoning module TargetPlatform (22)
[2016.12.02-22.29.00:963][ 92]LogModuleManager: Shutting down and abandoning module InputCore (21)
[2016.12.02-22.29.00:963][ 92]LogModuleManager: Shutting down and abandoning module Settings (20)
[2016.12.02-22.29.00:963][ 92]LogModuleManager: Shutting down and abandoning module OnlineSubsystem (18)
[2016.12.02-22.29.00:963][ 92]LogModuleManager: Shutting down and abandoning module HTTP (17)
[2016.12.02-22.29.00:963][ 92]LogModuleManager: Shutting down and abandoning module XMPP (16)
[2016.12.02-22.29.00:963][ 92]LogModuleManager: Shutting down and abandoning module ExampleDeviceProfileSelector (15)
[2016.12.02-22.29.00:963][ 92]LogModuleManager: Shutting down and abandoning module TextureCompressor (14)
[2016.12.02-22.29.00:963][ 92]LogModuleManager: Shutting down and abandoning module ShaderCore (13)
[2016.12.02-22.29.00:963][ 92]LogModuleManager: Shutting down and abandoning module Landscape (12)
[2016.12.02-22.29.00:963][ 92]LogModuleManager: Shutting down and abandoning module SlateRHIRenderer (11)
[2016.12.02-22.29.00:963][ 92]LogModuleManager: Shutting down and abandoning module OpenGLDrv (10)
[2016.12.02-22.29.00:963][ 92]LogModuleManager: Shutting down and abandoning module D3D11RHI (9)
[2016.12.02-22.29.00:963][ 92]LogModuleManager: Shutting down and abandoning module AnimGraphRuntime (8)
[2016.12.02-22.29.00:963][ 92]LogModuleManager: Shutting down and abandoning module Renderer (7)
[2016.12.02-22.29.00:963][ 92]LogModuleManager: Shutting down and abandoning module Engine (6)
[2016.12.02-22.29.00:963][ 92]LogModuleManager: Shutting down and abandoning module CoreUObject (5)
[2016.12.02-22.29.00:963][ 92]LogModuleManager: Shutting down and abandoning module NetworkFile (4)
[2016.12.02-22.29.00:963][ 92]LogModuleManager: Shutting down and abandoning module StreamingFile (3)
[2016.12.02-22.29.00:963][ 92]LogModuleManager: Shutting down and abandoning module SandboxFile (2)
[2016.12.02-22.29.00:963][ 92]LogModuleManager: Shutting down and abandoning module PakFile (1)
[2016.12.02-22.29.00:964][ 92]LogExit: Exiting.
[2016.12.02-22.29.00:965][ 92]Log file closed, 12/02/16 17:29:00
