[2016.12.03-18.10.55:590][  0]Log file open, 12/03/16 13:10:55
[2016.12.03-18.10.55:590][  0]LogInit:Display: Running engine for game: MissileCommand2
[2016.12.03-18.10.55:590][  0]LogInit:Display: RandInit(1669009442) SRandInit(1669009442).
[2016.12.03-18.10.55:590][  0]LogTaskGraph: Started task graph with 4 named threads and 7 total threads.
[2016.12.03-18.10.55:590][  0]LogStats: Stats thread started at 0.082339
[2016.12.03-18.10.55:590][  0]LogInit: Version: 4.9.2-2707645+++depot+UE4-Releases+4.9
[2016.12.03-18.10.55:590][  0]LogInit: API Version: 2672455
[2016.12.03-18.10.55:590][  0]LogInit: Compiled (64-bit): Sep 28 2015 10:25:44
[2016.12.03-18.10.55:590][  0]LogInit: Compiled with Visual C++: 18.00.21005.01
[2016.12.03-18.10.55:590][  0]LogInit: Build Configuration: Development
[2016.12.03-18.10.55:590][  0]LogInit: Branch Name: ++depot+UE4-Releases+4.9
[2016.12.03-18.10.55:590][  0]LogInit: Command line:  /Temp/Autosaves/Game/FirstPersonBP/Maps/UEDPCFirstPersonExampleMap -game -PIEVIACONSOLE -ResX=1280 -ResY=720  -Multiprocess 
[2016.12.03-18.10.55:590][  0]LogInit: Base directory: C:/Program Files/Epic Games/4.9/Engine/Binaries/Win64/
[2016.12.03-18.10.55:590][  0]LogInit: Rocket: 1
[2016.12.03-18.10.55:607][  0]LogInit: Using libcurl 7.41.0
[2016.12.03-18.10.55:607][  0]LogInit:  - built for x86_64-pc-win32
[2016.12.03-18.10.55:607][  0]LogInit:  - supports SSL with WinSSL
[2016.12.03-18.10.55:607][  0]LogInit:  - other features:
[2016.12.03-18.10.55:607][  0]LogInit:      CURL_VERSION_SSL
[2016.12.03-18.10.55:607][  0]LogInit:      CURL_VERSION_IPV6
[2016.12.03-18.10.55:607][  0]LogInit:      CURL_VERSION_ASYNCHDNS
[2016.12.03-18.10.55:607][  0]LogInit:      CURL_VERSION_LARGEFILE
[2016.12.03-18.10.55:607][  0]LogInit:      CURL_VERSION_IDN
[2016.12.03-18.10.55:607][  0]LogInit:  CurlRequestOptions (configurable via config and command line):
[2016.12.03-18.10.55:607][  0]LogInit:  - bVerifyPeer = true  - Libcurl will verify peer certificate
[2016.12.03-18.10.55:607][  0]LogInit:  - bUseHttpProxy = false  - Libcurl will NOT use HTTP proxy
[2016.12.03-18.10.55:607][  0]LogInit:  - bDontReuseConnections = false  - Libcurl will reuse connections
[2016.12.03-18.10.55:607][  0]LogInit:  - CertBundlePath = nullptr  - Libcurl will use whatever was configured at build time.
[2016.12.03-18.10.55:615][  0]LogInit: Presizing for 0 objects not considered by GC, pre-allocating 0 bytes.
[2016.12.03-18.10.55:621][  0]LogInit: Object subsystem initialized
[2016.12.03-18.10.55:622][  0]LogInit: Selected Device Profile: [Windows]
[2016.12.03-18.10.55:622][  0]LogInit: Applying CVar settings loaded from the selected device profile: [Windows]
[2016.12.03-18.10.55:624][  0]LogInit: Computer: MSI
[2016.12.03-18.10.55:624][  0]LogInit: User: jsoba
[2016.12.03-18.10.55:624][  0]LogInit: CPU Page size=4096, Cores=4
[2016.12.03-18.10.55:624][  0]LogInit: High frequency timer resolution =2.630620 MHz
[2016.12.03-18.10.55:625][  0]LogMemory: Memory total: Physical=15.9GB (16GB approx)
[2016.12.03-18.10.55:625][  0]LogMemory: Platform Memory Stats for Windows
[2016.12.03-18.10.55:625][  0]LogMemory: Process Physical Memory: 54.78 MB used, 54.78 MB peak
[2016.12.03-18.10.55:625][  0]LogMemory: Process Virtual Memory: 55.52 MB used, 55.52 MB peak
[2016.12.03-18.10.55:625][  0]LogMemory: Physical Memory: 6070.23 MB used, 16299.20 MB total
[2016.12.03-18.10.55:625][  0]LogMemory: Virtual Memory: 369.84 MB used, 134217728.00 MB total
[2016.12.03-18.10.56:039][  0]LogTextLocalizationManager: No specific translations for ('en-US') exist, so ('en') translations will be used.
[2016.12.03-18.10.56:628][  0]LogD3D11RHI: Found D3D11 adapter 0: NVIDIA GeForce GTX 970M        (Feature Level 11_0)
[2016.12.03-18.10.56:628][  0]LogD3D11RHI: Adapter has 2991MB of dedicated video memory, 0MB of dedicated system memory, and 8149MB of shared system memory, 1 output[s]
[2016.12.03-18.10.56:632][  0]LogD3D11RHI: Found D3D11 adapter 1: Intel(R) HD Graphics 5600 (Feature Level 11_0)
[2016.12.03-18.10.56:632][  0]LogD3D11RHI: Adapter has 128MB of dedicated video memory, 0MB of dedicated system memory, and 8149MB of shared system memory, 0 output[s]
[2016.12.03-18.10.56:633][  0]LogD3D11RHI: Found D3D11 adapter 2: Microsoft Basic Render Driver (Feature Level 11_0)
[2016.12.03-18.10.56:633][  0]LogD3D11RHI: Adapter has 0MB of dedicated video memory, 0MB of dedicated system memory, and 8149MB of shared system memory, 0 output[s]
[2016.12.03-18.10.56:633][  0]LogD3D11RHI: Chosen D3D11 Adapter Id = 0
[2016.12.03-18.10.56:640][  0]LogD3D11RHI: !Direct3DDevice
[2016.12.03-18.10.56:640][  0]LogRHI: Texture pool is 1361 MB (70% of 1945 MB)
[2016.12.03-18.10.56:655][  0]LogD3D11RHI: Async texture creation enabled
[2016.12.03-18.10.56:666][  0]LogShaderCompilers: Guid format shader working directory is 14 characters bigger than the processId version (../../../../../../Users/jsoba/OneDrive/Documentos/Unreal Projects/MissileCommand2/Intermediate/Shaders/WorkingDirectory/15656/).
[2016.12.03-18.10.56:666][  0]LogShaderCompilers: Cleaned the shader compiler working directory '../../../../../../Users/jsoba/OneDrive/Documentos/Unreal Projects/MissileCommand2/Intermediate/Shaders/tmp/BE579D2E4ADF4FCDD36E1BBA8907D4F6/'.
[2016.12.03-18.10.56:666][  0]LogShaderCompilers:Display: Using Local Shader Compiler.
[2016.12.03-18.10.57:691][  0]LogTemp:Display: Loaded TP AllDesktopTargetPlatform
[2016.12.03-18.10.57:696][  0]LogTemp:Display: Loaded TP WindowsClientTargetPlatform
[2016.12.03-18.10.57:702][  0]LogTemp:Display: Loaded TP WindowsNoEditorTargetPlatform
[2016.12.03-18.10.57:707][  0]LogTemp:Display: Loaded TP WindowsServerTargetPlatform
[2016.12.03-18.10.57:713][  0]LogTemp:Display: Loaded TP WindowsTargetPlatform
[2016.12.03-18.10.57:716][  0]LogTemp:Display: Loaded TP AndroidTargetPlatform
[2016.12.03-18.10.57:720][  0]LogTemp:Display: Loaded TP Android_ASTCTargetPlatform
[2016.12.03-18.10.57:723][  0]LogTemp:Display: Loaded TP Android_ATCTargetPlatform
[2016.12.03-18.10.57:727][  0]LogTemp:Display: Loaded TP Android_DXTTargetPlatform
[2016.12.03-18.10.57:731][  0]LogTemp:Display: Loaded TP Android_ETC1TargetPlatform
[2016.12.03-18.10.57:735][  0]LogTemp:Display: Loaded TP Android_ETC2TargetPlatform
[2016.12.03-18.10.57:739][  0]LogTemp:Display: Loaded TP Android_PVRTCTargetPlatform
[2016.12.03-18.10.57:740][  0]LogTemp:Display: Loaded TP HTML5TargetPlatform
[2016.12.03-18.10.57:758][  0]LogTemp:Display: Loaded TP IOSTargetPlatform
[2016.12.03-18.10.57:762][  0]LogTemp:Display: Loaded TP LinuxNoEditorTargetPlatform
[2016.12.03-18.10.57:765][  0]LogTemp:Display: Loaded TP LinuxServerTargetPlatform
[2016.12.03-18.10.57:769][  0]LogTemp:Display: Loaded TP LinuxTargetPlatform
[2016.12.03-18.10.57:769][  0]LogTargetPlatformManager:Display: Building Assets For Windows
[2016.12.03-18.10.57:861][  0]LogDerivedDataCache:Display: Max Cache Size: 512 MB
[2016.12.03-18.10.57:909][  0]LogDerivedDataCache: Loaded boot cache 0.05s 41MB C:/Users/jsoba/AppData/Local/UnrealEngine/4.9/DerivedDataCache/Boot.ddc.
[2016.12.03-18.10.57:909][  0]LogDerivedDataCache:Display: Loaded Boot cache: C:/Users/jsoba/AppData/Local/UnrealEngine/4.9/DerivedDataCache/Boot.ddc
[2016.12.03-18.10.57:909][  0]LogDerivedDataCache: FDerivedDataBackendGraph:  Pak pak cache file ../../../../../../Users/jsoba/OneDrive/Documentos/Unreal Projects/MissileCommand2/DerivedDataCache/DDC.ddp not found, will not use a pak cache.
[2016.12.03-18.10.57:909][  0]LogDerivedDataCache: Unable to find inner node Pak for hierarchical cache Hierarchy.
[2016.12.03-18.10.57:909][  0]LogDerivedDataCache: FDerivedDataBackendGraph:  CompressedPak pak cache file ../../../../../../Users/jsoba/OneDrive/Documentos/Unreal Projects/MissileCommand2/DerivedDataCache/Compressed.ddp not found, will not use a pak cache.
[2016.12.03-18.10.57:909][  0]LogDerivedDataCache: Unable to find inner node CompressedPak for hierarchical cache Hierarchy.
[2016.12.03-18.10.58:039][  0]LogDerivedDataCache:Display: Pak cache opened for reading ../../../Engine/DerivedDataCache/Compressed.ddp.
[2016.12.03-18.10.58:051][  0]LogDerivedDataCache: Using Local data cache path C:/Users/jsoba/AppData/Local/UnrealEngine/Common/DerivedDataCache: Writable
[2016.12.03-18.10.58:204][  0]LogInit: Selected Device Profile: [Windows]
[2016.12.03-18.10.58:207][  0]LogContentStreaming: Texture pool size is 1000.000000MB
[2016.12.03-18.10.58:315][  0]LogMeshUtilities: No automatic mesh reduction module available
[2016.12.03-18.10.58:315][  0]LogMeshUtilities: No automatic mesh merging module available
[2016.12.03-18.10.58:514][  0]LogInit: WinSock: version 1.1 (2.2), MaxSocks=32767, MaxUdp=65467
[2016.12.03-18.10.58:697][  0]LogWindowsMoviePlayer: Unable to load movie: ../../../../../../Users/jsoba/OneDrive/Documentos/Unreal Projects/MissileCommand2/Content/Movies/Default_Startup.mp4
[2016.12.03-18.10.58:825][  0]SourceControl: Info Source control is disabled
[2016.12.03-18.10.58:825][  0]SourceControl: Info Source control is disabled
[2016.12.03-18.10.58:840][  0]SourceControl: Info Source control is disabled
[2016.12.03-18.10.58:955][  0]LogLinker:Warning: Asset '../../../Engine/Plugins/Runtime/LeapMotionController/Content/LM_PassthroughMaterial.uasset' has been saved with empty engine version. The asset will be loaded but may be incompatible.
[2016.12.03-18.10.59:051][  0]LogObj: 27669 objects as part of root set at end of initial load.
[2016.12.03-18.10.59:051][  0]LogUObjectAllocator: 5775704 out of 0 bytes used by permanent object pool.
[2016.12.03-18.10.59:103][  0]LogEngine: Initializing Engine...
[2016.12.03-18.10.59:106][  0]LogHMD: Can't find Oculus library dev build: is proper Runtime installed? Version: 0.7.0.0
[2016.12.03-18.10.59:107][  0]LogHMD: SteamVR failed to initialize.  Err: 110
[2016.12.03-18.10.59:201][  0]LogInit: XAudio2 using 'Speakers (Realtek High Definition Audio)' : 8 channels at 48 kHz using 32 bits per sample (channel mask 0x63f)
[2016.12.03-18.10.59:239][  0]LogInit: FAudioDevice initialized.
[2016.12.03-18.10.59:244][  0]LogInit: Texture streaming: Enabled
[2016.12.03-18.10.59:300][  0]LogNet: Browse: /Temp/Autosaves/Game/FirstPersonBP/Maps/UEDPCFirstPersonExampleMap?Name=Player
[2016.12.03-18.10.59:302][  0]LogLoad: LoadMap: /Temp/Autosaves/Game/FirstPersonBP/Maps/UEDPCFirstPersonExampleMap?Name=Player
[2016.12.03-18.10.59:313][  0]LogParticles: Destroying 0 GPU particle simulations for FXSystem 0x000001EED5001120
[2016.12.03-18.10.59:321][  0]LogMemory: Platform Memory Stats for Windows
[2016.12.03-18.10.59:321][  0]LogMemory: Process Physical Memory: 393.90 MB used, 393.90 MB peak
[2016.12.03-18.10.59:321][  0]LogMemory: Process Virtual Memory: 452.22 MB used, 452.22 MB peak
[2016.12.03-18.10.59:321][  0]LogMemory: Physical Memory: 6373.12 MB used, 16299.20 MB total
[2016.12.03-18.10.59:321][  0]LogMemory: Virtual Memory: 1017.09 MB used, 134217728.00 MB total
[2016.12.03-18.10.59:321][  0]LogMemory: 
[2016.12.03-18.10.59:321][  0]Allocator Stats for TBB: (not implemented)
[2016.12.03-18.10.59:402][  0]LogBlueprint:Warning: [compiler SpawnClassMisil4Izquierda] Warning 'Item' is already a 'Misil 4', you don't need  Cast To Misil4 .
[2016.12.03-18.10.59:404][  0]LogBlueprint:Warning: [compiler SpawnClassMisil4Izquierda] Warning [0004.16] Compile of SpawnClassMisil4Izquierda successful, but with 1 Warning(s) [in 4 ms]
[2016.12.03-18.10.59:404][  0]LogBlueprint:Warning: [compiler SpawnClassMisil4Izquierda] Warning [0004.16] Compile of SpawnClassMisil4Izquierda successful, but with 2 Warning(s) [in 0 ms]
[2016.12.03-18.10.59:404][  0]LogBlueprint:Warning: [compiler SpawnClassMisil4Izquierda] Warning [0004.16] Compile of SpawnClassMisil4Izquierda successful, but with 3 Warning(s) [in 0 ms]
[2016.12.03-18.10.59:429][  0]LogBlueprint:Warning: [compiler SpawnClassMisil3Derecha] Warning 'Item' is already a 'Misil 3', you don't need  Cast To Misil3 .
[2016.12.03-18.10.59:432][  0]LogBlueprint:Warning: [compiler SpawnClassMisil3Derecha] Warning [0004.19] Compile of SpawnClassMisil3Derecha successful, but with 1 Warning(s) [in 4 ms]
[2016.12.03-18.10.59:432][  0]LogBlueprint:Warning: [compiler SpawnClassMisil3Derecha] Warning [0004.19] Compile of SpawnClassMisil3Derecha successful, but with 2 Warning(s) [in 0 ms]
[2016.12.03-18.10.59:432][  0]LogBlueprint:Warning: [compiler SpawnClassMisil3Derecha] Warning [0004.19] Compile of SpawnClassMisil3Derecha successful, but with 3 Warning(s) [in 0 ms]
[2016.12.03-18.10.59:457][  0]LogBlueprint:Warning: [compiler SpawnClassMisil2Frontal] Warning 'Item' is already a 'Misil 2', you don't need  Cast To Misil2 .
[2016.12.03-18.10.59:459][  0]LogBlueprint:Warning: [compiler SpawnClassMisil2Frontal] Warning [0004.22] Compile of SpawnClassMisil2Frontal successful, but with 1 Warning(s) [in 5 ms]
[2016.12.03-18.10.59:459][  0]LogBlueprint:Warning: [compiler SpawnClassMisil2Frontal] Warning [0004.22] Compile of SpawnClassMisil2Frontal successful, but with 2 Warning(s) [in 0 ms]
[2016.12.03-18.10.59:459][  0]LogBlueprint:Warning: [compiler SpawnClassMisil2Frontal] Warning [0004.22] Compile of SpawnClassMisil2Frontal successful, but with 3 Warning(s) [in 0 ms]
[2016.12.03-18.10.59:483][  0]LogBlueprint:Warning: [compiler SpawnClassMisil1Trasera] Warning 'Item' is already a 'Misil 1', you don't need  Cast To Misil1 .
[2016.12.03-18.10.59:486][  0]LogBlueprint:Warning: [compiler SpawnClassMisil1Trasera] Warning [0004.24] Compile of SpawnClassMisil1Trasera successful, but with 1 Warning(s) [in 5 ms]
[2016.12.03-18.10.59:486][  0]LogBlueprint:Warning: [compiler SpawnClassMisil1Trasera] Warning [0004.24] Compile of SpawnClassMisil1Trasera successful, but with 2 Warning(s) [in 0 ms]
[2016.12.03-18.10.59:486][  0]LogBlueprint:Warning: [compiler SpawnClassMisil1Trasera] Warning [0004.24] Compile of SpawnClassMisil1Trasera successful, but with 3 Warning(s) [in 0 ms]
[2016.12.03-18.10.59:522][  0]LogLinker:Warning: Asset '../../../../../../Users/jsoba/OneDrive/Documentos/Unreal Projects/MissileCommand2/Content/FirstPerson/Meshes/FirstPersonProjectileMesh.uasset' has been saved with empty engine version. The asset will be loaded but may be incompatible.
[2016.12.03-18.10.59:573][  0]LogLinker:Warning: CreateImport: Failed to load Outer for resource 'Arrow': FirstPersonCharacter_C /Game/FirstPersonBP/Blueprints/FirstPersonCharacter.Default__FirstPersonCharacter_C
[2016.12.03-18.10.59:692][  0]LogBlueprint:Warning: [compiler SpawnClassMisil1Trasera] Warning 'Item' is already a 'Misil 1', you don't need  Cast To Misil1 .
[2016.12.03-18.10.59:695][  0]LogBlueprint:Warning: [compiler SpawnClassMisil1Trasera] Warning [0004.45] Compile of SpawnClassMisil1Trasera successful, but with 1 Warning(s) [in 5 ms]
[2016.12.03-18.10.59:695][  0]LogBlueprint:Warning: [compiler SpawnClassMisil1Trasera] Warning [0004.45] Compile of SpawnClassMisil1Trasera successful, but with 2 Warning(s) [in 0 ms]
[2016.12.03-18.10.59:695][  0]LogBlueprint:Warning: [compiler SpawnClassMisil1Trasera] Warning [0004.45] Compile of SpawnClassMisil1Trasera successful, but with 3 Warning(s) [in 0 ms]
[2016.12.03-18.10.59:708][  0]LogBlueprint:Warning: [compiler SpawnClassMisil2Frontal] Warning 'Item' is already a 'Misil 2', you don't need  Cast To Misil2 .
[2016.12.03-18.10.59:711][  0]LogBlueprint:Warning: [compiler SpawnClassMisil2Frontal] Warning [0004.47] Compile of SpawnClassMisil2Frontal successful, but with 1 Warning(s) [in 5 ms]
[2016.12.03-18.10.59:711][  0]LogBlueprint:Warning: [compiler SpawnClassMisil2Frontal] Warning [0004.47] Compile of SpawnClassMisil2Frontal successful, but with 2 Warning(s) [in 0 ms]
[2016.12.03-18.10.59:711][  0]LogBlueprint:Warning: [compiler SpawnClassMisil2Frontal] Warning [0004.47] Compile of SpawnClassMisil2Frontal successful, but with 3 Warning(s) [in 0 ms]
[2016.12.03-18.10.59:721][  0]LogBlueprint:Warning: [compiler SpawnClassMisil3Derecha] Warning 'Item' is already a 'Misil 3', you don't need  Cast To Misil3 .
[2016.12.03-18.10.59:724][  0]LogBlueprint:Warning: [compiler SpawnClassMisil3Derecha] Warning [0004.48] Compile of SpawnClassMisil3Derecha successful, but with 1 Warning(s) [in 5 ms]
[2016.12.03-18.10.59:724][  0]LogBlueprint:Warning: [compiler SpawnClassMisil3Derecha] Warning [0004.48] Compile of SpawnClassMisil3Derecha successful, but with 2 Warning(s) [in 0 ms]
[2016.12.03-18.10.59:724][  0]LogBlueprint:Warning: [compiler SpawnClassMisil3Derecha] Warning [0004.48] Compile of SpawnClassMisil3Derecha successful, but with 3 Warning(s) [in 0 ms]
[2016.12.03-18.10.59:735][  0]LogBlueprint:Warning: [compiler SpawnClassMisil4Izquierda] Warning 'Item' is already a 'Misil 4', you don't need  Cast To Misil4 .
[2016.12.03-18.10.59:737][  0]LogBlueprint:Warning: [compiler SpawnClassMisil4Izquierda] Warning [0004.49] Compile of SpawnClassMisil4Izquierda successful, but with 1 Warning(s) [in 4 ms]
[2016.12.03-18.10.59:737][  0]LogBlueprint:Warning: [compiler SpawnClassMisil4Izquierda] Warning [0004.49] Compile of SpawnClassMisil4Izquierda successful, but with 2 Warning(s) [in 0 ms]
[2016.12.03-18.10.59:737][  0]LogBlueprint:Warning: [compiler SpawnClassMisil4Izquierda] Warning [0004.50] Compile of SpawnClassMisil4Izquierda successful, but with 3 Warning(s) [in 0 ms]
[2016.12.03-18.10.59:957][  0]LogAIModule: Creating AISystem for world FirstPersonExampleMap
[2016.12.03-18.10.59:958][  0]LogWorld: Game class is 'MissileCommandGM_C'
[2016.12.03-18.10.59:959][  0]LogPrimitiveComponent: Zero scaling not supported (/Temp/Autosaves/Game/FirstPersonBP/Maps/UEDPCFirstPersonExampleMap.FirstPersonExampleMap:PersistentLevel.SpawnClassMisil4Izquierda_180.Box)
[2016.12.03-18.10.59:963][  0]LogPrimitiveComponent: Zero scaling not supported (/Temp/Autosaves/Game/FirstPersonBP/Maps/UEDPCFirstPersonExampleMap.FirstPersonExampleMap:PersistentLevel.SpawnClassMisil4Izquierda_180.Box)
[2016.12.03-18.10.59:963][  0]LogPrimitiveComponent: Zero scaling not supported (/Temp/Autosaves/Game/FirstPersonBP/Maps/UEDPCFirstPersonExampleMap.FirstPersonExampleMap:PersistentLevel.SpawnClassMisil4Izquierda_180.Box)
[2016.12.03-18.10.59:963][  0]LogWorld: Bringing World /Temp/Autosaves/Game/FirstPersonBP/Maps/UEDPCFirstPersonExampleMap.FirstPersonExampleMap up for play (max tick rate 0) at 2016.12.03-13.10.59
[2016.12.03-18.10.59:964][  0]LogWorld: Bringing up level for play took: 0.005139
[2016.12.03-18.10.59:965][  0]LogInit:Display: Game Engine Initialized.
[2016.12.03-18.11.00:184][  0]LogLoad: Full Startup: 4.94 seconds (BP compile: 0.18 seconds)
[2016.12.03-18.11.00:201][  0]LogWindowsTextInputMethodSystem:Display: IME system now deactivated.
[2016.12.03-18.11.00:270][  0]LogRenderer: Reallocating scene render targets to support 128x128 (Frame:1).
[2016.12.03-18.11.00:353][  1]LogRenderer: Reallocating scene render targets to support 1280x720 (Frame:2).
[2016.12.03-18.11.00:354][  1]LogBlueprintUserMessages: [MissileCommandGM_C_0] 2
[2016.12.03-18.11.00:390][  2]LogBlueprintUserMessages: [MissileCommandGM_C_0] 2
[2016.12.03-18.11.00:407][  3]LogBlueprintUserMessages: [MissileCommandGM_C_0] 3
[2016.12.03-18.11.00:423][  4]LogBlueprintUserMessages: [MissileCommandGM_C_0] 0
[2016.12.03-18.11.00:439][  5]LogBlueprintUserMessages: [MissileCommandGM_C_0] 1
[2016.12.03-18.11.00:455][  6]LogBlueprintUserMessages: [MissileCommandGM_C_0] 2
[2016.12.03-18.11.00:471][  7]LogBlueprintUserMessages: [MissileCommandGM_C_0] 3
[2016.12.03-18.11.00:487][  8]LogBlueprintUserMessages: [MissileCommandGM_C_0] 3
[2016.12.03-18.11.00:503][  9]LogBlueprintUserMessages: [MissileCommandGM_C_0] 1
[2016.12.03-18.11.00:519][ 10]LogBlueprintUserMessages: [MissileCommandGM_C_0] 0
[2016.12.03-18.11.00:535][ 11]LogBlueprintUserMessages: [MissileCommandGM_C_0] 2
[2016.12.03-18.11.00:552][ 12]LogBlueprintUserMessages: [MissileCommandGM_C_0] 2
[2016.12.03-18.11.00:568][ 13]LogBlueprintUserMessages: [MissileCommandGM_C_0] 2
[2016.12.03-18.11.00:584][ 14]LogBlueprintUserMessages: [MissileCommandGM_C_0] 3
[2016.12.03-18.11.00:600][ 15]LogBlueprintUserMessages: [MissileCommandGM_C_0] 1
[2016.12.03-18.11.00:616][ 16]LogBlueprintUserMessages: [MissileCommandGM_C_0] 2
[2016.12.03-18.11.00:633][ 17]LogBlueprintUserMessages: [MissileCommandGM_C_0] 3
[2016.12.03-18.11.00:649][ 18]LogBlueprintUserMessages: [MissileCommandGM_C_0] 3
[2016.12.03-18.11.00:665][ 19]LogBlueprintUserMessages: [MissileCommandGM_C_0] 3
[2016.12.03-18.11.00:681][ 20]LogBlueprintUserMessages: [MissileCommandGM_C_0] 2
[2016.12.03-18.11.00:697][ 21]LogBlueprintUserMessages: [MissileCommandGM_C_0] 3
[2016.12.03-18.11.00:713][ 22]LogBlueprintUserMessages: [MissileCommandGM_C_0] 3
[2016.12.03-18.11.00:729][ 23]LogBlueprintUserMessages: [MissileCommandGM_C_0] 2
[2016.12.03-18.11.00:745][ 24]LogBlueprintUserMessages: [MissileCommandGM_C_0] 0
[2016.12.03-18.11.00:761][ 25]LogBlueprintUserMessages: [MissileCommandGM_C_0] 1
[2016.12.03-18.11.00:777][ 26]LogBlueprintUserMessages: [MissileCommandGM_C_0] 3
[2016.12.03-18.11.00:794][ 27]LogBlueprintUserMessages: [MissileCommandGM_C_0] 1
[2016.12.03-18.11.00:810][ 28]LogBlueprintUserMessages: [MissileCommandGM_C_0] 3
[2016.12.03-18.11.00:826][ 29]LogBlueprintUserMessages: [MissileCommandGM_C_0] 0
[2016.12.03-18.11.00:842][ 30]LogBlueprintUserMessages: [MissileCommandGM_C_0] 0
[2016.12.03-18.11.00:858][ 31]LogBlueprintUserMessages: [MissileCommandGM_C_0] 1
[2016.12.03-18.11.00:874][ 32]LogBlueprintUserMessages: [MissileCommandGM_C_0] 0
[2016.12.03-18.11.00:890][ 33]LogBlueprintUserMessages: [MissileCommandGM_C_0] 1
[2016.12.03-18.11.00:907][ 34]LogBlueprintUserMessages: [MissileCommandGM_C_0] 0
[2016.12.03-18.11.00:923][ 35]LogBlueprintUserMessages: [MissileCommandGM_C_0] 2
[2016.12.03-18.11.00:939][ 36]LogBlueprintUserMessages: [MissileCommandGM_C_0] 0
[2016.12.03-18.11.00:955][ 37]LogBlueprintUserMessages: [MissileCommandGM_C_0] 3
[2016.12.03-18.11.00:971][ 38]LogBlueprintUserMessages: [MissileCommandGM_C_0] 0
[2016.12.03-18.11.00:987][ 39]LogBlueprintUserMessages: [MissileCommandGM_C_0] 2
[2016.12.03-18.11.01:003][ 40]LogBlueprintUserMessages: [MissileCommandGM_C_0] 0
[2016.12.03-18.11.01:020][ 41]LogBlueprintUserMessages: [MissileCommandGM_C_0] 2
[2016.12.03-18.11.01:036][ 42]LogBlueprintUserMessages: [MissileCommandGM_C_0] 0
[2016.12.03-18.11.01:053][ 43]LogBlueprintUserMessages: [MissileCommandGM_C_0] 3
[2016.12.03-18.11.01:068][ 44]LogBlueprintUserMessages: [MissileCommandGM_C_0] 3
[2016.12.03-18.11.01:084][ 45]LogBlueprintUserMessages: [MissileCommandGM_C_0] 3
[2016.12.03-18.11.01:100][ 46]LogBlueprintUserMessages: [MissileCommandGM_C_0] 2
[2016.12.03-18.11.01:116][ 47]LogBlueprintUserMessages: [MissileCommandGM_C_0] 1
[2016.12.03-18.11.01:132][ 48]LogBlueprintUserMessages: [MissileCommandGM_C_0] 3
[2016.12.03-18.11.01:149][ 49]LogBlueprintUserMessages: [MissileCommandGM_C_0] 0
[2016.12.03-18.11.01:165][ 50]LogBlueprintUserMessages: [MissileCommandGM_C_0] 0
[2016.12.03-18.11.01:181][ 51]LogBlueprintUserMessages: [MissileCommandGM_C_0] 2
[2016.12.03-18.11.01:197][ 52]LogBlueprintUserMessages: [MissileCommandGM_C_0] 2
[2016.12.03-18.11.01:213][ 53]LogBlueprintUserMessages: [MissileCommandGM_C_0] 2
[2016.12.03-18.11.01:229][ 54]LogBlueprintUserMessages: [MissileCommandGM_C_0] 1
[2016.12.03-18.11.01:245][ 55]LogBlueprintUserMessages: [MissileCommandGM_C_0] 1
[2016.12.03-18.11.01:262][ 56]LogBlueprintUserMessages: [MissileCommandGM_C_0] 3
[2016.12.03-18.11.01:278][ 57]LogBlueprintUserMessages: [MissileCommandGM_C_0] 3
[2016.12.03-18.11.01:294][ 58]LogBlueprintUserMessages: [MissileCommandGM_C_0] 0
[2016.12.03-18.11.01:310][ 59]LogBlueprintUserMessages: [MissileCommandGM_C_0] 3
[2016.12.03-18.11.01:326][ 60]LogBlueprintUserMessages: [MissileCommandGM_C_0] 1
[2016.12.03-18.11.01:342][ 61]LogBlueprintUserMessages: [MissileCommandGM_C_0] 1
[2016.12.03-18.11.01:358][ 62]LogBlueprintUserMessages: [MissileCommandGM_C_0] 2
[2016.12.03-18.11.01:375][ 63]LogBlueprintUserMessages: [MissileCommandGM_C_0] 2
[2016.12.03-18.11.01:391][ 64]LogBlueprintUserMessages: [MissileCommandGM_C_0] 3
[2016.12.03-18.11.01:407][ 65]LogBlueprintUserMessages: [MissileCommandGM_C_0] 0
[2016.12.03-18.11.01:423][ 66]LogBlueprintUserMessages: [MissileCommandGM_C_0] 3
[2016.12.03-18.11.01:439][ 67]LogBlueprintUserMessages: [MissileCommandGM_C_0] 0
[2016.12.03-18.11.01:455][ 68]LogBlueprintUserMessages: [MissileCommandGM_C_0] 1
[2016.12.03-18.11.01:471][ 69]LogBlueprintUserMessages: [MissileCommandGM_C_0] 3
[2016.12.03-18.11.01:487][ 70]LogBlueprintUserMessages: [MissileCommandGM_C_0] 3
[2016.12.03-18.11.01:503][ 71]LogBlueprintUserMessages: [MissileCommandGM_C_0] 0
[2016.12.03-18.11.01:519][ 72]LogBlueprintUserMessages: [MissileCommandGM_C_0] 3
[2016.12.03-18.11.01:536][ 73]LogBlueprintUserMessages: [MissileCommandGM_C_0] 3
[2016.12.03-18.11.01:552][ 74]LogBlueprintUserMessages: [MissileCommandGM_C_0] 2
[2016.12.03-18.11.01:568][ 75]LogBlueprintUserMessages: [MissileCommandGM_C_0] 0
[2016.12.03-18.11.01:584][ 76]LogBlueprintUserMessages: [MissileCommandGM_C_0] 3
[2016.12.03-18.11.01:600][ 77]LogBlueprintUserMessages: [MissileCommandGM_C_0] 0
[2016.12.03-18.11.01:616][ 78]LogBlueprintUserMessages: [MissileCommandGM_C_0] 2
[2016.12.03-18.11.01:633][ 79]LogBlueprintUserMessages: [MissileCommandGM_C_0] 0
[2016.12.03-18.11.01:649][ 80]LogBlueprintUserMessages: [MissileCommandGM_C_0] 1
[2016.12.03-18.11.01:665][ 81]LogBlueprintUserMessages: [MissileCommandGM_C_0] 3
[2016.12.03-18.11.01:682][ 82]LogBlueprintUserMessages: [MissileCommandGM_C_0] 2
[2016.12.03-18.11.01:698][ 83]LogBlueprintUserMessages: [MissileCommandGM_C_0] 0
[2016.12.03-18.11.01:713][ 84]LogBlueprintUserMessages: [MissileCommandGM_C_0] 1
[2016.12.03-18.11.01:729][ 85]LogBlueprintUserMessages: [MissileCommandGM_C_0] 0
[2016.12.03-18.11.01:746][ 86]LogBlueprintUserMessages: [MissileCommandGM_C_0] 3
[2016.12.03-18.11.01:762][ 87]LogBlueprintUserMessages: [MissileCommandGM_C_0] 0
[2016.12.03-18.11.01:778][ 88]LogBlueprintUserMessages: [MissileCommandGM_C_0] 1
[2016.12.03-18.11.01:794][ 89]LogBlueprintUserMessages: [MissileCommandGM_C_0] 3
[2016.12.03-18.11.01:810][ 90]LogBlueprintUserMessages: [MissileCommandGM_C_0] 1
[2016.12.03-18.11.01:826][ 91]LogBlueprintUserMessages: [MissileCommandGM_C_0] 3
[2016.12.03-18.11.01:842][ 92]LogBlueprintUserMessages: [MissileCommandGM_C_0] 2
[2016.12.03-18.11.01:859][ 93]LogBlueprintUserMessages: [MissileCommandGM_C_0] 0
[2016.12.03-18.11.01:875][ 94]LogBlueprintUserMessages: [MissileCommandGM_C_0] 1
[2016.12.03-18.11.01:891][ 95]LogBlueprintUserMessages: [MissileCommandGM_C_0] 1
[2016.12.03-18.11.01:907][ 96]LogBlueprintUserMessages: [MissileCommandGM_C_0] 1
[2016.12.03-18.11.01:923][ 97]LogBlueprintUserMessages: [MissileCommandGM_C_0] 1
[2016.12.03-18.11.01:939][ 98]LogBlueprintUserMessages: [MissileCommandGM_C_0] 0
[2016.12.03-18.11.01:955][ 99]LogBlueprintUserMessages: [MissileCommandGM_C_0] 1
[2016.12.03-18.11.01:971][100]LogBlueprintUserMessages: [MissileCommandGM_C_0] 0
[2016.12.03-18.11.01:987][101]LogBlueprintUserMessages: [MissileCommandGM_C_0] 1
[2016.12.03-18.11.02:003][102]LogBlueprintUserMessages: [MissileCommandGM_C_0] 3
[2016.12.03-18.11.02:019][103]LogBlueprintUserMessages: [MissileCommandGM_C_0] 0
[2016.12.03-18.11.02:036][104]LogBlueprintUserMessages: [MissileCommandGM_C_0] 1
[2016.12.03-18.11.02:052][105]LogBlueprintUserMessages: [MissileCommandGM_C_0] 1
[2016.12.03-18.11.02:068][106]LogBlueprintUserMessages: [MissileCommandGM_C_0] 0
[2016.12.03-18.11.02:084][107]LogBlueprintUserMessages: [MissileCommandGM_C_0] 0
[2016.12.03-18.11.02:101][108]LogBlueprintUserMessages: [MissileCommandGM_C_0] 3
[2016.12.03-18.11.02:116][109]LogBlueprintUserMessages: [MissileCommandGM_C_0] 0
[2016.12.03-18.11.02:132][110]LogBlueprintUserMessages: [MissileCommandGM_C_0] 1
[2016.12.03-18.11.02:148][111]LogBlueprintUserMessages: [MissileCommandGM_C_0] 3
[2016.12.03-18.11.02:165][112]LogBlueprintUserMessages: [MissileCommandGM_C_0] 1
[2016.12.03-18.11.02:181][113]LogBlueprintUserMessages: [MissileCommandGM_C_0] 3
[2016.12.03-18.11.02:197][114]LogBlueprintUserMessages: [MissileCommandGM_C_0] 3
[2016.12.03-18.11.02:213][115]LogBlueprintUserMessages: [MissileCommandGM_C_0] 2
[2016.12.03-18.11.02:229][116]LogBlueprintUserMessages: [MissileCommandGM_C_0] 0
[2016.12.03-18.11.02:245][117]LogBlueprintUserMessages: [MissileCommandGM_C_0] 3
[2016.12.03-18.11.02:261][118]LogBlueprintUserMessages: [MissileCommandGM_C_0] 0
[2016.12.03-18.11.02:278][119]LogBlueprintUserMessages: [MissileCommandGM_C_0] 3
[2016.12.03-18.11.02:294][120]LogBlueprintUserMessages: [MissileCommandGM_C_0] 2
[2016.12.03-18.11.02:310][121]LogBlueprintUserMessages: [MissileCommandGM_C_0] 0
[2016.12.03-18.11.02:326][122]LogBlueprintUserMessages: [MissileCommandGM_C_0] 3
[2016.12.03-18.11.02:342][123]LogBlueprintUserMessages: [MissileCommandGM_C_0] 1
[2016.12.03-18.11.02:358][124]LogBlueprintUserMessages: [MissileCommandGM_C_0] 3
[2016.12.03-18.11.02:374][125]LogBlueprintUserMessages: [MissileCommandGM_C_0] 3
[2016.12.03-18.11.02:390][126]LogBlueprintUserMessages: [MissileCommandGM_C_0] 0
[2016.12.03-18.11.02:407][127]LogBlueprintUserMessages: [MissileCommandGM_C_0] 3
[2016.12.03-18.11.02:423][128]LogBlueprintUserMessages: [MissileCommandGM_C_0] 0
[2016.12.03-18.11.02:439][129]LogBlueprintUserMessages: [MissileCommandGM_C_0] 1
[2016.12.03-18.11.02:455][130]LogBlueprintUserMessages: [MissileCommandGM_C_0] 2
[2016.12.03-18.11.02:471][131]LogBlueprintUserMessages: [MissileCommandGM_C_0] 2
[2016.12.03-18.11.02:487][132]LogBlueprintUserMessages: [MissileCommandGM_C_0] 1
[2016.12.03-18.11.02:503][133]LogBlueprintUserMessages: [MissileCommandGM_C_0] 1
[2016.12.03-18.11.02:520][134]LogBlueprintUserMessages: [MissileCommandGM_C_0] 3
[2016.12.03-18.11.02:536][135]LogBlueprintUserMessages: [MissileCommandGM_C_0] 3
[2016.12.03-18.11.02:552][136]LogBlueprintUserMessages: [MissileCommandGM_C_0] 2
[2016.12.03-18.11.02:568][137]LogBlueprintUserMessages: [MissileCommandGM_C_0] 0
[2016.12.03-18.11.02:584][138]LogBlueprintUserMessages: [MissileCommandGM_C_0] 0
[2016.12.03-18.11.02:600][139]LogBlueprintUserMessages: [MissileCommandGM_C_0] 1
[2016.12.03-18.11.02:616][140]LogBlueprintUserMessages: [MissileCommandGM_C_0] 0
[2016.12.03-18.11.02:632][141]LogBlueprintUserMessages: [MissileCommandGM_C_0] 0
[2016.12.03-18.11.02:649][142]LogBlueprintUserMessages: [MissileCommandGM_C_0] 2
[2016.12.03-18.11.02:665][143]LogBlueprintUserMessages: [MissileCommandGM_C_0] 2
[2016.12.03-18.11.02:681][144]LogBlueprintUserMessages: [MissileCommandGM_C_0] 0
[2016.12.03-18.11.02:697][145]LogBlueprintUserMessages: [MissileCommandGM_C_0] 2
[2016.12.03-18.11.02:713][146]LogBlueprintUserMessages: [MissileCommandGM_C_0] 3
[2016.12.03-18.11.02:729][147]LogBlueprintUserMessages: [MissileCommandGM_C_0] 3
[2016.12.03-18.11.02:745][148]LogBlueprintUserMessages: [MissileCommandGM_C_0] 1
[2016.12.03-18.11.02:762][149]LogBlueprintUserMessages: [MissileCommandGM_C_0] 1
[2016.12.03-18.11.02:778][150]LogBlueprintUserMessages: [MissileCommandGM_C_0] 2
[2016.12.03-18.11.02:794][151]LogBlueprintUserMessages: [MissileCommandGM_C_0] 1
[2016.12.03-18.11.02:810][152]LogBlueprintUserMessages: [MissileCommandGM_C_0] 0
[2016.12.03-18.11.02:826][153]LogBlueprintUserMessages: [MissileCommandGM_C_0] 1
[2016.12.03-18.11.02:842][154]LogBlueprintUserMessages: [MissileCommandGM_C_0] 1
[2016.12.03-18.11.02:859][155]LogBlueprintUserMessages: [MissileCommandGM_C_0] 2
[2016.12.03-18.11.02:875][156]LogBlueprintUserMessages: [MissileCommandGM_C_0] 3
[2016.12.03-18.11.02:890][157]LogBlueprintUserMessages: [MissileCommandGM_C_0] 3
[2016.12.03-18.11.02:907][158]LogBlueprintUserMessages: [MissileCommandGM_C_0] 3
[2016.12.03-18.11.02:923][159]LogBlueprintUserMessages: [MissileCommandGM_C_0] 1
[2016.12.03-18.11.02:939][160]LogBlueprintUserMessages: [MissileCommandGM_C_0] 2
[2016.12.03-18.11.02:955][161]LogBlueprintUserMessages: [MissileCommandGM_C_0] 2
[2016.12.03-18.11.02:972][162]LogBlueprintUserMessages: [MissileCommandGM_C_0] 1
[2016.12.03-18.11.02:988][163]LogBlueprintUserMessages: [MissileCommandGM_C_0] 1
[2016.12.03-18.11.03:004][164]LogBlueprintUserMessages: [MissileCommandGM_C_0] 1
[2016.12.03-18.11.03:020][165]LogBlueprintUserMessages: [MissileCommandGM_C_0] 2
[2016.12.03-18.11.03:036][166]LogBlueprintUserMessages: [MissileCommandGM_C_0] 3
[2016.12.03-18.11.03:052][167]LogBlueprintUserMessages: [MissileCommandGM_C_0] 1
[2016.12.03-18.11.03:068][168]LogBlueprintUserMessages: [MissileCommandGM_C_0] 0
[2016.12.03-18.11.03:084][169]LogBlueprintUserMessages: [MissileCommandGM_C_0] 3
[2016.12.03-18.11.03:100][170]LogBlueprintUserMessages: [MissileCommandGM_C_0] 3
[2016.12.03-18.11.03:117][171]LogBlueprintUserMessages: [MissileCommandGM_C_0] 2
[2016.12.03-18.11.03:133][172]LogBlueprintUserMessages: [MissileCommandGM_C_0] 2
[2016.12.03-18.11.03:149][173]LogBlueprintUserMessages: [MissileCommandGM_C_0] 0
[2016.12.03-18.11.03:165][174]LogBlueprintUserMessages: [MissileCommandGM_C_0] 1
[2016.12.03-18.11.03:181][175]LogBlueprintUserMessages: [MissileCommandGM_C_0] 1
[2016.12.03-18.11.03:197][176]LogBlueprintUserMessages: [MissileCommandGM_C_0] 3
[2016.12.03-18.11.03:213][177]LogBlueprintUserMessages: [MissileCommandGM_C_0] 2
[2016.12.03-18.11.03:229][178]LogBlueprintUserMessages: [MissileCommandGM_C_0] 2
[2016.12.03-18.11.03:245][179]LogBlueprintUserMessages: [MissileCommandGM_C_0] 1
[2016.12.03-18.11.03:261][180]LogBlueprintUserMessages: [MissileCommandGM_C_0] 0
[2016.12.03-18.11.03:277][181]LogBlueprintUserMessages: [MissileCommandGM_C_0] 3
[2016.12.03-18.11.03:294][182]LogBlueprintUserMessages: [MissileCommandGM_C_0] 3
[2016.12.03-18.11.03:310][183]LogBlueprintUserMessages: [MissileCommandGM_C_0] 2
[2016.12.03-18.11.03:326][184]LogBlueprintUserMessages: [MissileCommandGM_C_0] 0
[2016.12.03-18.11.03:342][185]LogBlueprintUserMessages: [MissileCommandGM_C_0] 1
[2016.12.03-18.11.03:359][186]LogBlueprintUserMessages: [MissileCommandGM_C_0] 1
[2016.12.03-18.11.03:375][187]LogBlueprintUserMessages: [MissileCommandGM_C_0] 3
[2016.12.03-18.11.03:391][188]LogBlueprintUserMessages: [MissileCommandGM_C_0] 3
[2016.12.03-18.11.03:407][189]LogBlueprintUserMessages: [MissileCommandGM_C_0] 2
[2016.12.03-18.11.03:423][190]LogBlueprintUserMessages: [MissileCommandGM_C_0] 0
[2016.12.03-18.11.03:440][191]LogBlueprintUserMessages: [MissileCommandGM_C_0] 2
[2016.12.03-18.11.03:456][192]LogBlueprintUserMessages: [MissileCommandGM_C_0] 1
[2016.12.03-18.11.03:471][193]LogBlueprintUserMessages: [MissileCommandGM_C_0] 1
[2016.12.03-18.11.03:487][194]LogBlueprintUserMessages: [MissileCommandGM_C_0] 3
[2016.12.03-18.11.03:503][195]LogBlueprintUserMessages: [MissileCommandGM_C_0] 2
[2016.12.03-18.11.03:519][196]LogBlueprintUserMessages: [MissileCommandGM_C_0] 3
[2016.12.03-18.11.03:536][197]LogBlueprintUserMessages: [MissileCommandGM_C_0] 0
[2016.12.03-18.11.03:552][198]LogBlueprintUserMessages: [MissileCommandGM_C_0] 1
[2016.12.03-18.11.03:568][199]LogBlueprintUserMessages: [MissileCommandGM_C_0] 0
[2016.12.03-18.11.03:584][200]LogBlueprintUserMessages: [MissileCommandGM_C_0] 1
[2016.12.03-18.11.03:600][201]LogBlueprintUserMessages: [MissileCommandGM_C_0] 3
[2016.12.03-18.11.03:616][202]LogBlueprintUserMessages: [MissileCommandGM_C_0] 0
[2016.12.03-18.11.03:633][203]LogBlueprintUserMessages: [MissileCommandGM_C_0] 3
[2016.12.03-18.11.03:648][204]LogBlueprintUserMessages: [MissileCommandGM_C_0] 3
[2016.12.03-18.11.03:665][205]LogBlueprintUserMessages: [MissileCommandGM_C_0] 0
[2016.12.03-18.11.03:681][206]LogBlueprintUserMessages: [MissileCommandGM_C_0] 1
[2016.12.03-18.11.03:697][207]LogBlueprintUserMessages: [MissileCommandGM_C_0] 1
[2016.12.03-18.11.03:713][208]LogBlueprintUserMessages: [MissileCommandGM_C_0] 1
[2016.12.03-18.11.03:729][209]LogBlueprintUserMessages: [MissileCommandGM_C_0] 0
[2016.12.03-18.11.03:745][210]LogBlueprintUserMessages: [MissileCommandGM_C_0] 0
[2016.12.03-18.11.03:761][211]LogBlueprintUserMessages: [MissileCommandGM_C_0] 1
[2016.12.03-18.11.03:778][212]LogBlueprintUserMessages: [MissileCommandGM_C_0] 0
[2016.12.03-18.11.03:794][213]LogBlueprintUserMessages: [MissileCommandGM_C_0] 2
[2016.12.03-18.11.03:810][214]LogBlueprintUserMessages: [MissileCommandGM_C_0] 3
[2016.12.03-18.11.03:826][215]LogBlueprintUserMessages: [MissileCommandGM_C_0] 1
[2016.12.03-18.11.03:842][216]LogBlueprintUserMessages: [MissileCommandGM_C_0] 2
[2016.12.03-18.11.03:858][217]LogBlueprintUserMessages: [MissileCommandGM_C_0] 3
[2016.12.03-18.11.03:875][218]LogBlueprintUserMessages: [MissileCommandGM_C_0] 3
[2016.12.03-18.11.03:890][219]LogBlueprintUserMessages: [MissileCommandGM_C_0] 2
[2016.12.03-18.11.03:906][220]LogBlueprintUserMessages: [MissileCommandGM_C_0] 1
[2016.12.03-18.11.03:923][221]LogBlueprintUserMessages: [MissileCommandGM_C_0] 0
[2016.12.03-18.11.03:939][222]LogBlueprintUserMessages: [MissileCommandGM_C_0] 3
[2016.12.03-18.11.03:955][223]LogBlueprintUserMessages: [MissileCommandGM_C_0] 1
[2016.12.03-18.11.03:971][224]LogBlueprintUserMessages: [MissileCommandGM_C_0] 0
[2016.12.03-18.11.03:987][225]LogBlueprintUserMessages: [MissileCommandGM_C_0] 0
[2016.12.03-18.11.04:003][226]LogBlueprintUserMessages: [MissileCommandGM_C_0] 0
[2016.12.03-18.11.04:019][227]LogBlueprintUserMessages: [MissileCommandGM_C_0] 1
[2016.12.03-18.11.04:036][228]LogBlueprintUserMessages: [MissileCommandGM_C_0] 2
[2016.12.03-18.11.04:052][229]LogBlueprintUserMessages: [MissileCommandGM_C_0] 0
[2016.12.03-18.11.04:068][230]LogBlueprintUserMessages: [MissileCommandGM_C_0] 3
[2016.12.03-18.11.04:084][231]LogBlueprintUserMessages: [MissileCommandGM_C_0] 2
[2016.12.03-18.11.04:100][232]LogBlueprintUserMessages: [MissileCommandGM_C_0] 1
[2016.12.03-18.11.04:116][233]LogBlueprintUserMessages: [MissileCommandGM_C_0] 0
[2016.12.03-18.11.04:132][234]LogBlueprintUserMessages: [MissileCommandGM_C_0] 0
[2016.12.03-18.11.04:149][235]LogBlueprintUserMessages: [MissileCommandGM_C_0] 3
[2016.12.03-18.11.04:165][236]LogBlueprintUserMessages: [MissileCommandGM_C_0] 0
[2016.12.03-18.11.04:181][237]LogBlueprintUserMessages: [MissileCommandGM_C_0] 1
[2016.12.03-18.11.04:197][238]LogBlueprintUserMessages: [MissileCommandGM_C_0] 1
[2016.12.03-18.11.04:213][239]LogBlueprintUserMessages: [MissileCommandGM_C_0] 2
[2016.12.03-18.11.04:229][240]LogBlueprintUserMessages: [MissileCommandGM_C_0] 0
[2016.12.03-18.11.04:245][241]LogBlueprintUserMessages: [MissileCommandGM_C_0] 3
[2016.12.03-18.11.04:261][242]LogBlueprintUserMessages: [MissileCommandGM_C_0] 3
[2016.12.03-18.11.04:278][243]LogBlueprintUserMessages: [MissileCommandGM_C_0] 1
[2016.12.03-18.11.04:294][244]LogBlueprintUserMessages: [MissileCommandGM_C_0] 2
[2016.12.03-18.11.04:310][245]LogBlueprintUserMessages: [MissileCommandGM_C_0] 1
[2016.12.03-18.11.04:326][246]LogBlueprintUserMessages: [MissileCommandGM_C_0] 3
[2016.12.03-18.11.04:342][247]LogBlueprintUserMessages: [MissileCommandGM_C_0] 0
[2016.12.03-18.11.04:358][248]LogBlueprintUserMessages: [MissileCommandGM_C_0] 1
[2016.12.03-18.11.04:374][249]LogBlueprintUserMessages: [MissileCommandGM_C_0] 2
[2016.12.03-18.11.04:391][250]LogBlueprintUserMessages: [MissileCommandGM_C_0] 1
[2016.12.03-18.11.04:407][251]LogBlueprintUserMessages: [MissileCommandGM_C_0] 2
[2016.12.03-18.11.04:423][252]LogBlueprintUserMessages: [MissileCommandGM_C_0] 0
[2016.12.03-18.11.04:439][253]LogBlueprintUserMessages: [MissileCommandGM_C_0] 3
[2016.12.03-18.11.04:455][254]LogBlueprintUserMessages: [MissileCommandGM_C_0] 2
[2016.12.03-18.11.04:471][255]LogBlueprintUserMessages: [MissileCommandGM_C_0] 1
[2016.12.03-18.11.04:488][256]LogBlueprintUserMessages: [MissileCommandGM_C_0] 3
[2016.12.03-18.11.04:504][257]LogBlueprintUserMessages: [MissileCommandGM_C_0] 3
[2016.12.03-18.11.04:520][258]LogBlueprintUserMessages: [MissileCommandGM_C_0] 2
[2016.12.03-18.11.04:536][259]LogBlueprintUserMessages: [MissileCommandGM_C_0] 1
[2016.12.03-18.11.04:552][260]LogBlueprintUserMessages: [MissileCommandGM_C_0] 3
[2016.12.03-18.11.04:568][261]LogBlueprintUserMessages: [MissileCommandGM_C_0] 0
[2016.12.03-18.11.04:584][262]LogBlueprintUserMessages: [MissileCommandGM_C_0] 3
[2016.12.03-18.11.04:600][263]LogBlueprintUserMessages: [MissileCommandGM_C_0] 1
[2016.12.03-18.11.04:617][264]LogBlueprintUserMessages: [MissileCommandGM_C_0] 3
[2016.12.03-18.11.04:632][265]LogBlueprintUserMessages: [MissileCommandGM_C_0] 1
[2016.12.03-18.11.04:649][266]LogBlueprintUserMessages: [MissileCommandGM_C_0] 2
[2016.12.03-18.11.04:665][267]LogBlueprintUserMessages: [MissileCommandGM_C_0] 1
[2016.12.03-18.11.04:681][268]LogBlueprintUserMessages: [MissileCommandGM_C_0] 1
[2016.12.03-18.11.04:697][269]LogBlueprintUserMessages: [MissileCommandGM_C_0] 3
[2016.12.03-18.11.04:713][270]LogBlueprintUserMessages: [MissileCommandGM_C_0] 2
[2016.12.03-18.11.04:729][271]LogBlueprintUserMessages: [MissileCommandGM_C_0] 1
[2016.12.03-18.11.04:745][272]LogBlueprintUserMessages: [MissileCommandGM_C_0] 0
[2016.12.03-18.11.04:762][273]LogBlueprintUserMessages: [MissileCommandGM_C_0] 0
[2016.12.03-18.11.04:778][274]LogBlueprintUserMessages: [MissileCommandGM_C_0] 1
[2016.12.03-18.11.04:794][275]LogBlueprintUserMessages: [MissileCommandGM_C_0] 1
[2016.12.03-18.11.04:810][276]LogBlueprintUserMessages: [MissileCommandGM_C_0] 3
[2016.12.03-18.11.04:826][277]LogBlueprintUserMessages: [MissileCommandGM_C_0] 2
[2016.12.03-18.11.04:842][278]LogBlueprintUserMessages: [MissileCommandGM_C_0] 3
[2016.12.03-18.11.04:858][279]LogBlueprintUserMessages: [MissileCommandGM_C_0] 2
[2016.12.03-18.11.04:875][280]LogBlueprintUserMessages: [MissileCommandGM_C_0] 0
[2016.12.03-18.11.04:891][281]LogBlueprintUserMessages: [MissileCommandGM_C_0] 0
[2016.12.03-18.11.04:907][282]LogBlueprintUserMessages: [MissileCommandGM_C_0] 3
[2016.12.03-18.11.04:923][283]LogBlueprintUserMessages: [MissileCommandGM_C_0] 3
[2016.12.03-18.11.04:939][284]LogBlueprintUserMessages: [MissileCommandGM_C_0] 1
[2016.12.03-18.11.04:955][285]LogBlueprintUserMessages: [MissileCommandGM_C_0] 0
[2016.12.03-18.11.04:971][286]LogBlueprintUserMessages: [MissileCommandGM_C_0] 1
[2016.12.03-18.11.04:987][287]LogBlueprintUserMessages: [MissileCommandGM_C_0] 3
[2016.12.03-18.11.05:004][288]LogBlueprintUserMessages: [MissileCommandGM_C_0] 3
[2016.12.03-18.11.05:020][289]LogBlueprintUserMessages: [MissileCommandGM_C_0] 2
[2016.12.03-18.11.05:036][290]LogBlueprintUserMessages: [MissileCommandGM_C_0] 3
[2016.12.03-18.11.05:052][291]LogBlueprintUserMessages: [MissileCommandGM_C_0] 2
[2016.12.03-18.11.05:068][292]LogBlueprintUserMessages: [MissileCommandGM_C_0] 2
[2016.12.03-18.11.05:084][293]LogBlueprintUserMessages: [MissileCommandGM_C_0] 1
[2016.12.03-18.11.05:100][294]LogBlueprintUserMessages: [MissileCommandGM_C_0] 1
[2016.12.03-18.11.05:116][295]LogBlueprintUserMessages: [MissileCommandGM_C_0] 2
[2016.12.03-18.11.05:132][296]LogBlueprintUserMessages: [MissileCommandGM_C_0] 0
[2016.12.03-18.11.05:149][297]LogBlueprintUserMessages: [MissileCommandGM_C_0] 3
[2016.12.03-18.11.05:165][298]LogBlueprintUserMessages: [MissileCommandGM_C_0] 1
[2016.12.03-18.11.05:181][299]LogBlueprintUserMessages: [MissileCommandGM_C_0] 2
[2016.12.03-18.11.05:197][300]LogBlueprintUserMessages: [MissileCommandGM_C_0] 3
[2016.12.03-18.11.05:213][301]LogBlueprintUserMessages: [MissileCommandGM_C_0] 1
[2016.12.03-18.11.05:229][302]LogBlueprintUserMessages: [MissileCommandGM_C_0] 2
[2016.12.03-18.11.05:245][303]LogBlueprintUserMessages: [MissileCommandGM_C_0] 1
[2016.12.03-18.11.05:261][304]LogBlueprintUserMessages: [MissileCommandGM_C_0] 0
[2016.12.03-18.11.05:278][305]LogBlueprintUserMessages: [MissileCommandGM_C_0] 0
[2016.12.03-18.11.05:294][306]LogBlueprintUserMessages: [MissileCommandGM_C_0] 3
[2016.12.03-18.11.05:310][307]LogBlueprintUserMessages: [MissileCommandGM_C_0] 3
[2016.12.03-18.11.05:326][308]LogBlueprintUserMessages: [MissileCommandGM_C_0] 1
[2016.12.03-18.11.05:342][309]LogBlueprintUserMessages: [MissileCommandGM_C_0] 2
[2016.12.03-18.11.05:358][310]LogBlueprintUserMessages: [MissileCommandGM_C_0] 1
[2016.12.03-18.11.05:375][311]LogBlueprintUserMessages: [MissileCommandGM_C_0] 2
[2016.12.03-18.11.05:391][312]LogBlueprintUserMessages: [MissileCommandGM_C_0] 0
[2016.12.03-18.11.05:407][313]LogBlueprintUserMessages: [MissileCommandGM_C_0] 1
[2016.12.03-18.11.05:423][314]LogBlueprintUserMessages: [MissileCommandGM_C_0] 2
[2016.12.03-18.11.05:439][315]LogBlueprintUserMessages: [MissileCommandGM_C_0] 0
[2016.12.03-18.11.05:455][316]LogBlueprintUserMessages: [MissileCommandGM_C_0] 2
[2016.12.03-18.11.05:471][317]LogBlueprintUserMessages: [MissileCommandGM_C_0] 1
[2016.12.03-18.11.05:487][318]LogBlueprintUserMessages: [MissileCommandGM_C_0] 1
[2016.12.03-18.11.05:503][319]LogBlueprintUserMessages: [MissileCommandGM_C_0] 0
[2016.12.03-18.11.05:520][320]LogBlueprintUserMessages: [MissileCommandGM_C_0] 1
[2016.12.03-18.11.05:536][321]LogBlueprintUserMessages: [MissileCommandGM_C_0] 0
[2016.12.03-18.11.05:552][322]LogBlueprintUserMessages: [MissileCommandGM_C_0] 3
[2016.12.03-18.11.05:568][323]LogBlueprintUserMessages: [MissileCommandGM_C_0] 0
[2016.12.03-18.11.05:584][324]LogBlueprintUserMessages: [MissileCommandGM_C_0] 0
[2016.12.03-18.11.05:600][325]LogBlueprintUserMessages: [MissileCommandGM_C_0] 2
[2016.12.03-18.11.05:616][326]LogBlueprintUserMessages: [MissileCommandGM_C_0] 0
[2016.12.03-18.11.05:632][327]LogBlueprintUserMessages: [MissileCommandGM_C_0] 1
[2016.12.03-18.11.05:648][328]LogBlueprintUserMessages: [MissileCommandGM_C_0] 3
[2016.12.03-18.11.05:665][329]LogBlueprintUserMessages: [MissileCommandGM_C_0] 1
[2016.12.03-18.11.05:681][330]LogBlueprintUserMessages: [MissileCommandGM_C_0] 2
[2016.12.03-18.11.05:697][331]LogBlueprintUserMessages: [MissileCommandGM_C_0] 0
[2016.12.03-18.11.05:713][332]LogBlueprintUserMessages: [MissileCommandGM_C_0] 0
[2016.12.03-18.11.05:730][333]LogBlueprintUserMessages: [MissileCommandGM_C_0] 1
[2016.12.03-18.11.05:746][334]LogBlueprintUserMessages: [MissileCommandGM_C_0] 0
[2016.12.03-18.11.05:762][335]LogBlueprintUserMessages: [MissileCommandGM_C_0] 0
[2016.12.03-18.11.05:778][336]LogBlueprintUserMessages: [MissileCommandGM_C_0] 3
[2016.12.03-18.11.05:794][337]LogBlueprintUserMessages: [MissileCommandGM_C_0] 3
[2016.12.03-18.11.05:810][338]LogBlueprintUserMessages: [MissileCommandGM_C_0] 2
[2016.12.03-18.11.05:826][339]LogBlueprintUserMessages: [MissileCommandGM_C_0] 2
[2016.12.03-18.11.05:842][340]LogBlueprintUserMessages: [MissileCommandGM_C_0] 1
[2016.12.03-18.11.05:858][341]LogBlueprintUserMessages: [MissileCommandGM_C_0] 1
[2016.12.03-18.11.05:874][342]LogBlueprintUserMessages: [MissileCommandGM_C_0] 3
[2016.12.03-18.11.05:891][343]LogBlueprintUserMessages: [MissileCommandGM_C_0] 2
[2016.12.03-18.11.05:907][344]LogBlueprintUserMessages: [MissileCommandGM_C_0] 3
[2016.12.03-18.11.05:923][345]LogBlueprintUserMessages: [MissileCommandGM_C_0] 1
[2016.12.03-18.11.05:939][346]LogBlueprintUserMessages: [MissileCommandGM_C_0] 3
[2016.12.03-18.11.05:955][347]LogBlueprintUserMessages: [MissileCommandGM_C_0] 0
[2016.12.03-18.11.05:971][348]LogBlueprintUserMessages: [MissileCommandGM_C_0] 2
[2016.12.03-18.11.05:987][349]LogBlueprintUserMessages: [MissileCommandGM_C_0] 1
[2016.12.03-18.11.06:004][350]LogBlueprintUserMessages: [MissileCommandGM_C_0] 0
[2016.12.03-18.11.06:019][351]LogBlueprintUserMessages: [MissileCommandGM_C_0] 2
[2016.12.03-18.11.06:036][352]LogBlueprintUserMessages: [MissileCommandGM_C_0] 3
[2016.12.03-18.11.06:052][353]LogBlueprintUserMessages: [MissileCommandGM_C_0] 1
[2016.12.03-18.11.06:068][354]LogBlueprintUserMessages: [MissileCommandGM_C_0] 1
[2016.12.03-18.11.06:084][355]LogBlueprintUserMessages: [MissileCommandGM_C_0] 1
[2016.12.03-18.11.06:100][356]LogBlueprintUserMessages: [MissileCommandGM_C_0] 0
[2016.12.03-18.11.06:116][357]LogBlueprintUserMessages: [MissileCommandGM_C_0] 3
[2016.12.03-18.11.06:132][358]LogBlueprintUserMessages: [MissileCommandGM_C_0] 0
[2016.12.03-18.11.06:149][359]LogBlueprintUserMessages: [MissileCommandGM_C_0] 2
[2016.12.03-18.11.06:165][360]LogBlueprintUserMessages: [MissileCommandGM_C_0] 0
[2016.12.03-18.11.06:181][361]LogBlueprintUserMessages: [MissileCommandGM_C_0] 0
[2016.12.03-18.11.06:198][362]LogBlueprintUserMessages: [MissileCommandGM_C_0] 3
[2016.12.03-18.11.06:213][363]LogBlueprintUserMessages: [MissileCommandGM_C_0] 3
[2016.12.03-18.11.06:230][364]LogBlueprintUserMessages: [MissileCommandGM_C_0] 0
[2016.12.03-18.11.06:246][365]LogBlueprintUserMessages: [MissileCommandGM_C_0] 3
[2016.12.03-18.11.06:262][366]LogBlueprintUserMessages: [MissileCommandGM_C_0] 2
[2016.12.03-18.11.06:278][367]LogBlueprintUserMessages: [MissileCommandGM_C_0] 2
[2016.12.03-18.11.06:294][368]LogBlueprintUserMessages: [MissileCommandGM_C_0] 3
[2016.12.03-18.11.06:310][369]LogBlueprintUserMessages: [MissileCommandGM_C_0] 0
[2016.12.03-18.11.06:326][370]LogBlueprintUserMessages: [MissileCommandGM_C_0] 2
[2016.12.03-18.11.06:342][371]LogBlueprintUserMessages: [MissileCommandGM_C_0] 1
[2016.12.03-18.11.06:358][372]LogBlueprintUserMessages: [MissileCommandGM_C_0] 1
[2016.12.03-18.11.06:374][373]LogBlueprintUserMessages: [MissileCommandGM_C_0] 3
[2016.12.03-18.11.06:392][374]LogBlueprintUserMessages: [MissileCommandGM_C_0] 3
[2016.12.03-18.11.06:407][375]LogBlueprintUserMessages: [MissileCommandGM_C_0] 3
[2016.12.03-18.11.06:423][376]LogBlueprintUserMessages: [MissileCommandGM_C_0] 0
[2016.12.03-18.11.06:439][377]LogBlueprintUserMessages: [MissileCommandGM_C_0] 2
[2016.12.03-18.11.06:456][378]LogBlueprintUserMessages: [MissileCommandGM_C_0] 2
[2016.12.03-18.11.06:471][379]LogBlueprintUserMessages: [MissileCommandGM_C_0] 0
[2016.12.03-18.11.06:488][380]LogBlueprintUserMessages: [MissileCommandGM_C_0] 1
[2016.12.03-18.11.06:504][381]LogBlueprintUserMessages: [MissileCommandGM_C_0] 3
[2016.12.03-18.11.06:520][382]LogBlueprintUserMessages: [MissileCommandGM_C_0] 2
[2016.12.03-18.11.06:536][383]LogBlueprintUserMessages: [MissileCommandGM_C_0] 2
[2016.12.03-18.11.06:552][384]LogBlueprintUserMessages: [MissileCommandGM_C_0] 0
[2016.12.03-18.11.06:569][385]LogBlueprintUserMessages: [MissileCommandGM_C_0] 2
[2016.12.03-18.11.06:584][386]LogBlueprintUserMessages: [MissileCommandGM_C_0] 0
[2016.12.03-18.11.06:600][387]LogBlueprintUserMessages: [MissileCommandGM_C_0] 3
[2016.12.03-18.11.06:617][388]LogBlueprintUserMessages: [MissileCommandGM_C_0] 3
[2016.12.03-18.11.06:633][389]LogBlueprintUserMessages: [MissileCommandGM_C_0] 0
[2016.12.03-18.11.06:649][390]LogBlueprintUserMessages: [MissileCommandGM_C_0] 2
[2016.12.03-18.11.06:665][391]LogBlueprintUserMessages: [MissileCommandGM_C_0] 0
[2016.12.03-18.11.06:681][392]LogBlueprintUserMessages: [MissileCommandGM_C_0] 1
[2016.12.03-18.11.06:697][393]LogBlueprintUserMessages: [MissileCommandGM_C_0] 1
[2016.12.03-18.11.06:714][394]LogBlueprintUserMessages: [MissileCommandGM_C_0] 1
[2016.12.03-18.11.06:729][395]LogBlueprintUserMessages: [MissileCommandGM_C_0] 0
[2016.12.03-18.11.06:745][396]LogBlueprintUserMessages: [MissileCommandGM_C_0] 3
[2016.12.03-18.11.06:761][397]LogBlueprintUserMessages: [MissileCommandGM_C_0] 0
[2016.12.03-18.11.06:778][398]LogBlueprintUserMessages: [MissileCommandGM_C_0] 0
[2016.12.03-18.11.06:794][399]LogBlueprintUserMessages: [MissileCommandGM_C_0] 0
[2016.12.03-18.11.06:810][400]LogBlueprintUserMessages: [MissileCommandGM_C_0] 3
[2016.12.03-18.11.06:826][401]LogBlueprintUserMessages: [MissileCommandGM_C_0] 3
[2016.12.03-18.11.06:842][402]LogBlueprintUserMessages: [MissileCommandGM_C_0] 1
[2016.12.03-18.11.06:859][403]LogBlueprintUserMessages: [MissileCommandGM_C_0] 1
[2016.12.03-18.11.06:874][404]LogBlueprintUserMessages: [MissileCommandGM_C_0] 2
[2016.12.03-18.11.06:891][405]LogBlueprintUserMessages: [MissileCommandGM_C_0] 1
[2016.12.03-18.11.06:907][406]LogBlueprintUserMessages: [MissileCommandGM_C_0] 3
[2016.12.03-18.11.06:923][407]LogBlueprintUserMessages: [MissileCommandGM_C_0] 2
[2016.12.03-18.11.06:939][408]LogBlueprintUserMessages: [MissileCommandGM_C_0] 3
[2016.12.03-18.11.06:956][409]LogBlueprintUserMessages: [MissileCommandGM_C_0] 0
[2016.12.03-18.11.06:971][410]LogBlueprintUserMessages: [MissileCommandGM_C_0] 1
[2016.12.03-18.11.06:988][411]LogBlueprintUserMessages: [MissileCommandGM_C_0] 1
[2016.12.03-18.11.07:005][412]LogBlueprintUserMessages: [MissileCommandGM_C_0] 0
[2016.12.03-18.11.07:020][413]LogBlueprintUserMessages: [MissileCommandGM_C_0] 2
[2016.12.03-18.11.07:036][414]LogBlueprintUserMessages: [MissileCommandGM_C_0] 0
[2016.12.03-18.11.07:052][415]LogBlueprintUserMessages: [MissileCommandGM_C_0] 0
[2016.12.03-18.11.07:068][416]LogBlueprintUserMessages: [MissileCommandGM_C_0] 0
[2016.12.03-18.11.07:084][417]LogBlueprintUserMessages: [MissileCommandGM_C_0] 1
[2016.12.03-18.11.07:100][418]LogBlueprintUserMessages: [MissileCommandGM_C_0] 3
[2016.12.03-18.11.07:116][419]LogBlueprintUserMessages: [MissileCommandGM_C_0] 1
[2016.12.03-18.11.07:132][420]LogBlueprintUserMessages: [MissileCommandGM_C_0] 2
[2016.12.03-18.11.07:149][421]LogBlueprintUserMessages: [MissileCommandGM_C_0] 0
[2016.12.03-18.11.07:165][422]LogBlueprintUserMessages: [MissileCommandGM_C_0] 3
[2016.12.03-18.11.07:181][423]LogBlueprintUserMessages: [MissileCommandGM_C_0] 1
[2016.12.03-18.11.07:197][424]LogBlueprintUserMessages: [MissileCommandGM_C_0] 2
[2016.12.03-18.11.07:213][425]LogBlueprintUserMessages: [MissileCommandGM_C_0] 2
[2016.12.03-18.11.07:229][426]LogBlueprintUserMessages: [MissileCommandGM_C_0] 0
[2016.12.03-18.11.07:245][427]LogBlueprintUserMessages: [MissileCommandGM_C_0] 0
[2016.12.03-18.11.07:261][428]LogBlueprintUserMessages: [MissileCommandGM_C_0] 0
[2016.12.03-18.11.07:277][429]LogBlueprintUserMessages: [MissileCommandGM_C_0] 0
[2016.12.03-18.11.07:294][430]LogBlueprintUserMessages: [MissileCommandGM_C_0] 3
[2016.12.03-18.11.07:311][431]LogBlueprintUserMessages: [MissileCommandGM_C_0] 2
[2016.12.03-18.11.07:326][432]LogBlueprintUserMessages: [MissileCommandGM_C_0] 1
[2016.12.03-18.11.07:342][433]LogBlueprintUserMessages: [MissileCommandGM_C_0] 1
[2016.12.03-18.11.07:358][434]LogBlueprintUserMessages: [MissileCommandGM_C_0] 3
[2016.12.03-18.11.07:375][435]LogBlueprintUserMessages: [MissileCommandGM_C_0] 3
[2016.12.03-18.11.07:391][436]LogBlueprintUserMessages: [MissileCommandGM_C_0] 3
[2016.12.03-18.11.07:407][437]LogBlueprintUserMessages: [MissileCommandGM_C_0] 3
[2016.12.03-18.11.07:423][438]LogBlueprintUserMessages: [MissileCommandGM_C_0] 0
[2016.12.03-18.11.07:439][439]LogBlueprintUserMessages: [MissileCommandGM_C_0] 2
[2016.12.03-18.11.07:455][440]LogBlueprintUserMessages: [MissileCommandGM_C_0] 2
[2016.12.03-18.11.07:471][441]LogBlueprintUserMessages: [MissileCommandGM_C_0] 2
[2016.12.03-18.11.07:488][442]LogBlueprintUserMessages: [MissileCommandGM_C_0] 0
[2016.12.03-18.11.07:504][443]LogBlueprintUserMessages: [MissileCommandGM_C_0] 1
[2016.12.03-18.11.07:520][444]LogBlueprintUserMessages: [MissileCommandGM_C_0] 3
[2016.12.03-18.11.07:536][445]LogBlueprintUserMessages: [MissileCommandGM_C_0] 1
[2016.12.03-18.11.07:552][446]LogBlueprintUserMessages: [MissileCommandGM_C_0] 0
[2016.12.03-18.11.07:568][447]LogBlueprintUserMessages: [MissileCommandGM_C_0] 0
[2016.12.03-18.11.07:584][448]LogBlueprintUserMessages: [MissileCommandGM_C_0] 2
[2016.12.03-18.11.07:601][449]LogBlueprintUserMessages: [MissileCommandGM_C_0] 2
[2016.12.03-18.11.07:617][450]LogBlueprintUserMessages: [MissileCommandGM_C_0] 1
[2016.12.03-18.11.07:633][451]LogBlueprintUserMessages: [MissileCommandGM_C_0] 1
[2016.12.03-18.11.07:649][452]LogBlueprintUserMessages: [MissileCommandGM_C_0] 2
[2016.12.03-18.11.07:665][453]LogBlueprintUserMessages: [MissileCommandGM_C_0] 0
[2016.12.03-18.11.07:681][454]LogBlueprintUserMessages: [MissileCommandGM_C_0] 3
[2016.12.03-18.11.07:697][455]LogBlueprintUserMessages: [MissileCommandGM_C_0] 1
[2016.12.03-18.11.07:714][456]LogBlueprintUserMessages: [MissileCommandGM_C_0] 0
[2016.12.03-18.11.07:730][457]LogBlueprintUserMessages: [MissileCommandGM_C_0] 2
[2016.12.03-18.11.07:747][458]LogBlueprintUserMessages: [MissileCommandGM_C_0] 3
[2016.12.03-18.11.07:762][459]LogBlueprintUserMessages: [MissileCommandGM_C_0] 1
[2016.12.03-18.11.07:778][460]LogBlueprintUserMessages: [MissileCommandGM_C_0] 3
[2016.12.03-18.11.07:794][461]LogBlueprintUserMessages: [MissileCommandGM_C_0] 3
[2016.12.03-18.11.07:810][462]LogBlueprintUserMessages: [MissileCommandGM_C_0] 0
[2016.12.03-18.11.07:826][463]LogBlueprintUserMessages: [MissileCommandGM_C_0] 3
[2016.12.03-18.11.07:842][464]LogBlueprintUserMessages: [MissileCommandGM_C_0] 1
[2016.12.03-18.11.07:858][465]LogBlueprintUserMessages: [MissileCommandGM_C_0] 3
[2016.12.03-18.11.07:875][466]LogBlueprintUserMessages: [MissileCommandGM_C_0] 1
[2016.12.03-18.11.07:891][467]LogBlueprintUserMessages: [MissileCommandGM_C_0] 3
[2016.12.03-18.11.07:907][468]LogBlueprintUserMessages: [MissileCommandGM_C_0] 1
[2016.12.03-18.11.07:923][469]LogBlueprintUserMessages: [MissileCommandGM_C_0] 0
[2016.12.03-18.11.07:939][470]LogBlueprintUserMessages: [MissileCommandGM_C_0] 3
[2016.12.03-18.11.07:955][471]LogBlueprintUserMessages: [MissileCommandGM_C_0] 1
[2016.12.03-18.11.07:971][472]LogBlueprintUserMessages: [MissileCommandGM_C_0] 0
[2016.12.03-18.11.07:988][473]LogBlueprintUserMessages: [MissileCommandGM_C_0] 3
[2016.12.03-18.11.08:004][474]LogBlueprintUserMessages: [MissileCommandGM_C_0] 0
[2016.12.03-18.11.08:020][475]LogBlueprintUserMessages: [MissileCommandGM_C_0] 2
[2016.12.03-18.11.08:036][476]LogBlueprintUserMessages: [MissileCommandGM_C_0] 1
[2016.12.03-18.11.08:052][477]LogBlueprintUserMessages: [MissileCommandGM_C_0] 0
[2016.12.03-18.11.08:068][478]LogBlueprintUserMessages: [MissileCommandGM_C_0] 0
[2016.12.03-18.11.08:084][479]LogBlueprintUserMessages: [MissileCommandGM_C_0] 0
[2016.12.03-18.11.08:100][480]LogBlueprintUserMessages: [MissileCommandGM_C_0] 0
[2016.12.03-18.11.08:117][481]LogBlueprintUserMessages: [MissileCommandGM_C_0] 1
[2016.12.03-18.11.08:133][482]LogBlueprintUserMessages: [MissileCommandGM_C_0] 3
[2016.12.03-18.11.08:149][483]LogBlueprintUserMessages: [MissileCommandGM_C_0] 2
[2016.12.03-18.11.08:165][484]LogBlueprintUserMessages: [MissileCommandGM_C_0] 1
[2016.12.03-18.11.08:181][485]LogBlueprintUserMessages: [MissileCommandGM_C_0] 3
[2016.12.03-18.11.08:197][486]LogBlueprintUserMessages: [MissileCommandGM_C_0] 0
[2016.12.03-18.11.08:213][487]LogBlueprintUserMessages: [MissileCommandGM_C_0] 1
[2016.12.03-18.11.08:229][488]LogBlueprintUserMessages: [MissileCommandGM_C_0] 1
[2016.12.03-18.11.08:246][489]LogBlueprintUserMessages: [MissileCommandGM_C_0] 2
[2016.12.03-18.11.08:262][490]LogBlueprintUserMessages: [MissileCommandGM_C_0] 3
[2016.12.03-18.11.08:278][491]LogBlueprintUserMessages: [MissileCommandGM_C_0] 1
[2016.12.03-18.11.08:294][492]LogBlueprintUserMessages: [MissileCommandGM_C_0] 0
[2016.12.03-18.11.08:310][493]LogBlueprintUserMessages: [MissileCommandGM_C_0] 2
[2016.12.03-18.11.08:327][494]LogBlueprintUserMessages: [MissileCommandGM_C_0] 2
[2016.12.03-18.11.08:343][495]LogBlueprintUserMessages: [MissileCommandGM_C_0] 0
[2016.12.03-18.11.08:359][496]LogBlueprintUserMessages: [MissileCommandGM_C_0] 0
[2016.12.03-18.11.08:375][497]LogBlueprintUserMessages: [MissileCommandGM_C_0] 0
[2016.12.03-18.11.08:391][498]LogBlueprintUserMessages: [MissileCommandGM_C_0] 3
[2016.12.03-18.11.08:408][499]LogBlueprintUserMessages: [MissileCommandGM_C_0] 1
[2016.12.03-18.11.08:424][500]LogBlueprintUserMessages: [MissileCommandGM_C_0] 1
[2016.12.03-18.11.08:439][501]LogBlueprintUserMessages: [MissileCommandGM_C_0] 2
[2016.12.03-18.11.08:456][502]LogBlueprintUserMessages: [MissileCommandGM_C_0] 3
[2016.12.03-18.11.08:472][503]LogBlueprintUserMessages: [MissileCommandGM_C_0] 2
[2016.12.03-18.11.08:488][504]LogBlueprintUserMessages: [MissileCommandGM_C_0] 1
[2016.12.03-18.11.08:505][505]LogBlueprintUserMessages: [MissileCommandGM_C_0] 2
[2016.12.03-18.11.08:520][506]LogBlueprintUserMessages: [MissileCommandGM_C_0] 2
[2016.12.03-18.11.08:536][507]LogBlueprintUserMessages: [MissileCommandGM_C_0] 0
[2016.12.03-18.11.08:552][508]LogBlueprintUserMessages: [MissileCommandGM_C_0] 3
[2016.12.03-18.11.08:568][509]LogBlueprintUserMessages: [MissileCommandGM_C_0] 0
[2016.12.03-18.11.08:584][510]LogBlueprintUserMessages: [MissileCommandGM_C_0] 1
[2016.12.03-18.11.08:600][511]LogBlueprintUserMessages: [MissileCommandGM_C_0] 2
[2016.12.03-18.11.08:617][512]LogBlueprintUserMessages: [MissileCommandGM_C_0] 2
[2016.12.03-18.11.08:633][513]LogBlueprintUserMessages: [MissileCommandGM_C_0] 0
[2016.12.03-18.11.08:649][514]LogBlueprintUserMessages: [MissileCommandGM_C_0] 3
[2016.12.03-18.11.08:665][515]LogBlueprintUserMessages: [MissileCommandGM_C_0] 0
[2016.12.03-18.11.08:681][516]LogBlueprintUserMessages: [MissileCommandGM_C_0] 0
[2016.12.03-18.11.08:697][517]LogBlueprintUserMessages: [MissileCommandGM_C_0] 3
[2016.12.03-18.11.08:713][518]LogBlueprintUserMessages: [MissileCommandGM_C_0] 2
[2016.12.03-18.11.08:730][519]LogBlueprintUserMessages: [MissileCommandGM_C_0] 3
[2016.12.03-18.11.08:746][520]LogBlueprintUserMessages: [MissileCommandGM_C_0] 1
[2016.12.03-18.11.08:761][521]LogBlueprintUserMessages: [MissileCommandGM_C_0] 0
[2016.12.03-18.11.08:778][522]LogBlueprintUserMessages: [MissileCommandGM_C_0] 0
[2016.12.03-18.11.08:794][523]LogBlueprintUserMessages: [MissileCommandGM_C_0] 2
[2016.12.03-18.11.08:811][524]LogBlueprintUserMessages: [MissileCommandGM_C_0] 0
[2016.12.03-18.11.08:826][525]LogBlueprintUserMessages: [MissileCommandGM_C_0] 1
[2016.12.03-18.11.08:842][526]LogBlueprintUserMessages: [MissileCommandGM_C_0] 1
[2016.12.03-18.11.08:858][527]LogBlueprintUserMessages: [MissileCommandGM_C_0] 2
[2016.12.03-18.11.08:875][528]LogBlueprintUserMessages: [MissileCommandGM_C_0] 1
[2016.12.03-18.11.08:891][529]LogBlueprintUserMessages: [MissileCommandGM_C_0] 1
[2016.12.03-18.11.08:907][530]LogBlueprintUserMessages: [MissileCommandGM_C_0] 0
[2016.12.03-18.11.08:923][531]LogBlueprintUserMessages: [MissileCommandGM_C_0] 2
[2016.12.03-18.11.08:940][532]LogBlueprintUserMessages: [MissileCommandGM_C_0] 0
[2016.12.03-18.11.08:955][533]LogBlueprintUserMessages: [MissileCommandGM_C_0] 1
[2016.12.03-18.11.08:971][534]LogBlueprintUserMessages: [MissileCommandGM_C_0] 3
[2016.12.03-18.11.08:988][535]LogBlueprintUserMessages: [MissileCommandGM_C_0] 2
[2016.12.03-18.11.09:004][536]LogBlueprintUserMessages: [MissileCommandGM_C_0] 2
[2016.12.03-18.11.09:020][537]LogBlueprintUserMessages: [MissileCommandGM_C_0] 3
[2016.12.03-18.11.09:036][538]LogBlueprintUserMessages: [MissileCommandGM_C_0] 2
[2016.12.03-18.11.09:052][539]LogBlueprintUserMessages: [MissileCommandGM_C_0] 2
[2016.12.03-18.11.09:068][540]LogBlueprintUserMessages: [MissileCommandGM_C_0] 0
[2016.12.03-18.11.09:084][541]LogBlueprintUserMessages: [MissileCommandGM_C_0] 3
[2016.12.03-18.11.09:100][542]LogBlueprintUserMessages: [MissileCommandGM_C_0] 0
[2016.12.03-18.11.09:116][543]LogBlueprintUserMessages: [MissileCommandGM_C_0] 3
[2016.12.03-18.11.09:132][544]LogBlueprintUserMessages: [MissileCommandGM_C_0] 2
[2016.12.03-18.11.09:149][545]LogBlueprintUserMessages: [MissileCommandGM_C_0] 2
[2016.12.03-18.11.09:165][546]LogBlueprintUserMessages: [MissileCommandGM_C_0] 1
[2016.12.03-18.11.09:181][547]LogBlueprintUserMessages: [MissileCommandGM_C_0] 2
[2016.12.03-18.11.09:197][548]LogBlueprintUserMessages: [MissileCommandGM_C_0] 3
[2016.12.03-18.11.09:213][549]LogBlueprintUserMessages: [MissileCommandGM_C_0] 0
[2016.12.03-18.11.09:229][550]LogBlueprintUserMessages: [MissileCommandGM_C_0] 1
[2016.12.03-18.11.09:245][551]LogBlueprintUserMessages: [MissileCommandGM_C_0] 3
[2016.12.03-18.11.09:261][552]LogBlueprintUserMessages: [MissileCommandGM_C_0] 2
[2016.12.03-18.11.09:277][553]LogBlueprintUserMessages: [MissileCommandGM_C_0] 1
[2016.12.03-18.11.09:294][554]LogBlueprintUserMessages: [MissileCommandGM_C_0] 0
[2016.12.03-18.11.09:310][555]LogBlueprintUserMessages: [MissileCommandGM_C_0] 2
[2016.12.03-18.11.09:326][556]LogBlueprintUserMessages: [MissileCommandGM_C_0] 2
[2016.12.03-18.11.09:342][557]LogBlueprintUserMessages: [MissileCommandGM_C_0] 2
[2016.12.03-18.11.09:358][558]LogBlueprintUserMessages: [MissileCommandGM_C_0] 3
[2016.12.03-18.11.09:375][559]LogBlueprintUserMessages: [MissileCommandGM_C_0] 1
[2016.12.03-18.11.09:390][560]LogBlueprintUserMessages: [MissileCommandGM_C_0] 1
[2016.12.03-18.11.09:407][561]LogBlueprintUserMessages: [MissileCommandGM_C_0] 2
[2016.12.03-18.11.09:423][562]LogBlueprintUserMessages: [MissileCommandGM_C_0] 1
[2016.12.03-18.11.09:439][563]LogBlueprintUserMessages: [MissileCommandGM_C_0] 2
[2016.12.03-18.11.09:455][564]LogBlueprintUserMessages: [MissileCommandGM_C_0] 0
[2016.12.03-18.11.09:471][565]LogBlueprintUserMessages: [MissileCommandGM_C_0] 1
[2016.12.03-18.11.09:487][566]LogBlueprintUserMessages: [MissileCommandGM_C_0] 1
[2016.12.03-18.11.09:504][567]LogBlueprintUserMessages: [MissileCommandGM_C_0] 0
[2016.12.03-18.11.09:519][568]LogBlueprintUserMessages: [MissileCommandGM_C_0] 2
[2016.12.03-18.11.09:536][569]LogBlueprintUserMessages: [MissileCommandGM_C_0] 2
[2016.12.03-18.11.09:552][570]LogBlueprintUserMessages: [MissileCommandGM_C_0] 0
[2016.12.03-18.11.09:568][571]LogBlueprintUserMessages: [MissileCommandGM_C_0] 0
[2016.12.03-18.11.09:584][572]LogBlueprintUserMessages: [MissileCommandGM_C_0] 2
[2016.12.03-18.11.09:600][573]LogBlueprintUserMessages: [MissileCommandGM_C_0] 3
[2016.12.03-18.11.09:616][574]LogBlueprintUserMessages: [MissileCommandGM_C_0] 3
[2016.12.03-18.11.09:632][575]LogBlueprintUserMessages: [MissileCommandGM_C_0] 0
[2016.12.03-18.11.09:649][576]LogBlueprintUserMessages: [MissileCommandGM_C_0] 1
[2016.12.03-18.11.09:665][577]LogBlueprintUserMessages: [MissileCommandGM_C_0] 2
[2016.12.03-18.11.09:681][578]LogBlueprintUserMessages: [MissileCommandGM_C_0] 0
[2016.12.03-18.11.09:697][579]LogBlueprintUserMessages: [MissileCommandGM_C_0] 1
[2016.12.03-18.11.09:737][580]LogWindowsTextInputMethodSystem:Display: IME system now deactivated.
[2016.12.03-18.11.09:740][580]LogEngine: All Windows Closed
[2016.12.03-18.11.09:740][580]LogWindows: FPlatformMisc::RequestExit(0)
[2016.12.03-18.11.10:114][581]LogExit: Preparing to exit.
[2016.12.03-18.11.10:170][581]LogExit: Game engine shut down
[2016.12.03-18.11.10:170][581]LogParticles: Destroying 0 GPU particle simulations for FXSystem 0x000001EEDD6E3D80
[2016.12.03-18.11.10:275][581]LogExit: Object subsystem successfully closed.
[2016.12.03-18.11.10:280][581]LogD3D11RHI: Shutdown
[2016.12.03-18.11.10:280][581]LogD3D11RHI: CleanupD3DDevice
[2016.12.03-18.11.10:317][581]LogD3D11RHI: ~FD3D11DynamicRHI
[2016.12.03-18.11.10:328][581]LogModuleManager: Shutting down and abandoning module AndroidDeviceDetection (115)
[2016.12.03-18.11.11:236][581]LogModuleManager: Shutting down and abandoning module AutomationController (114)
[2016.12.03-18.11.11:236][581]LogModuleManager: Shutting down and abandoning module AutomationWorker (113)
[2016.12.03-18.11.11:236][581]LogModuleManager: Shutting down and abandoning module CharacterAI (112)
[2016.12.03-18.11.11:236][581]LogModuleManager: Shutting down and abandoning module AITestSuite (111)
[2016.12.03-18.11.11:236][581]LogModuleManager: Shutting down and abandoning module GameplayDebugger (110)
[2016.12.03-18.11.11:236][581]LogModuleManager: Shutting down and abandoning module AIModule (109)
[2016.12.03-18.11.11:236][581]LogModuleManager: Shutting down and abandoning module GameLiveStreaming (108)
[2016.12.03-18.11.11:237][581]LogModuleManager: Shutting down and abandoning module StreamingPauseRendering (107)
[2016.12.03-18.11.11:237][581]LogModuleManager: Shutting down and abandoning module ProfilerService (106)
[2016.12.03-18.11.11:331][581]LogModuleManager: Shutting down and abandoning module TaskGraph (105)
[2016.12.03-18.11.11:331][581]LogModuleManager: Shutting down and abandoning module SlateRemote (104)
[2016.12.03-18.11.11:331][581]LogModuleManager: Shutting down and abandoning module SteamVRController (103)
[2016.12.03-18.11.11:331][581]LogModuleManager: Shutting down and abandoning module SteamVR (102)
[2016.12.03-18.11.11:331][581]LogModuleManager: Shutting down and abandoning module ProceduralMeshComponent (101)
[2016.12.03-18.11.11:331][581]LogModuleManager: Shutting down and abandoning module OculusRift (100)
[2016.12.03-18.11.11:331][581]LogModuleManager: Shutting down and abandoning module OculusLibrary (99)
[2016.12.03-18.11.11:331][581]LogModuleManager: Shutting down and abandoning module LeapMotionController (98)
[2016.12.03-18.11.11:368][581]LogModuleManager: Shutting down and abandoning module CustomMeshComponent (97)
[2016.12.03-18.11.11:368][581]LogModuleManager: Shutting down and abandoning module CableComponent (96)
[2016.12.03-18.11.11:368][581]LogModuleManager: Shutting down and abandoning module ArchVisCharacter (95)
[2016.12.03-18.11.11:368][581]LogModuleManager: Shutting down and abandoning module HTML5Networking (94)
[2016.12.03-18.11.11:368][581]LogModuleManager: Shutting down and abandoning module DesktopPlatform (93)
[2016.12.03-18.11.11:368][581]LogModuleManager: Shutting down and abandoning module DirectoryWatcher (92)
[2016.12.03-18.11.11:368][581]LogModuleManager: Shutting down and abandoning module HotReload (91)
[2016.12.03-18.11.11:368][581]LogModuleManager: Shutting down and abandoning module VisualStudioSourceCodeAccess (90)
[2016.12.03-18.11.11:368][581]LogModuleManager: Shutting down and abandoning module UObjectPlugin (89)
[2016.12.03-18.11.11:368][581]LogModuleManager: Shutting down and abandoning module SubversionSourceControl (88)
[2016.12.03-18.11.11:368][581]LogModuleManager: Shutting down and abandoning module SourceControl (87)
[2016.12.03-18.11.11:368][581]LogModuleManager: Shutting down and abandoning module PerforceSourceControl (86)
[2016.12.03-18.11.11:368][581]LogModuleManager: Shutting down and abandoning module UdpMessaging (85)
[2016.12.03-18.11.11:368][581]LogModuleManager: Shutting down and abandoning module LightPropagationVolumeRuntime (84)
[2016.12.03-18.11.11:368][581]LogModuleManager: Shutting down and abandoning module Paper2D (83)
[2016.12.03-18.11.11:368][581]LogModuleManager: Shutting down and abandoning module WindowsMoviePlayer (82)
[2016.12.03-18.11.11:371][581]LogModuleManager: Shutting down and abandoning module Media (81)
[2016.12.03-18.11.11:371][581]LogModuleManager: Shutting down and abandoning module WmfMedia (80)
[2016.12.03-18.11.11:371][581]LogModuleManager: Shutting down and abandoning module OnlineBlueprintSupport (79)
[2016.12.03-18.11.11:371][581]LogModuleManager: Shutting down and abandoning module GameplayTasksEditor (78)
[2016.12.03-18.11.11:371][581]LogModuleManager: Shutting down and abandoning module PropertyEditor (77)
[2016.12.03-18.11.11:371][581]LogModuleManager: Shutting down and abandoning module BehaviorTreeEditor (76)
[2016.12.03-18.11.11:371][581]LogModuleManager: Shutting down and abandoning module FunctionalTesting (75)
[2016.12.03-18.11.11:371][581]LogModuleManager: Shutting down and abandoning module CollisionAnalyzer (74)
[2016.12.03-18.11.11:371][581]LogModuleManager: Shutting down and abandoning module WorkspaceMenuStructure (73)
[2016.12.03-18.11.11:371][581]LogModuleManager: Shutting down and abandoning module MessageLog (72)
[2016.12.03-18.11.11:371][581]LogModuleManager: Shutting down and abandoning module Sequencer (71)
[2016.12.03-18.11.11:371][581]LogModuleManager: Shutting down and abandoning module AssetTools (70)
[2016.12.03-18.11.11:371][581]LogModuleManager: Shutting down and abandoning module UMGEditor (69)
[2016.12.03-18.11.11:371][581]LogModuleManager: Shutting down and abandoning module UMG (68)
[2016.12.03-18.11.11:371][581]LogModuleManager: Shutting down and abandoning module Slate (67)
[2016.12.03-18.11.11:371][581]LogModuleManager: Shutting down and abandoning module EditorStyle (66)
[2016.12.03-18.11.11:373][581]LogModuleManager: Shutting down and abandoning module SessionServices (65)
[2016.12.03-18.11.11:373][581]LogModuleManager: Shutting down and abandoning module SourceCodeAccess (64)
[2016.12.03-18.11.11:373][581]LogModuleManager: Shutting down and abandoning module HeadMountedDisplay (63)
[2016.12.03-18.11.11:373][581]LogModuleManager: Shutting down and abandoning module XAudio2 (62)
[2016.12.03-18.11.11:373][581]LogModuleManager: Shutting down and abandoning module Networking (60)
[2016.12.03-18.11.11:373][581]LogModuleManager: Shutting down and abandoning module Core (59)
[2016.12.03-18.11.11:373][581]LogModuleManager: Shutting down and abandoning module KismetCompiler (58)
[2016.12.03-18.11.11:373][581]LogModuleManager: Shutting down and abandoning module PhysXFormats (57)
[2016.12.03-18.11.11:373][581]LogModuleManager: Shutting down and abandoning module MeshUtilities (56)
[2016.12.03-18.11.11:373][581]LogModuleManager: Shutting down and abandoning module CookingStats (55)
[2016.12.03-18.11.11:373][581]LogModuleManager: Shutting down and abandoning module DerivedDataCache (54)
[2016.12.03-18.11.11:581][581]LogDerivedDataCache: Shutdown
[2016.12.03-18.11.11:581][581]LogModuleManager: Shutting down and abandoning module ShaderFormatOpenGL (53)
[2016.12.03-18.11.11:581][581]LogModuleManager: Shutting down and abandoning module ShaderFormatD3D (52)
[2016.12.03-18.11.11:581][581]LogModuleManager: Shutting down and abandoning module MetalShaderFormat (51)
[2016.12.03-18.11.11:581][581]LogModuleManager: Shutting down and abandoning module TextureFormatUncompressed (50)
[2016.12.03-18.11.11:581][581]LogModuleManager: Shutting down and abandoning module TextureFormatPVR (49)
[2016.12.03-18.11.11:581][581]LogModuleManager: Shutting down and abandoning module TextureFormatIntelISPCTexComp (48)
[2016.12.03-18.11.11:581][581]LogModuleManager: Shutting down and abandoning module TextureFormatDXT (47)
[2016.12.03-18.11.11:581][581]LogModuleManager: Shutting down and abandoning module ImageWrapper (46)
[2016.12.03-18.11.11:581][581]LogModuleManager: Shutting down and abandoning module TextureFormatASTC (45)
[2016.12.03-18.11.11:581][581]LogModuleManager: Shutting down and abandoning module TextureFormatAndroid (44)
[2016.12.03-18.11.11:581][581]LogModuleManager: Shutting down and abandoning module AudioFormatOpus (43)
[2016.12.03-18.11.11:581][581]LogModuleManager: Shutting down and abandoning module AudioFormatOgg (42)
[2016.12.03-18.11.11:581][581]LogModuleManager: Shutting down and abandoning module AudioFormatADPCM (41)
[2016.12.03-18.11.11:581][581]LogModuleManager: Shutting down and abandoning module LinuxTargetPlatform (40)
[2016.12.03-18.11.11:581][581]LogModuleManager: Shutting down and abandoning module LinuxServerTargetPlatform (39)
[2016.12.03-18.11.11:581][581]LogModuleManager: Shutting down and abandoning module LinuxNoEditorTargetPlatform (38)
[2016.12.03-18.11.11:581][581]LogModuleManager: Shutting down and abandoning module Messaging (37)
[2016.12.03-18.11.11:581][581]LogModuleManager: Shutting down and abandoning module IOSTargetPlatform (36)
[2016.12.03-18.11.11:581][581]LogModuleManager: Shutting down and abandoning module HTML5TargetPlatform (35)
[2016.12.03-18.11.11:581][581]LogModuleManager: Shutting down and abandoning module Android_PVRTCTargetPlatform (34)
[2016.12.03-18.11.11:581][581]LogModuleManager: Shutting down and abandoning module Android_ETC2TargetPlatform (33)
[2016.12.03-18.11.11:581][581]LogModuleManager: Shutting down and abandoning module Android_ETC1TargetPlatform (32)
[2016.12.03-18.11.11:581][581]LogModuleManager: Shutting down and abandoning module Android_DXTTargetPlatform (31)
[2016.12.03-18.11.11:581][581]LogModuleManager: Shutting down and abandoning module Android_ATCTargetPlatform (30)
[2016.12.03-18.11.11:581][581]LogModuleManager: Shutting down and abandoning module Android_ASTCTargetPlatform (29)
[2016.12.03-18.11.11:581][581]LogModuleManager: Shutting down and abandoning module AndroidTargetPlatform (28)
[2016.12.03-18.11.11:581][581]LogModuleManager: Shutting down and abandoning module WindowsTargetPlatform (27)
[2016.12.03-18.11.11:581][581]LogModuleManager: Shutting down and abandoning module WindowsServerTargetPlatform (26)
[2016.12.03-18.11.11:581][581]LogModuleManager: Shutting down and abandoning module WindowsNoEditorTargetPlatform (25)
[2016.12.03-18.11.11:581][581]LogModuleManager: Shutting down and abandoning module WindowsClientTargetPlatform (24)
[2016.12.03-18.11.11:581][581]LogModuleManager: Shutting down and abandoning module AllDesktopTargetPlatform (23)
[2016.12.03-18.11.11:581][581]LogModuleManager: Shutting down and abandoning module TargetPlatform (22)
[2016.12.03-18.11.11:581][581]LogModuleManager: Shutting down and abandoning module InputCore (21)
[2016.12.03-18.11.11:581][581]LogModuleManager: Shutting down and abandoning module Settings (20)
[2016.12.03-18.11.11:581][581]LogModuleManager: Shutting down and abandoning module OnlineSubsystem (18)
[2016.12.03-18.11.11:581][581]LogModuleManager: Shutting down and abandoning module HTTP (17)
[2016.12.03-18.11.11:581][581]LogModuleManager: Shutting down and abandoning module XMPP (16)
[2016.12.03-18.11.11:582][581]LogModuleManager: Shutting down and abandoning module ExampleDeviceProfileSelector (15)
[2016.12.03-18.11.11:582][581]LogModuleManager: Shutting down and abandoning module TextureCompressor (14)
[2016.12.03-18.11.11:582][581]LogModuleManager: Shutting down and abandoning module ShaderCore (13)
[2016.12.03-18.11.11:582][581]LogModuleManager: Shutting down and abandoning module Landscape (12)
[2016.12.03-18.11.11:582][581]LogModuleManager: Shutting down and abandoning module SlateRHIRenderer (11)
[2016.12.03-18.11.11:582][581]LogModuleManager: Shutting down and abandoning module OpenGLDrv (10)
[2016.12.03-18.11.11:582][581]LogModuleManager: Shutting down and abandoning module D3D11RHI (9)
[2016.12.03-18.11.11:582][581]LogModuleManager: Shutting down and abandoning module AnimGraphRuntime (8)
[2016.12.03-18.11.11:582][581]LogModuleManager: Shutting down and abandoning module Renderer (7)
[2016.12.03-18.11.11:582][581]LogModuleManager: Shutting down and abandoning module Engine (6)
[2016.12.03-18.11.11:582][581]LogModuleManager: Shutting down and abandoning module CoreUObject (5)
[2016.12.03-18.11.11:582][581]LogModuleManager: Shutting down and abandoning module NetworkFile (4)
[2016.12.03-18.11.11:582][581]LogModuleManager: Shutting down and abandoning module StreamingFile (3)
[2016.12.03-18.11.11:582][581]LogModuleManager: Shutting down and abandoning module SandboxFile (2)
[2016.12.03-18.11.11:582][581]LogModuleManager: Shutting down and abandoning module PakFile (1)
[2016.12.03-18.11.11:582][581]LogExit: Exiting.
[2016.12.03-18.11.11:584][581]Log file closed, 12/03/16 13:11:11
