[2016.12.03-21.48.34:482][  0]Log file open, 12/03/16 16:48:34
[2016.12.03-21.48.34:482][  0]LogInit:Display: Running engine for game: MissileCommand2
[2016.12.03-21.48.34:482][  0]LogInit:Display: RandInit(1662276106) SRandInit(1662276107).
[2016.12.03-21.48.34:482][  0]LogTaskGraph: Started task graph with 4 named threads and 7 total threads.
[2016.12.03-21.48.34:482][  0]LogStats: Stats thread started at 0.087422
[2016.12.03-21.48.34:482][  0]LogInit: Version: 4.9.2-2707645+++depot+UE4-Releases+4.9
[2016.12.03-21.48.34:482][  0]LogInit: API Version: 2672455
[2016.12.03-21.48.34:482][  0]LogInit: Compiled (64-bit): Sep 28 2015 10:25:44
[2016.12.03-21.48.34:482][  0]LogInit: Compiled with Visual C++: 18.00.21005.01
[2016.12.03-21.48.34:482][  0]LogInit: Build Configuration: Development
[2016.12.03-21.48.34:482][  0]LogInit: Branch Name: ++depot+UE4-Releases+4.9
[2016.12.03-21.48.34:482][  0]LogInit: Command line:  /Temp/Autosaves/Game/FirstPersonBP/Maps/UEDPCFirstPersonExampleMap -game -PIEVIACONSOLE -ResX=1280 -ResY=720  -Multiprocess 
[2016.12.03-21.48.34:482][  0]LogInit: Base directory: C:/Program Files/Epic Games/4.9/Engine/Binaries/Win64/
[2016.12.03-21.48.34:482][  0]LogInit: Rocket: 1
[2016.12.03-21.48.34:504][  0]LogInit: Using libcurl 7.41.0
[2016.12.03-21.48.34:504][  0]LogInit:  - built for x86_64-pc-win32
[2016.12.03-21.48.34:504][  0]LogInit:  - supports SSL with WinSSL
[2016.12.03-21.48.34:504][  0]LogInit:  - other features:
[2016.12.03-21.48.34:504][  0]LogInit:      CURL_VERSION_SSL
[2016.12.03-21.48.34:504][  0]LogInit:      CURL_VERSION_IPV6
[2016.12.03-21.48.34:504][  0]LogInit:      CURL_VERSION_ASYNCHDNS
[2016.12.03-21.48.34:504][  0]LogInit:      CURL_VERSION_LARGEFILE
[2016.12.03-21.48.34:504][  0]LogInit:      CURL_VERSION_IDN
[2016.12.03-21.48.34:504][  0]LogInit:  CurlRequestOptions (configurable via config and command line):
[2016.12.03-21.48.34:504][  0]LogInit:  - bVerifyPeer = true  - Libcurl will verify peer certificate
[2016.12.03-21.48.34:504][  0]LogInit:  - bUseHttpProxy = false  - Libcurl will NOT use HTTP proxy
[2016.12.03-21.48.34:504][  0]LogInit:  - bDontReuseConnections = false  - Libcurl will reuse connections
[2016.12.03-21.48.34:504][  0]LogInit:  - CertBundlePath = nullptr  - Libcurl will use whatever was configured at build time.
[2016.12.03-21.48.34:513][  0]LogInit: Presizing for 0 objects not considered by GC, pre-allocating 0 bytes.
[2016.12.03-21.48.34:520][  0]LogInit: Object subsystem initialized
[2016.12.03-21.48.34:521][  0]LogInit: Selected Device Profile: [Windows]
[2016.12.03-21.48.34:521][  0]LogInit: Applying CVar settings loaded from the selected device profile: [Windows]
[2016.12.03-21.48.34:524][  0]LogInit: Computer: MSI
[2016.12.03-21.48.34:524][  0]LogInit: User: jsoba
[2016.12.03-21.48.34:524][  0]LogInit: CPU Page size=4096, Cores=4
[2016.12.03-21.48.34:524][  0]LogInit: High frequency timer resolution =2.630620 MHz
[2016.12.03-21.48.34:524][  0]LogMemory: Memory total: Physical=15.9GB (16GB approx)
[2016.12.03-21.48.34:524][  0]LogMemory: Platform Memory Stats for Windows
[2016.12.03-21.48.34:524][  0]LogMemory: Process Physical Memory: 54.92 MB used, 54.92 MB peak
[2016.12.03-21.48.34:524][  0]LogMemory: Process Virtual Memory: 55.59 MB used, 55.59 MB peak
[2016.12.03-21.48.34:524][  0]LogMemory: Physical Memory: 7257.25 MB used, 16299.20 MB total
[2016.12.03-21.48.34:524][  0]LogMemory: Virtual Memory: 369.84 MB used, 134217728.00 MB total
[2016.12.03-21.48.35:016][  0]LogTextLocalizationManager: No specific translations for ('en-US') exist, so ('en') translations will be used.
[2016.12.03-21.48.35:632][  0]LogD3D11RHI: Found D3D11 adapter 0: NVIDIA GeForce GTX 970M        (Feature Level 11_0)
[2016.12.03-21.48.35:632][  0]LogD3D11RHI: Adapter has 2991MB of dedicated video memory, 0MB of dedicated system memory, and 8149MB of shared system memory, 1 output[s]
[2016.12.03-21.48.35:636][  0]LogD3D11RHI: Found D3D11 adapter 1: Intel(R) HD Graphics 5600 (Feature Level 11_0)
[2016.12.03-21.48.35:636][  0]LogD3D11RHI: Adapter has 128MB of dedicated video memory, 0MB of dedicated system memory, and 8149MB of shared system memory, 0 output[s]
[2016.12.03-21.48.35:637][  0]LogD3D11RHI: Found D3D11 adapter 2: Microsoft Basic Render Driver (Feature Level 11_0)
[2016.12.03-21.48.35:637][  0]LogD3D11RHI: Adapter has 0MB of dedicated video memory, 0MB of dedicated system memory, and 8149MB of shared system memory, 0 output[s]
[2016.12.03-21.48.35:637][  0]LogD3D11RHI: Chosen D3D11 Adapter Id = 0
[2016.12.03-21.48.35:644][  0]LogD3D11RHI: !Direct3DDevice
[2016.12.03-21.48.35:644][  0]LogRHI: Texture pool is 1361 MB (70% of 1945 MB)
[2016.12.03-21.48.35:657][  0]LogD3D11RHI: Async texture creation enabled
[2016.12.03-21.48.35:669][  0]LogShaderCompilers: Guid format shader working directory is 15 characters bigger than the processId version (../../../../../../Users/jsoba/OneDrive/Documentos/Unreal Projects/MissileCommand2/Intermediate/Shaders/WorkingDirectory/9524/).
[2016.12.03-21.48.35:669][  0]LogShaderCompilers: Cleaned the shader compiler working directory '../../../../../../Users/jsoba/OneDrive/Documentos/Unreal Projects/MissileCommand2/Intermediate/Shaders/tmp/0AA313A447AEA29004E9A598C740EF18/'.
[2016.12.03-21.48.35:669][  0]LogShaderCompilers:Display: Using Local Shader Compiler.
[2016.12.03-21.48.36:693][  0]LogTemp:Display: Loaded TP AllDesktopTargetPlatform
[2016.12.03-21.48.36:699][  0]LogTemp:Display: Loaded TP WindowsClientTargetPlatform
[2016.12.03-21.48.36:704][  0]LogTemp:Display: Loaded TP WindowsNoEditorTargetPlatform
[2016.12.03-21.48.36:709][  0]LogTemp:Display: Loaded TP WindowsServerTargetPlatform
[2016.12.03-21.48.36:715][  0]LogTemp:Display: Loaded TP WindowsTargetPlatform
[2016.12.03-21.48.36:718][  0]LogTemp:Display: Loaded TP AndroidTargetPlatform
[2016.12.03-21.48.36:722][  0]LogTemp:Display: Loaded TP Android_ASTCTargetPlatform
[2016.12.03-21.48.36:725][  0]LogTemp:Display: Loaded TP Android_ATCTargetPlatform
[2016.12.03-21.48.36:728][  0]LogTemp:Display: Loaded TP Android_DXTTargetPlatform
[2016.12.03-21.48.36:731][  0]LogTemp:Display: Loaded TP Android_ETC1TargetPlatform
[2016.12.03-21.48.36:734][  0]LogTemp:Display: Loaded TP Android_ETC2TargetPlatform
[2016.12.03-21.48.36:738][  0]LogTemp:Display: Loaded TP Android_PVRTCTargetPlatform
[2016.12.03-21.48.36:738][  0]LogTemp:Display: Loaded TP HTML5TargetPlatform
[2016.12.03-21.48.36:757][  0]LogTemp:Display: Loaded TP IOSTargetPlatform
[2016.12.03-21.48.36:760][  0]LogTemp:Display: Loaded TP LinuxNoEditorTargetPlatform
[2016.12.03-21.48.36:764][  0]LogTemp:Display: Loaded TP LinuxServerTargetPlatform
[2016.12.03-21.48.36:767][  0]LogTemp:Display: Loaded TP LinuxTargetPlatform
[2016.12.03-21.48.36:767][  0]LogTargetPlatformManager:Display: Building Assets For Windows
[2016.12.03-21.48.36:860][  0]LogDerivedDataCache:Display: Max Cache Size: 512 MB
[2016.12.03-21.48.36:910][  0]LogDerivedDataCache: Loaded boot cache 0.05s 42MB C:/Users/jsoba/AppData/Local/UnrealEngine/4.9/DerivedDataCache/Boot.ddc.
[2016.12.03-21.48.36:910][  0]LogDerivedDataCache:Display: Loaded Boot cache: C:/Users/jsoba/AppData/Local/UnrealEngine/4.9/DerivedDataCache/Boot.ddc
[2016.12.03-21.48.36:910][  0]LogDerivedDataCache: FDerivedDataBackendGraph:  Pak pak cache file ../../../../../../Users/jsoba/OneDrive/Documentos/Unreal Projects/MissileCommand2/DerivedDataCache/DDC.ddp not found, will not use a pak cache.
[2016.12.03-21.48.36:910][  0]LogDerivedDataCache: Unable to find inner node Pak for hierarchical cache Hierarchy.
[2016.12.03-21.48.36:910][  0]LogDerivedDataCache: FDerivedDataBackendGraph:  CompressedPak pak cache file ../../../../../../Users/jsoba/OneDrive/Documentos/Unreal Projects/MissileCommand2/DerivedDataCache/Compressed.ddp not found, will not use a pak cache.
[2016.12.03-21.48.36:910][  0]LogDerivedDataCache: Unable to find inner node CompressedPak for hierarchical cache Hierarchy.
[2016.12.03-21.48.37:042][  0]LogDerivedDataCache:Display: Pak cache opened for reading ../../../Engine/DerivedDataCache/Compressed.ddp.
[2016.12.03-21.48.37:053][  0]LogDerivedDataCache: Using Local data cache path C:/Users/jsoba/AppData/Local/UnrealEngine/Common/DerivedDataCache: Writable
[2016.12.03-21.48.37:206][  0]LogInit: Selected Device Profile: [Windows]
[2016.12.03-21.48.37:209][  0]LogContentStreaming: Texture pool size is 1000.000000MB
[2016.12.03-21.48.37:318][  0]LogMeshUtilities: No automatic mesh reduction module available
[2016.12.03-21.48.37:318][  0]LogMeshUtilities: No automatic mesh merging module available
[2016.12.03-21.48.37:520][  0]LogInit: WinSock: version 1.1 (2.2), MaxSocks=32767, MaxUdp=65467
[2016.12.03-21.48.37:702][  0]LogWindowsMoviePlayer: Unable to load movie: ../../../../../../Users/jsoba/OneDrive/Documentos/Unreal Projects/MissileCommand2/Content/Movies/Default_Startup.mp4
[2016.12.03-21.48.37:812][  0]SourceControl: Info Source control is disabled
[2016.12.03-21.48.37:812][  0]SourceControl: Info Source control is disabled
[2016.12.03-21.48.37:826][  0]SourceControl: Info Source control is disabled
[2016.12.03-21.48.37:930][  0]LogLinker:Warning: Asset '../../../Engine/Plugins/Runtime/LeapMotionController/Content/LM_PassthroughMaterial.uasset' has been saved with empty engine version. The asset will be loaded but may be incompatible.
[2016.12.03-21.48.38:016][  0]LogObj: 27669 objects as part of root set at end of initial load.
[2016.12.03-21.48.38:016][  0]LogUObjectAllocator: 5775704 out of 0 bytes used by permanent object pool.
[2016.12.03-21.48.38:067][  0]LogEngine: Initializing Engine...
[2016.12.03-21.48.38:069][  0]LogHMD: Can't find Oculus library dev build: is proper Runtime installed? Version: 0.7.0.0
[2016.12.03-21.48.38:070][  0]LogHMD: SteamVR failed to initialize.  Err: 110
[2016.12.03-21.48.38:172][  0]LogInit: XAudio2 using 'Speakers (Realtek High Definition Audio)' : 8 channels at 48 kHz using 32 bits per sample (channel mask 0x63f)
[2016.12.03-21.48.38:208][  0]LogInit: FAudioDevice initialized.
[2016.12.03-21.48.38:213][  0]LogInit: Texture streaming: Enabled
[2016.12.03-21.48.38:269][  0]LogNet: Browse: /Temp/Autosaves/Game/FirstPersonBP/Maps/UEDPCFirstPersonExampleMap?Name=Player
[2016.12.03-21.48.38:271][  0]LogLoad: LoadMap: /Temp/Autosaves/Game/FirstPersonBP/Maps/UEDPCFirstPersonExampleMap?Name=Player
[2016.12.03-21.48.38:281][  0]LogParticles: Destroying 0 GPU particle simulations for FXSystem 0x000001EE64C11120
[2016.12.03-21.48.38:290][  0]LogMemory: Platform Memory Stats for Windows
[2016.12.03-21.48.38:290][  0]LogMemory: Process Physical Memory: 393.79 MB used, 393.79 MB peak
[2016.12.03-21.48.38:290][  0]LogMemory: Process Virtual Memory: 453.39 MB used, 453.39 MB peak
[2016.12.03-21.48.38:290][  0]LogMemory: Physical Memory: 7554.75 MB used, 16299.20 MB total
[2016.12.03-21.48.38:290][  0]LogMemory: Virtual Memory: 1018.21 MB used, 134217728.00 MB total
[2016.12.03-21.48.38:290][  0]LogMemory: 
[2016.12.03-21.48.38:290][  0]Allocator Stats for TBB: (not implemented)
[2016.12.03-21.48.38:379][  0]LogBlueprint:Warning: [compiler SpawnClassMisil4Izquierda] Warning 'Item' is already a 'Misil 4', you don't need  Cast To Misil4 .
[2016.12.03-21.48.38:382][  0]LogBlueprint:Warning: [compiler SpawnClassMisil4Izquierda] Warning [0004.24] Compile of SpawnClassMisil4Izquierda successful, but with 1 Warning(s) [in 6 ms]
[2016.12.03-21.48.38:382][  0]LogBlueprint:Warning: [compiler SpawnClassMisil4Izquierda] Warning [0004.24] Compile of SpawnClassMisil4Izquierda successful, but with 2 Warning(s) [in 0 ms]
[2016.12.03-21.48.38:382][  0]LogBlueprint:Warning: [compiler SpawnClassMisil4Izquierda] Warning [0004.24] Compile of SpawnClassMisil4Izquierda successful, but with 3 Warning(s) [in 0 ms]
[2016.12.03-21.48.38:409][  0]LogBlueprint:Warning: [compiler SpawnClassMisil3Derecha] Warning 'Item' is already a 'Misil 3', you don't need  Cast To Misil3 .
[2016.12.03-21.48.38:412][  0]LogBlueprint:Warning: [compiler SpawnClassMisil3Derecha] Warning [0004.27] Compile of SpawnClassMisil3Derecha successful, but with 1 Warning(s) [in 6 ms]
[2016.12.03-21.48.38:412][  0]LogBlueprint:Warning: [compiler SpawnClassMisil3Derecha] Warning [0004.27] Compile of SpawnClassMisil3Derecha successful, but with 2 Warning(s) [in 0 ms]
[2016.12.03-21.48.38:412][  0]LogBlueprint:Warning: [compiler SpawnClassMisil3Derecha] Warning [0004.27] Compile of SpawnClassMisil3Derecha successful, but with 3 Warning(s) [in 0 ms]
[2016.12.03-21.48.38:439][  0]LogBlueprint:Warning: [compiler SpawnClassMisil2Frontal] Warning 'Item' is already a 'Misil 2', you don't need  Cast To Misil2 .
[2016.12.03-21.48.38:441][  0]LogBlueprint:Warning: [compiler SpawnClassMisil2Frontal] Warning [0004.30] Compile of SpawnClassMisil2Frontal successful, but with 1 Warning(s) [in 5 ms]
[2016.12.03-21.48.38:441][  0]LogBlueprint:Warning: [compiler SpawnClassMisil2Frontal] Warning [0004.30] Compile of SpawnClassMisil2Frontal successful, but with 2 Warning(s) [in 0 ms]
[2016.12.03-21.48.38:442][  0]LogBlueprint:Warning: [compiler SpawnClassMisil2Frontal] Warning [0004.30] Compile of SpawnClassMisil2Frontal successful, but with 3 Warning(s) [in 0 ms]
[2016.12.03-21.48.38:467][  0]LogBlueprint:Warning: [compiler SpawnClassMisil1Trasera] Warning 'Item' is already a 'Misil 1', you don't need  Cast To Misil1 .
[2016.12.03-21.48.38:470][  0]LogBlueprint:Warning: [compiler SpawnClassMisil1Trasera] Warning [0004.33] Compile of SpawnClassMisil1Trasera successful, but with 1 Warning(s) [in 5 ms]
[2016.12.03-21.48.38:470][  0]LogBlueprint:Warning: [compiler SpawnClassMisil1Trasera] Warning [0004.33] Compile of SpawnClassMisil1Trasera successful, but with 2 Warning(s) [in 0 ms]
[2016.12.03-21.48.38:470][  0]LogBlueprint:Warning: [compiler SpawnClassMisil1Trasera] Warning [0004.33] Compile of SpawnClassMisil1Trasera successful, but with 3 Warning(s) [in 0 ms]
[2016.12.03-21.48.38:513][  0]LogLinker:Warning: Asset '../../../../../../Users/jsoba/OneDrive/Documentos/Unreal Projects/MissileCommand2/Content/FirstPerson/Meshes/FirstPersonProjectileMesh.uasset' has been saved with empty engine version. The asset will be loaded but may be incompatible.
[2016.12.03-21.48.38:562][  0]LogLinker:Warning: CreateImport: Failed to load Outer for resource 'Arrow': FirstPersonCharacter_C /Game/FirstPersonBP/Blueprints/FirstPersonCharacter.Default__FirstPersonCharacter_C
[2016.12.03-21.48.38:720][  0]LogBlueprint:Warning: [compiler SpawnClassMisil1Trasera] Warning 'Item' is already a 'Misil 1', you don't need  Cast To Misil1 .
[2016.12.03-21.48.38:723][  0]LogBlueprint:Warning: [compiler SpawnClassMisil1Trasera] Warning [0004.59] Compile of SpawnClassMisil1Trasera successful, but with 1 Warning(s) [in 5 ms]
[2016.12.03-21.48.38:723][  0]LogBlueprint:Warning: [compiler SpawnClassMisil1Trasera] Warning [0004.59] Compile of SpawnClassMisil1Trasera successful, but with 2 Warning(s) [in 0 ms]
[2016.12.03-21.48.38:723][  0]LogBlueprint:Warning: [compiler SpawnClassMisil1Trasera] Warning [0004.59] Compile of SpawnClassMisil1Trasera successful, but with 3 Warning(s) [in 0 ms]
[2016.12.03-21.48.38:738][  0]LogBlueprint:Warning: [compiler SpawnClassMisil2Frontal] Warning 'Item' is already a 'Misil 2', you don't need  Cast To Misil2 .
[2016.12.03-21.48.38:741][  0]LogBlueprint:Warning: [compiler SpawnClassMisil2Frontal] Warning [0004.60] Compile of SpawnClassMisil2Frontal successful, but with 1 Warning(s) [in 6 ms]
[2016.12.03-21.48.38:741][  0]LogBlueprint:Warning: [compiler SpawnClassMisil2Frontal] Warning [0004.60] Compile of SpawnClassMisil2Frontal successful, but with 2 Warning(s) [in 0 ms]
[2016.12.03-21.48.38:741][  0]LogBlueprint:Warning: [compiler SpawnClassMisil2Frontal] Warning [0004.60] Compile of SpawnClassMisil2Frontal successful, but with 3 Warning(s) [in 0 ms]
[2016.12.03-21.48.38:753][  0]LogBlueprint:Warning: [compiler SpawnClassMisil3Derecha] Warning 'Item' is already a 'Misil 3', you don't need  Cast To Misil3 .
[2016.12.03-21.48.38:756][  0]LogBlueprint:Warning: [compiler SpawnClassMisil3Derecha] Warning [0004.62] Compile of SpawnClassMisil3Derecha successful, but with 1 Warning(s) [in 5 ms]
[2016.12.03-21.48.38:756][  0]LogBlueprint:Warning: [compiler SpawnClassMisil3Derecha] Warning [0004.62] Compile of SpawnClassMisil3Derecha successful, but with 2 Warning(s) [in 0 ms]
[2016.12.03-21.48.38:756][  0]LogBlueprint:Warning: [compiler SpawnClassMisil3Derecha] Warning [0004.62] Compile of SpawnClassMisil3Derecha successful, but with 3 Warning(s) [in 0 ms]
[2016.12.03-21.48.38:769][  0]LogBlueprint:Warning: [compiler SpawnClassMisil4Izquierda] Warning 'Item' is already a 'Misil 4', you don't need  Cast To Misil4 .
[2016.12.03-21.48.38:771][  0]LogBlueprint:Warning: [compiler SpawnClassMisil4Izquierda] Warning [0004.63] Compile of SpawnClassMisil4Izquierda successful, but with 1 Warning(s) [in 5 ms]
[2016.12.03-21.48.38:771][  0]LogBlueprint:Warning: [compiler SpawnClassMisil4Izquierda] Warning [0004.63] Compile of SpawnClassMisil4Izquierda successful, but with 2 Warning(s) [in 0 ms]
[2016.12.03-21.48.38:771][  0]LogBlueprint:Warning: [compiler SpawnClassMisil4Izquierda] Warning [0004.63] Compile of SpawnClassMisil4Izquierda successful, but with 3 Warning(s) [in 0 ms]
[2016.12.03-21.48.39:139][  0]LogAIModule: Creating AISystem for world FirstPersonExampleMap
[2016.12.03-21.48.39:139][  0]LogWorld: Game class is 'MissileCommandGM_C'
[2016.12.03-21.48.39:141][  0]LogPrimitiveComponent: Zero scaling not supported (/Temp/Autosaves/Game/FirstPersonBP/Maps/UEDPCFirstPersonExampleMap.FirstPersonExampleMap:PersistentLevel.SpawnClassMisil4Izquierda_180.Box)
[2016.12.03-21.48.39:158][  0]LogPrimitiveComponent: Zero scaling not supported (/Temp/Autosaves/Game/FirstPersonBP/Maps/UEDPCFirstPersonExampleMap.FirstPersonExampleMap:PersistentLevel.SpawnClassMisil4Izquierda_180.Box)
[2016.12.03-21.48.39:158][  0]LogPrimitiveComponent: Zero scaling not supported (/Temp/Autosaves/Game/FirstPersonBP/Maps/UEDPCFirstPersonExampleMap.FirstPersonExampleMap:PersistentLevel.SpawnClassMisil4Izquierda_180.Box)
[2016.12.03-21.48.39:288][  0]LogWorld: Bringing World /Temp/Autosaves/Game/FirstPersonBP/Maps/UEDPCFirstPersonExampleMap.FirstPersonExampleMap up for play (max tick rate 0) at 2016.12.03-16.48.39
[2016.12.03-21.48.39:289][  0]LogWorld: Bringing up level for play took: 0.148708
[2016.12.03-21.48.39:291][  0]LogInit:Display: Game Engine Initialized.
[2016.12.03-21.48.39:516][  0]LogLoad: Full Startup: 5.38 seconds (BP compile: 0.21 seconds)
[2016.12.03-21.48.39:532][  0]LogWindowsTextInputMethodSystem:Display: IME system now deactivated.
[2016.12.03-21.48.39:582][  0]LogRenderer: Reallocating scene render targets to support 128x128 (Frame:1).
[2016.12.03-21.48.39:659][  2]LogRenderer: Reallocating scene render targets to support 1280x720 (Frame:2).
[2016.12.03-21.48.52:742][809]LogScript:Warning: Cannot access 'StaticMesh'. It is pending kill. Property: 'StaticMesh'
	Misil3_C /Temp/Autosaves/Game/FirstPersonBP/Maps/UEDPCFirstPersonExampleMap.FirstPersonExampleMap:PersistentLevel.Misil3_C_0
	Function /Game/FirstPersonBP/Misiles/Misil3.Misil3_C:ExecuteUbergraph_Misil3:0271
[2016.12.03-21.49.09:032][819]LogScript:Warning: Cannot access 'StaticMesh'. It is pending kill. Property: 'StaticMesh'
	Misil3_C /Temp/Autosaves/Game/FirstPersonBP/Maps/UEDPCFirstPersonExampleMap.FirstPersonExampleMap:PersistentLevel.Misil3_C_3
	Function /Game/FirstPersonBP/Misiles/Misil3.Misil3_C:ExecuteUbergraph_Misil3:0271
[2016.12.03-21.49.09:129][825]LogScript:Warning: Cannot access 'StaticMesh'. It is pending kill. Property: 'StaticMesh'
	Misil3_C /Temp/Autosaves/Game/FirstPersonBP/Maps/UEDPCFirstPersonExampleMap.FirstPersonExampleMap:PersistentLevel.Misil3_C_2
	Function /Game/FirstPersonBP/Misiles/Misil3.Misil3_C:ExecuteUbergraph_Misil3:0271
[2016.12.03-21.49.22:785][667]LogPackageName: SearchForPackageOnDisk took   0.076s to resolve MissileCommand.umap.
[2016.12.03-21.49.22:858][667]LogPackageName: SearchForPackageOnDisk took   0.072s to resolve MissileCommand.umap.
[2016.12.03-21.49.22:858][667]LogNet: Browse: /Game/MissileCommand?Name=Player
[2016.12.03-21.49.22:858][667]LogLoad: LoadMap: /Game/MissileCommand?Name=Player
[2016.12.03-21.49.22:895][667]LogParticles: Destroying 0 GPU particle simulations for FXSystem 0x000001EE6F9F04A0
[2016.12.03-21.49.22:925][667]LogMemory: Platform Memory Stats for Windows
[2016.12.03-21.49.22:925][667]LogMemory: Process Physical Memory: 564.21 MB used, 591.15 MB peak
[2016.12.03-21.49.22:925][667]LogMemory: Process Virtual Memory: 822.40 MB used, 831.30 MB peak
[2016.12.03-21.49.22:925][667]LogMemory: Physical Memory: 7754.96 MB used, 16299.20 MB total
[2016.12.03-21.49.22:925][667]LogMemory: Virtual Memory: 1490.23 MB used, 134217728.00 MB total
[2016.12.03-21.49.22:925][667]LogMemory: 
[2016.12.03-21.49.22:925][667]Allocator Stats for TBB: (not implemented)
[2016.12.03-21.49.23:007][667]LogBlueprint:Warning: [compiler SpawnClassMisil4Izquierda] Warning 'Item' is already a 'Misil 4', you don't need  Cast To Misil4 .
[2016.12.03-21.49.23:009][667]LogBlueprint:Warning: [compiler SpawnClassMisil4Izquierda] Warning [0048.87] Compile of SpawnClassMisil4Izquierda successful, but with 1 Warning(s) [in 5 ms]
[2016.12.03-21.49.23:009][667]LogBlueprint:Warning: [compiler SpawnClassMisil4Izquierda] Warning [0048.87] Compile of SpawnClassMisil4Izquierda successful, but with 2 Warning(s) [in 0 ms]
[2016.12.03-21.49.23:009][667]LogBlueprint:Warning: [compiler SpawnClassMisil4Izquierda] Warning [0048.87] Compile of SpawnClassMisil4Izquierda successful, but with 3 Warning(s) [in 0 ms]
[2016.12.03-21.49.23:035][667]LogBlueprint:Warning: [compiler SpawnClassMisil3Derecha] Warning 'Item' is already a 'Misil 3', you don't need  Cast To Misil3 .
[2016.12.03-21.49.23:038][667]LogBlueprint:Warning: [compiler SpawnClassMisil3Derecha] Warning [0048.90] Compile of SpawnClassMisil3Derecha successful, but with 1 Warning(s) [in 5 ms]
[2016.12.03-21.49.23:038][667]LogBlueprint:Warning: [compiler SpawnClassMisil3Derecha] Warning [0048.90] Compile of SpawnClassMisil3Derecha successful, but with 2 Warning(s) [in 0 ms]
[2016.12.03-21.49.23:038][667]LogBlueprint:Warning: [compiler SpawnClassMisil3Derecha] Warning [0048.90] Compile of SpawnClassMisil3Derecha successful, but with 3 Warning(s) [in 0 ms]
[2016.12.03-21.49.23:066][667]LogBlueprint:Warning: [compiler SpawnClassMisil2Frontal] Warning 'Item' is already a 'Misil 2', you don't need  Cast To Misil2 .
[2016.12.03-21.49.23:069][667]LogBlueprint:Warning: [compiler SpawnClassMisil2Frontal] Warning [0048.93] Compile of SpawnClassMisil2Frontal successful, but with 1 Warning(s) [in 6 ms]
[2016.12.03-21.49.23:069][667]LogBlueprint:Warning: [compiler SpawnClassMisil2Frontal] Warning [0048.93] Compile of SpawnClassMisil2Frontal successful, but with 2 Warning(s) [in 0 ms]
[2016.12.03-21.49.23:069][667]LogBlueprint:Warning: [compiler SpawnClassMisil2Frontal] Warning [0048.93] Compile of SpawnClassMisil2Frontal successful, but with 3 Warning(s) [in 0 ms]
[2016.12.03-21.49.23:095][667]LogBlueprint:Warning: [compiler SpawnClassMisil1Trasera] Warning 'Item' is already a 'Misil 1', you don't need  Cast To Misil1 .
[2016.12.03-21.49.23:098][667]LogBlueprint:Warning: [compiler SpawnClassMisil1Trasera] Warning [0048.96] Compile of SpawnClassMisil1Trasera successful, but with 1 Warning(s) [in 5 ms]
[2016.12.03-21.49.23:098][667]LogBlueprint:Warning: [compiler SpawnClassMisil1Trasera] Warning [0048.96] Compile of SpawnClassMisil1Trasera successful, but with 2 Warning(s) [in 0 ms]
[2016.12.03-21.49.23:098][667]LogBlueprint:Warning: [compiler SpawnClassMisil1Trasera] Warning [0048.96] Compile of SpawnClassMisil1Trasera successful, but with 3 Warning(s) [in 0 ms]
[2016.12.03-21.49.23:134][667]LogLinker:Warning: Asset '../../../../../../Users/jsoba/OneDrive/Documentos/Unreal Projects/MissileCommand2/Content/FirstPerson/Meshes/FirstPersonProjectileMesh.uasset' has been saved with empty engine version. The asset will be loaded but may be incompatible.
[2016.12.03-21.49.23:184][667]LogLinker:Warning: CreateImport: Failed to load Outer for resource 'Arrow': FirstPersonCharacter_C /Game/FirstPersonBP/Blueprints/FirstPersonCharacter.Default__FirstPersonCharacter_C
[2016.12.03-21.49.23:337][667]LogBlueprint:Warning: [compiler SpawnClassMisil1Trasera] Warning 'Item' is already a 'Misil 1', you don't need  Cast To Misil1 .
[2016.12.03-21.49.23:339][667]LogBlueprint:Warning: [compiler SpawnClassMisil1Trasera] Warning [0049.20] Compile of SpawnClassMisil1Trasera successful, but with 1 Warning(s) [in 5 ms]
[2016.12.03-21.49.23:339][667]LogBlueprint:Warning: [compiler SpawnClassMisil1Trasera] Warning [0049.20] Compile of SpawnClassMisil1Trasera successful, but with 2 Warning(s) [in 0 ms]
[2016.12.03-21.49.23:340][667]LogBlueprint:Warning: [compiler SpawnClassMisil1Trasera] Warning [0049.20] Compile of SpawnClassMisil1Trasera successful, but with 3 Warning(s) [in 0 ms]
[2016.12.03-21.49.23:354][667]LogBlueprint:Warning: [compiler SpawnClassMisil2Frontal] Warning 'Item' is already a 'Misil 2', you don't need  Cast To Misil2 .
[2016.12.03-21.49.23:357][667]LogBlueprint:Warning: [compiler SpawnClassMisil2Frontal] Warning [0049.22] Compile of SpawnClassMisil2Frontal successful, but with 1 Warning(s) [in 5 ms]
[2016.12.03-21.49.23:357][667]LogBlueprint:Warning: [compiler SpawnClassMisil2Frontal] Warning [0049.22] Compile of SpawnClassMisil2Frontal successful, but with 2 Warning(s) [in 0 ms]
[2016.12.03-21.49.23:357][667]LogBlueprint:Warning: [compiler SpawnClassMisil2Frontal] Warning [0049.22] Compile of SpawnClassMisil2Frontal successful, but with 3 Warning(s) [in 0 ms]
[2016.12.03-21.49.23:369][667]LogBlueprint:Warning: [compiler SpawnClassMisil3Derecha] Warning 'Item' is already a 'Misil 3', you don't need  Cast To Misil3 .
[2016.12.03-21.49.23:372][667]LogBlueprint:Warning: [compiler SpawnClassMisil3Derecha] Warning [0049.23] Compile of SpawnClassMisil3Derecha successful, but with 1 Warning(s) [in 6 ms]
[2016.12.03-21.49.23:372][667]LogBlueprint:Warning: [compiler SpawnClassMisil3Derecha] Warning [0049.23] Compile of SpawnClassMisil3Derecha successful, but with 2 Warning(s) [in 0 ms]
[2016.12.03-21.49.23:372][667]LogBlueprint:Warning: [compiler SpawnClassMisil3Derecha] Warning [0049.23] Compile of SpawnClassMisil3Derecha successful, but with 3 Warning(s) [in 0 ms]
[2016.12.03-21.49.23:384][667]LogBlueprint:Warning: [compiler SpawnClassMisil4Izquierda] Warning 'Item' is already a 'Misil 4', you don't need  Cast To Misil4 .
[2016.12.03-21.49.23:387][667]LogBlueprint:Warning: [compiler SpawnClassMisil4Izquierda] Warning [0049.25] Compile of SpawnClassMisil4Izquierda successful, but with 1 Warning(s) [in 5 ms]
[2016.12.03-21.49.23:387][667]LogBlueprint:Warning: [compiler SpawnClassMisil4Izquierda] Warning [0049.25] Compile of SpawnClassMisil4Izquierda successful, but with 2 Warning(s) [in 0 ms]
[2016.12.03-21.49.23:387][667]LogBlueprint:Warning: [compiler SpawnClassMisil4Izquierda] Warning [0049.25] Compile of SpawnClassMisil4Izquierda successful, but with 3 Warning(s) [in 0 ms]
[2016.12.03-21.49.23:584][667]LogAIModule: Creating AISystem for world MissileCommand
[2016.12.03-21.49.23:584][667]LogWorld: Game class is 'MissileCommandGM_C'
[2016.12.03-21.49.23:586][667]LogPrimitiveComponent: Zero scaling not supported (/Game/MissileCommand.MissileCommand:PersistentLevel.SpawnClassMisil4Izquierda_180.Box)
[2016.12.03-21.49.23:587][667]LogPrimitiveComponent: Zero scaling not supported (/Game/MissileCommand.MissileCommand:PersistentLevel.SpawnClassMisil4Izquierda_180.Box)
[2016.12.03-21.49.23:587][667]LogPrimitiveComponent: Zero scaling not supported (/Game/MissileCommand.MissileCommand:PersistentLevel.SpawnClassMisil4Izquierda_180.Box)
[2016.12.03-21.49.23:588][667]LogWorld: Bringing World /Game/MissileCommand.MissileCommand up for play (max tick rate 0) at 2016.12.03-16.49.23
[2016.12.03-21.49.23:588][667]LogWorld: Bringing up level for play took: 0.002987
[2016.12.03-21.49.26:345][836]LogWindowsTextInputMethodSystem:Display: IME system now deactivated.
[2016.12.03-21.49.26:348][836]LogEngine: All Windows Closed
[2016.12.03-21.49.26:348][836]LogWindows: FPlatformMisc::RequestExit(0)
[2016.12.03-21.49.27:093][837]LogExit: Preparing to exit.
[2016.12.03-21.49.27:183][837]LogExit: Game engine shut down
[2016.12.03-21.49.27:299][837]LogParticles: Destroying 0 GPU particle simulations for FXSystem 0x000001EE64C5ECA0
[2016.12.03-21.49.27:299][837]LogExit: Object subsystem successfully closed.
[2016.12.03-21.49.27:314][837]LogD3D11RHI: Shutdown
[2016.12.03-21.49.27:314][837]LogD3D11RHI: CleanupD3DDevice
[2016.12.03-21.49.27:368][837]LogD3D11RHI: ~FD3D11DynamicRHI
[2016.12.03-21.49.27:378][837]LogModuleManager: Shutting down and abandoning module AndroidDeviceDetection (115)
[2016.12.03-21.49.27:620][837]LogModuleManager: Shutting down and abandoning module AutomationController (114)
[2016.12.03-21.49.27:620][837]LogModuleManager: Shutting down and abandoning module AutomationWorker (113)
[2016.12.03-21.49.27:620][837]LogModuleManager: Shutting down and abandoning module CharacterAI (112)
[2016.12.03-21.49.27:620][837]LogModuleManager: Shutting down and abandoning module AITestSuite (111)
[2016.12.03-21.49.27:620][837]LogModuleManager: Shutting down and abandoning module GameplayDebugger (110)
[2016.12.03-21.49.27:620][837]LogModuleManager: Shutting down and abandoning module AIModule (109)
[2016.12.03-21.49.27:620][837]LogModuleManager: Shutting down and abandoning module GameLiveStreaming (108)
[2016.12.03-21.49.27:620][837]LogModuleManager: Shutting down and abandoning module StreamingPauseRendering (107)
[2016.12.03-21.49.27:620][837]LogModuleManager: Shutting down and abandoning module ProfilerService (106)
[2016.12.03-21.49.27:846][837]LogModuleManager: Shutting down and abandoning module TaskGraph (105)
[2016.12.03-21.49.27:846][837]LogModuleManager: Shutting down and abandoning module SlateRemote (104)
[2016.12.03-21.49.27:846][837]LogModuleManager: Shutting down and abandoning module SteamVRController (103)
[2016.12.03-21.49.27:846][837]LogModuleManager: Shutting down and abandoning module SteamVR (102)
[2016.12.03-21.49.27:846][837]LogModuleManager: Shutting down and abandoning module ProceduralMeshComponent (101)
[2016.12.03-21.49.27:846][837]LogModuleManager: Shutting down and abandoning module OculusRift (100)
[2016.12.03-21.49.27:846][837]LogModuleManager: Shutting down and abandoning module OculusLibrary (99)
[2016.12.03-21.49.27:846][837]LogModuleManager: Shutting down and abandoning module LeapMotionController (98)
[2016.12.03-21.49.27:887][837]LogModuleManager: Shutting down and abandoning module CustomMeshComponent (97)
[2016.12.03-21.49.27:887][837]LogModuleManager: Shutting down and abandoning module CableComponent (96)
[2016.12.03-21.49.27:887][837]LogModuleManager: Shutting down and abandoning module ArchVisCharacter (95)
[2016.12.03-21.49.27:887][837]LogModuleManager: Shutting down and abandoning module HTML5Networking (94)
[2016.12.03-21.49.27:887][837]LogModuleManager: Shutting down and abandoning module DesktopPlatform (93)
[2016.12.03-21.49.27:887][837]LogModuleManager: Shutting down and abandoning module DirectoryWatcher (92)
[2016.12.03-21.49.27:887][837]LogModuleManager: Shutting down and abandoning module HotReload (91)
[2016.12.03-21.49.27:887][837]LogModuleManager: Shutting down and abandoning module VisualStudioSourceCodeAccess (90)
[2016.12.03-21.49.27:887][837]LogModuleManager: Shutting down and abandoning module UObjectPlugin (89)
[2016.12.03-21.49.27:887][837]LogModuleManager: Shutting down and abandoning module SubversionSourceControl (88)
[2016.12.03-21.49.27:888][837]LogModuleManager: Shutting down and abandoning module SourceControl (87)
[2016.12.03-21.49.27:888][837]LogModuleManager: Shutting down and abandoning module PerforceSourceControl (86)
[2016.12.03-21.49.27:888][837]LogModuleManager: Shutting down and abandoning module UdpMessaging (85)
[2016.12.03-21.49.27:888][837]LogModuleManager: Shutting down and abandoning module LightPropagationVolumeRuntime (84)
[2016.12.03-21.49.27:888][837]LogModuleManager: Shutting down and abandoning module Paper2D (83)
[2016.12.03-21.49.27:888][837]LogModuleManager: Shutting down and abandoning module WindowsMoviePlayer (82)
[2016.12.03-21.49.27:890][837]LogModuleManager: Shutting down and abandoning module Media (81)
[2016.12.03-21.49.27:890][837]LogModuleManager: Shutting down and abandoning module WmfMedia (80)
[2016.12.03-21.49.27:890][837]LogModuleManager: Shutting down and abandoning module OnlineBlueprintSupport (79)
[2016.12.03-21.49.27:890][837]LogModuleManager: Shutting down and abandoning module GameplayTasksEditor (78)
[2016.12.03-21.49.27:890][837]LogModuleManager: Shutting down and abandoning module PropertyEditor (77)
[2016.12.03-21.49.27:890][837]LogModuleManager: Shutting down and abandoning module BehaviorTreeEditor (76)
[2016.12.03-21.49.27:890][837]LogModuleManager: Shutting down and abandoning module FunctionalTesting (75)
[2016.12.03-21.49.27:890][837]LogModuleManager: Shutting down and abandoning module CollisionAnalyzer (74)
[2016.12.03-21.49.27:890][837]LogModuleManager: Shutting down and abandoning module WorkspaceMenuStructure (73)
[2016.12.03-21.49.27:890][837]LogModuleManager: Shutting down and abandoning module MessageLog (72)
[2016.12.03-21.49.27:890][837]LogModuleManager: Shutting down and abandoning module Sequencer (71)
[2016.12.03-21.49.27:890][837]LogModuleManager: Shutting down and abandoning module AssetTools (70)
[2016.12.03-21.49.27:890][837]LogModuleManager: Shutting down and abandoning module UMGEditor (69)
[2016.12.03-21.49.27:890][837]LogModuleManager: Shutting down and abandoning module UMG (68)
[2016.12.03-21.49.27:890][837]LogModuleManager: Shutting down and abandoning module Slate (67)
[2016.12.03-21.49.27:890][837]LogModuleManager: Shutting down and abandoning module EditorStyle (66)
[2016.12.03-21.49.27:892][837]LogModuleManager: Shutting down and abandoning module SessionServices (65)
[2016.12.03-21.49.27:892][837]LogModuleManager: Shutting down and abandoning module SourceCodeAccess (64)
[2016.12.03-21.49.27:892][837]LogModuleManager: Shutting down and abandoning module HeadMountedDisplay (63)
[2016.12.03-21.49.27:892][837]LogModuleManager: Shutting down and abandoning module XAudio2 (62)
[2016.12.03-21.49.27:892][837]LogModuleManager: Shutting down and abandoning module Networking (60)
[2016.12.03-21.49.27:892][837]LogModuleManager: Shutting down and abandoning module Core (59)
[2016.12.03-21.49.27:892][837]LogModuleManager: Shutting down and abandoning module KismetCompiler (58)
[2016.12.03-21.49.27:892][837]LogModuleManager: Shutting down and abandoning module PhysXFormats (57)
[2016.12.03-21.49.27:892][837]LogModuleManager: Shutting down and abandoning module MeshUtilities (56)
[2016.12.03-21.49.27:892][837]LogModuleManager: Shutting down and abandoning module CookingStats (55)
[2016.12.03-21.49.27:892][837]LogModuleManager: Shutting down and abandoning module DerivedDataCache (54)
[2016.12.03-21.49.28:089][837]LogDerivedDataCache: Shutdown
[2016.12.03-21.49.28:089][837]LogModuleManager: Shutting down and abandoning module ShaderFormatOpenGL (53)
[2016.12.03-21.49.28:089][837]LogModuleManager: Shutting down and abandoning module ShaderFormatD3D (52)
[2016.12.03-21.49.28:089][837]LogModuleManager: Shutting down and abandoning module MetalShaderFormat (51)
[2016.12.03-21.49.28:089][837]LogModuleManager: Shutting down and abandoning module TextureFormatUncompressed (50)
[2016.12.03-21.49.28:089][837]LogModuleManager: Shutting down and abandoning module TextureFormatPVR (49)
[2016.12.03-21.49.28:089][837]LogModuleManager: Shutting down and abandoning module TextureFormatIntelISPCTexComp (48)
[2016.12.03-21.49.28:089][837]LogModuleManager: Shutting down and abandoning module TextureFormatDXT (47)
[2016.12.03-21.49.28:089][837]LogModuleManager: Shutting down and abandoning module ImageWrapper (46)
[2016.12.03-21.49.28:089][837]LogModuleManager: Shutting down and abandoning module TextureFormatASTC (45)
[2016.12.03-21.49.28:089][837]LogModuleManager: Shutting down and abandoning module TextureFormatAndroid (44)
[2016.12.03-21.49.28:089][837]LogModuleManager: Shutting down and abandoning module AudioFormatOpus (43)
[2016.12.03-21.49.28:089][837]LogModuleManager: Shutting down and abandoning module AudioFormatOgg (42)
[2016.12.03-21.49.28:089][837]LogModuleManager: Shutting down and abandoning module AudioFormatADPCM (41)
[2016.12.03-21.49.28:089][837]LogModuleManager: Shutting down and abandoning module LinuxTargetPlatform (40)
[2016.12.03-21.49.28:089][837]LogModuleManager: Shutting down and abandoning module LinuxServerTargetPlatform (39)
[2016.12.03-21.49.28:089][837]LogModuleManager: Shutting down and abandoning module LinuxNoEditorTargetPlatform (38)
[2016.12.03-21.49.28:089][837]LogModuleManager: Shutting down and abandoning module Messaging (37)
[2016.12.03-21.49.28:089][837]LogModuleManager: Shutting down and abandoning module IOSTargetPlatform (36)
[2016.12.03-21.49.28:090][837]LogModuleManager: Shutting down and abandoning module HTML5TargetPlatform (35)
[2016.12.03-21.49.28:090][837]LogModuleManager: Shutting down and abandoning module Android_PVRTCTargetPlatform (34)
[2016.12.03-21.49.28:090][837]LogModuleManager: Shutting down and abandoning module Android_ETC2TargetPlatform (33)
[2016.12.03-21.49.28:090][837]LogModuleManager: Shutting down and abandoning module Android_ETC1TargetPlatform (32)
[2016.12.03-21.49.28:090][837]LogModuleManager: Shutting down and abandoning module Android_DXTTargetPlatform (31)
[2016.12.03-21.49.28:090][837]LogModuleManager: Shutting down and abandoning module Android_ATCTargetPlatform (30)
[2016.12.03-21.49.28:090][837]LogModuleManager: Shutting down and abandoning module Android_ASTCTargetPlatform (29)
[2016.12.03-21.49.28:090][837]LogModuleManager: Shutting down and abandoning module AndroidTargetPlatform (28)
[2016.12.03-21.49.28:090][837]LogModuleManager: Shutting down and abandoning module WindowsTargetPlatform (27)
[2016.12.03-21.49.28:090][837]LogModuleManager: Shutting down and abandoning module WindowsServerTargetPlatform (26)
[2016.12.03-21.49.28:090][837]LogModuleManager: Shutting down and abandoning module WindowsNoEditorTargetPlatform (25)
[2016.12.03-21.49.28:090][837]LogModuleManager: Shutting down and abandoning module WindowsClientTargetPlatform (24)
[2016.12.03-21.49.28:090][837]LogModuleManager: Shutting down and abandoning module AllDesktopTargetPlatform (23)
[2016.12.03-21.49.28:090][837]LogModuleManager: Shutting down and abandoning module TargetPlatform (22)
[2016.12.03-21.49.28:090][837]LogModuleManager: Shutting down and abandoning module InputCore (21)
[2016.12.03-21.49.28:090][837]LogModuleManager: Shutting down and abandoning module Settings (20)
[2016.12.03-21.49.28:090][837]LogModuleManager: Shutting down and abandoning module OnlineSubsystem (18)
[2016.12.03-21.49.28:090][837]LogModuleManager: Shutting down and abandoning module HTTP (17)
[2016.12.03-21.49.28:090][837]LogModuleManager: Shutting down and abandoning module XMPP (16)
[2016.12.03-21.49.28:090][837]LogModuleManager: Shutting down and abandoning module ExampleDeviceProfileSelector (15)
[2016.12.03-21.49.28:090][837]LogModuleManager: Shutting down and abandoning module TextureCompressor (14)
[2016.12.03-21.49.28:090][837]LogModuleManager: Shutting down and abandoning module ShaderCore (13)
[2016.12.03-21.49.28:090][837]LogModuleManager: Shutting down and abandoning module Landscape (12)
[2016.12.03-21.49.28:090][837]LogModuleManager: Shutting down and abandoning module SlateRHIRenderer (11)
[2016.12.03-21.49.28:090][837]LogModuleManager: Shutting down and abandoning module OpenGLDrv (10)
[2016.12.03-21.49.28:090][837]LogModuleManager: Shutting down and abandoning module D3D11RHI (9)
[2016.12.03-21.49.28:090][837]LogModuleManager: Shutting down and abandoning module AnimGraphRuntime (8)
[2016.12.03-21.49.28:090][837]LogModuleManager: Shutting down and abandoning module Renderer (7)
[2016.12.03-21.49.28:090][837]LogModuleManager: Shutting down and abandoning module Engine (6)
[2016.12.03-21.49.28:090][837]LogModuleManager: Shutting down and abandoning module CoreUObject (5)
[2016.12.03-21.49.28:090][837]LogModuleManager: Shutting down and abandoning module NetworkFile (4)
[2016.12.03-21.49.28:090][837]LogModuleManager: Shutting down and abandoning module StreamingFile (3)
[2016.12.03-21.49.28:090][837]LogModuleManager: Shutting down and abandoning module SandboxFile (2)
[2016.12.03-21.49.28:090][837]LogModuleManager: Shutting down and abandoning module PakFile (1)
[2016.12.03-21.49.28:091][837]LogExit: Exiting.
[2016.12.03-21.49.28:092][837]Log file closed, 12/03/16 16:49:28
